['PASTE_BERT.py', '--gpu_id', '0', '--src_folder', 'mpqa/', '--trg_folder', 'mpqa/PASTE_BERT', '--bert_mode', 'gen', '--gen_direct', 'of', '--l2', 'y', '--wd', '1e-5', '--use_pos_tags', 'y']
100100.5
BERT
loading data......
No. of sentences:996
No. of lines in Target file:996
No. of lines in POS file:996
No. of lines in DEP file:996
No. of sentences:323
No. of lines in Target file:323
No. of lines in POS file:323
No. of lines in DEP file:323
No. of sentences:322
No. of lines in Target file:322
No. of lines in POS file:322
No. of lines in DEP file:322
Training data size:994
Development data size:323
Test data size:322
Building POS TAG Vocab..
Building DEP TAG Vocab..
Training started......
Batch Count: 63
Parameters size:129772009
weight factor:1
Adam (
Parameter Group 0
    amsgrad: False
    betas: (0.9, 0.999)
    eps: 1e-08
    lr: 0.001
    weight_decay: 1e-05
)
Epoch:1
Training loss:9.831539479513017
Training time:0:00:23.602483

Dev Results

Prediction time:0:00:06.256839
327	426	53
Dev P:0.162
Dev R:0.124
Dev F1:0.141

Test Results

Prediction time:0:00:05.820412
323	421	39
Test P:0.121
Test R:0.093
Test F1:0.105
model saved......



Epoch:2
Training loss:7.125585593874493
Training time:0:00:23.632135

Dev Results

Prediction time:0:00:06.261275
323	426	62
Dev P:0.192
Dev R:0.146
Dev F1:0.166

Test Results

Prediction time:0:00:05.842720
322	421	50
Test P:0.155
Test R:0.119
Test F1:0.135
model saved......



Epoch:3
Training loss:6.344318624526736
Training time:0:00:23.250870

Dev Results

Prediction time:0:00:06.269319
323	426	62
Dev P:0.192
Dev R:0.146
Dev F1:0.166

Test Results

Prediction time:0:00:05.833014
322	421	49
Test P:0.152
Test R:0.116
Test F1:0.132
model saved......



Epoch:4
Training loss:5.6919974069746715
Training time:0:00:23.164489

Dev Results

Prediction time:0:00:06.256500
331	426	63
Dev P:0.19
Dev R:0.148
Dev F1:0.166

Test Results

Prediction time:0:00:05.828303
332	421	54
Test P:0.163
Test R:0.128
Test F1:0.143
model saved......



Epoch:5
Training loss:5.2332673451257135
Training time:0:00:23.270714

Dev Results

Prediction time:0:00:06.262762
363	426	78
Dev P:0.215
Dev R:0.183
Dev F1:0.198

Test Results

Prediction time:0:00:05.846083
360	421	54
Test P:0.15
Test R:0.128
Test F1:0.138
model saved......



Epoch:6
Training loss:4.578803263013325
Training time:0:00:23.446643

Dev Results

Prediction time:0:00:06.258243
395	426	82
Dev P:0.208
Dev R:0.192
Dev F1:0.2

Test Results

Prediction time:0:00:05.848865
388	421	65
Test P:0.168
Test R:0.154
Test F1:0.161
model saved......



Epoch:7
Training loss:4.232296383570111
Training time:0:00:23.756709

Dev Results

Prediction time:0:00:06.308018
341	426	75
Dev P:0.22
Dev R:0.176
Dev F1:0.196

Test Results

Prediction time:0:00:05.876943
343	421	60
Test P:0.175
Test R:0.143
Test F1:0.157



Epoch:8
Training loss:3.652197143388173
Training time:0:00:23.419551

Dev Results

Prediction time:0:00:06.235377
355	426	87
Dev P:0.245
Dev R:0.204
Dev F1:0.223

Test Results

Prediction time:0:00:05.834760
352	421	66
Test P:0.187
Test R:0.157
Test F1:0.171
model saved......



Epoch:9
Training loss:3.32992746905675
Training time:0:00:23.497903

Dev Results

Prediction time:0:00:06.274691
334	426	81
Dev P:0.243
Dev R:0.19
Dev F1:0.213

Test Results

Prediction time:0:00:05.846208
339	421	60
Test P:0.177
Test R:0.143
Test F1:0.158



Epoch:10
Training loss:2.7678162427175614
Training time:0:00:23.581400

Dev Results

Prediction time:0:00:06.279921
395	426	88
Dev P:0.223
Dev R:0.207
Dev F1:0.214

Test Results

Prediction time:0:00:05.849815
390	421	64
Test P:0.164
Test R:0.152
Test F1:0.158



Epoch:11
Training loss:2.550978290656256
Training time:0:00:23.481401

Dev Results

Prediction time:0:00:06.278006
380	426	79
Dev P:0.208
Dev R:0.185
Dev F1:0.196

Test Results

Prediction time:0:00:05.859075
380	421	70
Test P:0.184
Test R:0.166
Test F1:0.175



Epoch:12
Training loss:2.366957015461392
Training time:0:00:23.301265

Dev Results

Prediction time:0:00:06.296662
335	426	72
Dev P:0.215
Dev R:0.169
Dev F1:0.189

Test Results

Prediction time:0:00:05.868246
335	421	62
Test P:0.185
Test R:0.147
Test F1:0.164



Epoch:13
Training loss:2.202803274941823
Training time:0:00:23.940746

Dev Results

Prediction time:0:00:06.309222
355	426	80
Dev P:0.225
Dev R:0.188
Dev F1:0.205

Test Results

Prediction time:0:00:05.869287
365	421	65
Test P:0.178
Test R:0.154
Test F1:0.165



Epoch:14
Training loss:1.9547587737204537
Training time:0:00:23.560540

Dev Results

Prediction time:0:00:06.287556
355	426	75
Dev P:0.211
Dev R:0.176
Dev F1:0.192

Test Results

Prediction time:0:00:05.845586
365	421	66
Test P:0.181
Test R:0.157
Test F1:0.168



Epoch:15
Training loss:1.829797975600712
Training time:0:00:23.596572

Dev Results

Prediction time:0:00:06.260181
366	426	76
Dev P:0.208
Dev R:0.178
Dev F1:0.192

Test Results

Prediction time:0:00:05.826580
366	421	63
Test P:0.172
Test R:0.15
Test F1:0.16



Epoch:16
Training loss:1.6402256356345282
Training time:0:00:23.890690

Dev Results

Prediction time:0:00:06.267817
378	426	82
Dev P:0.217
Dev R:0.192
Dev F1:0.204

Test Results

Prediction time:0:00:05.840406
385	421	61
Test P:0.158
Test R:0.145
Test F1:0.151



Epoch:17
Training loss:1.501509822550274
Training time:0:00:23.305141

Dev Results

Prediction time:0:00:06.267413
343	426	78
Dev P:0.227
Dev R:0.183
Dev F1:0.203

Test Results

Prediction time:0:00:05.848964
344	421	65
Test P:0.189
Test R:0.154
Test F1:0.17



Epoch:18
Training loss:1.4231535669357058
Training time:0:00:23.711044

Dev Results

Prediction time:0:00:06.280877
367	426	86
Dev P:0.234
Dev R:0.202
Dev F1:0.217

Test Results

Prediction time:0:00:05.850043
368	421	63
Test P:0.171
Test R:0.15
Test F1:0.16



Epoch:19
Training loss:1.3431675869321067
Training time:0:00:23.747559

Dev Results

Prediction time:0:00:06.299962
350	426	79
Dev P:0.226
Dev R:0.185
Dev F1:0.204

Test Results

Prediction time:0:00:05.849626
351	421	60
Test P:0.171
Test R:0.143
Test F1:0.155



Epoch:20
Training loss:1.2469784068682837
Training time:0:00:23.508272

Dev Results

Prediction time:0:00:06.277791
330	426	75
Dev P:0.227
Dev R:0.176
Dev F1:0.198

Test Results

Prediction time:0:00:05.870081
337	421	64
Test P:0.19
Test R:0.152
Test F1:0.169



Epoch:21
Training loss:1.1998551525766887
Training time:0:00:23.081019

Dev Results

Prediction time:0:00:06.266419
379	426	77
Dev P:0.203
Dev R:0.181
Dev F1:0.191

Test Results

Prediction time:0:00:05.836326
370	421	73
Test P:0.197
Test R:0.173
Test F1:0.185



Epoch:22
Training loss:1.1655490625472296
Training time:0:00:23.384884

Dev Results

Prediction time:0:00:06.271219
345	426	71
Dev P:0.206
Dev R:0.167
Dev F1:0.184

Test Results

Prediction time:0:00:05.850350
344	421	66
Test P:0.192
Test R:0.157
Test F1:0.173



Epoch:23
Training loss:1.0090527714244903
Training time:0:00:23.347334

Dev Results

Prediction time:0:00:06.296984
381	426	86
Dev P:0.226
Dev R:0.202
Dev F1:0.213

Test Results

Prediction time:0:00:05.856084
394	421	65
Test P:0.165
Test R:0.154
Test F1:0.16



Epoch:24
Training loss:1.0385042041067094
Training time:0:00:23.594411

Dev Results

Prediction time:0:00:06.281584
350	426	81
Dev P:0.231
Dev R:0.19
Dev F1:0.209

Test Results

Prediction time:0:00:05.859773
353	421	61
Test P:0.173
Test R:0.145
Test F1:0.158



Epoch:25
Training loss:0.9973530017194294
Training time:0:00:23.398755

Dev Results

Prediction time:0:00:06.245922
353	426	79
Dev P:0.224
Dev R:0.185
Dev F1:0.203

Test Results

Prediction time:0:00:05.835545
355	421	72
Test P:0.203
Test R:0.171
Test F1:0.186



Epoch:26
Training loss:0.993091515132359
Training time:0:00:23.625065

Dev Results

Prediction time:0:00:06.250112
356	426	76
Dev P:0.213
Dev R:0.178
Dev F1:0.194

Test Results

Prediction time:0:00:05.809021
354	421	60
Test P:0.169
Test R:0.143
Test F1:0.155



Epoch:27
Training loss:0.8888603425215161
Training time:0:00:23.831087

Dev Results

Prediction time:0:00:06.270259
353	426	79
Dev P:0.224
Dev R:0.185
Dev F1:0.203

Test Results

Prediction time:0:00:05.838070
365	421	68
Test P:0.186
Test R:0.162
Test F1:0.173



Epoch:28
Training loss:0.7407730850908492
Training time:0:00:23.703170

Dev Results

Prediction time:0:00:06.280240
344	426	73
Dev P:0.212
Dev R:0.171
Dev F1:0.19

Test Results

Prediction time:0:00:05.860139
352	421	68
Test P:0.193
Test R:0.162
Test F1:0.176



Epoch:29
Training loss:0.728920096442813
Training time:0:00:23.351271

Dev Results

Prediction time:0:00:06.263953
352	426	79
Dev P:0.224
Dev R:0.185
Dev F1:0.203

Test Results

Prediction time:0:00:05.821588
358	421	70
Test P:0.196
Test R:0.166
Test F1:0.18



Epoch:30
Training loss:0.6936244671306913
Training time:0:00:23.517476

Dev Results

Prediction time:0:00:06.296167
362	426	84
Dev P:0.232
Dev R:0.197
Dev F1:0.213

Test Results

Prediction time:0:00:05.863321
364	421	62
Test P:0.17
Test R:0.147
Test F1:0.158



*******
Best Epoch:8
Best Epoch Seed:50
Corresponding P:0.187
Corresponding R:0.157
Corresponding F1:0.171



Best Test Epoch:25
Corresponding P:0.203
Corresponding R:0.171
Corresponding F1:0.186



Re-checking the scores of entire Test data with the best saved model:
Total sentences in the test set:322
GT Triple Count:421	PRED Triple Count:352	CORRECT Triple Count:66
Test P:0.187
Test R:0.157
Test F1:0.171
Now printing the scores for various subsets of Test Data with the best saved model:
Total sentences with single triples:243
GT Triple Count:243	PRED Triple Count:256	CORRECT Triple Count:49
Test P:0.191
Test R:0.202
Test F1:0.196
Total sentences with multiple triples:79
GT Triple Count:178	PRED Triple Count:96	CORRECT Triple Count:17
Test P:0.177
Test R:0.096
Test F1:0.124
Total sentences triples with varying sentiments:31
GT Triple Count:79	PRED Triple Count:35	CORRECT Triple Count:3
Test P:0.086
Test R:0.038
Test F1:0.053
Total sentences with overlapping triples:42
GT Triple Count:95	PRED Triple Count:47	CORRECT Triple Count:4
Test P:0.085
Test R:0.042
Test F1:0.056
