['PASTE_BERT.py', '--gpu_id', '0', '--src_folder', 'multibooked_ca/', '--trg_folder', 'multibooked_ca/PASTE_BERT', '--bert_mode', 'gen_mul', '--gen_direct', 'af', '--l2', 'y', '--wd', '1e-5', '--use_dep_emb', 'y']
100100.5
BERT
loading data......
No. of sentences:792
No. of lines in Target file:792
No. of lines in POS file:792
No. of lines in DEP file:792
No. of sentences:111
No. of lines in Target file:111
No. of lines in POS file:111
No. of lines in DEP file:111
No. of sentences:209
No. of lines in Target file:209
No. of lines in POS file:209
No. of lines in DEP file:209
Training data size:786
Development data size:111
Test data size:209
Building POS TAG Vocab..
Building DEP TAG Vocab..
Training started......
Batch Count: 50
Parameters size:187645585
weight factor:1
Adam (
Parameter Group 0
    amsgrad: False
    betas: (0.9, 0.999)
    eps: 1e-08
    lr: 0.001
    weight_decay: 1e-05
)
Epoch:1
Training loss:9.185653734207154
Training time:0:00:22.830254

Dev Results

Prediction time:0:00:01.992870
141	192	31
Dev P:0.22
Dev R:0.161
Dev F1:0.186

Test Results

Prediction time:0:00:03.417704
280	373	71
Test P:0.254
Test R:0.19
Test F1:0.217
model saved......



Epoch:2
Training loss:6.221711888313293
Training time:0:00:22.186946

Dev Results

Prediction time:0:00:02.012184
135	192	47
Dev P:0.348
Dev R:0.245
Dev F1:0.287

Test Results

Prediction time:0:00:03.438095
283	373	93
Test P:0.329
Test R:0.249
Test F1:0.284
model saved......



Epoch:3
Training loss:5.336981227397919
Training time:0:00:21.756998

Dev Results

Prediction time:0:00:01.997632
173	192	70
Dev P:0.405
Dev R:0.365
Dev F1:0.384

Test Results

Prediction time:0:00:03.422908
358	373	125
Test P:0.349
Test R:0.335
Test F1:0.342
model saved......



Epoch:4
Training loss:4.794667720794678
Training time:0:00:21.906543

Dev Results

Prediction time:0:00:01.983003
143	192	57
Dev P:0.399
Dev R:0.297
Dev F1:0.34

Test Results

Prediction time:0:00:03.411194
279	373	112
Test P:0.401
Test R:0.3
Test F1:0.344



Epoch:5
Training loss:4.383509945869446
Training time:0:00:21.408033

Dev Results

Prediction time:0:00:01.992841
161	192	71
Dev P:0.441
Dev R:0.37
Dev F1:0.402

Test Results

Prediction time:0:00:03.443634
329	373	132
Test P:0.401
Test R:0.354
Test F1:0.376
model saved......



Epoch:6
Training loss:4.153176760673523
Training time:0:00:21.823129

Dev Results

Prediction time:0:00:02.005975
143	192	62
Dev P:0.434
Dev R:0.323
Dev F1:0.37

Test Results

Prediction time:0:00:03.421254
288	373	120
Test P:0.417
Test R:0.322
Test F1:0.363



Epoch:7
Training loss:3.6416304445266725
Training time:0:00:21.794442

Dev Results

Prediction time:0:00:02.009254
169	192	72
Dev P:0.426
Dev R:0.375
Dev F1:0.399

Test Results

Prediction time:0:00:03.442581
357	373	139
Test P:0.389
Test R:0.373
Test F1:0.381



Epoch:8
Training loss:3.4096031665802
Training time:0:00:22.276369

Dev Results

Prediction time:0:00:02.010496
175	192	78
Dev P:0.446
Dev R:0.406
Dev F1:0.425

Test Results

Prediction time:0:00:03.436418
345	373	139
Test P:0.403
Test R:0.373
Test F1:0.387
model saved......



Epoch:9
Training loss:3.152420279979706
Training time:0:00:22.416461

Dev Results

Prediction time:0:00:02.015290
178	192	73
Dev P:0.41
Dev R:0.38
Dev F1:0.395

Test Results

Prediction time:0:00:03.460731
367	373	136
Test P:0.371
Test R:0.365
Test F1:0.368



Epoch:10
Training loss:2.9041690111160277
Training time:0:00:21.911911

Dev Results

Prediction time:0:00:02.008542
151	192	69
Dev P:0.457
Dev R:0.359
Dev F1:0.402

Test Results

Prediction time:0:00:03.455115
305	373	127
Test P:0.416
Test R:0.34
Test F1:0.375



Epoch:11
Training loss:2.6491486406326294
Training time:0:00:21.552067

Dev Results

Prediction time:0:00:02.002614
142	192	67
Dev P:0.472
Dev R:0.349
Dev F1:0.401

Test Results

Prediction time:0:00:03.468358
283	373	119
Test P:0.42
Test R:0.319
Test F1:0.363



Epoch:12
Training loss:2.7112874031066894
Training time:0:00:21.491264

Dev Results

Prediction time:0:00:02.005770
162	192	80
Dev P:0.494
Dev R:0.417
Dev F1:0.452

Test Results

Prediction time:0:00:03.461725
341	373	136
Test P:0.399
Test R:0.365
Test F1:0.381
model saved......



Epoch:13
Training loss:2.355426893234253
Training time:0:00:22.045224

Dev Results

Prediction time:0:00:02.008492
172	192	79
Dev P:0.459
Dev R:0.411
Dev F1:0.434

Test Results

Prediction time:0:00:03.426774
344	373	146
Test P:0.424
Test R:0.391
Test F1:0.407



Epoch:14
Training loss:2.3711843585968015
Training time:0:00:21.088532

Dev Results

Prediction time:0:00:02.006253
174	192	85
Dev P:0.489
Dev R:0.443
Dev F1:0.464

Test Results

Prediction time:0:00:03.449875
364	373	160
Test P:0.44
Test R:0.429
Test F1:0.434
model saved......



Epoch:15
Training loss:2.080653018951416
Training time:0:00:21.323886

Dev Results

Prediction time:0:00:02.001615
174	192	88
Dev P:0.506
Dev R:0.458
Dev F1:0.481

Test Results

Prediction time:0:00:03.437736
365	373	156
Test P:0.427
Test R:0.418
Test F1:0.423
model saved......



Epoch:16
Training loss:2.021090042591095
Training time:0:00:21.879472

Dev Results

Prediction time:0:00:01.994150
176	192	89
Dev P:0.506
Dev R:0.464
Dev F1:0.484

Test Results

Prediction time:0:00:03.451618
370	373	159
Test P:0.43
Test R:0.426
Test F1:0.428
model saved......



Epoch:17
Training loss:1.9099593794345855
Training time:0:00:21.647060

Dev Results

Prediction time:0:00:02.018430
164	192	86
Dev P:0.524
Dev R:0.448
Dev F1:0.483

Test Results

Prediction time:0:00:03.457168
333	373	149
Test P:0.447
Test R:0.399
Test F1:0.422



Epoch:18
Training loss:1.7525489449501037
Training time:0:00:21.637317

Dev Results

Prediction time:0:00:02.013596
167	192	89
Dev P:0.533
Dev R:0.464
Dev F1:0.496

Test Results

Prediction time:0:00:03.482132
355	373	152
Test P:0.428
Test R:0.408
Test F1:0.418
model saved......



Epoch:19
Training loss:1.6053574240207673
Training time:0:00:21.897622

Dev Results

Prediction time:0:00:02.008938
167	192	87
Dev P:0.521
Dev R:0.453
Dev F1:0.485

Test Results

Prediction time:0:00:03.440177
343	373	149
Test P:0.434
Test R:0.399
Test F1:0.416



Epoch:20
Training loss:1.5782190585136413
Training time:0:00:20.915504

Dev Results

Prediction time:0:00:02.005637
184	192	94
Dev P:0.511
Dev R:0.49
Dev F1:0.5

Test Results

Prediction time:0:00:03.438653
367	373	155
Test P:0.422
Test R:0.416
Test F1:0.419
model saved......



Epoch:21
Training loss:1.5383315074443817
Training time:0:00:21.702166

Dev Results

Prediction time:0:00:02.010523
188	192	87
Dev P:0.463
Dev R:0.453
Dev F1:0.458

Test Results

Prediction time:0:00:03.458067
376	373	159
Test P:0.423
Test R:0.426
Test F1:0.425



Epoch:22
Training loss:1.413864976167679
Training time:0:00:21.254401

Dev Results

Prediction time:0:00:02.013797
185	192	92
Dev P:0.497
Dev R:0.479
Dev F1:0.488

Test Results

Prediction time:0:00:03.432309
386	373	164
Test P:0.425
Test R:0.44
Test F1:0.432



Epoch:23
Training loss:1.4261136025190353
Training time:0:00:21.242993

Dev Results

Prediction time:0:00:02.005912
166	192	82
Dev P:0.494
Dev R:0.427
Dev F1:0.458

Test Results

Prediction time:0:00:03.457893
346	373	157
Test P:0.454
Test R:0.421
Test F1:0.437



Epoch:24
Training loss:1.383814170360565
Training time:0:00:21.622992

Dev Results

Prediction time:0:00:02.014164
182	192	92
Dev P:0.505
Dev R:0.479
Dev F1:0.492

Test Results

Prediction time:0:00:03.445701
378	373	162
Test P:0.429
Test R:0.434
Test F1:0.431



Epoch:25
Training loss:1.2745945465564728
Training time:0:00:21.215719

Dev Results

Prediction time:0:00:02.007405
149	192	81
Dev P:0.544
Dev R:0.422
Dev F1:0.475

Test Results

Prediction time:0:00:03.463861
309	373	142
Test P:0.46
Test R:0.381
Test F1:0.416



Epoch:26
Training loss:1.3568499583005904
Training time:0:00:21.376291

Dev Results

Prediction time:0:00:02.015867
162	192	80
Dev P:0.494
Dev R:0.417
Dev F1:0.452

Test Results

Prediction time:0:00:03.477261
340	373	162
Test P:0.476
Test R:0.434
Test F1:0.454



Epoch:27
Training loss:1.2943366873264313
Training time:0:00:22.374718

Dev Results

Prediction time:0:00:02.020387
150	192	84
Dev P:0.56
Dev R:0.437
Dev F1:0.491

Test Results

Prediction time:0:00:03.482350
307	373	138
Test P:0.45
Test R:0.37
Test F1:0.406



Epoch:28
Training loss:1.2241993528604507
Training time:0:00:22.021947

Dev Results

Prediction time:0:00:02.032162
165	192	82
Dev P:0.497
Dev R:0.427
Dev F1:0.459

Test Results

Prediction time:0:00:03.497191
334	373	159
Test P:0.476
Test R:0.426
Test F1:0.45



Epoch:29
Training loss:1.082179238498211
Training time:0:00:22.047161

Dev Results

Prediction time:0:00:02.023963
164	192	86
Dev P:0.524
Dev R:0.448
Dev F1:0.483

Test Results

Prediction time:0:00:03.491340
344	373	163
Test P:0.474
Test R:0.437
Test F1:0.455



Epoch:30
Training loss:1.0646151864528657
Training time:0:00:21.535660

Dev Results

Prediction time:0:00:02.044438
163	192	84
Dev P:0.515
Dev R:0.437
Dev F1:0.473

Test Results

Prediction time:0:00:03.497390
336	373	159
Test P:0.473
Test R:0.426
Test F1:0.449



*******
Best Epoch:20
Best Epoch Seed:62
Corresponding P:0.422
Corresponding R:0.416
Corresponding F1:0.419



Best Test Epoch:29
Corresponding P:0.474
Corresponding R:0.437
Corresponding F1:0.455



Re-checking the scores of entire Test data with the best saved model:
Total sentences in the test set:209
GT Triple Count:373	PRED Triple Count:367	CORRECT Triple Count:155
Test P:0.422
Test R:0.416
Test F1:0.419
Now printing the scores for various subsets of Test Data with the best saved model:
Total sentences with single triples:110
GT Triple Count:110	PRED Triple Count:137	CORRECT Triple Count:54
Test P:0.394
Test R:0.491
Test F1:0.437
Total sentences with multiple triples:99
GT Triple Count:263	PRED Triple Count:230	CORRECT Triple Count:101
Test P:0.439
Test R:0.384
Test F1:0.41
Total sentences triples with varying sentiments:21
GT Triple Count:64	PRED Triple Count:50	CORRECT Triple Count:12
Test P:0.24
Test R:0.187
Test F1:0.211
Total sentences with overlapping triples:68
GT Triple Count:191	PRED Triple Count:159	CORRECT Triple Count:75
Test P:0.472
Test R:0.393
Test F1:0.429
