['PASTE_BERT.py', '--gpu_id', '0', '--src_folder', 'norec/', '--trg_folder', 'norec/PASTE_BERT', '--bert_mode', 'gen_mul', '--gen_direct', 'af', '--l2', 'y', '--use_dep_emb', 'y']
100100.5
BERT
loading data......
No. of sentences:2750
No. of lines in Target file:2750
No. of lines in POS file:2750
No. of lines in DEP file:2750
No. of sentences:506
No. of lines in Target file:506
No. of lines in POS file:506
No. of lines in DEP file:506
No. of sentences:392
No. of lines in Target file:392
No. of lines in POS file:392
No. of lines in DEP file:392
Training data size:2741
Development data size:506
Test data size:392
Building POS TAG Vocab..
Building DEP TAG Vocab..
Training started......
Batch Count: 172
Parameters size:187645835
weight factor:1
Adam (
Parameter Group 0
    amsgrad: False
    betas: (0.9, 0.999)
    eps: 1e-08
    lr: 0.001
    weight_decay: 0.0001
)
Epoch:1
Training loss:8.479369737381159
Training time:0:01:18.708895

Dev Results

Prediction time:0:00:07.949988
669	830	104
Dev P:0.155
Dev R:0.125
Dev F1:0.139

Test Results

Prediction time:0:00:06.353523
509	689	98
Test P:0.193
Test R:0.142
Test F1:0.164
model saved......



Epoch:2
Training loss:6.680295248364294
Training time:0:01:19.645444

Dev Results

Prediction time:0:00:08.021087
624	830	96
Dev P:0.154
Dev R:0.116
Dev F1:0.132

Test Results

Prediction time:0:00:06.399970
471	689	94
Test P:0.2
Test R:0.136
Test F1:0.162



Epoch:3
Training loss:6.2607958095018255
Training time:0:01:19.638864

Dev Results

Prediction time:0:00:08.107053
619	830	110
Dev P:0.178
Dev R:0.133
Dev F1:0.152

Test Results

Prediction time:0:00:06.506952
487	689	115
Test P:0.236
Test R:0.167
Test F1:0.196
model saved......



Epoch:4
Training loss:5.855744580889857
Training time:0:01:21.165228

Dev Results

Prediction time:0:00:08.162993
790	830	130
Dev P:0.165
Dev R:0.157
Dev F1:0.16

Test Results

Prediction time:0:00:06.499313
629	689	128
Test P:0.203
Test R:0.186
Test F1:0.194
model saved......



Epoch:5
Training loss:5.5651614194692565
Training time:0:01:19.772731

Dev Results

Prediction time:0:00:08.152858
727	830	136
Dev P:0.187
Dev R:0.164
Dev F1:0.175

Test Results

Prediction time:0:00:06.502562
571	689	122
Test P:0.214
Test R:0.177
Test F1:0.194
model saved......



Epoch:6
Training loss:5.22317792094031
Training time:0:01:20.617816

Dev Results

Prediction time:0:00:08.125201
831	830	140
Dev P:0.168
Dev R:0.169
Dev F1:0.169

Test Results

Prediction time:0:00:06.437875
635	689	139
Test P:0.219
Test R:0.202
Test F1:0.21



Epoch:7
Training loss:4.950626443984897
Training time:0:01:21.301143

Dev Results

Prediction time:0:00:08.105205
833	830	153
Dev P:0.184
Dev R:0.184
Dev F1:0.184

Test Results

Prediction time:0:00:06.467678
643	689	146
Test P:0.227
Test R:0.212
Test F1:0.219
model saved......



Epoch:8
Training loss:4.624883490939473
Training time:0:01:19.705181

Dev Results

Prediction time:0:00:07.976215
640	830	129
Dev P:0.202
Dev R:0.155
Dev F1:0.176

Test Results

Prediction time:0:00:06.383201
494	689	137
Test P:0.277
Test R:0.199
Test F1:0.232



Epoch:9
Training loss:4.342324887597283
Training time:0:01:18.254412

Dev Results

Prediction time:0:00:07.884510
834	830	144
Dev P:0.173
Dev R:0.173
Dev F1:0.173

Test Results

Prediction time:0:00:06.299415
649	689	139
Test P:0.214
Test R:0.202
Test F1:0.208



Epoch:10
Training loss:4.103879802448805
Training time:0:01:18.434687

Dev Results

Prediction time:0:00:07.879548
688	830	133
Dev P:0.193
Dev R:0.16
Dev F1:0.175

Test Results

Prediction time:0:00:06.317220
526	689	126
Test P:0.24
Test R:0.183
Test F1:0.207



Epoch:11
Training loss:3.8490431281023247
Training time:0:01:18.061082

Dev Results

Prediction time:0:00:07.887734
770	830	137
Dev P:0.178
Dev R:0.165
Dev F1:0.171

Test Results

Prediction time:0:00:06.308805
586	689	121
Test P:0.206
Test R:0.176
Test F1:0.19



Epoch:12
Training loss:3.6806081131447193
Training time:0:01:19.129267

Dev Results

Prediction time:0:00:07.885284
709	830	151
Dev P:0.213
Dev R:0.182
Dev F1:0.196

Test Results

Prediction time:0:00:06.322739
550	689	137
Test P:0.249
Test R:0.199
Test F1:0.221
model saved......



Epoch:13
Training loss:3.3558452115502466
Training time:0:01:19.125259

Dev Results

Prediction time:0:00:07.898273
814	830	162
Dev P:0.199
Dev R:0.195
Dev F1:0.197

Test Results

Prediction time:0:00:06.341576
631	689	148
Test P:0.235
Test R:0.215
Test F1:0.224
model saved......



Epoch:14
Training loss:3.1722252743188726
Training time:0:01:20.019533

Dev Results

Prediction time:0:00:07.914708
685	830	154
Dev P:0.225
Dev R:0.186
Dev F1:0.203

Test Results

Prediction time:0:00:06.344707
536	689	127
Test P:0.237
Test R:0.184
Test F1:0.207
model saved......



Epoch:15
Training loss:3.049473620431368
Training time:0:01:17.891334

Dev Results

Prediction time:0:00:07.884831
768	830	158
Dev P:0.206
Dev R:0.19
Dev F1:0.198

Test Results

Prediction time:0:00:06.347957
601	689	130
Test P:0.216
Test R:0.189
Test F1:0.202



Epoch:16
Training loss:2.9159847581109335
Training time:0:01:20.086139

Dev Results

Prediction time:0:00:07.890792
789	830	157
Dev P:0.199
Dev R:0.189
Dev F1:0.194

Test Results

Prediction time:0:00:06.329466
613	689	138
Test P:0.225
Test R:0.2
Test F1:0.212



Epoch:17
Training loss:2.7002402544021606
Training time:0:01:17.787890

Dev Results

Prediction time:0:00:07.842397
767	830	153
Dev P:0.199
Dev R:0.184
Dev F1:0.192

Test Results

Prediction time:0:00:06.282672
597	689	150
Test P:0.251
Test R:0.218
Test F1:0.233



Epoch:18
Training loss:2.6568036855653276
Training time:0:01:18.163100

Dev Results

Prediction time:0:00:07.869713
693	830	135
Dev P:0.195
Dev R:0.163
Dev F1:0.177

Test Results

Prediction time:0:00:06.326642
525	689	125
Test P:0.238
Test R:0.181
Test F1:0.206



Epoch:19
Training loss:2.4767495733360914
Training time:0:01:19.073749

Dev Results

Prediction time:0:00:07.863700
789	830	159
Dev P:0.202
Dev R:0.192
Dev F1:0.196

Test Results

Prediction time:0:00:06.280891
610	689	136
Test P:0.223
Test R:0.197
Test F1:0.209



Epoch:20
Training loss:2.4113630035588907
Training time:0:01:18.194725

Dev Results

Prediction time:0:00:07.852188
762	830	146
Dev P:0.192
Dev R:0.176
Dev F1:0.183

Test Results

Prediction time:0:00:06.296804
580	689	131
Test P:0.226
Test R:0.19
Test F1:0.206



Epoch:21
Training loss:2.2553528547286987
Training time:0:01:19.031165

Dev Results

Prediction time:0:00:07.835608
866	830	165
Dev P:0.191
Dev R:0.199
Dev F1:0.195

Test Results

Prediction time:0:00:06.271481
656	689	151
Test P:0.23
Test R:0.219
Test F1:0.225



Epoch:22
Training loss:2.2413885330044945
Training time:0:01:21.534860

Dev Results

Prediction time:0:00:07.965253
781	830	154
Dev P:0.197
Dev R:0.186
Dev F1:0.191

Test Results

Prediction time:0:00:06.359191
603	689	141
Test P:0.234
Test R:0.205
Test F1:0.218



Epoch:23
Training loss:2.1620302650817607
Training time:0:01:21.773623

Dev Results

Prediction time:0:00:07.874118
741	830	145
Dev P:0.196
Dev R:0.175
Dev F1:0.185

Test Results

Prediction time:0:00:06.289015
573	689	130
Test P:0.227
Test R:0.189
Test F1:0.206



Epoch:24
Training loss:2.040387216002442
Training time:0:01:19.893342

Dev Results

Prediction time:0:00:07.906179
741	830	140
Dev P:0.189
Dev R:0.169
Dev F1:0.178

Test Results

Prediction time:0:00:06.331471
552	689	120
Test P:0.217
Test R:0.174
Test F1:0.193



Epoch:25
Training loss:1.9400568860907887
Training time:0:01:19.381715

Dev Results

Prediction time:0:00:07.881553
714	830	146
Dev P:0.204
Dev R:0.176
Dev F1:0.189

Test Results

Prediction time:0:00:06.286872
546	689	125
Test P:0.229
Test R:0.181
Test F1:0.202



Epoch:26
Training loss:1.9033555832020073
Training time:0:01:19.214568

Dev Results

Prediction time:0:00:07.937571
712	830	145
Dev P:0.204
Dev R:0.175
Dev F1:0.188

Test Results

Prediction time:0:00:06.330335
549	689	139
Test P:0.253
Test R:0.202
Test F1:0.225



Epoch:27
Training loss:1.9083981236746146
Training time:0:01:19.793983

Dev Results

Prediction time:0:00:07.924234
781	830	153
Dev P:0.196
Dev R:0.184
Dev F1:0.19

Test Results

Prediction time:0:00:06.341307
573	689	145
Test P:0.253
Test R:0.21
Test F1:0.23



Epoch:28
Training loss:1.8339366632145504
Training time:0:01:21.424161

Dev Results

Prediction time:0:00:07.910687
881	830	163
Dev P:0.185
Dev R:0.196
Dev F1:0.191

Test Results

Prediction time:0:00:06.347807
635	689	139
Test P:0.219
Test R:0.202
Test F1:0.21



Epoch:29
Training loss:1.7669220566749573
Training time:0:01:21.237021

Dev Results

Prediction time:0:00:07.929409
767	830	161
Dev P:0.21
Dev R:0.194
Dev F1:0.202

Test Results

Prediction time:0:00:06.333194
588	689	128
Test P:0.218
Test R:0.186
Test F1:0.2



Epoch:30
Training loss:1.6629948068496794
Training time:0:01:20.253759

Dev Results

Prediction time:0:00:07.907391
701	830	143
Dev P:0.204
Dev R:0.172
Dev F1:0.187

Test Results

Prediction time:0:00:06.333381
546	689	126
Test P:0.231
Test R:0.183
Test F1:0.204



*******
Best Epoch:14
Best Epoch Seed:56
Corresponding P:0.237
Corresponding R:0.184
Corresponding F1:0.207



Best Test Epoch:17
Corresponding P:0.251
Corresponding R:0.218
Corresponding F1:0.233



Re-checking the scores of entire Test data with the best saved model:
Total sentences in the test set:392
GT Triple Count:689	PRED Triple Count:536	CORRECT Triple Count:127
Test P:0.237
Test R:0.184
Test F1:0.207
Now printing the scores for various subsets of Test Data with the best saved model:
Total sentences with single triples:212
GT Triple Count:212	PRED Triple Count:228	CORRECT Triple Count:45
Test P:0.197
Test R:0.212
Test F1:0.205
Total sentences with multiple triples:180
GT Triple Count:477	PRED Triple Count:308	CORRECT Triple Count:82
Test P:0.266
Test R:0.172
Test F1:0.209
Total sentences triples with varying sentiments:39
GT Triple Count:109	PRED Triple Count:63	CORRECT Triple Count:10
Test P:0.159
Test R:0.092
Test F1:0.116
Total sentences with overlapping triples:140
GT Triple Count:394	PRED Triple Count:257	CORRECT Triple Count:74
Test P:0.288
Test R:0.188
Test F1:0.227
