['PASTE_BERT.py', '--gpu_id', '0', '--src_folder', 'darmstadt_unis/', '--trg_folder', 'darmstadt_unis/PASTE_BERT', '--bert_mode', 'gen', '--gen_direct', 'af', '--l2', 'y']
100100.5
BERT
loading data......
No. of sentences:369
No. of lines in Target file:369
No. of lines in POS file:369
No. of lines in DEP file:369
No. of sentences:44
No. of lines in Target file:44
No. of lines in POS file:44
No. of lines in DEP file:44
No. of sentences:59
No. of lines in Target file:59
No. of lines in POS file:59
No. of lines in DEP file:59
Training data size:369
Development data size:44
Test data size:59
Building POS TAG Vocab..
Building DEP TAG Vocab..
Training started......
Batch Count: 23
Parameters size:127959659
weight factor:1
Adam (
Parameter Group 0
    amsgrad: False
    betas: (0.9, 0.999)
    eps: 1e-08
    lr: 0.001
    weight_decay: 0.0001
)
Epoch:1
Training loss:10.16772402887759
Training time:0:00:06.896920

Dev Results

Prediction time:0:00:00.532576
44	48	4
Dev P:0.091
Dev R:0.083
Dev F1:0.087

Test Results

Prediction time:0:00:00.950777
59	73	11
Test P:0.186
Test R:0.151
Test F1:0.167
model saved......



Epoch:2
Training loss:6.457600863083549
Training time:0:00:07.033053

Dev Results

Prediction time:0:00:00.538377
44	48	9
Dev P:0.205
Dev R:0.187
Dev F1:0.196

Test Results

Prediction time:0:00:00.963589
59	73	14
Test P:0.237
Test R:0.192
Test F1:0.212
model saved......



Epoch:3
Training loss:5.332247920658277
Training time:0:00:06.941221

Dev Results

Prediction time:0:00:00.537518
44	48	12
Dev P:0.273
Dev R:0.25
Dev F1:0.261

Test Results

Prediction time:0:00:00.956472
59	73	10
Test P:0.169
Test R:0.137
Test F1:0.152
model saved......



Epoch:4
Training loss:4.752721040145211
Training time:0:00:06.711489

Dev Results

Prediction time:0:00:00.539303
44	48	11
Dev P:0.25
Dev R:0.229
Dev F1:0.239

Test Results

Prediction time:0:00:00.960770
60	73	14
Test P:0.233
Test R:0.192
Test F1:0.211



Epoch:5
Training loss:4.031650294428286
Training time:0:00:06.907487

Dev Results

Prediction time:0:00:00.544235
45	48	10
Dev P:0.222
Dev R:0.208
Dev F1:0.215

Test Results

Prediction time:0:00:00.968074
62	73	19
Test P:0.306
Test R:0.26
Test F1:0.281



Epoch:6
Training loss:3.515080856240314
Training time:0:00:06.946458

Dev Results

Prediction time:0:00:00.541791
44	48	7
Dev P:0.159
Dev R:0.146
Dev F1:0.152

Test Results

Prediction time:0:00:00.959796
60	73	14
Test P:0.233
Test R:0.192
Test F1:0.211



Epoch:7
Training loss:3.0362380587536357
Training time:0:00:06.830668

Dev Results

Prediction time:0:00:00.542855
45	48	12
Dev P:0.267
Dev R:0.25
Dev F1:0.258

Test Results

Prediction time:0:00:00.962092
60	73	16
Test P:0.267
Test R:0.219
Test F1:0.241



Epoch:8
Training loss:2.425013718397721
Training time:0:00:06.663019

Dev Results

Prediction time:0:00:00.543853
47	48	11
Dev P:0.234
Dev R:0.229
Dev F1:0.232

Test Results

Prediction time:0:00:00.963577
64	73	17
Test P:0.266
Test R:0.233
Test F1:0.248



Epoch:9
Training loss:2.096078292183254
Training time:0:00:07.095798

Dev Results

Prediction time:0:00:00.545649
44	48	9
Dev P:0.205
Dev R:0.187
Dev F1:0.196

Test Results

Prediction time:0:00:00.963335
59	73	16
Test P:0.271
Test R:0.219
Test F1:0.242



Epoch:10
Training loss:1.940553862115611
Training time:0:00:06.610140

Dev Results

Prediction time:0:00:00.551306
46	48	10
Dev P:0.217
Dev R:0.208
Dev F1:0.213

Test Results

Prediction time:0:00:00.972661
64	73	18
Test P:0.281
Test R:0.247
Test F1:0.263



Epoch:11
Training loss:1.591742033543794
Training time:0:00:06.974386

Dev Results

Prediction time:0:00:00.544117
47	48	13
Dev P:0.277
Dev R:0.271
Dev F1:0.274

Test Results

Prediction time:0:00:00.958897
63	73	20
Test P:0.317
Test R:0.274
Test F1:0.294
model saved......



Epoch:12
Training loss:1.303518489651058
Training time:0:00:07.042538

Dev Results

Prediction time:0:00:00.549917
46	48	11
Dev P:0.239
Dev R:0.229
Dev F1:0.234

Test Results

Prediction time:0:00:00.966006
61	73	18
Test P:0.295
Test R:0.247
Test F1:0.269



Epoch:13
Training loss:1.165551553601804
Training time:0:00:06.963975

Dev Results

Prediction time:0:00:00.548849
51	48	9
Dev P:0.176
Dev R:0.187
Dev F1:0.182

Test Results

Prediction time:0:00:00.967155
67	73	20
Test P:0.299
Test R:0.274
Test F1:0.286



Epoch:14
Training loss:1.0512900222902712
Training time:0:00:07.010122

Dev Results

Prediction time:0:00:00.545944
45	48	11
Dev P:0.244
Dev R:0.229
Dev F1:0.237

Test Results

Prediction time:0:00:00.973596
60	73	17
Test P:0.283
Test R:0.233
Test F1:0.256



Epoch:15
Training loss:1.0173576215039128
Training time:0:00:06.996968

Dev Results

Prediction time:0:00:00.545110
45	48	6
Dev P:0.133
Dev R:0.125
Dev F1:0.129

Test Results

Prediction time:0:00:00.969582
61	73	19
Test P:0.311
Test R:0.26
Test F1:0.284



Epoch:16
Training loss:0.9628594025321628
Training time:0:00:06.919968

Dev Results

Prediction time:0:00:00.543494
47	48	7
Dev P:0.149
Dev R:0.146
Dev F1:0.147

Test Results

Prediction time:0:00:00.964342
60	73	18
Test P:0.3
Test R:0.247
Test F1:0.271



Epoch:17
Training loss:0.7922642438308053
Training time:0:00:06.920182

Dev Results

Prediction time:0:00:00.548807
50	48	11
Dev P:0.22
Dev R:0.229
Dev F1:0.224

Test Results

Prediction time:0:00:00.966469
66	73	20
Test P:0.303
Test R:0.274
Test F1:0.288



Epoch:18
Training loss:0.8986809797908949
Training time:0:00:06.883549

Dev Results

Prediction time:0:00:00.553424
46	48	11
Dev P:0.239
Dev R:0.229
Dev F1:0.234

Test Results

Prediction time:0:00:00.969996
61	73	18
Test P:0.295
Test R:0.247
Test F1:0.269



Epoch:19
Training loss:0.8312331852705582
Training time:0:00:06.933985

Dev Results

Prediction time:0:00:00.546439
46	48	9
Dev P:0.196
Dev R:0.187
Dev F1:0.191

Test Results

Prediction time:0:00:00.971046
62	73	18
Test P:0.29
Test R:0.247
Test F1:0.267



Epoch:20
Training loss:0.6913543745227482
Training time:0:00:06.804377

Dev Results

Prediction time:0:00:00.550142
47	48	9
Dev P:0.191
Dev R:0.187
Dev F1:0.189

Test Results

Prediction time:0:00:00.973909
61	73	17
Test P:0.279
Test R:0.233
Test F1:0.254



Epoch:21
Training loss:0.5972967743873596
Training time:0:00:06.773204

Dev Results

Prediction time:0:00:00.544775
50	48	9
Dev P:0.18
Dev R:0.187
Dev F1:0.184

Test Results

Prediction time:0:00:00.963772
62	73	18
Test P:0.29
Test R:0.247
Test F1:0.267



Epoch:22
Training loss:0.5211314170256905
Training time:0:00:06.971147

Dev Results

Prediction time:0:00:00.548164
54	48	11
Dev P:0.204
Dev R:0.229
Dev F1:0.216

Test Results

Prediction time:0:00:00.973394
68	73	21
Test P:0.309
Test R:0.288
Test F1:0.298



Epoch:23
Training loss:0.4866222810486089
Training time:0:00:06.899120

Dev Results

Prediction time:0:00:00.543585
47	48	10
Dev P:0.213
Dev R:0.208
Dev F1:0.211

Test Results

Prediction time:0:00:00.969837
63	73	19
Test P:0.302
Test R:0.26
Test F1:0.279



Epoch:24
Training loss:0.5423096871894338
Training time:0:00:06.776580

Dev Results

Prediction time:0:00:00.542889
51	48	9
Dev P:0.176
Dev R:0.187
Dev F1:0.182

Test Results

Prediction time:0:00:00.965682
67	73	21
Test P:0.313
Test R:0.288
Test F1:0.3



Epoch:25
Training loss:0.5758141156124033
Training time:0:00:06.738516

Dev Results

Prediction time:0:00:00.540160
51	48	8
Dev P:0.157
Dev R:0.167
Dev F1:0.162

Test Results

Prediction time:0:00:00.960038
62	73	22
Test P:0.355
Test R:0.301
Test F1:0.326



Epoch:26
Training loss:0.5128703791162242
Training time:0:00:06.954112

Dev Results

Prediction time:0:00:00.544092
50	48	11
Dev P:0.22
Dev R:0.229
Dev F1:0.224

Test Results

Prediction time:0:00:00.967102
70	73	24
Test P:0.343
Test R:0.329
Test F1:0.336



Epoch:27
Training loss:0.398974999461485
Training time:0:00:06.798984

Dev Results

Prediction time:0:00:00.545258
54	48	10
Dev P:0.185
Dev R:0.208
Dev F1:0.196

Test Results

Prediction time:0:00:00.965582
65	73	20
Test P:0.308
Test R:0.274
Test F1:0.29



Epoch:28
Training loss:0.4152490224527276
Training time:0:00:06.540859

Dev Results

Prediction time:0:00:00.549623
49	48	10
Dev P:0.204
Dev R:0.208
Dev F1:0.206

Test Results

Prediction time:0:00:00.969864
64	73	23
Test P:0.359
Test R:0.315
Test F1:0.336



Epoch:29
Training loss:0.46946363151073456
Training time:0:00:06.841731

Dev Results

Prediction time:0:00:00.545935
51	48	7
Dev P:0.137
Dev R:0.146
Dev F1:0.141

Test Results

Prediction time:0:00:00.966145
65	73	22
Test P:0.338
Test R:0.301
Test F1:0.319



Epoch:30
Training loss:0.42710262698971707
Training time:0:00:07.004897

Dev Results

Prediction time:0:00:00.543428
46	48	10
Dev P:0.217
Dev R:0.208
Dev F1:0.213

Test Results

Prediction time:0:00:00.966303
61	73	19
Test P:0.311
Test R:0.26
Test F1:0.284



*******
Best Epoch:11
Best Epoch Seed:53
Corresponding P:0.317
Corresponding R:0.274
Corresponding F1:0.294



Best Test Epoch:28
Corresponding P:0.359
Corresponding R:0.315
Corresponding F1:0.336



Re-checking the scores of entire Test data with the best saved model:
Total sentences in the test set:59
GT Triple Count:73	PRED Triple Count:63	CORRECT Triple Count:20
Test P:0.317
Test R:0.274
Test F1:0.294
Now printing the scores for various subsets of Test Data with the best saved model:
Total sentences with single triples:48
GT Triple Count:48	PRED Triple Count:49	CORRECT Triple Count:11
Test P:0.224
Test R:0.229
Test F1:0.227
Total sentences with multiple triples:11
GT Triple Count:25	PRED Triple Count:14	CORRECT Triple Count:9
Test P:0.643
Test R:0.36
Test F1:0.462
Total sentences triples with varying sentiments:4
GT Triple Count:9	PRED Triple Count:4	CORRECT Triple Count:0
Test P:0.0
Test R:0.0
Test F1:0.0
Total sentences with overlapping triples:7
GT Triple Count:16	PRED Triple Count:9	CORRECT Triple Count:7
Test P:0.778
Test R:0.437
Test F1:0.56
