['PASTE_BERT.py', '--gpu_id', '0', '--src_folder', 'mpqa/', '--trg_folder', 'mpqa/PASTE_BERT', '--bert_mode', 'gen', '--gen_direct', 'of', '--l2', 'y', '--wd', '1e-5', '--use_dep_emb', 'y']
100100.5
BERT
loading data......
No. of sentences:996
No. of lines in Target file:996
No. of lines in POS file:996
No. of lines in DEP file:996
No. of sentences:323
No. of lines in Target file:323
No. of lines in POS file:323
No. of lines in DEP file:323
No. of sentences:322
No. of lines in Target file:322
No. of lines in POS file:322
No. of lines in DEP file:322
Training data size:994
Development data size:323
Test data size:322
Building POS TAG Vocab..
Building DEP TAG Vocab..
Training started......
Batch Count: 63
Parameters size:129771609
weight factor:1
Adam (
Parameter Group 0
    amsgrad: False
    betas: (0.9, 0.999)
    eps: 1e-08
    lr: 0.001
    weight_decay: 1e-05
)
Epoch:1
Training loss:9.758240336463565
Training time:0:00:23.717469

Dev Results

Prediction time:0:00:06.245456
323	426	54
Dev P:0.167
Dev R:0.127
Dev F1:0.144

Test Results

Prediction time:0:00:05.826760
322	421	44
Test P:0.137
Test R:0.105
Test F1:0.118
model saved......



Epoch:2
Training loss:7.025708887312147
Training time:0:00:23.610725

Dev Results

Prediction time:0:00:06.302310
323	426	62
Dev P:0.192
Dev R:0.146
Dev F1:0.166

Test Results

Prediction time:0:00:05.867802
322	421	49
Test P:0.152
Test R:0.116
Test F1:0.132
model saved......



Epoch:3
Training loss:6.355550221034458
Training time:0:00:23.404786

Dev Results

Prediction time:0:00:06.259479
323	426	60
Dev P:0.186
Dev R:0.141
Dev F1:0.16

Test Results

Prediction time:0:00:05.829534
323	421	51
Test P:0.158
Test R:0.121
Test F1:0.137



Epoch:4
Training loss:5.6796236076052224
Training time:0:00:23.129170

Dev Results

Prediction time:0:00:06.251936
329	426	70
Dev P:0.213
Dev R:0.164
Dev F1:0.185

Test Results

Prediction time:0:00:05.852702
327	421	54
Test P:0.165
Test R:0.128
Test F1:0.144
model saved......



Epoch:5
Training loss:5.122140464328584
Training time:0:00:23.238725

Dev Results

Prediction time:0:00:06.304812
352	426	68
Dev P:0.193
Dev R:0.16
Dev F1:0.175

Test Results

Prediction time:0:00:05.861354
348	421	62
Test P:0.178
Test R:0.147
Test F1:0.161



Epoch:6
Training loss:4.510808914426773
Training time:0:00:23.616244

Dev Results

Prediction time:0:00:06.276856
389	426	79
Dev P:0.203
Dev R:0.185
Dev F1:0.194

Test Results

Prediction time:0:00:05.868217
385	421	63
Test P:0.164
Test R:0.15
Test F1:0.156
model saved......



Epoch:7
Training loss:4.1879744794633655
Training time:0:00:23.822791

Dev Results

Prediction time:0:00:06.346993
343	426	79
Dev P:0.23
Dev R:0.185
Dev F1:0.205

Test Results

Prediction time:0:00:07.793770
339	421	62
Test P:0.183
Test R:0.147
Test F1:0.163
model saved......



Epoch:8
Training loss:3.604340125644018
Training time:0:00:27.859195

Dev Results

Prediction time:0:00:06.264606
379	426	78
Dev P:0.206
Dev R:0.183
Dev F1:0.194

Test Results

Prediction time:0:00:05.843289
371	421	64
Test P:0.173
Test R:0.152
Test F1:0.162



Epoch:9
Training loss:3.234950029660785
Training time:0:00:23.255944

Dev Results

Prediction time:0:00:06.243759
347	426	83
Dev P:0.239
Dev R:0.195
Dev F1:0.215

Test Results

Prediction time:0:00:05.829649
350	421	63
Test P:0.18
Test R:0.15
Test F1:0.163
model saved......



Epoch:10
Training loss:2.8822493288252087
Training time:0:00:23.603612

Dev Results

Prediction time:0:00:06.284369
352	426	76
Dev P:0.216
Dev R:0.178
Dev F1:0.195

Test Results

Prediction time:0:00:05.858421
345	421	64
Test P:0.186
Test R:0.152
Test F1:0.167



Epoch:11
Training loss:2.4984343260053605
Training time:0:00:23.540539

Dev Results

Prediction time:0:00:06.259059
357	426	79
Dev P:0.221
Dev R:0.185
Dev F1:0.202

Test Results

Prediction time:0:00:05.850689
362	421	64
Test P:0.177
Test R:0.152
Test F1:0.163



Epoch:12
Training loss:2.230617029326303
Training time:0:00:23.526328

Dev Results

Prediction time:0:00:06.270948
335	426	71
Dev P:0.212
Dev R:0.167
Dev F1:0.187

Test Results

Prediction time:0:00:05.861525
340	421	61
Test P:0.179
Test R:0.145
Test F1:0.16



Epoch:13
Training loss:2.159587998238821
Training time:0:00:23.860418

Dev Results

Prediction time:0:00:06.300818
344	426	72
Dev P:0.209
Dev R:0.169
Dev F1:0.187

Test Results

Prediction time:0:00:05.881014
348	421	64
Test P:0.184
Test R:0.152
Test F1:0.166



Epoch:14
Training loss:1.946135245618366
Training time:0:00:23.467526

Dev Results

Prediction time:0:00:06.299678
336	426	71
Dev P:0.211
Dev R:0.167
Dev F1:0.186

Test Results

Prediction time:0:00:05.868051
333	421	64
Test P:0.192
Test R:0.152
Test F1:0.17



Epoch:15
Training loss:1.7494504697739133
Training time:0:00:23.788260

Dev Results

Prediction time:0:00:06.310517
360	426	81
Dev P:0.225
Dev R:0.19
Dev F1:0.206

Test Results

Prediction time:0:00:05.884854
362	421	69
Test P:0.191
Test R:0.164
Test F1:0.176



Epoch:16
Training loss:1.615557366893405
Training time:0:00:24.021905

Dev Results

Prediction time:0:00:06.319237
374	426	83
Dev P:0.222
Dev R:0.195
Dev F1:0.207

Test Results

Prediction time:0:00:05.898438
376	421	77
Test P:0.205
Test R:0.183
Test F1:0.193



Epoch:17
Training loss:1.4657528466648526
Training time:0:00:23.350197

Dev Results

Prediction time:0:00:06.337294
358	426	85
Dev P:0.237
Dev R:0.2
Dev F1:0.217

Test Results

Prediction time:0:00:05.905496
359	421	67
Test P:0.187
Test R:0.159
Test F1:0.172
model saved......



Epoch:18
Training loss:1.3736851414044697
Training time:0:00:23.597688

Dev Results

Prediction time:0:00:06.300784
363	426	82
Dev P:0.226
Dev R:0.192
Dev F1:0.208

Test Results

Prediction time:0:00:05.882724
373	421	71
Test P:0.19
Test R:0.169
Test F1:0.179



Epoch:19
Training loss:1.2782898147900899
Training time:0:00:23.731391

Dev Results

Prediction time:0:00:06.273646
352	426	87
Dev P:0.247
Dev R:0.204
Dev F1:0.224

Test Results

Prediction time:0:00:05.851102
362	421	65
Test P:0.18
Test R:0.154
Test F1:0.166
model saved......



Epoch:20
Training loss:1.2010914196097662
Training time:0:00:23.516382

Dev Results

Prediction time:0:00:06.315546
342	426	80
Dev P:0.234
Dev R:0.188
Dev F1:0.208

Test Results

Prediction time:0:00:05.890819
346	421	58
Test P:0.168
Test R:0.138
Test F1:0.151



Epoch:21
Training loss:1.072557772908892
Training time:0:00:23.391939

Dev Results

Prediction time:0:00:06.280076
374	426	77
Dev P:0.206
Dev R:0.181
Dev F1:0.192

Test Results

Prediction time:0:00:05.851725
380	421	68
Test P:0.179
Test R:0.162
Test F1:0.17



Epoch:22
Training loss:1.081939083716226
Training time:0:00:23.500157

Dev Results

Prediction time:0:00:06.302142
354	426	77
Dev P:0.218
Dev R:0.181
Dev F1:0.197

Test Results

Prediction time:0:00:05.873245
364	421	65
Test P:0.179
Test R:0.154
Test F1:0.166



Epoch:23
Training loss:1.0831069823295352
Training time:0:00:23.239192

Dev Results

Prediction time:0:00:06.293061
356	426	82
Dev P:0.23
Dev R:0.192
Dev F1:0.21

Test Results

Prediction time:0:00:05.878957
351	421	62
Test P:0.177
Test R:0.147
Test F1:0.161



Epoch:24
Training loss:0.989457298838903
Training time:0:00:23.596714

Dev Results

Prediction time:0:00:06.325685
374	426	82
Dev P:0.219
Dev R:0.192
Dev F1:0.205

Test Results

Prediction time:0:00:05.873933
386	421	66
Test P:0.171
Test R:0.157
Test F1:0.164



Epoch:25
Training loss:0.9798825444683196
Training time:0:00:23.437163

Dev Results

Prediction time:0:00:06.302596
354	426	74
Dev P:0.209
Dev R:0.174
Dev F1:0.19

Test Results

Prediction time:0:00:05.876495
358	421	67
Test P:0.187
Test R:0.159
Test F1:0.172



Epoch:26
Training loss:0.8137127035667026
Training time:0:00:23.813892

Dev Results

Prediction time:0:00:06.333761
388	426	81
Dev P:0.209
Dev R:0.19
Dev F1:0.199

Test Results

Prediction time:0:00:05.906208
374	421	68
Test P:0.182
Test R:0.162
Test F1:0.171



Epoch:27
Training loss:0.7971463269657559
Training time:0:00:23.893238

Dev Results

Prediction time:0:00:06.284605
356	426	79
Dev P:0.222
Dev R:0.185
Dev F1:0.202

Test Results

Prediction time:0:00:05.859027
357	421	61
Test P:0.171
Test R:0.145
Test F1:0.157



Epoch:28
Training loss:0.8448471149045323
Training time:0:00:23.640290

Dev Results

Prediction time:0:00:06.313715
373	426	85
Dev P:0.228
Dev R:0.2
Dev F1:0.213

Test Results

Prediction time:0:00:05.873911
364	421	70
Test P:0.192
Test R:0.166
Test F1:0.178



Epoch:29
Training loss:0.8355294253144946
Training time:0:00:23.426074

Dev Results

Prediction time:0:00:06.286062
347	426	82
Dev P:0.236
Dev R:0.192
Dev F1:0.212

Test Results

Prediction time:0:00:05.877794
347	421	64
Test P:0.184
Test R:0.152
Test F1:0.167



Epoch:30
Training loss:0.855417493789915
Training time:0:00:23.585652

Dev Results

Prediction time:0:00:06.298961
370	426	75
Dev P:0.203
Dev R:0.176
Dev F1:0.188

Test Results

Prediction time:0:00:05.864568
375	421	64
Test P:0.171
Test R:0.152
Test F1:0.161



*******
Best Epoch:19
Best Epoch Seed:61
Corresponding P:0.18
Corresponding R:0.154
Corresponding F1:0.166



Best Test Epoch:16
Corresponding P:0.205
Corresponding R:0.183
Corresponding F1:0.193



Re-checking the scores of entire Test data with the best saved model:
Total sentences in the test set:322
GT Triple Count:421	PRED Triple Count:362	CORRECT Triple Count:65
Test P:0.18
Test R:0.154
Test F1:0.166
Now printing the scores for various subsets of Test Data with the best saved model:
Total sentences with single triples:243
GT Triple Count:243	PRED Triple Count:257	CORRECT Triple Count:45
Test P:0.175
Test R:0.185
Test F1:0.18
Total sentences with multiple triples:79
GT Triple Count:178	PRED Triple Count:105	CORRECT Triple Count:20
Test P:0.19
Test R:0.112
Test F1:0.141
Total sentences triples with varying sentiments:31
GT Triple Count:79	PRED Triple Count:42	CORRECT Triple Count:5
Test P:0.119
Test R:0.063
Test F1:0.083
Total sentences with overlapping triples:42
GT Triple Count:95	PRED Triple Count:50	CORRECT Triple Count:6
Test P:0.12
Test R:0.063
Test F1:0.083
