['PASTE_BERT.py', '--gpu_id', '0', '--src_folder', 'opener_es/', '--trg_folder', 'opener_es/PASTE_BERT', '--bert_mode', 'gen_mul', '--gen_direct', 'af', '--l2', 'y', '--use_dep_emb', 'y']
100100.5
BERT
loading data......
No. of sentences:1072
No. of lines in Target file:1072
No. of lines in POS file:1072
No. of lines in DEP file:1072
No. of sentences:158
No. of lines in Target file:158
No. of lines in POS file:158
No. of lines in DEP file:158
No. of sentences:303
No. of lines in Target file:303
No. of lines in POS file:303
No. of lines in DEP file:303
Training data size:1053
Development data size:158
Test data size:303
Building POS TAG Vocab..
Building DEP TAG Vocab..
Training started......
Batch Count: 66
Parameters size:187645535
weight factor:1
Adam (
Parameter Group 0
    amsgrad: False
    betas: (0.9, 0.999)
    eps: 1e-08
    lr: 0.001
    weight_decay: 0.0001
)
Epoch:1
Training loss:9.60929614124876
Training time:0:00:33.646112

Dev Results

Prediction time:0:00:02.952763
293	355	87
Dev P:0.297
Dev R:0.245
Dev F1:0.269

Test Results

Prediction time:0:00:06.747904
572	816	179
Test P:0.313
Test R:0.219
Test F1:0.258
model saved......



Epoch:2
Training loss:6.721495418837576
Training time:0:00:33.125167

Dev Results

Prediction time:0:00:02.961656
316	355	100
Dev P:0.316
Dev R:0.282
Dev F1:0.298

Test Results

Prediction time:0:00:06.746244
679	816	214
Test P:0.315
Test R:0.262
Test F1:0.286
model saved......



Epoch:3
Training loss:6.078151731780081
Training time:0:00:33.722027

Dev Results

Prediction time:0:00:02.965586
317	355	112
Dev P:0.353
Dev R:0.315
Dev F1:0.333

Test Results

Prediction time:0:00:06.754673
633	816	225
Test P:0.355
Test R:0.276
Test F1:0.311
model saved......



Epoch:4
Training loss:5.496007572520863
Training time:0:00:33.341708

Dev Results

Prediction time:0:00:02.960222
317	355	122
Dev P:0.385
Dev R:0.344
Dev F1:0.363

Test Results

Prediction time:0:00:06.731661
641	816	249
Test P:0.388
Test R:0.305
Test F1:0.342
model saved......



Epoch:5
Training loss:5.161934057871501
Training time:0:00:34.085631

Dev Results

Prediction time:0:00:02.947947
348	355	127
Dev P:0.365
Dev R:0.358
Dev F1:0.361

Test Results

Prediction time:0:00:06.714265
703	816	264
Test P:0.376
Test R:0.324
Test F1:0.348



Epoch:6
Training loss:4.818820032206449
Training time:0:00:33.252661

Dev Results

Prediction time:0:00:02.951574
323	355	132
Dev P:0.409
Dev R:0.372
Dev F1:0.389

Test Results

Prediction time:0:00:06.744674
663	816	261
Test P:0.394
Test R:0.32
Test F1:0.353
model saved......



Epoch:7
Training loss:4.51220771038171
Training time:0:00:33.609924

Dev Results

Prediction time:0:00:02.957198
335	355	127
Dev P:0.379
Dev R:0.358
Dev F1:0.368

Test Results

Prediction time:0:00:06.747668
733	816	274
Test P:0.374
Test R:0.336
Test F1:0.354



Epoch:8
Training loss:4.262637122110887
Training time:0:00:33.053148

Dev Results

Prediction time:0:00:02.962552
315	355	132
Dev P:0.419
Dev R:0.372
Dev F1:0.394

Test Results

Prediction time:0:00:06.758155
674	816	274
Test P:0.407
Test R:0.336
Test F1:0.368
model saved......



Epoch:9
Training loss:3.970257636272546
Training time:0:00:33.598755

Dev Results

Prediction time:0:00:02.962380
343	355	142
Dev P:0.414
Dev R:0.4
Dev F1:0.407

Test Results

Prediction time:0:00:06.733816
754	816	290
Test P:0.385
Test R:0.355
Test F1:0.369
model saved......



Epoch:10
Training loss:3.6474596045233985
Training time:0:00:34.051492

Dev Results

Prediction time:0:00:02.963411
350	355	146
Dev P:0.417
Dev R:0.411
Dev F1:0.414

Test Results

Prediction time:0:00:06.770148
728	816	307
Test P:0.422
Test R:0.376
Test F1:0.398
model saved......



Epoch:11
Training loss:3.3295043526273784
Training time:0:00:32.665247

Dev Results

Prediction time:0:00:02.946468
357	355	147
Dev P:0.412
Dev R:0.414
Dev F1:0.413

Test Results

Prediction time:0:00:06.725027
790	816	311
Test P:0.394
Test R:0.381
Test F1:0.387



Epoch:12
Training loss:3.3556482936396743
Training time:0:00:33.326983

Dev Results

Prediction time:0:00:02.963524
374	355	140
Dev P:0.374
Dev R:0.394
Dev F1:0.384

Test Results

Prediction time:0:00:06.771039
793	816	298
Test P:0.376
Test R:0.365
Test F1:0.37



Epoch:13
Training loss:3.11235205151818
Training time:0:00:32.661564

Dev Results

Prediction time:0:00:02.956340
319	355	138
Dev P:0.433
Dev R:0.389
Dev F1:0.409

Test Results

Prediction time:0:00:06.745052
688	816	292
Test P:0.424
Test R:0.358
Test F1:0.388



Epoch:14
Training loss:2.9603530891013867
Training time:0:00:33.349398

Dev Results

Prediction time:0:00:02.953679
345	355	150
Dev P:0.435
Dev R:0.423
Dev F1:0.429

Test Results

Prediction time:0:00:06.754986
741	816	305
Test P:0.412
Test R:0.374
Test F1:0.392
model saved......



Epoch:15
Training loss:2.8387327374834004
Training time:0:00:33.302652

Dev Results

Prediction time:0:00:02.963698
369	355	151
Dev P:0.409
Dev R:0.425
Dev F1:0.417

Test Results

Prediction time:0:00:06.765068
787	816	313
Test P:0.398
Test R:0.384
Test F1:0.391



Epoch:16
Training loss:2.7600160493995203
Training time:0:00:33.216913

Dev Results

Prediction time:0:00:02.963671
307	355	143
Dev P:0.466
Dev R:0.403
Dev F1:0.432

Test Results

Prediction time:0:00:06.755804
639	816	279
Test P:0.437
Test R:0.342
Test F1:0.384
model saved......



Epoch:17
Training loss:2.5823503317254963
Training time:0:00:32.889556

Dev Results

Prediction time:0:00:02.955242
352	355	147
Dev P:0.418
Dev R:0.414
Dev F1:0.416

Test Results

Prediction time:0:00:06.748657
728	816	294
Test P:0.404
Test R:0.36
Test F1:0.381



Epoch:18
Training loss:2.4720509738633125
Training time:0:00:33.781989

Dev Results

Prediction time:0:00:02.960458
371	355	154
Dev P:0.415
Dev R:0.434
Dev F1:0.424

Test Results

Prediction time:0:00:06.752671
781	816	326
Test P:0.417
Test R:0.4
Test F1:0.408



Epoch:19
Training loss:2.4243246371095832
Training time:0:00:33.516292

Dev Results

Prediction time:0:00:02.958755
343	355	152
Dev P:0.443
Dev R:0.428
Dev F1:0.436

Test Results

Prediction time:0:00:06.757683
725	816	306
Test P:0.422
Test R:0.375
Test F1:0.397
model saved......



Epoch:20
Training loss:2.205285895954479
Training time:0:00:32.902316

Dev Results

Prediction time:0:00:02.960033
357	355	146
Dev P:0.409
Dev R:0.411
Dev F1:0.41

Test Results

Prediction time:0:00:06.758725
775	816	307
Test P:0.396
Test R:0.376
Test F1:0.386



Epoch:21
Training loss:2.1419323195110667
Training time:0:00:33.193487

Dev Results

Prediction time:0:00:02.962253
345	355	151
Dev P:0.438
Dev R:0.425
Dev F1:0.431

Test Results

Prediction time:0:00:06.755630
744	816	315
Test P:0.423
Test R:0.386
Test F1:0.404



Epoch:22
Training loss:2.0278200976776355
Training time:0:00:33.393580

Dev Results

Prediction time:0:00:02.968517
336	355	142
Dev P:0.423
Dev R:0.4
Dev F1:0.411

Test Results

Prediction time:0:00:06.759189
743	816	307
Test P:0.413
Test R:0.376
Test F1:0.394



Epoch:23
Training loss:1.9536185056874247
Training time:0:00:33.121143

Dev Results

Prediction time:0:00:02.967182
323	355	146
Dev P:0.452
Dev R:0.411
Dev F1:0.431

Test Results

Prediction time:0:00:06.771829
712	816	300
Test P:0.421
Test R:0.368
Test F1:0.393



Epoch:24
Training loss:2.0221338832017146
Training time:0:00:33.669988

Dev Results

Prediction time:0:00:02.959706
317	355	142
Dev P:0.448
Dev R:0.4
Dev F1:0.423

Test Results

Prediction time:0:00:06.753783
673	816	295
Test P:0.438
Test R:0.362
Test F1:0.396



Epoch:25
Training loss:1.840973414254911
Training time:0:00:33.499834

Dev Results

Prediction time:0:00:02.964362
351	355	148
Dev P:0.422
Dev R:0.417
Dev F1:0.419

Test Results

Prediction time:0:00:06.764911
760	816	313
Test P:0.412
Test R:0.384
Test F1:0.397



Epoch:26
Training loss:1.8874595923857256
Training time:0:00:33.633117

Dev Results

Prediction time:0:00:02.969255
354	355	158
Dev P:0.446
Dev R:0.445
Dev F1:0.446

Test Results

Prediction time:0:00:06.759697
747	816	314
Test P:0.42
Test R:0.385
Test F1:0.402
model saved......



Epoch:27
Training loss:1.9397378094268567
Training time:0:00:33.810442

Dev Results

Prediction time:0:00:02.979797
358	355	142
Dev P:0.397
Dev R:0.4
Dev F1:0.398

Test Results

Prediction time:0:00:06.779379
757	816	299
Test P:0.395
Test R:0.366
Test F1:0.38



Epoch:28
Training loss:1.7814102534091834
Training time:0:00:33.734012

Dev Results

Prediction time:0:00:02.965750
349	355	151
Dev P:0.433
Dev R:0.425
Dev F1:0.429

Test Results

Prediction time:0:00:06.773642
741	816	312
Test P:0.421
Test R:0.382
Test F1:0.401



Epoch:29
Training loss:1.6207707000501228
Training time:0:00:32.850490

Dev Results

Prediction time:0:00:02.973787
338	355	150
Dev P:0.444
Dev R:0.423
Dev F1:0.433

Test Results

Prediction time:0:00:06.779859
726	816	314
Test P:0.433
Test R:0.385
Test F1:0.407



Epoch:30
Training loss:1.6308094118580674
Training time:0:00:33.782704

Dev Results

Prediction time:0:00:02.972324
326	355	138
Dev P:0.423
Dev R:0.389
Dev F1:0.405

Test Results

Prediction time:0:00:06.786304
690	816	301
Test P:0.436
Test R:0.369
Test F1:0.4



*******
Best Epoch:26
Best Epoch Seed:68
Corresponding P:0.42
Corresponding R:0.385
Corresponding F1:0.402



Best Test Epoch:18
Corresponding P:0.417
Corresponding R:0.4
Corresponding F1:0.408



Re-checking the scores of entire Test data with the best saved model:
Total sentences in the test set:303
GT Triple Count:816	PRED Triple Count:747	CORRECT Triple Count:314
Test P:0.42
Test R:0.385
Test F1:0.402
Now printing the scores for various subsets of Test Data with the best saved model:
Total sentences with single triples:123
GT Triple Count:123	PRED Triple Count:152	CORRECT Triple Count:78
Test P:0.513
Test R:0.634
Test F1:0.567
Total sentences with multiple triples:180
GT Triple Count:693	PRED Triple Count:595	CORRECT Triple Count:236
Test P:0.397
Test R:0.341
Test F1:0.366
Total sentences triples with varying sentiments:44
GT Triple Count:197	PRED Triple Count:148	CORRECT Triple Count:51
Test P:0.345
Test R:0.259
Test F1:0.296
Total sentences with overlapping triples:130
GT Triple Count:567	PRED Triple Count:467	CORRECT Triple Count:187
Test P:0.4
Test R:0.33
Test F1:0.362
