['PASTE_BERT.py', '--gpu_id', '0', '--src_folder', 'norec/', '--trg_folder', 'norec/PASTE_BERT', '--bert_mode', 'gen_mul', '--gen_direct', 'af', '--l2', 'y', '--use_pos_tags', 'y', '--use_dep_emb', 'y']
100100.5
BERT
loading data......
No. of sentences:2750
No. of lines in Target file:2750
No. of lines in POS file:2750
No. of lines in DEP file:2750
No. of sentences:506
No. of lines in Target file:506
No. of lines in POS file:506
No. of lines in DEP file:506
No. of sentences:392
No. of lines in Target file:392
No. of lines in POS file:392
No. of lines in DEP file:392
Training data size:2741
Development data size:506
Test data size:392
Building POS TAG Vocab..
Building DEP TAG Vocab..
Training started......
Batch Count: 172
Parameters size:189538335
weight factor:1
Adam (
Parameter Group 0
    amsgrad: False
    betas: (0.9, 0.999)
    eps: 1e-08
    lr: 0.001
    weight_decay: 0.0001
)
Epoch:1
Training loss:8.676026887671892
Training time:0:01:18.667431

Dev Results

Prediction time:0:00:07.951126
677	830	88
Dev P:0.13
Dev R:0.106
Dev F1:0.117

Test Results

Prediction time:0:00:06.333152
514	689	92
Test P:0.179
Test R:0.134
Test F1:0.153
model saved......



Epoch:2
Training loss:6.790804682775986
Training time:0:01:18.927695

Dev Results

Prediction time:0:00:07.992597
576	830	95
Dev P:0.165
Dev R:0.114
Dev F1:0.135

Test Results

Prediction time:0:00:06.390286
454	689	95
Test P:0.209
Test R:0.138
Test F1:0.166
model saved......



Epoch:3
Training loss:6.315762209337811
Training time:0:01:18.712323

Dev Results

Prediction time:0:00:07.978699
573	830	104
Dev P:0.182
Dev R:0.125
Dev F1:0.148

Test Results

Prediction time:0:00:06.355682
441	689	105
Test P:0.238
Test R:0.152
Test F1:0.186
model saved......



Epoch:4
Training loss:5.952654668065005
Training time:0:01:19.963378

Dev Results

Prediction time:0:00:08.002787
756	830	124
Dev P:0.164
Dev R:0.149
Dev F1:0.156

Test Results

Prediction time:0:00:06.371023
610	689	131
Test P:0.215
Test R:0.19
Test F1:0.202
model saved......



Epoch:5
Training loss:5.685913415842278
Training time:0:01:18.448994

Dev Results

Prediction time:0:00:08.021453
735	830	132
Dev P:0.18
Dev R:0.159
Dev F1:0.169

Test Results

Prediction time:0:00:06.413342
575	689	124
Test P:0.216
Test R:0.18
Test F1:0.196
model saved......



Epoch:6
Training loss:5.3214972615242
Training time:0:01:18.933999

Dev Results

Prediction time:0:00:08.029025
690	830	126
Dev P:0.183
Dev R:0.152
Dev F1:0.166

Test Results

Prediction time:0:00:06.409193
543	689	131
Test P:0.241
Test R:0.19
Test F1:0.213



Epoch:7
Training loss:5.061482288116633
Training time:0:01:20.311780

Dev Results

Prediction time:0:00:08.060895
758	830	135
Dev P:0.178
Dev R:0.163
Dev F1:0.17

Test Results

Prediction time:0:00:06.421103
593	689	131
Test P:0.221
Test R:0.19
Test F1:0.204
model saved......



Epoch:8
Training loss:4.804756871489591
Training time:0:01:19.611632

Dev Results

Prediction time:0:00:07.998541
811	830	158
Dev P:0.195
Dev R:0.19
Dev F1:0.193

Test Results

Prediction time:0:00:06.385683
650	689	142
Test P:0.218
Test R:0.206
Test F1:0.212
model saved......



Epoch:9
Training loss:4.556886265444201
Training time:0:01:19.724522

Dev Results

Prediction time:0:00:08.084840
759	830	151
Dev P:0.199
Dev R:0.182
Dev F1:0.19

Test Results

Prediction time:0:00:06.450817
588	689	141
Test P:0.24
Test R:0.205
Test F1:0.221



Epoch:10
Training loss:4.257278388322786
Training time:0:01:19.679353

Dev Results

Prediction time:0:00:08.021363
804	830	148
Dev P:0.184
Dev R:0.178
Dev F1:0.181

Test Results

Prediction time:0:00:06.434849
611	689	143
Test P:0.234
Test R:0.208
Test F1:0.22



Epoch:11
Training loss:4.033145793648654
Training time:0:01:18.499781

Dev Results

Prediction time:0:00:08.037268
893	830	168
Dev P:0.188
Dev R:0.202
Dev F1:0.195

Test Results

Prediction time:0:00:06.402015
688	689	150
Test P:0.218
Test R:0.218
Test F1:0.218
model saved......



Epoch:12
Training loss:3.8106842872708344
Training time:0:01:19.481126

Dev Results

Prediction time:0:00:08.015414
635	830	135
Dev P:0.213
Dev R:0.163
Dev F1:0.184

Test Results

Prediction time:0:00:06.396453
481	689	117
Test P:0.243
Test R:0.17
Test F1:0.2



Epoch:13
Training loss:3.565218770226767
Training time:0:01:19.364288

Dev Results

Prediction time:0:00:08.123943
953	830	179
Dev P:0.188
Dev R:0.216
Dev F1:0.201

Test Results

Prediction time:0:00:06.450193
748	689	149
Test P:0.199
Test R:0.216
Test F1:0.207
model saved......



Epoch:14
Training loss:3.4158923154653507
Training time:0:01:21.925726

Dev Results

Prediction time:0:00:08.066931
716	830	152
Dev P:0.212
Dev R:0.183
Dev F1:0.197

Test Results

Prediction time:0:00:06.464020
565	689	132
Test P:0.234
Test R:0.192
Test F1:0.211



Epoch:15
Training loss:3.179062338762505
Training time:0:01:19.505714

Dev Results

Prediction time:0:00:08.016183
772	830	153
Dev P:0.198
Dev R:0.184
Dev F1:0.191

Test Results

Prediction time:0:00:06.381906
602	689	144
Test P:0.239
Test R:0.209
Test F1:0.223



Epoch:16
Training loss:3.058865176383839
Training time:0:01:23.178848

Dev Results

Prediction time:0:00:08.129852
782	830	150
Dev P:0.192
Dev R:0.181
Dev F1:0.186

Test Results

Prediction time:0:00:06.491088
608	689	134
Test P:0.22
Test R:0.194
Test F1:0.207



Epoch:17
Training loss:2.8401647944783055
Training time:0:01:21.001178

Dev Results

Prediction time:0:00:08.140859
832	830	172
Dev P:0.207
Dev R:0.207
Dev F1:0.207

Test Results

Prediction time:0:00:06.461367
660	689	148
Test P:0.224
Test R:0.215
Test F1:0.219
model saved......



Epoch:18
Training loss:2.804908798184506
Training time:0:01:19.985583

Dev Results

Prediction time:0:00:08.077594
632	830	132
Dev P:0.209
Dev R:0.159
Dev F1:0.181

Test Results

Prediction time:0:00:06.446821
486	689	119
Test P:0.245
Test R:0.173
Test F1:0.203



Epoch:19
Training loss:2.7056170972280724
Training time:0:01:22.863409

Dev Results

Prediction time:0:00:08.165985
797	830	158
Dev P:0.198
Dev R:0.19
Dev F1:0.194

Test Results

Prediction time:0:00:06.551620
630	689	133
Test P:0.211
Test R:0.193
Test F1:0.202



Epoch:20
Training loss:2.5785467652387397
Training time:0:01:24.221818

Dev Results

Prediction time:0:00:08.109400
732	830	163
Dev P:0.223
Dev R:0.196
Dev F1:0.209

Test Results

Prediction time:0:00:06.484522
559	689	140
Test P:0.25
Test R:0.203
Test F1:0.224
model saved......



Epoch:21
Training loss:2.349921762943268
Training time:0:01:23.245571

Dev Results

Prediction time:0:00:08.091159
834	830	170
Dev P:0.204
Dev R:0.205
Dev F1:0.204

Test Results

Prediction time:0:00:06.432132
644	689	139
Test P:0.216
Test R:0.202
Test F1:0.209



Epoch:22
Training loss:2.312885828489481
Training time:0:01:23.423272

Dev Results

Prediction time:0:00:08.114676
711	830	147
Dev P:0.207
Dev R:0.177
Dev F1:0.191

Test Results

Prediction time:0:00:06.457511
549	689	140
Test P:0.255
Test R:0.203
Test F1:0.226



Epoch:23
Training loss:2.2337327079717504
Training time:0:01:25.531815

Dev Results

Prediction time:0:00:08.080770
719	830	154
Dev P:0.214
Dev R:0.186
Dev F1:0.199

Test Results

Prediction time:0:00:06.443940
568	689	139
Test P:0.245
Test R:0.202
Test F1:0.221



Epoch:24
Training loss:2.20111561375995
Training time:0:01:23.940445

Dev Results

Prediction time:0:00:08.068166
757	830	154
Dev P:0.203
Dev R:0.186
Dev F1:0.194

Test Results

Prediction time:0:00:06.440714
591	689	144
Test P:0.244
Test R:0.209
Test F1:0.225



Epoch:25
Training loss:2.100221946488979
Training time:0:01:23.656865

Dev Results

Prediction time:0:00:08.095432
672	830	143
Dev P:0.213
Dev R:0.172
Dev F1:0.19

Test Results

Prediction time:0:00:06.474257
523	689	128
Test P:0.245
Test R:0.186
Test F1:0.211



Epoch:26
Training loss:2.058843876040259
Training time:0:01:22.715728

Dev Results

Prediction time:0:00:08.098529
699	830	152
Dev P:0.217
Dev R:0.183
Dev F1:0.199

Test Results

Prediction time:0:00:06.464904
545	689	127
Test P:0.233
Test R:0.184
Test F1:0.206



Epoch:27
Training loss:1.9683935572934705
Training time:0:01:22.977951

Dev Results

Prediction time:0:00:08.150906
747	830	161
Dev P:0.216
Dev R:0.194
Dev F1:0.204

Test Results

Prediction time:0:00:06.464803
580	689	148
Test P:0.255
Test R:0.215
Test F1:0.233



Epoch:28
Training loss:1.8985691236895184
Training time:0:01:24.014740

Dev Results

Prediction time:0:00:08.148045
827	830	166
Dev P:0.201
Dev R:0.2
Dev F1:0.2

Test Results

Prediction time:0:00:06.476828
635	689	139
Test P:0.219
Test R:0.202
Test F1:0.21



Epoch:29
Training loss:1.870245416843614
Training time:0:01:23.401520

Dev Results

Prediction time:0:00:08.088691
758	830	144
Dev P:0.19
Dev R:0.173
Dev F1:0.181

Test Results

Prediction time:0:00:06.453416
583	689	137
Test P:0.235
Test R:0.199
Test F1:0.215



Epoch:30
Training loss:1.8046701567810635
Training time:0:01:22.275356

Dev Results

Prediction time:0:00:08.087496
733	830	153
Dev P:0.209
Dev R:0.184
Dev F1:0.196

Test Results

Prediction time:0:00:06.409139
570	689	123
Test P:0.216
Test R:0.179
Test F1:0.195



*******
Best Epoch:20
Best Epoch Seed:62
Corresponding P:0.25
Corresponding R:0.203
Corresponding F1:0.224



Best Test Epoch:27
Corresponding P:0.255
Corresponding R:0.215
Corresponding F1:0.233



Re-checking the scores of entire Test data with the best saved model:
Total sentences in the test set:392
GT Triple Count:689	PRED Triple Count:559	CORRECT Triple Count:140
Test P:0.25
Test R:0.203
Test F1:0.224
Now printing the scores for various subsets of Test Data with the best saved model:
Total sentences with single triples:212
GT Triple Count:212	PRED Triple Count:239	CORRECT Triple Count:56
Test P:0.234
Test R:0.264
Test F1:0.248
Total sentences with multiple triples:180
GT Triple Count:477	PRED Triple Count:320	CORRECT Triple Count:84
Test P:0.262
Test R:0.176
Test F1:0.211
Total sentences triples with varying sentiments:39
GT Triple Count:109	PRED Triple Count:67	CORRECT Triple Count:15
Test P:0.224
Test R:0.138
Test F1:0.17
Total sentences with overlapping triples:140
GT Triple Count:394	PRED Triple Count:263	CORRECT Triple Count:78
Test P:0.297
Test R:0.198
Test F1:0.237
