['PASTE_BERT.py', '--gpu_id', '0', '--src_folder', 'mpqa/', '--trg_folder', 'mpqa/PASTE_BERT', '--bert_mode', 'gen', '--gen_direct', 'af', '--l2', 'y', '--wd', '1e-5', '--use_pos_tags', 'y', '--use_dep_emb', 'y']
100100.5
BERT
loading data......
No. of sentences:996
No. of lines in Target file:996
No. of lines in POS file:996
No. of lines in DEP file:996
No. of sentences:323
No. of lines in Target file:323
No. of lines in POS file:323
No. of lines in DEP file:323
No. of sentences:322
No. of lines in Target file:322
No. of lines in POS file:322
No. of lines in DEP file:322
Training data size:994
Development data size:323
Test data size:322
Building POS TAG Vocab..
Building DEP TAG Vocab..
Training started......
Batch Count: 63
Parameters size:131663959
weight factor:1
Adam (
Parameter Group 0
    amsgrad: False
    betas: (0.9, 0.999)
    eps: 1e-08
    lr: 0.001
    weight_decay: 1e-05
)
Epoch:1
Training loss:9.820820566207644
Training time:0:00:24.351288

Dev Results

Prediction time:0:00:06.432346
323	426	48
Dev P:0.149
Dev R:0.113
Dev F1:0.128

Test Results

Prediction time:0:00:05.961798
322	421	37
Test P:0.115
Test R:0.088
Test F1:0.1
model saved......



Epoch:2
Training loss:7.103938178410606
Training time:0:00:24.291934

Dev Results

Prediction time:0:00:06.423333
323	426	61
Dev P:0.189
Dev R:0.143
Dev F1:0.163

Test Results

Prediction time:0:00:05.973150
322	421	49
Test P:0.152
Test R:0.116
Test F1:0.132
model saved......



Epoch:3
Training loss:6.35773369622609
Training time:0:00:24.147088

Dev Results

Prediction time:0:00:06.441389
323	426	60
Dev P:0.186
Dev R:0.141
Dev F1:0.16

Test Results

Prediction time:0:00:05.993466
322	421	48
Test P:0.149
Test R:0.114
Test F1:0.129



Epoch:4
Training loss:5.741573591080923
Training time:0:00:23.986215

Dev Results

Prediction time:0:00:06.413726
324	426	71
Dev P:0.219
Dev R:0.167
Dev F1:0.189

Test Results

Prediction time:0:00:05.987389
324	421	56
Test P:0.173
Test R:0.133
Test F1:0.15
model saved......



Epoch:5
Training loss:5.181676126661754
Training time:0:00:24.150651

Dev Results

Prediction time:0:00:06.390707
355	426	70
Dev P:0.197
Dev R:0.164
Dev F1:0.179

Test Results

Prediction time:0:00:05.957081
364	421	64
Test P:0.176
Test R:0.152
Test F1:0.163



Epoch:6
Training loss:4.667383315071227
Training time:0:00:24.379230

Dev Results

Prediction time:0:00:06.448748
343	426	76
Dev P:0.222
Dev R:0.178
Dev F1:0.198

Test Results

Prediction time:0:00:06.007226
345	421	66
Test P:0.191
Test R:0.157
Test F1:0.172
model saved......



Epoch:7
Training loss:4.369352874301729
Training time:0:00:24.538289

Dev Results

Prediction time:0:00:06.446609
357	426	84
Dev P:0.235
Dev R:0.197
Dev F1:0.215

Test Results

Prediction time:0:00:05.998620
376	421	62
Test P:0.165
Test R:0.147
Test F1:0.156
model saved......



Epoch:8
Training loss:3.856764554977417
Training time:0:00:24.155446

Dev Results

Prediction time:0:00:06.431539
333	426	75
Dev P:0.225
Dev R:0.176
Dev F1:0.198

Test Results

Prediction time:0:00:05.995936
335	421	58
Test P:0.173
Test R:0.138
Test F1:0.153



Epoch:9
Training loss:3.3483946247706338
Training time:0:00:24.215334

Dev Results

Prediction time:0:00:06.425405
323	426	64
Dev P:0.198
Dev R:0.15
Dev F1:0.171

Test Results

Prediction time:0:00:05.989538
330	421	68
Test P:0.206
Test R:0.162
Test F1:0.181



Epoch:10
Training loss:3.047307156381153
Training time:0:00:24.316995

Dev Results

Prediction time:0:00:06.427502
366	426	87
Dev P:0.238
Dev R:0.204
Dev F1:0.22

Test Results

Prediction time:0:00:05.987544
374	421	69
Test P:0.184
Test R:0.164
Test F1:0.174
model saved......



Epoch:11
Training loss:2.8444905408791135
Training time:0:00:24.162737

Dev Results

Prediction time:0:00:06.425124
381	426	79
Dev P:0.207
Dev R:0.185
Dev F1:0.196

Test Results

Prediction time:0:00:05.996855
387	421	67
Test P:0.173
Test R:0.159
Test F1:0.166



Epoch:12
Training loss:2.496394384474981
Training time:0:00:24.006611

Dev Results

Prediction time:0:00:06.423868
336	426	75
Dev P:0.223
Dev R:0.176
Dev F1:0.197

Test Results

Prediction time:0:00:05.998815
342	421	66
Test P:0.193
Test R:0.157
Test F1:0.173



Epoch:13
Training loss:2.3950846251987277
Training time:0:00:24.878316

Dev Results

Prediction time:0:00:06.432171
334	426	75
Dev P:0.225
Dev R:0.176
Dev F1:0.197

Test Results

Prediction time:0:00:05.990293
341	421	60
Test P:0.176
Test R:0.143
Test F1:0.157



Epoch:14
Training loss:2.061742483623444
Training time:0:00:24.251243

Dev Results

Prediction time:0:00:06.457157
329	426	81
Dev P:0.246
Dev R:0.19
Dev F1:0.215

Test Results

Prediction time:0:00:06.013596
336	421	64
Test P:0.19
Test R:0.152
Test F1:0.169



Epoch:15
Training loss:1.9723186578069414
Training time:0:00:24.357833

Dev Results

Prediction time:0:00:06.432943
354	426	81
Dev P:0.229
Dev R:0.19
Dev F1:0.208

Test Results

Prediction time:0:00:05.992066
362	421	59
Test P:0.163
Test R:0.14
Test F1:0.151



Epoch:16
Training loss:1.7394970579752846
Training time:0:00:24.537561

Dev Results

Prediction time:0:00:06.428452
359	426	76
Dev P:0.212
Dev R:0.178
Dev F1:0.194

Test Results

Prediction time:0:00:05.996508
373	421	68
Test P:0.182
Test R:0.162
Test F1:0.171



Epoch:17
Training loss:1.682527400198437
Training time:0:00:24.223471

Dev Results

Prediction time:0:00:06.466213
339	426	78
Dev P:0.23
Dev R:0.183
Dev F1:0.204

Test Results

Prediction time:0:00:06.020187
344	421	64
Test P:0.186
Test R:0.152
Test F1:0.167



Epoch:18
Training loss:1.5833170063911923
Training time:0:00:24.306920

Dev Results

Prediction time:0:00:06.433719
352	426	72
Dev P:0.205
Dev R:0.169
Dev F1:0.185

Test Results

Prediction time:0:00:06.001450
363	421	65
Test P:0.179
Test R:0.154
Test F1:0.166



Epoch:19
Training loss:1.4649425044892326
Training time:0:00:24.462493

Dev Results

Prediction time:0:00:06.451073
356	426	81
Dev P:0.228
Dev R:0.19
Dev F1:0.207

Test Results

Prediction time:0:00:06.015379
364	421	61
Test P:0.168
Test R:0.145
Test F1:0.155



Epoch:20
Training loss:1.3117490969006977
Training time:0:00:24.064775

Dev Results

Prediction time:0:00:06.437096
361	426	78
Dev P:0.216
Dev R:0.183
Dev F1:0.198

Test Results

Prediction time:0:00:05.997478
375	421	71
Test P:0.189
Test R:0.169
Test F1:0.178



Epoch:21
Training loss:1.2241604829591417
Training time:0:00:24.061902

Dev Results

Prediction time:0:00:06.408931
418	426	79
Dev P:0.189
Dev R:0.185
Dev F1:0.187

Test Results

Prediction time:0:00:05.968509
433	421	72
Test P:0.166
Test R:0.171
Test F1:0.169



Epoch:22
Training loss:1.149522927072313
Training time:0:00:24.271804

Dev Results

Prediction time:0:00:06.452619
358	426	87
Dev P:0.243
Dev R:0.204
Dev F1:0.222

Test Results

Prediction time:0:00:06.004249
366	421	64
Test P:0.175
Test R:0.152
Test F1:0.163
model saved......



Epoch:23
Training loss:1.0955777352764493
Training time:0:00:24.361189

Dev Results

Prediction time:0:00:06.474107
384	426	85
Dev P:0.221
Dev R:0.2
Dev F1:0.21

Test Results

Prediction time:0:00:06.039715
409	421	66
Test P:0.161
Test R:0.157
Test F1:0.159



Epoch:24
Training loss:1.0823640217856756
Training time:0:00:24.593337

Dev Results

Prediction time:0:00:06.445855
355	426	74
Dev P:0.208
Dev R:0.174
Dev F1:0.19

Test Results

Prediction time:0:00:06.028738
363	421	60
Test P:0.165
Test R:0.143
Test F1:0.153



Epoch:25
Training loss:1.0186350591598996
Training time:0:00:24.615929

Dev Results

Prediction time:0:00:06.424547
355	426	81
Dev P:0.228
Dev R:0.19
Dev F1:0.207

Test Results

Prediction time:0:00:05.992991
372	421	67
Test P:0.18
Test R:0.159
Test F1:0.169



Epoch:26
Training loss:0.9054664884294782
Training time:0:00:24.385867

Dev Results

Prediction time:0:00:06.420890
338	426	73
Dev P:0.216
Dev R:0.171
Dev F1:0.191

Test Results

Prediction time:0:00:05.983172
351	421	60
Test P:0.171
Test R:0.143
Test F1:0.155



Epoch:27
Training loss:0.9103729694135605
Training time:0:00:24.948716

Dev Results

Prediction time:0:00:06.469918
359	426	81
Dev P:0.226
Dev R:0.19
Dev F1:0.206

Test Results

Prediction time:0:00:06.014044
374	421	61
Test P:0.163
Test R:0.145
Test F1:0.153



Epoch:28
Training loss:0.8825733335245223
Training time:0:00:24.442622

Dev Results

Prediction time:0:00:06.487572
353	426	71
Dev P:0.201
Dev R:0.167
Dev F1:0.182

Test Results

Prediction time:0:00:06.005438
366	421	58
Test P:0.158
Test R:0.138
Test F1:0.147



Epoch:29
Training loss:0.8950242059571403
Training time:0:00:24.255408

Dev Results

Prediction time:0:00:06.460331
337	426	79
Dev P:0.234
Dev R:0.185
Dev F1:0.207

Test Results

Prediction time:0:00:06.001978
348	421	67
Test P:0.193
Test R:0.159
Test F1:0.174



Epoch:30
Training loss:0.8743401969236041
Training time:0:00:24.510502

Dev Results

Prediction time:0:00:06.432284
367	426	84
Dev P:0.229
Dev R:0.197
Dev F1:0.212

Test Results

Prediction time:0:00:06.001702
378	421	66
Test P:0.175
Test R:0.157
Test F1:0.165



*******
Best Epoch:22
Best Epoch Seed:64
Corresponding P:0.175
Corresponding R:0.152
Corresponding F1:0.163



Best Test Epoch:9
Corresponding P:0.206
Corresponding R:0.162
Corresponding F1:0.181



Re-checking the scores of entire Test data with the best saved model:
Total sentences in the test set:322
GT Triple Count:421	PRED Triple Count:366	CORRECT Triple Count:64
Test P:0.175
Test R:0.152
Test F1:0.163
Now printing the scores for various subsets of Test Data with the best saved model:
Total sentences with single triples:243
GT Triple Count:243	PRED Triple Count:264	CORRECT Triple Count:41
Test P:0.155
Test R:0.169
Test F1:0.162
Total sentences with multiple triples:79
GT Triple Count:178	PRED Triple Count:102	CORRECT Triple Count:23
Test P:0.225
Test R:0.129
Test F1:0.164
Total sentences triples with varying sentiments:31
GT Triple Count:79	PRED Triple Count:42	CORRECT Triple Count:8
Test P:0.19
Test R:0.101
Test F1:0.132
Total sentences with overlapping triples:42
GT Triple Count:95	PRED Triple Count:50	CORRECT Triple Count:8
Test P:0.16
Test R:0.084
Test F1:0.11
