['PASTE_BERT.py', '--gpu_id', '0', '--src_folder', 'opener_en/', '--trg_folder', 'opener_en/PASTE_BERT', '--bert_mode', 'gen', '--gen_direct', 'of', '--l2', 'y']
100100.5
BERT
loading data......
No. of sentences:1164
No. of lines in Target file:1164
No. of lines in POS file:1164
No. of lines in DEP file:1164
No. of sentences:159
No. of lines in Target file:159
No. of lines in POS file:159
No. of lines in DEP file:159
No. of sentences:342
No. of lines in Target file:342
No. of lines in POS file:342
No. of lines in DEP file:342
Training data size:1157
Development data size:159
Test data size:342
Building POS TAG Vocab..
Building DEP TAG Vocab..
Training started......
Batch Count: 73
Parameters size:127959659
weight factor:1
Adam (
Parameter Group 0
    amsgrad: False
    betas: (0.9, 0.999)
    eps: 1e-08
    lr: 0.001
    weight_decay: 0.0001
)
Epoch:1
Training loss:8.00124457764299
Training time:0:00:39.559267

Dev Results

Prediction time:0:00:03.538430
231	315	92
Dev P:0.398
Dev R:0.292
Dev F1:0.337

Test Results

Prediction time:0:00:07.441469
533	715	185
Test P:0.347
Test R:0.259
Test F1:0.296
model saved......



Epoch:2
Training loss:5.508792998039559
Training time:0:00:37.085410

Dev Results

Prediction time:0:00:03.564963
268	315	132
Dev P:0.493
Dev R:0.419
Dev F1:0.453

Test Results

Prediction time:0:00:07.477911
601	715	267
Test P:0.444
Test R:0.373
Test F1:0.406
model saved......



Epoch:3
Training loss:4.802733747926477
Training time:0:00:39.377824

Dev Results

Prediction time:0:00:03.550943
277	315	138
Dev P:0.498
Dev R:0.438
Dev F1:0.466

Test Results

Prediction time:0:00:07.484805
616	715	290
Test P:0.471
Test R:0.406
Test F1:0.436
model saved......



Epoch:4
Training loss:4.2587465684707855
Training time:0:00:32.389785

Dev Results

Prediction time:0:00:02.438362
242	315	133
Dev P:0.55
Dev R:0.422
Dev F1:0.478

Test Results

Prediction time:0:00:05.078818
532	715	290
Test P:0.545
Test R:0.406
Test F1:0.465
model saved......



Epoch:5
Training loss:3.85534472008274
Training time:0:00:26.680326

Dev Results

Prediction time:0:00:02.428390
273	315	150
Dev P:0.549
Dev R:0.476
Dev F1:0.51

Test Results

Prediction time:0:00:05.069682
601	715	304
Test P:0.506
Test R:0.425
Test F1:0.462
model saved......



Epoch:6
Training loss:3.39573394925627
Training time:0:00:26.144202

Dev Results

Prediction time:0:00:02.447363
275	315	150
Dev P:0.545
Dev R:0.476
Dev F1:0.508

Test Results

Prediction time:0:00:05.086614
589	715	307
Test P:0.521
Test R:0.429
Test F1:0.471



Epoch:7
Training loss:3.0864047416268963
Training time:0:00:26.702318

Dev Results

Prediction time:0:00:02.431749
309	315	157
Dev P:0.508
Dev R:0.498
Dev F1:0.503

Test Results

Prediction time:0:00:05.053461
676	715	341
Test P:0.504
Test R:0.477
Test F1:0.49



Epoch:8
Training loss:2.7429832269067633
Training time:0:00:26.560789

Dev Results

Prediction time:0:00:02.454020
276	315	150
Dev P:0.543
Dev R:0.476
Dev F1:0.508

Test Results

Prediction time:0:00:05.116981
593	715	323
Test P:0.545
Test R:0.452
Test F1:0.494



Epoch:9
Training loss:2.6804939296147596
Training time:0:00:27.107578

Dev Results

Prediction time:0:00:02.448989
293	315	158
Dev P:0.539
Dev R:0.502
Dev F1:0.52

Test Results

Prediction time:0:00:05.103080
653	715	336
Test P:0.515
Test R:0.47
Test F1:0.491
model saved......



Epoch:10
Training loss:2.4102283177310473
Training time:0:00:26.576011

Dev Results

Prediction time:0:00:02.465955
279	315	155
Dev P:0.556
Dev R:0.492
Dev F1:0.522

Test Results

Prediction time:0:00:05.131553
623	715	340
Test P:0.546
Test R:0.476
Test F1:0.508
model saved......



Epoch:11
Training loss:2.2251182174029416
Training time:0:00:26.768835

Dev Results

Prediction time:0:00:02.441444
283	315	152
Dev P:0.537
Dev R:0.483
Dev F1:0.508

Test Results

Prediction time:0:00:05.084176
626	715	322
Test P:0.514
Test R:0.45
Test F1:0.48



Epoch:12
Training loss:2.105985410409431
Training time:0:00:26.856908

Dev Results

Prediction time:0:00:02.470915
315	315	166
Dev P:0.527
Dev R:0.527
Dev F1:0.527

Test Results

Prediction time:0:00:05.114756
698	715	354
Test P:0.507
Test R:0.495
Test F1:0.501
model saved......



Epoch:13
Training loss:1.8808165502874818
Training time:0:00:26.844278

Dev Results

Prediction time:0:00:02.439273
286	315	162
Dev P:0.566
Dev R:0.514
Dev F1:0.539

Test Results

Prediction time:0:00:05.086303
630	715	332
Test P:0.527
Test R:0.464
Test F1:0.494
model saved......



Epoch:14
Training loss:1.744921277647149
Training time:0:00:26.946152

Dev Results

Prediction time:0:00:02.455614
294	315	164
Dev P:0.558
Dev R:0.521
Dev F1:0.539

Test Results

Prediction time:0:00:05.097723
664	715	337
Test P:0.508
Test R:0.471
Test F1:0.489
model saved......



Epoch:15
Training loss:1.7304847844659466
Training time:0:00:27.214080

Dev Results

Prediction time:0:00:02.443351
292	315	161
Dev P:0.551
Dev R:0.511
Dev F1:0.53

Test Results

Prediction time:0:00:05.088612
649	715	343
Test P:0.529
Test R:0.48
Test F1:0.503



Epoch:16
Training loss:1.6136483958322707
Training time:0:00:26.777737

Dev Results

Prediction time:0:00:02.451165
298	315	162
Dev P:0.544
Dev R:0.514
Dev F1:0.529

Test Results

Prediction time:0:00:05.125748
668	715	349
Test P:0.522
Test R:0.488
Test F1:0.505



Epoch:17
Training loss:1.4354530127897656
Training time:0:00:25.935975

Dev Results

Prediction time:0:00:02.460600
297	315	167
Dev P:0.562
Dev R:0.53
Dev F1:0.546

Test Results

Prediction time:0:00:05.116771
639	715	340
Test P:0.532
Test R:0.476
Test F1:0.502
model saved......



Epoch:18
Training loss:1.4175088732209924
Training time:0:00:26.760848

Dev Results

Prediction time:0:00:02.444375
285	315	163
Dev P:0.572
Dev R:0.517
Dev F1:0.543

Test Results

Prediction time:0:00:05.097545
637	715	340
Test P:0.534
Test R:0.476
Test F1:0.503



Epoch:19
Training loss:1.3728217490731853
Training time:0:00:26.898502

Dev Results

Prediction time:0:00:02.456167
307	315	165
Dev P:0.537
Dev R:0.524
Dev F1:0.531

Test Results

Prediction time:0:00:05.124965
684	715	365
Test P:0.534
Test R:0.51
Test F1:0.522



Epoch:20
Training loss:1.356971759093951
Training time:0:00:26.777261

Dev Results

Prediction time:0:00:02.458725
286	315	165
Dev P:0.577
Dev R:0.524
Dev F1:0.549

Test Results

Prediction time:0:00:05.144273
609	715	348
Test P:0.571
Test R:0.487
Test F1:0.526
model saved......



Epoch:21
Training loss:1.234698193530514
Training time:0:00:26.108005

Dev Results

Prediction time:0:00:02.456154
291	315	168
Dev P:0.577
Dev R:0.533
Dev F1:0.554

Test Results

Prediction time:0:00:05.105719
642	715	336
Test P:0.523
Test R:0.47
Test F1:0.495
model saved......



Epoch:22
Training loss:1.1699103692623034
Training time:0:00:26.160906

Dev Results

Prediction time:0:00:02.451876
304	315	164
Dev P:0.539
Dev R:0.521
Dev F1:0.53

Test Results

Prediction time:0:00:05.095059
665	715	360
Test P:0.541
Test R:0.503
Test F1:0.522



Epoch:23
Training loss:1.1048021549231386
Training time:0:00:26.108504

Dev Results

Prediction time:0:00:02.442041
306	315	163
Dev P:0.533
Dev R:0.517
Dev F1:0.525

Test Results

Prediction time:0:00:05.097797
669	715	341
Test P:0.51
Test R:0.477
Test F1:0.493



Epoch:24
Training loss:1.0717192373863638
Training time:0:00:26.905532

Dev Results

Prediction time:0:00:02.467879
274	315	162
Dev P:0.591
Dev R:0.514
Dev F1:0.55

Test Results

Prediction time:0:00:05.124044
599	715	338
Test P:0.564
Test R:0.473
Test F1:0.514



Epoch:25
Training loss:1.0210910917144933
Training time:0:00:27.042047

Dev Results

Prediction time:0:00:02.454578
292	315	173
Dev P:0.592
Dev R:0.549
Dev F1:0.57

Test Results

Prediction time:0:00:05.101154
635	715	345
Test P:0.543
Test R:0.483
Test F1:0.511
model saved......



Epoch:26
Training loss:1.061897239864689
Training time:0:00:26.940036

Dev Results

Prediction time:0:00:02.473590
286	315	162
Dev P:0.566
Dev R:0.514
Dev F1:0.539

Test Results

Prediction time:0:00:05.143079
634	715	344
Test P:0.543
Test R:0.481
Test F1:0.51



Epoch:27
Training loss:1.0021802323730025
Training time:0:00:26.414316

Dev Results

Prediction time:0:00:02.466735
294	315	170
Dev P:0.578
Dev R:0.54
Dev F1:0.558

Test Results

Prediction time:0:00:05.132568
636	715	340
Test P:0.535
Test R:0.476
Test F1:0.503



Epoch:28
Training loss:1.024697944930155
Training time:0:00:27.020138

Dev Results

Prediction time:0:00:02.461675
278	315	166
Dev P:0.597
Dev R:0.527
Dev F1:0.56

Test Results

Prediction time:0:00:05.124861
634	715	342
Test P:0.539
Test R:0.478
Test F1:0.507



Epoch:29
Training loss:0.9237347188061231
Training time:0:00:26.609375

Dev Results

Prediction time:0:00:02.445835
333	315	171
Dev P:0.514
Dev R:0.543
Dev F1:0.528

Test Results

Prediction time:0:00:05.093665
747	715	353
Test P:0.473
Test R:0.494
Test F1:0.483



Epoch:30
Training loss:0.9631912683787411
Training time:0:00:26.888175

Dev Results

Prediction time:0:00:02.461023
286	315	170
Dev P:0.594
Dev R:0.54
Dev F1:0.566

Test Results

Prediction time:0:00:05.122627
647	715	349
Test P:0.539
Test R:0.488
Test F1:0.512



*******
Best Epoch:25
Best Epoch Seed:67
Corresponding P:0.543
Corresponding R:0.483
Corresponding F1:0.511



Best Test Epoch:20
Corresponding P:0.571
Corresponding R:0.487
Corresponding F1:0.526



Re-checking the scores of entire Test data with the best saved model:
Total sentences in the test set:342
GT Triple Count:715	PRED Triple Count:635	CORRECT Triple Count:345
Test P:0.543
Test R:0.483
Test F1:0.511
Now printing the scores for various subsets of Test Data with the best saved model:
Total sentences with single triples:141
GT Triple Count:141	PRED Triple Count:166	CORRECT Triple Count:77
Test P:0.464
Test R:0.546
Test F1:0.502
Total sentences with multiple triples:201
GT Triple Count:574	PRED Triple Count:469	CORRECT Triple Count:268
Test P:0.571
Test R:0.467
Test F1:0.514
Total sentences triples with varying sentiments:38
GT Triple Count:132	PRED Triple Count:92	CORRECT Triple Count:42
Test P:0.457
Test R:0.318
Test F1:0.375
Total sentences with overlapping triples:140
GT Triple Count:431	PRED Triple Count:336	CORRECT Triple Count:199
Test P:0.592
Test R:0.462
Test F1:0.519
