['PASTE_BERT.py', '--gpu_id', '0', '--src_folder', 'norec/', '--trg_folder', 'norec/PASTE_BERT', '--bert_mode', 'gen_mul', '--gen_direct', 'of', '--l2', 'y', '--wd', '1e-5', '--use_dep_emb', 'y']
100100.5
BERT
loading data......
No. of sentences:2750
No. of lines in Target file:2750
No. of lines in POS file:2750
No. of lines in DEP file:2750
No. of sentences:506
No. of lines in Target file:506
No. of lines in POS file:506
No. of lines in DEP file:506
No. of sentences:392
No. of lines in Target file:392
No. of lines in POS file:392
No. of lines in DEP file:392
Training data size:2741
Development data size:506
Test data size:392
Building POS TAG Vocab..
Building DEP TAG Vocab..
Training started......
Batch Count: 172
Parameters size:187645835
weight factor:1
Adam (
Parameter Group 0
    amsgrad: False
    betas: (0.9, 0.999)
    eps: 1e-08
    lr: 0.001
    weight_decay: 1e-05
)
Epoch:1
Training loss:8.535607620727184
Training time:0:01:39.481740

Dev Results

Prediction time:0:00:10.745166
717	830	101
Dev P:0.141
Dev R:0.122
Dev F1:0.131

Test Results

Prediction time:0:00:08.859176
553	689	93
Test P:0.168
Test R:0.135
Test F1:0.15
model saved......



Epoch:2
Training loss:6.718553254770678
Training time:0:01:37.996104

Dev Results

Prediction time:0:00:10.884147
587	830	105
Dev P:0.179
Dev R:0.127
Dev F1:0.148

Test Results

Prediction time:0:00:08.958677
446	689	90
Test P:0.202
Test R:0.131
Test F1:0.159
model saved......



Epoch:3
Training loss:6.221070763676665
Training time:0:01:39.045726

Dev Results

Prediction time:0:00:10.820760
652	830	125
Dev P:0.192
Dev R:0.151
Dev F1:0.169

Test Results

Prediction time:0:00:08.892282
507	689	120
Test P:0.237
Test R:0.174
Test F1:0.201
model saved......



Epoch:4
Training loss:5.8459067538727165
Training time:0:01:38.985173

Dev Results

Prediction time:0:00:10.779202
636	830	121
Dev P:0.19
Dev R:0.146
Dev F1:0.165

Test Results

Prediction time:0:00:08.885100
491	689	111
Test P:0.226
Test R:0.161
Test F1:0.188



Epoch:5
Training loss:5.526354091112004
Training time:0:01:37.463932

Dev Results

Prediction time:0:00:10.886542
734	830	147
Dev P:0.2
Dev R:0.177
Dev F1:0.188

Test Results

Prediction time:0:00:08.937078
568	689	126
Test P:0.222
Test R:0.183
Test F1:0.2
model saved......



Epoch:6
Training loss:5.2352438499761185
Training time:0:01:37.620224

Dev Results

Prediction time:0:00:10.924527
715	830	145
Dev P:0.203
Dev R:0.175
Dev F1:0.188

Test Results

Prediction time:0:00:08.966374
563	689	128
Test P:0.227
Test R:0.186
Test F1:0.204
model saved......



Epoch:7
Training loss:4.9422054651171665
Training time:0:02:00.547357

Dev Results

Prediction time:0:00:11.073767
786	830	154
Dev P:0.196
Dev R:0.186
Dev F1:0.191

Test Results

Prediction time:0:00:09.057047
612	689	143
Test P:0.234
Test R:0.208
Test F1:0.22
model saved......



Epoch:8
Training loss:4.657259681890177
Training time:0:02:30.496892

Dev Results

Prediction time:0:00:10.964296
732	830	148
Dev P:0.202
Dev R:0.178
Dev F1:0.19

Test Results

Prediction time:0:00:09.005735
570	689	133
Test P:0.233
Test R:0.193
Test F1:0.211



Epoch:9
Training loss:4.345303122387376
Training time:0:02:38.979245

Dev Results

Prediction time:0:00:11.064892
754	830	165
Dev P:0.219
Dev R:0.199
Dev F1:0.208

Test Results

Prediction time:0:00:09.023244
585	689	145
Test P:0.248
Test R:0.21
Test F1:0.228
model saved......



Epoch:10
Training loss:4.115682800148809
Training time:0:02:02.368140

Dev Results

Prediction time:0:00:10.880022
747	830	153
Dev P:0.205
Dev R:0.184
Dev F1:0.194

Test Results

Prediction time:0:00:08.934582
581	689	141
Test P:0.243
Test R:0.205
Test F1:0.222



Epoch:11
Training loss:3.8604913617289345
Training time:0:01:42.114780

Dev Results

Prediction time:0:00:07.873131
758	830	160
Dev P:0.211
Dev R:0.193
Dev F1:0.202

Test Results

Prediction time:0:00:06.308830
595	689	128
Test P:0.215
Test R:0.186
Test F1:0.199



Epoch:12
Training loss:3.6281582567580912
Training time:0:01:21.523079

Dev Results

Prediction time:0:00:07.868335
716	830	143
Dev P:0.2
Dev R:0.172
Dev F1:0.185

Test Results

Prediction time:0:00:06.314503
556	689	129
Test P:0.232
Test R:0.187
Test F1:0.207



Epoch:13
Training loss:3.397280974443569
Training time:0:01:22.483798

Dev Results

Prediction time:0:00:07.904578
922	830	175
Dev P:0.19
Dev R:0.211
Dev F1:0.2

Test Results

Prediction time:0:00:06.347310
723	689	157
Test P:0.217
Test R:0.228
Test F1:0.222



Epoch:14
Training loss:3.2419399743856387
Training time:0:01:18.783291

Dev Results

Prediction time:0:00:07.894338
628	830	144
Dev P:0.229
Dev R:0.173
Dev F1:0.198

Test Results

Prediction time:0:00:06.348744
489	689	104
Test P:0.213
Test R:0.151
Test F1:0.177



Epoch:15
Training loss:2.9842330446076946
Training time:0:01:21.818288

Dev Results

Prediction time:0:00:08.010509
996	830	183
Dev P:0.184
Dev R:0.22
Dev F1:0.2

Test Results

Prediction time:0:00:06.555841
784	689	161
Test P:0.205
Test R:0.234
Test F1:0.219



Epoch:16
Training loss:2.9371707931507465
Training time:0:01:25.329211

Dev Results

Prediction time:0:00:08.079786
860	830	168
Dev P:0.195
Dev R:0.202
Dev F1:0.199

Test Results

Prediction time:0:00:06.423647
660	689	147
Test P:0.223
Test R:0.213
Test F1:0.218



Epoch:17
Training loss:2.712764459293942
Training time:0:01:24.496766

Dev Results

Prediction time:0:00:08.051558
786	830	164
Dev P:0.209
Dev R:0.198
Dev F1:0.203

Test Results

Prediction time:0:00:06.429500
619	689	145
Test P:0.234
Test R:0.21
Test F1:0.222



Epoch:18
Training loss:2.6546472227850626
Training time:0:01:18.135940

Dev Results

Prediction time:0:00:07.914526
702	830	143
Dev P:0.204
Dev R:0.172
Dev F1:0.187

Test Results

Prediction time:0:00:06.358104
553	689	126
Test P:0.228
Test R:0.183
Test F1:0.203



Epoch:19
Training loss:2.5278466939926147
Training time:0:01:19.997385

Dev Results

Prediction time:0:00:08.027414
894	830	162
Dev P:0.181
Dev R:0.195
Dev F1:0.188

Test Results

Prediction time:0:00:06.429198
725	689	153
Test P:0.211
Test R:0.222
Test F1:0.216



Epoch:20
Training loss:2.4004587648912916
Training time:0:01:24.400628

Dev Results

Prediction time:0:00:08.015031
758	830	139
Dev P:0.183
Dev R:0.167
Dev F1:0.175

Test Results

Prediction time:0:00:06.419433
601	689	136
Test P:0.226
Test R:0.197
Test F1:0.211



Epoch:21
Training loss:2.262196241423141
Training time:0:01:24.358752

Dev Results

Prediction time:0:00:08.049876
825	830	152
Dev P:0.184
Dev R:0.183
Dev F1:0.184

Test Results

Prediction time:0:00:06.440576
636	689	138
Test P:0.217
Test R:0.2
Test F1:0.208



Epoch:22
Training loss:2.168468543956446
Training time:0:01:25.794699

Dev Results

Prediction time:0:00:08.039565
785	830	156
Dev P:0.199
Dev R:0.188
Dev F1:0.193

Test Results

Prediction time:0:00:06.452257
591	689	130
Test P:0.22
Test R:0.189
Test F1:0.203



Epoch:23
Training loss:2.102015579509181
Training time:0:01:24.653827

Dev Results

Prediction time:0:00:08.040228
727	830	142
Dev P:0.195
Dev R:0.171
Dev F1:0.182

Test Results

Prediction time:0:00:06.466043
557	689	128
Test P:0.23
Test R:0.186
Test F1:0.205



Epoch:24
Training loss:2.014411289331525
Training time:0:01:20.606603

Dev Results

Prediction time:0:00:07.885928
772	830	136
Dev P:0.176
Dev R:0.164
Dev F1:0.17

Test Results

Prediction time:0:00:06.338457
591	689	129
Test P:0.218
Test R:0.187
Test F1:0.202



Epoch:25
Training loss:1.9197692240393438
Training time:0:01:17.239922

Dev Results

Prediction time:0:00:07.929232
776	830	155
Dev P:0.2
Dev R:0.187
Dev F1:0.193

Test Results

Prediction time:0:00:06.341124
609	689	128
Test P:0.21
Test R:0.186
Test F1:0.197



Epoch:26
Training loss:1.953992403870405
Training time:0:01:16.550645

Dev Results

Prediction time:0:00:07.892746
762	830	145
Dev P:0.19
Dev R:0.175
Dev F1:0.182

Test Results

Prediction time:0:00:06.313640
605	689	145
Test P:0.24
Test R:0.21
Test F1:0.224



Epoch:27
Training loss:1.8243415774994118
Training time:0:01:17.429442

Dev Results

Prediction time:0:00:07.908405
755	830	160
Dev P:0.212
Dev R:0.193
Dev F1:0.202

Test Results

Prediction time:0:00:06.354525
596	689	133
Test P:0.223
Test R:0.193
Test F1:0.207



Epoch:28
Training loss:1.8470733640498893
Training time:0:01:27.453611

Dev Results

Prediction time:0:00:08.072846
869	830	170
Dev P:0.196
Dev R:0.205
Dev F1:0.2

Test Results

Prediction time:0:00:06.445462
679	689	142
Test P:0.209
Test R:0.206
Test F1:0.208



Epoch:29
Training loss:1.8099731328182442
Training time:0:01:25.816674

Dev Results

Prediction time:0:00:08.142495
702	830	148
Dev P:0.211
Dev R:0.178
Dev F1:0.193

Test Results

Prediction time:0:00:06.449219
553	689	123
Test P:0.222
Test R:0.179
Test F1:0.198



Epoch:30
Training loss:1.7368969078673873
Training time:0:01:23.992840

Dev Results

Prediction time:0:00:08.105421
736	830	145
Dev P:0.197
Dev R:0.175
Dev F1:0.185

Test Results

Prediction time:0:00:06.474844
574	689	129
Test P:0.225
Test R:0.187
Test F1:0.204



*******
Best Epoch:9
Best Epoch Seed:51
Corresponding P:0.248
Corresponding R:0.21
Corresponding F1:0.228



Best Test Epoch:9
Corresponding P:0.248
Corresponding R:0.21
Corresponding F1:0.228



Re-checking the scores of entire Test data with the best saved model:
Total sentences in the test set:392
GT Triple Count:689	PRED Triple Count:585	CORRECT Triple Count:145
Test P:0.248
Test R:0.21
Test F1:0.228
Now printing the scores for various subsets of Test Data with the best saved model:
Total sentences with single triples:212
GT Triple Count:212	PRED Triple Count:244	CORRECT Triple Count:48
Test P:0.197
Test R:0.226
Test F1:0.211
Total sentences with multiple triples:180
GT Triple Count:477	PRED Triple Count:341	CORRECT Triple Count:97
Test P:0.284
Test R:0.203
Test F1:0.237
Total sentences triples with varying sentiments:39
GT Triple Count:109	PRED Triple Count:72	CORRECT Triple Count:15
Test P:0.208
Test R:0.138
Test F1:0.166
Total sentences with overlapping triples:140
GT Triple Count:394	PRED Triple Count:281	CORRECT Triple Count:84
Test P:0.299
Test R:0.213
Test F1:0.249
