['PASTE_BERT.py', '--gpu_id', '0', '--src_folder', 'norec/', '--trg_folder', 'norec/PASTE_BERT', '--bert_mode', 'gen_mul', '--gen_direct', 'of', '--l2', 'y', '--use_pos_tags', 'y']
100100.5
BERT
loading data......
No. of sentences:2750
No. of lines in Target file:2750
No. of lines in POS file:2750
No. of lines in DEP file:2750
No. of sentences:506
No. of lines in Target file:506
No. of lines in POS file:506
No. of lines in DEP file:506
No. of sentences:392
No. of lines in Target file:392
No. of lines in POS file:392
No. of lines in DEP file:392
Training data size:2741
Development data size:506
Test data size:392
Building POS TAG Vocab..
Building DEP TAG Vocab..
Training started......
Batch Count: 172
Parameters size:187646335
weight factor:1
Adam (
Parameter Group 0
    amsgrad: False
    betas: (0.9, 0.999)
    eps: 1e-08
    lr: 0.001
    weight_decay: 0.0001
)
Epoch:1
Training loss:8.4831023354863
Training time:0:01:16.654665

Dev Results

Prediction time:0:00:07.887784
617	830	93
Dev P:0.151
Dev R:0.112
Dev F1:0.129

Test Results

Prediction time:0:00:06.294866
474	689	93
Test P:0.196
Test R:0.135
Test F1:0.16
model saved......



Epoch:2
Training loss:6.725498462832252
Training time:0:01:20.746097

Dev Results

Prediction time:0:00:07.908418
576	830	100
Dev P:0.174
Dev R:0.12
Dev F1:0.142

Test Results

Prediction time:0:00:06.337568
452	689	99
Test P:0.219
Test R:0.144
Test F1:0.174
model saved......



Epoch:3
Training loss:6.279245060543682
Training time:0:01:21.687553

Dev Results

Prediction time:0:00:07.980310
592	830	116
Dev P:0.196
Dev R:0.14
Dev F1:0.163

Test Results

Prediction time:0:00:06.386962
443	689	104
Test P:0.235
Test R:0.151
Test F1:0.184
model saved......



Epoch:4
Training loss:5.876382863798807
Training time:0:01:20.224144

Dev Results

Prediction time:0:00:07.935031
682	830	129
Dev P:0.189
Dev R:0.155
Dev F1:0.171

Test Results

Prediction time:0:00:06.346901
529	689	127
Test P:0.24
Test R:0.184
Test F1:0.209
model saved......



Epoch:5
Training loss:5.594204691953437
Training time:0:01:21.385589

Dev Results

Prediction time:0:00:07.933076
672	830	129
Dev P:0.192
Dev R:0.155
Dev F1:0.172

Test Results

Prediction time:0:00:06.354222
520	689	125
Test P:0.24
Test R:0.181
Test F1:0.207
model saved......



Epoch:6
Training loss:5.27652214571487
Training time:0:01:20.441387

Dev Results

Prediction time:0:00:07.962643
722	830	140
Dev P:0.194
Dev R:0.169
Dev F1:0.18

Test Results

Prediction time:0:00:06.405370
555	689	131
Test P:0.236
Test R:0.19
Test F1:0.211
model saved......



Epoch:7
Training loss:5.038045210893764
Training time:0:01:20.884981

Dev Results

Prediction time:0:00:07.905142
769	830	153
Dev P:0.199
Dev R:0.184
Dev F1:0.191

Test Results

Prediction time:0:00:06.339607
586	689	139
Test P:0.237
Test R:0.202
Test F1:0.218
model saved......



Epoch:8
Training loss:4.795854783335398
Training time:0:01:17.297043

Dev Results

Prediction time:0:00:07.854890
642	830	133
Dev P:0.207
Dev R:0.16
Dev F1:0.181

Test Results

Prediction time:0:00:06.304572
500	689	126
Test P:0.252
Test R:0.183
Test F1:0.212



Epoch:9
Training loss:4.504607606765836
Training time:0:01:18.192410

Dev Results

Prediction time:0:00:07.920813
767	830	167
Dev P:0.218
Dev R:0.201
Dev F1:0.209

Test Results

Prediction time:0:00:06.347805
583	689	157
Test P:0.269
Test R:0.228
Test F1:0.247
model saved......



Epoch:10
Training loss:4.247766254946243
Training time:0:01:21.113566

Dev Results

Prediction time:0:00:07.974214
729	830	145
Dev P:0.199
Dev R:0.175
Dev F1:0.186

Test Results

Prediction time:0:00:06.401449
546	689	138
Test P:0.253
Test R:0.2
Test F1:0.223



Epoch:11
Training loss:3.965234174284824
Training time:0:01:20.131988

Dev Results

Prediction time:0:00:07.897913
666	830	136
Dev P:0.204
Dev R:0.164
Dev F1:0.182

Test Results

Prediction time:0:00:06.345077
529	689	131
Test P:0.248
Test R:0.19
Test F1:0.215



Epoch:12
Training loss:3.82475554111392
Training time:0:01:20.304495

Dev Results

Prediction time:0:00:07.984246
644	830	134
Dev P:0.208
Dev R:0.161
Dev F1:0.182

Test Results

Prediction time:0:00:06.395234
513	689	120
Test P:0.234
Test R:0.174
Test F1:0.2



Epoch:13
Training loss:3.5417272476262824
Training time:0:01:21.093251

Dev Results

Prediction time:0:00:08.001496
779	830	141
Dev P:0.181
Dev R:0.17
Dev F1:0.175

Test Results

Prediction time:0:00:06.401197
601	689	139
Test P:0.231
Test R:0.202
Test F1:0.216



Epoch:14
Training loss:3.3578183533147326
Training time:0:01:22.640917

Dev Results

Prediction time:0:00:07.929692
676	830	137
Dev P:0.203
Dev R:0.165
Dev F1:0.182

Test Results

Prediction time:0:00:06.338795
505	689	121
Test P:0.24
Test R:0.176
Test F1:0.203



Epoch:15
Training loss:3.1695726791093515
Training time:0:01:19.870666

Dev Results

Prediction time:0:00:07.934105
910	830	167
Dev P:0.184
Dev R:0.201
Dev F1:0.192

Test Results

Prediction time:0:00:06.350912
711	689	147
Test P:0.207
Test R:0.213
Test F1:0.21



Epoch:16
Training loss:2.990540636140247
Training time:0:01:21.807552

Dev Results

Prediction time:0:00:07.928872
721	830	147
Dev P:0.204
Dev R:0.177
Dev F1:0.19

Test Results

Prediction time:0:00:06.341627
547	689	130
Test P:0.238
Test R:0.189
Test F1:0.21



Epoch:17
Training loss:2.8723108581332273
Training time:0:01:19.160430

Dev Results

Prediction time:0:00:07.942139
984	830	171
Dev P:0.174
Dev R:0.206
Dev F1:0.189

Test Results

Prediction time:0:00:06.357342
770	689	161
Test P:0.209
Test R:0.234
Test F1:0.221



Epoch:18
Training loss:2.84588432242704
Training time:0:01:18.439242

Dev Results

Prediction time:0:00:07.923391
744	830	147
Dev P:0.198
Dev R:0.177
Dev F1:0.187

Test Results

Prediction time:0:00:06.415499
568	689	134
Test P:0.236
Test R:0.194
Test F1:0.213



Epoch:19
Training loss:2.6850029431110203
Training time:0:01:23.225852

Dev Results

Prediction time:0:00:08.051979
721	830	146
Dev P:0.202
Dev R:0.176
Dev F1:0.188

Test Results

Prediction time:0:00:06.434890
547	689	133
Test P:0.243
Test R:0.193
Test F1:0.215



Epoch:20
Training loss:2.5001543891984364
Training time:0:01:25.558425

Dev Results

Prediction time:0:00:08.050799
676	830	128
Dev P:0.189
Dev R:0.154
Dev F1:0.17

Test Results

Prediction time:0:00:06.467312
503	689	115
Test P:0.229
Test R:0.167
Test F1:0.193



Epoch:21
Training loss:2.4015878147857133
Training time:0:01:25.220768

Dev Results

Prediction time:0:00:08.024919
773	830	162
Dev P:0.21
Dev R:0.195
Dev F1:0.202

Test Results

Prediction time:0:00:06.410311
582	689	140
Test P:0.241
Test R:0.203
Test F1:0.22



Epoch:22
Training loss:2.2845082955304967
Training time:0:01:25.206115

Dev Results

Prediction time:0:00:08.123269
760	830	157
Dev P:0.207
Dev R:0.189
Dev F1:0.197

Test Results

Prediction time:0:00:06.487292
595	689	145
Test P:0.244
Test R:0.21
Test F1:0.226



Epoch:23
Training loss:2.2670508740946302
Training time:0:01:25.121079

Dev Results

Prediction time:0:00:08.009508
764	830	164
Dev P:0.215
Dev R:0.198
Dev F1:0.206

Test Results

Prediction time:0:00:06.417522
584	689	139
Test P:0.238
Test R:0.202
Test F1:0.218



Epoch:24
Training loss:2.210085528534512
Training time:0:01:25.976214

Dev Results

Prediction time:0:00:08.097547
822	830	158
Dev P:0.192
Dev R:0.19
Dev F1:0.191

Test Results

Prediction time:0:00:06.490875
641	689	150
Test P:0.234
Test R:0.218
Test F1:0.226



Epoch:25
Training loss:2.068104486132777
Training time:0:01:24.877448

Dev Results

Prediction time:0:00:08.024692
729	830	144
Dev P:0.198
Dev R:0.173
Dev F1:0.185

Test Results

Prediction time:0:00:06.440380
551	689	128
Test P:0.232
Test R:0.186
Test F1:0.206



Epoch:26
Training loss:1.9554558687431867
Training time:0:01:24.027462

Dev Results

Prediction time:0:00:08.016885
717	830	149
Dev P:0.208
Dev R:0.18
Dev F1:0.193

Test Results

Prediction time:0:00:06.448250
543	689	129
Test P:0.238
Test R:0.187
Test F1:0.209



Epoch:27
Training loss:1.9814032184523205
Training time:0:01:24.861135

Dev Results

Prediction time:0:00:08.074070
703	830	159
Dev P:0.226
Dev R:0.192
Dev F1:0.207

Test Results

Prediction time:0:00:06.451656
525	689	125
Test P:0.238
Test R:0.181
Test F1:0.206



Epoch:28
Training loss:1.9514897271644238
Training time:0:01:19.353758

Dev Results

Prediction time:0:00:07.911320
745	830	157
Dev P:0.211
Dev R:0.189
Dev F1:0.199

Test Results

Prediction time:0:00:06.348621
587	689	127
Test P:0.216
Test R:0.184
Test F1:0.199



Epoch:29
Training loss:1.9742617821970652
Training time:0:01:20.360441

Dev Results

Prediction time:0:00:07.913902
817	830	162
Dev P:0.198
Dev R:0.195
Dev F1:0.197

Test Results

Prediction time:0:00:06.337457
647	689	144
Test P:0.223
Test R:0.209
Test F1:0.216



Epoch:30
Training loss:1.8488335536662923
Training time:0:01:17.482079

Dev Results

Prediction time:0:00:07.868660
727	830	155
Dev P:0.213
Dev R:0.187
Dev F1:0.199

Test Results

Prediction time:0:00:06.287399
556	689	129
Test P:0.232
Test R:0.187
Test F1:0.207



*******
Best Epoch:9
Best Epoch Seed:51
Corresponding P:0.269
Corresponding R:0.228
Corresponding F1:0.247



Best Test Epoch:9
Corresponding P:0.269
Corresponding R:0.228
Corresponding F1:0.247



Re-checking the scores of entire Test data with the best saved model:
Total sentences in the test set:392
GT Triple Count:689	PRED Triple Count:583	CORRECT Triple Count:157
Test P:0.269
Test R:0.228
Test F1:0.247
Now printing the scores for various subsets of Test Data with the best saved model:
Total sentences with single triples:212
GT Triple Count:212	PRED Triple Count:244	CORRECT Triple Count:55
Test P:0.225
Test R:0.259
Test F1:0.241
Total sentences with multiple triples:180
GT Triple Count:477	PRED Triple Count:339	CORRECT Triple Count:102
Test P:0.301
Test R:0.214
Test F1:0.25
Total sentences triples with varying sentiments:39
GT Triple Count:109	PRED Triple Count:70	CORRECT Triple Count:17
Test P:0.243
Test R:0.156
Test F1:0.19
Total sentences with overlapping triples:140
GT Triple Count:394	PRED Triple Count:281	CORRECT Triple Count:87
Test P:0.31
Test R:0.221
Test F1:0.258
