['PASTE_BERT.py', '--gpu_id', '0', '--src_folder', 'multibooked_ca/', '--trg_folder', 'multibooked_ca/PASTE_BERT', '--bert_mode', 'gen_mul', '--gen_direct', 'of', '--l2', 'y', '--wd', '1e-5', '--use_dep_emb', 'y']
100100.5
BERT
loading data......
No. of sentences:792
No. of lines in Target file:792
No. of lines in POS file:792
No. of lines in DEP file:792
No. of sentences:111
No. of lines in Target file:111
No. of lines in POS file:111
No. of lines in DEP file:111
No. of sentences:209
No. of lines in Target file:209
No. of lines in POS file:209
No. of lines in DEP file:209
Training data size:786
Development data size:111
Test data size:209
Building POS TAG Vocab..
Building DEP TAG Vocab..
Training started......
Batch Count: 50
Parameters size:187645585
weight factor:1
Adam (
Parameter Group 0
    amsgrad: False
    betas: (0.9, 0.999)
    eps: 1e-08
    lr: 0.001
    weight_decay: 1e-05
)
Epoch:1
Training loss:9.16113829612732
Training time:0:00:20.623202

Dev Results

Prediction time:0:00:01.993609
125	192	37
Dev P:0.296
Dev R:0.193
Dev F1:0.233

Test Results

Prediction time:0:00:03.379210
235	373	68
Test P:0.289
Test R:0.182
Test F1:0.224
model saved......



Epoch:2
Training loss:6.214949426651001
Training time:0:00:20.918709

Dev Results

Prediction time:0:00:01.987820
133	192	49
Dev P:0.368
Dev R:0.255
Dev F1:0.302

Test Results

Prediction time:0:00:03.400392
273	373	98
Test P:0.359
Test R:0.263
Test F1:0.303
model saved......



Epoch:3
Training loss:5.283748240470886
Training time:0:00:23.057293

Dev Results

Prediction time:0:00:02.004091
186	192	70
Dev P:0.376
Dev R:0.365
Dev F1:0.37

Test Results

Prediction time:0:00:03.411356
386	373	127
Test P:0.329
Test R:0.34
Test F1:0.335
model saved......



Epoch:4
Training loss:4.739142179489136
Training time:0:00:21.558005

Dev Results

Prediction time:0:00:01.992108
158	192	68
Dev P:0.43
Dev R:0.354
Dev F1:0.389

Test Results

Prediction time:0:00:03.413791
319	373	116
Test P:0.364
Test R:0.311
Test F1:0.335
model saved......



Epoch:5
Training loss:4.298036351203918
Training time:0:00:21.751468

Dev Results

Prediction time:0:00:01.993476
183	192	80
Dev P:0.437
Dev R:0.417
Dev F1:0.427

Test Results

Prediction time:0:00:03.412423
356	373	137
Test P:0.385
Test R:0.367
Test F1:0.376
model saved......



Epoch:6
Training loss:3.9118990898132324
Training time:0:00:20.992090

Dev Results

Prediction time:0:00:02.009839
164	192	73
Dev P:0.445
Dev R:0.38
Dev F1:0.41

Test Results

Prediction time:0:00:03.424133
321	373	136
Test P:0.424
Test R:0.365
Test F1:0.392



Epoch:7
Training loss:3.5439181506633757
Training time:0:00:21.684391

Dev Results

Prediction time:0:00:01.973180
192	192	80
Dev P:0.417
Dev R:0.417
Dev F1:0.417

Test Results

Prediction time:0:00:03.418582
384	373	151
Test P:0.393
Test R:0.405
Test F1:0.399



Epoch:8
Training loss:3.269094662666321
Training time:0:00:21.407950

Dev Results

Prediction time:0:00:01.984459
185	192	80
Dev P:0.432
Dev R:0.417
Dev F1:0.424

Test Results

Prediction time:0:00:03.395074
362	373	152
Test P:0.42
Test R:0.408
Test F1:0.414



Epoch:9
Training loss:3.0437384486198424
Training time:0:00:21.428947

Dev Results

Prediction time:0:00:01.984969
182	192	81
Dev P:0.445
Dev R:0.422
Dev F1:0.433

Test Results

Prediction time:0:00:03.419198
354	373	148
Test P:0.418
Test R:0.397
Test F1:0.407
model saved......



Epoch:10
Training loss:2.9429772901535034
Training time:0:00:21.728467

Dev Results

Prediction time:0:00:01.996563
192	192	84
Dev P:0.437
Dev R:0.437
Dev F1:0.437

Test Results

Prediction time:0:00:03.453492
385	373	168
Test P:0.436
Test R:0.45
Test F1:0.443
model saved......



Epoch:11
Training loss:2.7097798109054567
Training time:0:00:21.416762

Dev Results

Prediction time:0:00:01.982295
185	192	87
Dev P:0.47
Dev R:0.453
Dev F1:0.462

Test Results

Prediction time:0:00:03.412597
371	373	158
Test P:0.426
Test R:0.424
Test F1:0.425
model saved......



Epoch:12
Training loss:2.467773609161377
Training time:0:00:20.900535

Dev Results

Prediction time:0:00:01.991040
185	192	85
Dev P:0.459
Dev R:0.443
Dev F1:0.451

Test Results

Prediction time:0:00:03.404623
357	373	155
Test P:0.434
Test R:0.416
Test F1:0.425



Epoch:13
Training loss:2.310411822795868
Training time:0:00:21.746166

Dev Results

Prediction time:0:00:01.984868
159	192	86
Dev P:0.541
Dev R:0.448
Dev F1:0.49

Test Results

Prediction time:0:00:03.408190
319	373	146
Test P:0.458
Test R:0.391
Test F1:0.422
model saved......



Epoch:14
Training loss:2.2972501039505007
Training time:0:00:20.995876

Dev Results

Prediction time:0:00:01.993115
187	192	92
Dev P:0.492
Dev R:0.479
Dev F1:0.485

Test Results

Prediction time:0:00:03.416130
355	373	162
Test P:0.456
Test R:0.434
Test F1:0.445



Epoch:15
Training loss:2.0315553295612334
Training time:0:00:21.240150

Dev Results

Prediction time:0:00:01.993728
180	192	90
Dev P:0.5
Dev R:0.469
Dev F1:0.484

Test Results

Prediction time:0:00:03.432780
348	373	168
Test P:0.483
Test R:0.45
Test F1:0.466



Epoch:16
Training loss:1.9179113006591797
Training time:0:00:21.528327

Dev Results

Prediction time:0:00:02.002691
156	192	80
Dev P:0.513
Dev R:0.417
Dev F1:0.46

Test Results

Prediction time:0:00:03.438130
311	373	148
Test P:0.476
Test R:0.397
Test F1:0.433



Epoch:17
Training loss:1.8162284487485885
Training time:0:00:20.821091

Dev Results

Prediction time:0:00:01.999344
169	192	88
Dev P:0.521
Dev R:0.458
Dev F1:0.488

Test Results

Prediction time:0:00:03.435264
333	373	159
Test P:0.477
Test R:0.426
Test F1:0.45



Epoch:18
Training loss:1.8012951111793518
Training time:0:00:21.427493

Dev Results

Prediction time:0:00:01.986455
159	192	77
Dev P:0.484
Dev R:0.401
Dev F1:0.439

Test Results

Prediction time:0:00:03.421516
312	373	147
Test P:0.471
Test R:0.394
Test F1:0.429



Epoch:19
Training loss:1.698954802751541
Training time:0:00:21.612072

Dev Results

Prediction time:0:00:01.992199
163	192	78
Dev P:0.479
Dev R:0.406
Dev F1:0.439

Test Results

Prediction time:0:00:03.437119
319	373	151
Test P:0.473
Test R:0.405
Test F1:0.436



Epoch:20
Training loss:1.5970775270462036
Training time:0:00:20.823272

Dev Results

Prediction time:0:00:01.988863
169	192	83
Dev P:0.491
Dev R:0.432
Dev F1:0.46

Test Results

Prediction time:0:00:03.416591
340	373	159
Test P:0.468
Test R:0.426
Test F1:0.446



Epoch:21
Training loss:1.4300468936562538
Training time:0:00:21.340381

Dev Results

Prediction time:0:00:01.999631
185	192	88
Dev P:0.476
Dev R:0.458
Dev F1:0.467

Test Results

Prediction time:0:00:03.412393
368	373	162
Test P:0.44
Test R:0.434
Test F1:0.437



Epoch:22
Training loss:1.396349822282791
Training time:0:00:21.100342

Dev Results

Prediction time:0:00:01.996684
169	192	87
Dev P:0.515
Dev R:0.453
Dev F1:0.482

Test Results

Prediction time:0:00:03.431619
330	373	158
Test P:0.479
Test R:0.424
Test F1:0.45



Epoch:23
Training loss:1.4809686660766601
Training time:0:00:21.153298

Dev Results

Prediction time:0:00:01.986270
178	192	95
Dev P:0.534
Dev R:0.495
Dev F1:0.514

Test Results

Prediction time:0:00:03.409038
353	373	170
Test P:0.482
Test R:0.456
Test F1:0.468
model saved......



Epoch:24
Training loss:1.285101259201765
Training time:0:00:21.064043

Dev Results

Prediction time:0:00:01.993895
151	192	79
Dev P:0.523
Dev R:0.411
Dev F1:0.461

Test Results

Prediction time:0:00:03.426959
311	373	157
Test P:0.505
Test R:0.421
Test F1:0.459



Epoch:25
Training loss:1.2241709899902344
Training time:0:00:20.770689

Dev Results

Prediction time:0:00:01.996730
181	192	93
Dev P:0.514
Dev R:0.484
Dev F1:0.499

Test Results

Prediction time:0:00:03.432507
356	373	170
Test P:0.478
Test R:0.456
Test F1:0.466



Epoch:26
Training loss:1.2998668205738069
Training time:0:00:21.050305

Dev Results

Prediction time:0:00:01.995340
169	192	90
Dev P:0.533
Dev R:0.469
Dev F1:0.499

Test Results

Prediction time:0:00:03.429385
326	373	160
Test P:0.491
Test R:0.429
Test F1:0.458



Epoch:27
Training loss:1.382588791847229
Training time:0:00:21.270869

Dev Results

Prediction time:0:00:01.994872
151	192	83
Dev P:0.55
Dev R:0.432
Dev F1:0.484

Test Results

Prediction time:0:00:03.427246
306	373	153
Test P:0.5
Test R:0.41
Test F1:0.451



Epoch:28
Training loss:1.4260259234905244
Training time:0:00:21.610971

Dev Results

Prediction time:0:00:01.995178
173	192	92
Dev P:0.532
Dev R:0.479
Dev F1:0.504

Test Results

Prediction time:0:00:03.421076
343	373	159
Test P:0.464
Test R:0.426
Test F1:0.444



Epoch:29
Training loss:1.1586949418485164
Training time:0:00:21.435566

Dev Results

Prediction time:0:00:01.978528
153	192	82
Dev P:0.536
Dev R:0.427
Dev F1:0.475

Test Results

Prediction time:0:00:03.406134
306	373	139
Test P:0.454
Test R:0.373
Test F1:0.409



Epoch:30
Training loss:1.0870284920930862
Training time:0:00:21.133663

Dev Results

Prediction time:0:00:01.988723
169	192	84
Dev P:0.497
Dev R:0.437
Dev F1:0.465

Test Results

Prediction time:0:00:03.429528
339	373	164
Test P:0.484
Test R:0.44
Test F1:0.461



*******
Best Epoch:23
Best Epoch Seed:65
Corresponding P:0.482
Corresponding R:0.456
Corresponding F1:0.468



Best Test Epoch:23
Corresponding P:0.482
Corresponding R:0.456
Corresponding F1:0.468



Re-checking the scores of entire Test data with the best saved model:
Total sentences in the test set:209
GT Triple Count:373	PRED Triple Count:353	CORRECT Triple Count:170
Test P:0.482
Test R:0.456
Test F1:0.468
Now printing the scores for various subsets of Test Data with the best saved model:
Total sentences with single triples:110
GT Triple Count:110	PRED Triple Count:135	CORRECT Triple Count:53
Test P:0.393
Test R:0.482
Test F1:0.433
Total sentences with multiple triples:99
GT Triple Count:263	PRED Triple Count:218	CORRECT Triple Count:117
Test P:0.537
Test R:0.445
Test F1:0.486
Total sentences triples with varying sentiments:21
GT Triple Count:64	PRED Triple Count:51	CORRECT Triple Count:21
Test P:0.412
Test R:0.328
Test F1:0.365
Total sentences with overlapping triples:68
GT Triple Count:191	PRED Triple Count:151	CORRECT Triple Count:81
Test P:0.536
Test R:0.424
Test F1:0.474
