['PASTE_BERT.py', '--gpu_id', '0', '--src_folder', 'opener_es/', '--trg_folder', 'opener_es/PASTE_BERT', '--bert_mode', 'gen_mul', '--gen_direct', 'af', '--l2', 'y', '--wd', '1e-5', '--use_dep_emb', 'y']
100100.5
BERT
loading data......
No. of sentences:1072
No. of lines in Target file:1072
No. of lines in POS file:1072
No. of lines in DEP file:1072
No. of sentences:158
No. of lines in Target file:158
No. of lines in POS file:158
No. of lines in DEP file:158
No. of sentences:303
No. of lines in Target file:303
No. of lines in POS file:303
No. of lines in DEP file:303
Training data size:1053
Development data size:158
Test data size:303
Building POS TAG Vocab..
Building DEP TAG Vocab..
Training started......
Batch Count: 66
Parameters size:187645535
weight factor:1
Adam (
Parameter Group 0
    amsgrad: False
    betas: (0.9, 0.999)
    eps: 1e-08
    lr: 0.001
    weight_decay: 1e-05
)
Epoch:1
Training loss:9.606794935284238
Training time:0:00:33.597601

Dev Results

Prediction time:0:00:02.946745
300	355	90
Dev P:0.3
Dev R:0.254
Dev F1:0.275

Test Results

Prediction time:0:00:06.748195
569	816	176
Test P:0.309
Test R:0.216
Test F1:0.254
model saved......



Epoch:2
Training loss:6.757425958460027
Training time:0:00:33.014365

Dev Results

Prediction time:0:00:02.969009
307	355	97
Dev P:0.316
Dev R:0.273
Dev F1:0.293

Test Results

Prediction time:0:00:06.747845
612	816	211
Test P:0.345
Test R:0.259
Test F1:0.296
model saved......



Epoch:3
Training loss:6.1267718690814394
Training time:0:00:33.638679

Dev Results

Prediction time:0:00:02.964678
348	355	113
Dev P:0.325
Dev R:0.318
Dev F1:0.321

Test Results

Prediction time:0:00:06.751950
698	816	246
Test P:0.352
Test R:0.301
Test F1:0.325
model saved......



Epoch:4
Training loss:5.503104202675097
Training time:0:00:33.302044

Dev Results

Prediction time:0:00:02.969309
317	355	121
Dev P:0.382
Dev R:0.341
Dev F1:0.36

Test Results

Prediction time:0:00:06.732697
666	816	257
Test P:0.386
Test R:0.315
Test F1:0.347
model saved......



Epoch:5
Training loss:5.1741464390899194
Training time:0:00:34.160574

Dev Results

Prediction time:0:00:02.946864
349	355	128
Dev P:0.367
Dev R:0.361
Dev F1:0.364

Test Results

Prediction time:0:00:06.703386
700	816	255
Test P:0.364
Test R:0.312
Test F1:0.336
model saved......



Epoch:6
Training loss:4.852323268399094
Training time:0:00:33.324994

Dev Results

Prediction time:0:00:02.961608
327	355	129
Dev P:0.394
Dev R:0.363
Dev F1:0.378

Test Results

Prediction time:0:00:06.757544
692	816	262
Test P:0.379
Test R:0.321
Test F1:0.347
model saved......



Epoch:7
Training loss:4.464462605389682
Training time:0:00:33.653878

Dev Results

Prediction time:0:00:02.965149
375	355	147
Dev P:0.392
Dev R:0.414
Dev F1:0.403

Test Results

Prediction time:0:00:06.765896
786	816	300
Test P:0.382
Test R:0.368
Test F1:0.375
model saved......



Epoch:8
Training loss:4.275709556810783
Training time:0:00:32.964929

Dev Results

Prediction time:0:00:02.988106
277	355	118
Dev P:0.426
Dev R:0.332
Dev F1:0.373

Test Results

Prediction time:0:00:06.785162
577	816	268
Test P:0.464
Test R:0.328
Test F1:0.385



Epoch:9
Training loss:3.924746957692233
Training time:0:00:33.455190

Dev Results

Prediction time:0:00:02.956957
325	355	141
Dev P:0.434
Dev R:0.397
Dev F1:0.415

Test Results

Prediction time:0:00:06.725342
695	816	280
Test P:0.403
Test R:0.343
Test F1:0.371
model saved......



Epoch:10
Training loss:3.7203475634256997
Training time:0:00:33.982386

Dev Results

Prediction time:0:00:02.965734
370	355	148
Dev P:0.4
Dev R:0.417
Dev F1:0.408

Test Results

Prediction time:0:00:06.729583
771	816	297
Test P:0.385
Test R:0.364
Test F1:0.374



Epoch:11
Training loss:3.373592156352419
Training time:0:00:32.635626

Dev Results

Prediction time:0:00:02.980477
361	355	145
Dev P:0.402
Dev R:0.408
Dev F1:0.405

Test Results

Prediction time:0:00:06.762423
765	816	303
Test P:0.396
Test R:0.371
Test F1:0.383



Epoch:12
Training loss:3.211269853693066
Training time:0:00:33.237501

Dev Results

Prediction time:0:00:02.958296
341	355	135
Dev P:0.396
Dev R:0.38
Dev F1:0.388

Test Results

Prediction time:0:00:06.725902
734	816	291
Test P:0.396
Test R:0.357
Test F1:0.375



Epoch:13
Training loss:3.1436919064232796
Training time:0:00:32.433536

Dev Results

Prediction time:0:00:02.959264
387	355	147
Dev P:0.38
Dev R:0.414
Dev F1:0.396

Test Results

Prediction time:0:00:06.735982
800	816	303
Test P:0.379
Test R:0.371
Test F1:0.375



Epoch:14
Training loss:2.98919060013511
Training time:0:00:33.186037

Dev Results

Prediction time:0:00:02.950635
308	355	147
Dev P:0.477
Dev R:0.414
Dev F1:0.443

Test Results

Prediction time:0:00:06.725945
662	816	281
Test P:0.424
Test R:0.344
Test F1:0.38
model saved......



Epoch:15
Training loss:2.8761990359335234
Training time:0:00:33.117789

Dev Results

Prediction time:0:00:02.967612
321	355	144
Dev P:0.449
Dev R:0.406
Dev F1:0.426

Test Results

Prediction time:0:00:06.749219
709	816	303
Test P:0.427
Test R:0.371
Test F1:0.397



Epoch:16
Training loss:2.778371962634
Training time:0:00:32.751124

Dev Results

Prediction time:0:00:02.957274
303	355	135
Dev P:0.446
Dev R:0.38
Dev F1:0.41

Test Results

Prediction time:0:00:06.751092
646	816	272
Test P:0.421
Test R:0.333
Test F1:0.372



Epoch:17
Training loss:2.478606155424407
Training time:0:00:32.646459

Dev Results

Prediction time:0:00:02.968487
341	355	140
Dev P:0.411
Dev R:0.394
Dev F1:0.402

Test Results

Prediction time:0:00:06.786420
736	816	293
Test P:0.398
Test R:0.359
Test F1:0.378



Epoch:18
Training loss:2.396269709774942
Training time:0:00:33.715952

Dev Results

Prediction time:0:00:02.970966
353	355	161
Dev P:0.456
Dev R:0.454
Dev F1:0.455

Test Results

Prediction time:0:00:06.756303
734	816	314
Test P:0.428
Test R:0.385
Test F1:0.405
model saved......



Epoch:19
Training loss:2.299983920473041
Training time:0:00:33.109940

Dev Results

Prediction time:0:00:02.968041
318	355	142
Dev P:0.447
Dev R:0.4
Dev F1:0.422

Test Results

Prediction time:0:00:06.769938
678	816	295
Test P:0.435
Test R:0.362
Test F1:0.395



Epoch:20
Training loss:2.1448313467430347
Training time:0:00:32.854050

Dev Results

Prediction time:0:00:02.980173
361	355	148
Dev P:0.41
Dev R:0.417
Dev F1:0.413

Test Results

Prediction time:0:00:06.773909
769	816	302
Test P:0.393
Test R:0.37
Test F1:0.381



Epoch:21
Training loss:2.2246333848346365
Training time:0:00:33.108593

Dev Results

Prediction time:0:00:02.948068
325	355	145
Dev P:0.446
Dev R:0.408
Dev F1:0.426

Test Results

Prediction time:0:00:06.730144
708	816	303
Test P:0.428
Test R:0.371
Test F1:0.398



Epoch:22
Training loss:2.023614727186434
Training time:0:00:33.389581

Dev Results

Prediction time:0:00:02.987571
317	355	136
Dev P:0.429
Dev R:0.383
Dev F1:0.405

Test Results

Prediction time:0:00:06.788189
670	816	291
Test P:0.434
Test R:0.357
Test F1:0.392



Epoch:23
Training loss:2.0237450762228533
Training time:0:00:32.976438

Dev Results

Prediction time:0:00:02.956732
303	355	152
Dev P:0.502
Dev R:0.428
Dev F1:0.462

Test Results

Prediction time:0:00:06.746021
658	816	295
Test P:0.448
Test R:0.362
Test F1:0.4
model saved......



Epoch:24
Training loss:1.787378666075793
Training time:0:00:33.382076

Dev Results

Prediction time:0:00:02.965666
347	355	147
Dev P:0.424
Dev R:0.414
Dev F1:0.419

Test Results

Prediction time:0:00:06.742239
758	816	305
Test P:0.402
Test R:0.374
Test F1:0.388



Epoch:25
Training loss:1.7932161580432544
Training time:0:00:33.385697

Dev Results

Prediction time:0:00:02.983124
324	355	151
Dev P:0.466
Dev R:0.425
Dev F1:0.445

Test Results

Prediction time:0:00:06.773032
708	816	306
Test P:0.432
Test R:0.375
Test F1:0.402



Epoch:26
Training loss:1.7197672580227708
Training time:0:00:33.499666

Dev Results

Prediction time:0:00:02.960450
342	355	149
Dev P:0.436
Dev R:0.42
Dev F1:0.428

Test Results

Prediction time:0:00:06.741853
751	816	309
Test P:0.411
Test R:0.379
Test F1:0.394



Epoch:27
Training loss:1.7344415494889924
Training time:0:00:33.592276

Dev Results

Prediction time:0:00:02.977421
358	355	151
Dev P:0.422
Dev R:0.425
Dev F1:0.424

Test Results

Prediction time:0:00:06.785381
754	816	305
Test P:0.405
Test R:0.374
Test F1:0.389



Epoch:28
Training loss:1.7425955272082128
Training time:0:00:33.658294

Dev Results

Prediction time:0:00:02.969450
347	355	151
Dev P:0.435
Dev R:0.425
Dev F1:0.43

Test Results

Prediction time:0:00:06.793697
743	816	313
Test P:0.421
Test R:0.384
Test F1:0.402



Epoch:29
Training loss:1.7353554891817498
Training time:0:00:32.683745

Dev Results

Prediction time:0:00:02.975063
332	355	136
Dev P:0.41
Dev R:0.383
Dev F1:0.396

Test Results

Prediction time:0:00:06.778126
714	816	308
Test P:0.431
Test R:0.377
Test F1:0.403



Epoch:30
Training loss:1.6354993238593594
Training time:0:00:33.469798

Dev Results

Prediction time:0:00:02.978506
346	355	150
Dev P:0.434
Dev R:0.423
Dev F1:0.428

Test Results

Prediction time:0:00:06.780384
739	816	310
Test P:0.419
Test R:0.38
Test F1:0.399



*******
Best Epoch:23
Best Epoch Seed:65
Corresponding P:0.448
Corresponding R:0.362
Corresponding F1:0.4



Best Test Epoch:18
Corresponding P:0.428
Corresponding R:0.385
Corresponding F1:0.405



Re-checking the scores of entire Test data with the best saved model:
Total sentences in the test set:303
GT Triple Count:816	PRED Triple Count:658	CORRECT Triple Count:295
Test P:0.448
Test R:0.362
Test F1:0.4
Now printing the scores for various subsets of Test Data with the best saved model:
Total sentences with single triples:123
GT Triple Count:123	PRED Triple Count:141	CORRECT Triple Count:77
Test P:0.546
Test R:0.626
Test F1:0.583
Total sentences with multiple triples:180
GT Triple Count:693	PRED Triple Count:517	CORRECT Triple Count:218
Test P:0.422
Test R:0.315
Test F1:0.36
Total sentences triples with varying sentiments:44
GT Triple Count:197	PRED Triple Count:131	CORRECT Triple Count:46
Test P:0.351
Test R:0.234
Test F1:0.28
Total sentences with overlapping triples:130
GT Triple Count:567	PRED Triple Count:407	CORRECT Triple Count:168
Test P:0.413
Test R:0.296
Test F1:0.345
