['PASTE_BERT.py', '--gpu_id', '0', '--src_folder', 'darmstadt_unis/', '--trg_folder', 'darmstadt_unis/PASTE_BERT', '--bert_mode', 'gen', '--gen_direct', 'of', '--l2', 'y']
100100.5
BERT
loading data......
No. of sentences:369
No. of lines in Target file:369
No. of lines in POS file:369
No. of lines in DEP file:369
No. of sentences:44
No. of lines in Target file:44
No. of lines in POS file:44
No. of lines in DEP file:44
No. of sentences:59
No. of lines in Target file:59
No. of lines in POS file:59
No. of lines in DEP file:59
Training data size:369
Development data size:44
Test data size:59
Building POS TAG Vocab..
Building DEP TAG Vocab..
Training started......
Batch Count: 23
Parameters size:127959659
weight factor:1
Adam (
Parameter Group 0
    amsgrad: False
    betas: (0.9, 0.999)
    eps: 1e-08
    lr: 0.001
    weight_decay: 0.0001
)
Epoch:1
Training loss:10.12645437406457
Training time:0:00:06.792397

Dev Results

Prediction time:0:00:00.537751
44	48	2
Dev P:0.045
Dev R:0.042
Dev F1:0.043

Test Results

Prediction time:0:00:00.958623
59	73	5
Test P:0.085
Test R:0.068
Test F1:0.076
model saved......



Epoch:2
Training loss:6.420851583066194
Training time:0:00:06.793603

Dev Results

Prediction time:0:00:00.533037
44	48	7
Dev P:0.159
Dev R:0.146
Dev F1:0.152

Test Results

Prediction time:0:00:00.946191
60	73	12
Test P:0.2
Test R:0.164
Test F1:0.18
model saved......



Epoch:3
Training loss:5.352542203405629
Training time:0:00:06.636010

Dev Results

Prediction time:0:00:00.536359
44	48	8
Dev P:0.182
Dev R:0.167
Dev F1:0.174

Test Results

Prediction time:0:00:00.955749
59	73	12
Test P:0.203
Test R:0.164
Test F1:0.182
model saved......



Epoch:4
Training loss:4.750855404397716
Training time:0:00:06.736968

Dev Results

Prediction time:0:00:00.546989
44	48	13
Dev P:0.295
Dev R:0.271
Dev F1:0.283

Test Results

Prediction time:0:00:00.961454
62	73	14
Test P:0.226
Test R:0.192
Test F1:0.207
model saved......



Epoch:5
Training loss:4.144288508788399
Training time:0:00:06.900719

Dev Results

Prediction time:0:00:00.545310
45	48	12
Dev P:0.267
Dev R:0.25
Dev F1:0.258

Test Results

Prediction time:0:00:00.968628
60	73	18
Test P:0.3
Test R:0.247
Test F1:0.271



Epoch:6
Training loss:3.4871201722518257
Training time:0:00:06.808553

Dev Results

Prediction time:0:00:00.546572
45	48	13
Dev P:0.289
Dev R:0.271
Dev F1:0.28

Test Results

Prediction time:0:00:00.971510
61	73	22
Test P:0.361
Test R:0.301
Test F1:0.328



Epoch:7
Training loss:2.990817023360211
Training time:0:00:06.802076

Dev Results

Prediction time:0:00:00.541629
48	48	12
Dev P:0.25
Dev R:0.25
Dev F1:0.25

Test Results

Prediction time:0:00:00.963920
65	73	19
Test P:0.292
Test R:0.26
Test F1:0.275



Epoch:8
Training loss:2.4889831750289253
Training time:0:00:06.549807

Dev Results

Prediction time:0:00:00.540234
46	48	8
Dev P:0.174
Dev R:0.167
Dev F1:0.17

Test Results

Prediction time:0:00:00.960060
62	73	17
Test P:0.274
Test R:0.233
Test F1:0.252



Epoch:9
Training loss:2.115927069083504
Training time:0:00:07.085104

Dev Results

Prediction time:0:00:00.547989
48	48	10
Dev P:0.208
Dev R:0.208
Dev F1:0.208

Test Results

Prediction time:0:00:00.964892
65	73	20
Test P:0.308
Test R:0.274
Test F1:0.29



Epoch:10
Training loss:1.8141216039657593
Training time:0:00:06.644603

Dev Results

Prediction time:0:00:00.545785
46	48	9
Dev P:0.196
Dev R:0.187
Dev F1:0.191

Test Results

Prediction time:0:00:00.974353
60	73	18
Test P:0.3
Test R:0.247
Test F1:0.271



Epoch:11
Training loss:1.5063794022021086
Training time:0:00:07.016249

Dev Results

Prediction time:0:00:00.548916
47	48	9
Dev P:0.191
Dev R:0.187
Dev F1:0.189

Test Results

Prediction time:0:00:00.975616
64	73	20
Test P:0.312
Test R:0.274
Test F1:0.292



Epoch:12
Training loss:1.3922078713126804
Training time:0:00:07.105655

Dev Results

Prediction time:0:00:00.549674
45	48	5
Dev P:0.111
Dev R:0.104
Dev F1:0.108

Test Results

Prediction time:0:00:00.972608
64	73	19
Test P:0.297
Test R:0.26
Test F1:0.277



Epoch:13
Training loss:1.237032351286515
Training time:0:00:06.952642

Dev Results

Prediction time:0:00:00.545484
46	48	11
Dev P:0.239
Dev R:0.229
Dev F1:0.234

Test Results

Prediction time:0:00:00.966710
64	73	20
Test P:0.312
Test R:0.274
Test F1:0.292



Epoch:14
Training loss:1.0159585786902385
Training time:0:00:07.001253

Dev Results

Prediction time:0:00:00.543829
54	48	6
Dev P:0.111
Dev R:0.125
Dev F1:0.118

Test Results

Prediction time:0:00:00.968657
65	73	23
Test P:0.354
Test R:0.315
Test F1:0.333



Epoch:15
Training loss:0.9349022391049758
Training time:0:00:06.898027

Dev Results

Prediction time:0:00:00.548465
44	48	8
Dev P:0.182
Dev R:0.167
Dev F1:0.174

Test Results

Prediction time:0:00:00.964788
60	73	18
Test P:0.3
Test R:0.247
Test F1:0.271



Epoch:16
Training loss:0.9469668295072473
Training time:0:00:07.041149

Dev Results

Prediction time:0:00:00.550667
45	48	7
Dev P:0.156
Dev R:0.146
Dev F1:0.151

Test Results

Prediction time:0:00:00.972917
62	73	21
Test P:0.339
Test R:0.288
Test F1:0.311



Epoch:17
Training loss:0.7784538463405941
Training time:0:00:06.965957

Dev Results

Prediction time:0:00:00.553248
46	48	10
Dev P:0.217
Dev R:0.208
Dev F1:0.213

Test Results

Prediction time:0:00:00.966799
62	73	19
Test P:0.306
Test R:0.26
Test F1:0.281



Epoch:18
Training loss:0.7914717314035996
Training time:0:00:06.884270

Dev Results

Prediction time:0:00:00.548251
49	48	8
Dev P:0.163
Dev R:0.167
Dev F1:0.165

Test Results

Prediction time:0:00:00.965656
66	73	19
Test P:0.288
Test R:0.26
Test F1:0.273



Epoch:19
Training loss:0.7306386219418567
Training time:0:00:07.039319

Dev Results

Prediction time:0:00:00.543877
46	48	12
Dev P:0.261
Dev R:0.25
Dev F1:0.255

Test Results

Prediction time:0:00:00.965174
60	73	19
Test P:0.317
Test R:0.26
Test F1:0.286



Epoch:20
Training loss:0.650605299550554
Training time:0:00:06.782318

Dev Results

Prediction time:0:00:00.556846
45	48	9
Dev P:0.2
Dev R:0.187
Dev F1:0.194

Test Results

Prediction time:0:00:00.983454
62	73	18
Test P:0.29
Test R:0.247
Test F1:0.267



Epoch:21
Training loss:0.5808550184187682
Training time:0:00:06.750414

Dev Results

Prediction time:0:00:00.553361
52	48	13
Dev P:0.25
Dev R:0.271
Dev F1:0.26

Test Results

Prediction time:0:00:00.977662
67	73	23
Test P:0.343
Test R:0.315
Test F1:0.329



Epoch:22
Training loss:0.6559722650310268
Training time:0:00:07.003354

Dev Results

Prediction time:0:00:00.549255
54	48	9
Dev P:0.167
Dev R:0.187
Dev F1:0.176

Test Results

Prediction time:0:00:00.960716
66	73	18
Test P:0.273
Test R:0.247
Test F1:0.259



Epoch:23
Training loss:0.5184856782788816
Training time:0:00:06.878329

Dev Results

Prediction time:0:00:00.541808
46	48	9
Dev P:0.196
Dev R:0.187
Dev F1:0.191

Test Results

Prediction time:0:00:00.963758
61	73	17
Test P:0.279
Test R:0.233
Test F1:0.254



Epoch:24
Training loss:0.5489448801330898
Training time:0:00:06.824124

Dev Results

Prediction time:0:00:00.540616
48	48	10
Dev P:0.208
Dev R:0.208
Dev F1:0.208

Test Results

Prediction time:0:00:00.964669
64	73	17
Test P:0.266
Test R:0.233
Test F1:0.248



Epoch:25
Training loss:0.43185638733532117
Training time:0:00:06.702366

Dev Results

Prediction time:0:00:00.543798
49	48	10
Dev P:0.204
Dev R:0.208
Dev F1:0.206

Test Results

Prediction time:0:00:00.967536
64	73	19
Test P:0.297
Test R:0.26
Test F1:0.277



Epoch:26
Training loss:0.4236854619306067
Training time:0:00:06.756721

Dev Results

Prediction time:0:00:00.549326
54	48	12
Dev P:0.222
Dev R:0.25
Dev F1:0.235

Test Results

Prediction time:0:00:00.974122
69	73	23
Test P:0.333
Test R:0.315
Test F1:0.324



Epoch:27
Training loss:0.6877233891383462
Training time:0:00:06.831470

Dev Results

Prediction time:0:00:00.548388
50	48	13
Dev P:0.26
Dev R:0.271
Dev F1:0.265

Test Results

Prediction time:0:00:00.968890
65	73	19
Test P:0.292
Test R:0.26
Test F1:0.275



Epoch:28
Training loss:0.6429243677336237
Training time:0:00:06.462379

Dev Results

Prediction time:0:00:00.548541
51	48	12
Dev P:0.235
Dev R:0.25
Dev F1:0.242

Test Results

Prediction time:0:00:00.976005
65	73	20
Test P:0.308
Test R:0.274
Test F1:0.29



Epoch:29
Training loss:0.5193055997724119
Training time:0:00:06.878549

Dev Results

Prediction time:0:00:00.555668
45	48	11
Dev P:0.244
Dev R:0.229
Dev F1:0.237

Test Results

Prediction time:0:00:00.981415
61	73	18
Test P:0.295
Test R:0.247
Test F1:0.269



Epoch:30
Training loss:0.4388533163329829
Training time:0:00:07.070110

Dev Results

Prediction time:0:00:00.550862
47	48	11
Dev P:0.234
Dev R:0.229
Dev F1:0.232

Test Results

Prediction time:0:00:00.969819
63	73	18
Test P:0.286
Test R:0.247
Test F1:0.265



*******
Best Epoch:4
Best Epoch Seed:46
Corresponding P:0.226
Corresponding R:0.192
Corresponding F1:0.207



Best Test Epoch:14
Corresponding P:0.354
Corresponding R:0.315
Corresponding F1:0.333



Re-checking the scores of entire Test data with the best saved model:
Total sentences in the test set:59
GT Triple Count:73	PRED Triple Count:62	CORRECT Triple Count:14
Test P:0.226
Test R:0.192
Test F1:0.207
Now printing the scores for various subsets of Test Data with the best saved model:
Total sentences with single triples:48
GT Triple Count:48	PRED Triple Count:50	CORRECT Triple Count:11
Test P:0.22
Test R:0.229
Test F1:0.224
Total sentences with multiple triples:11
GT Triple Count:25	PRED Triple Count:12	CORRECT Triple Count:3
Test P:0.25
Test R:0.12
Test F1:0.162
Total sentences triples with varying sentiments:4
GT Triple Count:9	PRED Triple Count:4	CORRECT Triple Count:1
Test P:0.25
Test R:0.111
Test F1:0.154
Total sentences with overlapping triples:7
GT Triple Count:16	PRED Triple Count:8	CORRECT Triple Count:2
Test P:0.25
Test R:0.125
Test F1:0.167
