['PASTE_BERT.py', '--gpu_id', '0', '--src_folder', 'multibooked_ca/', '--trg_folder', 'multibooked_ca/PASTE_BERT', '--bert_mode', 'gen_mul', '--gen_direct', 'af', '--l2', 'y', '--use_pos_tags', 'y']
100100.5
BERT
loading data......
No. of sentences:792
No. of lines in Target file:792
No. of lines in POS file:792
No. of lines in DEP file:792
No. of sentences:111
No. of lines in Target file:111
No. of lines in POS file:111
No. of lines in DEP file:111
No. of sentences:209
No. of lines in Target file:209
No. of lines in POS file:209
No. of lines in DEP file:209
Training data size:786
Development data size:111
Test data size:209
Building POS TAG Vocab..
Building DEP TAG Vocab..
Training started......
Batch Count: 50
Parameters size:187645785
weight factor:1
Adam (
Parameter Group 0
    amsgrad: False
    betas: (0.9, 0.999)
    eps: 1e-08
    lr: 0.001
    weight_decay: 0.0001
)
Epoch:1
Training loss:9.15244354248047
Training time:0:00:20.734186

Dev Results

Prediction time:0:00:01.993076
137	192	36
Dev P:0.263
Dev R:0.187
Dev F1:0.219

Test Results

Prediction time:0:00:03.381254
259	373	64
Test P:0.247
Test R:0.172
Test F1:0.203
model saved......



Epoch:2
Training loss:6.165070776939392
Training time:0:00:20.270592

Dev Results

Prediction time:0:00:01.996205
146	192	50
Dev P:0.342
Dev R:0.26
Dev F1:0.296

Test Results

Prediction time:0:00:03.423952
305	373	98
Test P:0.321
Test R:0.263
Test F1:0.289
model saved......



Epoch:3
Training loss:5.28238187789917
Training time:0:00:21.291727

Dev Results

Prediction time:0:00:01.992483
179	192	73
Dev P:0.408
Dev R:0.38
Dev F1:0.394

Test Results

Prediction time:0:00:03.433401
358	373	118
Test P:0.33
Test R:0.316
Test F1:0.323
model saved......



Epoch:4
Training loss:4.734944424629211
Training time:0:00:21.113145

Dev Results

Prediction time:0:00:02.010105
160	192	59
Dev P:0.369
Dev R:0.307
Dev F1:0.335

Test Results

Prediction time:0:00:03.469969
310	373	118
Test P:0.381
Test R:0.316
Test F1:0.346



Epoch:5
Training loss:4.4089368629455565
Training time:0:00:21.521123

Dev Results

Prediction time:0:00:02.010670
164	192	71
Dev P:0.433
Dev R:0.37
Dev F1:0.399

Test Results

Prediction time:0:00:03.446990
331	373	131
Test P:0.396
Test R:0.351
Test F1:0.372
model saved......



Epoch:6
Training loss:4.174045476913452
Training time:0:00:21.107092

Dev Results

Prediction time:0:00:02.015156
149	192	68
Dev P:0.456
Dev R:0.354
Dev F1:0.399

Test Results

Prediction time:0:00:03.466200
297	373	119
Test P:0.401
Test R:0.319
Test F1:0.355
model saved......



Epoch:7
Training loss:3.762663655281067
Training time:0:00:21.331582

Dev Results

Prediction time:0:00:02.010968
154	192	73
Dev P:0.474
Dev R:0.38
Dev F1:0.422

Test Results

Prediction time:0:00:03.476852
315	373	136
Test P:0.432
Test R:0.365
Test F1:0.395
model saved......



Epoch:8
Training loss:3.5731862068176268
Training time:0:00:21.276996

Dev Results

Prediction time:0:00:02.024308
156	192	67
Dev P:0.429
Dev R:0.349
Dev F1:0.385

Test Results

Prediction time:0:00:03.485994
326	373	140
Test P:0.429
Test R:0.375
Test F1:0.401



Epoch:9
Training loss:3.200929908752441
Training time:0:00:21.489810

Dev Results

Prediction time:0:00:02.006172
142	192	68
Dev P:0.479
Dev R:0.354
Dev F1:0.407

Test Results

Prediction time:0:00:03.455317
288	373	118
Test P:0.41
Test R:0.316
Test F1:0.357



Epoch:10
Training loss:2.961050844192505
Training time:0:00:21.341021

Dev Results

Prediction time:0:00:02.025679
179	192	81
Dev P:0.453
Dev R:0.422
Dev F1:0.437

Test Results

Prediction time:0:00:03.487730
368	373	156
Test P:0.424
Test R:0.418
Test F1:0.421
model saved......



Epoch:11
Training loss:2.7240194416046144
Training time:0:00:21.341119

Dev Results

Prediction time:0:00:02.032113
196	192	81
Dev P:0.413
Dev R:0.422
Dev F1:0.418

Test Results

Prediction time:0:00:03.507967
387	373	159
Test P:0.411
Test R:0.426
Test F1:0.418



Epoch:12
Training loss:2.6895120406150816
Training time:0:00:21.224113

Dev Results

Prediction time:0:00:02.022869
176	192	86
Dev P:0.489
Dev R:0.448
Dev F1:0.467

Test Results

Prediction time:0:00:03.463364
355	373	151
Test P:0.425
Test R:0.405
Test F1:0.415
model saved......



Epoch:13
Training loss:2.4656590247154235
Training time:0:00:22.054004

Dev Results

Prediction time:0:00:02.024307
162	192	76
Dev P:0.469
Dev R:0.396
Dev F1:0.429

Test Results

Prediction time:0:00:03.476442
333	373	142
Test P:0.426
Test R:0.381
Test F1:0.402



Epoch:14
Training loss:2.274351751804352
Training time:0:00:21.110676

Dev Results

Prediction time:0:00:02.028522
170	192	88
Dev P:0.518
Dev R:0.458
Dev F1:0.486

Test Results

Prediction time:0:00:03.500780
335	373	154
Test P:0.46
Test R:0.413
Test F1:0.435
model saved......



Epoch:15
Training loss:2.159771544933319
Training time:0:00:21.555466

Dev Results

Prediction time:0:00:02.032036
147	192	81
Dev P:0.551
Dev R:0.422
Dev F1:0.478

Test Results

Prediction time:0:00:03.494233
306	373	147
Test P:0.48
Test R:0.394
Test F1:0.433



Epoch:16
Training loss:2.188950058221817
Training time:0:00:21.635621

Dev Results

Prediction time:0:00:02.036715
181	192	81
Dev P:0.448
Dev R:0.422
Dev F1:0.434

Test Results

Prediction time:0:00:03.497050
342	373	158
Test P:0.462
Test R:0.424
Test F1:0.442



Epoch:17
Training loss:1.9723894476890564
Training time:0:00:21.043595

Dev Results

Prediction time:0:00:02.022132
177	192	85
Dev P:0.48
Dev R:0.443
Dev F1:0.461

Test Results

Prediction time:0:00:03.479495
351	373	159
Test P:0.453
Test R:0.426
Test F1:0.439



Epoch:18
Training loss:1.8278374993801116
Training time:0:00:21.603650

Dev Results

Prediction time:0:00:02.049584
170	192	87
Dev P:0.512
Dev R:0.453
Dev F1:0.481

Test Results

Prediction time:0:00:03.522257
340	373	154
Test P:0.453
Test R:0.413
Test F1:0.432



Epoch:19
Training loss:1.6914469546079636
Training time:0:00:22.499704

Dev Results

Prediction time:0:00:02.048731
163	192	83
Dev P:0.509
Dev R:0.432
Dev F1:0.468

Test Results

Prediction time:0:00:03.497758
324	373	145
Test P:0.448
Test R:0.389
Test F1:0.416



Epoch:20
Training loss:1.7096121633052825
Training time:0:00:21.180823

Dev Results

Prediction time:0:00:02.023949
159	192	86
Dev P:0.541
Dev R:0.448
Dev F1:0.49

Test Results

Prediction time:0:00:03.498860
330	373	139
Test P:0.421
Test R:0.373
Test F1:0.395
model saved......



Epoch:21
Training loss:1.6167739427089691
Training time:0:00:21.587291

Dev Results

Prediction time:0:00:02.033869
163	192	85
Dev P:0.521
Dev R:0.443
Dev F1:0.479

Test Results

Prediction time:0:00:03.512651
322	373	145
Test P:0.45
Test R:0.389
Test F1:0.417



Epoch:22
Training loss:1.5317212331295014
Training time:0:00:21.244318

Dev Results

Prediction time:0:00:02.026827
189	192	92
Dev P:0.487
Dev R:0.479
Dev F1:0.483

Test Results

Prediction time:0:00:03.509201
400	373	169
Test P:0.422
Test R:0.453
Test F1:0.437



Epoch:23
Training loss:1.5285067880153655
Training time:0:00:21.310560

Dev Results

Prediction time:0:00:02.020940
150	192	77
Dev P:0.513
Dev R:0.401
Dev F1:0.45

Test Results

Prediction time:0:00:03.496519
300	373	148
Test P:0.493
Test R:0.397
Test F1:0.44



Epoch:24
Training loss:1.3690682142972945
Training time:0:00:21.538901

Dev Results

Prediction time:0:00:02.035771
146	192	82
Dev P:0.562
Dev R:0.427
Dev F1:0.485

Test Results

Prediction time:0:00:03.504765
312	373	144
Test P:0.462
Test R:0.386
Test F1:0.42



Epoch:25
Training loss:1.4969935914874077
Training time:0:00:20.910210

Dev Results

Prediction time:0:00:02.022797
164	192	88
Dev P:0.537
Dev R:0.458
Dev F1:0.494

Test Results

Prediction time:0:00:03.487853
323	373	159
Test P:0.492
Test R:0.426
Test F1:0.457
model saved......



Epoch:26
Training loss:1.3330096250772476
Training time:0:00:21.352067

Dev Results

Prediction time:0:00:02.025975
173	192	90
Dev P:0.52
Dev R:0.469
Dev F1:0.493

Test Results

Prediction time:0:00:03.491772
350	373	165
Test P:0.471
Test R:0.442
Test F1:0.456



Epoch:27
Training loss:1.440055011510849
Training time:0:00:21.590120

Dev Results

Prediction time:0:00:02.026892
136	192	76
Dev P:0.559
Dev R:0.396
Dev F1:0.463

Test Results

Prediction time:0:00:03.490995
282	373	134
Test P:0.475
Test R:0.359
Test F1:0.409



Epoch:28
Training loss:1.3813363409042358
Training time:0:00:21.412658

Dev Results

Prediction time:0:00:02.040015
171	192	87
Dev P:0.509
Dev R:0.453
Dev F1:0.479

Test Results

Prediction time:0:00:03.513238
347	373	159
Test P:0.458
Test R:0.426
Test F1:0.442



Epoch:29
Training loss:1.175994223356247
Training time:0:00:21.643570

Dev Results

Prediction time:0:00:02.022648
168	192	92
Dev P:0.548
Dev R:0.479
Dev F1:0.511

Test Results

Prediction time:0:00:03.482199
344	373	173
Test P:0.503
Test R:0.464
Test F1:0.483
model saved......



Epoch:30
Training loss:1.2043965393304825
Training time:0:00:21.445536

Dev Results

Prediction time:0:00:02.031010
173	192	87
Dev P:0.503
Dev R:0.453
Dev F1:0.477

Test Results

Prediction time:0:00:03.510634
365	373	176
Test P:0.482
Test R:0.472
Test F1:0.477



*******
Best Epoch:29
Best Epoch Seed:71
Corresponding P:0.503
Corresponding R:0.464
Corresponding F1:0.483



Best Test Epoch:29
Corresponding P:0.503
Corresponding R:0.464
Corresponding F1:0.483



Re-checking the scores of entire Test data with the best saved model:
Total sentences in the test set:209
GT Triple Count:373	PRED Triple Count:344	CORRECT Triple Count:173
Test P:0.503
Test R:0.464
Test F1:0.483
Now printing the scores for various subsets of Test Data with the best saved model:
Total sentences with single triples:110
GT Triple Count:110	PRED Triple Count:124	CORRECT Triple Count:56
Test P:0.452
Test R:0.509
Test F1:0.479
Total sentences with multiple triples:99
GT Triple Count:263	PRED Triple Count:220	CORRECT Triple Count:117
Test P:0.532
Test R:0.445
Test F1:0.484
Total sentences triples with varying sentiments:21
GT Triple Count:64	PRED Triple Count:50	CORRECT Triple Count:16
Test P:0.32
Test R:0.25
Test F1:0.281
Total sentences with overlapping triples:68
GT Triple Count:191	PRED Triple Count:155	CORRECT Triple Count:80
Test P:0.516
Test R:0.419
Test F1:0.462
