['PASTE_BERT.py', '--gpu_id', '0', '--src_folder', 'multibooked_ca/', '--trg_folder', 'multibooked_ca/PASTE_BERT', '--bert_mode', 'gen_mul', '--gen_direct', 'of', '--l2', 'y', '--use_pos_tags', 'y']
100100.5
BERT
loading data......
No. of sentences:792
No. of lines in Target file:792
No. of lines in POS file:792
No. of lines in DEP file:792
No. of sentences:111
No. of lines in Target file:111
No. of lines in POS file:111
No. of lines in DEP file:111
No. of sentences:209
No. of lines in Target file:209
No. of lines in POS file:209
No. of lines in DEP file:209
Training data size:786
Development data size:111
Test data size:209
Building POS TAG Vocab..
Building DEP TAG Vocab..
Training started......
Batch Count: 50
Parameters size:187645785
weight factor:1
Adam (
Parameter Group 0
    amsgrad: False
    betas: (0.9, 0.999)
    eps: 1e-08
    lr: 0.001
    weight_decay: 0.0001
)
Epoch:1
Training loss:9.190383834838867
Training time:0:00:21.155671

Dev Results

Prediction time:0:00:02.023622
133	192	36
Dev P:0.271
Dev R:0.187
Dev F1:0.222

Test Results

Prediction time:0:00:03.411323
254	373	70
Test P:0.276
Test R:0.188
Test F1:0.223
model saved......



Epoch:2
Training loss:6.199484400749206
Training time:0:00:20.536456

Dev Results

Prediction time:0:00:01.993500
129	192	51
Dev P:0.395
Dev R:0.266
Dev F1:0.318

Test Results

Prediction time:0:00:03.418481
265	373	94
Test P:0.355
Test R:0.252
Test F1:0.295
model saved......



Epoch:3
Training loss:5.335598382949829
Training time:0:00:21.338151

Dev Results

Prediction time:0:00:01.985961
203	192	72
Dev P:0.355
Dev R:0.375
Dev F1:0.365

Test Results

Prediction time:0:00:03.419190
391	373	133
Test P:0.34
Test R:0.357
Test F1:0.348
model saved......



Epoch:4
Training loss:4.7464614105224605
Training time:0:00:21.052807

Dev Results

Prediction time:0:00:01.981869
151	192	67
Dev P:0.444
Dev R:0.349
Dev F1:0.391

Test Results

Prediction time:0:00:03.405814
313	373	117
Test P:0.374
Test R:0.314
Test F1:0.341
model saved......



Epoch:5
Training loss:4.347139649391174
Training time:0:00:21.297705

Dev Results

Prediction time:0:00:01.985720
167	192	73
Dev P:0.437
Dev R:0.38
Dev F1:0.407

Test Results

Prediction time:0:00:03.419394
344	373	137
Test P:0.398
Test R:0.367
Test F1:0.382
model saved......



Epoch:6
Training loss:4.131780633926391
Training time:0:00:20.853611

Dev Results

Prediction time:0:00:01.997851
171	192	81
Dev P:0.474
Dev R:0.422
Dev F1:0.446

Test Results

Prediction time:0:00:03.430745
332	373	132
Test P:0.398
Test R:0.354
Test F1:0.374
model saved......



Epoch:7
Training loss:3.608825101852417
Training time:0:00:21.160999

Dev Results

Prediction time:0:00:01.996586
182	192	78
Dev P:0.429
Dev R:0.406
Dev F1:0.417

Test Results

Prediction time:0:00:03.413096
383	373	156
Test P:0.407
Test R:0.418
Test F1:0.413



Epoch:8
Training loss:3.4118035554885866
Training time:0:00:21.164813

Dev Results

Prediction time:0:00:01.990479
189	192	88
Dev P:0.466
Dev R:0.458
Dev F1:0.462

Test Results

Prediction time:0:00:03.403558
381	373	151
Test P:0.396
Test R:0.405
Test F1:0.401
model saved......



Epoch:9
Training loss:3.1842990803718565
Training time:0:00:21.456388

Dev Results

Prediction time:0:00:02.003696
181	192	77
Dev P:0.425
Dev R:0.401
Dev F1:0.413

Test Results

Prediction time:0:00:03.429589
364	373	154
Test P:0.423
Test R:0.413
Test F1:0.418



Epoch:10
Training loss:2.954068205356598
Training time:0:00:21.004874

Dev Results

Prediction time:0:00:01.988659
185	192	82
Dev P:0.443
Dev R:0.427
Dev F1:0.435

Test Results

Prediction time:0:00:03.409295
369	373	169
Test P:0.458
Test R:0.453
Test F1:0.456



Epoch:11
Training loss:2.7628449988365174
Training time:0:00:21.072471

Dev Results

Prediction time:0:00:01.991278
171	192	80
Dev P:0.468
Dev R:0.417
Dev F1:0.441

Test Results

Prediction time:0:00:03.420047
364	373	170
Test P:0.467
Test R:0.456
Test F1:0.461



Epoch:12
Training loss:2.612964539527893
Training time:0:00:21.136136

Dev Results

Prediction time:0:00:02.004782
190	192	93
Dev P:0.489
Dev R:0.484
Dev F1:0.487

Test Results

Prediction time:0:00:03.434960
384	373	157
Test P:0.409
Test R:0.421
Test F1:0.415
model saved......



Epoch:13
Training loss:2.479508738517761
Training time:0:00:21.930587

Dev Results

Prediction time:0:00:01.995272
188	192	82
Dev P:0.436
Dev R:0.427
Dev F1:0.432

Test Results

Prediction time:0:00:03.412258
355	373	160
Test P:0.451
Test R:0.429
Test F1:0.44



Epoch:14
Training loss:2.2705145716667174
Training time:0:00:20.818841

Dev Results

Prediction time:0:00:01.993725
198	192	95
Dev P:0.48
Dev R:0.495
Dev F1:0.487

Test Results

Prediction time:0:00:03.422711
414	373	172
Test P:0.415
Test R:0.461
Test F1:0.437
model saved......



Epoch:15
Training loss:2.2464572858810423
Training time:0:00:21.292428

Dev Results

Prediction time:0:00:01.990489
180	192	88
Dev P:0.489
Dev R:0.458
Dev F1:0.473

Test Results

Prediction time:0:00:03.430265
363	373	168
Test P:0.463
Test R:0.45
Test F1:0.457



Epoch:16
Training loss:2.0023573195934294
Training time:0:00:21.385312

Dev Results

Prediction time:0:00:01.999250
165	192	82
Dev P:0.497
Dev R:0.427
Dev F1:0.459

Test Results

Prediction time:0:00:03.428408
334	373	165
Test P:0.494
Test R:0.442
Test F1:0.467



Epoch:17
Training loss:1.9166154503822326
Training time:0:00:20.781519

Dev Results

Prediction time:0:00:01.992543
171	192	86
Dev P:0.503
Dev R:0.448
Dev F1:0.474

Test Results

Prediction time:0:00:03.405886
344	373	166
Test P:0.483
Test R:0.445
Test F1:0.463



Epoch:18
Training loss:1.8774076998233795
Training time:0:00:21.330419

Dev Results

Prediction time:0:00:01.984218
191	192	91
Dev P:0.476
Dev R:0.474
Dev F1:0.475

Test Results

Prediction time:0:00:03.423229
378	373	166
Test P:0.439
Test R:0.445
Test F1:0.442



Epoch:19
Training loss:1.6249421966075897
Training time:0:00:21.396723

Dev Results

Prediction time:0:00:01.999209
162	192	84
Dev P:0.519
Dev R:0.437
Dev F1:0.475

Test Results

Prediction time:0:00:03.427412
338	373	165
Test P:0.488
Test R:0.442
Test F1:0.464



Epoch:20
Training loss:1.6642447900772095
Training time:0:00:20.752467

Dev Results

Prediction time:0:00:01.986969
175	192	95
Dev P:0.543
Dev R:0.495
Dev F1:0.518

Test Results

Prediction time:0:00:03.418587
360	373	173
Test P:0.481
Test R:0.464
Test F1:0.472
model saved......



Epoch:21
Training loss:1.7012077724933625
Training time:0:00:21.284156

Dev Results

Prediction time:0:00:01.994681
185	192	93
Dev P:0.503
Dev R:0.484
Dev F1:0.493

Test Results

Prediction time:0:00:03.436889
357	373	164
Test P:0.459
Test R:0.44
Test F1:0.449



Epoch:22
Training loss:1.5444817054271698
Training time:0:00:21.154854

Dev Results

Prediction time:0:00:01.995954
201	192	96
Dev P:0.478
Dev R:0.5
Dev F1:0.489

Test Results

Prediction time:0:00:03.433219
407	373	169
Test P:0.415
Test R:0.453
Test F1:0.433



Epoch:23
Training loss:1.4886156463623046
Training time:0:00:21.013147

Dev Results

Prediction time:0:00:01.989152
164	192	88
Dev P:0.537
Dev R:0.458
Dev F1:0.494

Test Results

Prediction time:0:00:03.417032
323	373	163
Test P:0.505
Test R:0.437
Test F1:0.468



Epoch:24
Training loss:1.4750220143795014
Training time:0:00:21.101001

Dev Results

Prediction time:0:00:01.998576
177	192	91
Dev P:0.514
Dev R:0.474
Dev F1:0.493

Test Results

Prediction time:0:00:03.426326
355	373	160
Test P:0.451
Test R:0.429
Test F1:0.44



Epoch:25
Training loss:1.4517012202739716
Training time:0:00:20.566845

Dev Results

Prediction time:0:00:01.977534
174	192	89
Dev P:0.511
Dev R:0.464
Dev F1:0.486

Test Results

Prediction time:0:00:03.406930
360	373	166
Test P:0.461
Test R:0.445
Test F1:0.453



Epoch:26
Training loss:1.4130014884471893
Training time:0:00:21.053468

Dev Results

Prediction time:0:00:02.000164
165	192	93
Dev P:0.564
Dev R:0.484
Dev F1:0.521

Test Results

Prediction time:0:00:03.424509
327	373	171
Test P:0.523
Test R:0.458
Test F1:0.489
model saved......



Epoch:27
Training loss:1.2821715766191482
Training time:0:00:21.277051

Dev Results

Prediction time:0:00:01.986119
162	192	88
Dev P:0.543
Dev R:0.458
Dev F1:0.497

Test Results

Prediction time:0:00:03.412601
324	373	158
Test P:0.488
Test R:0.424
Test F1:0.453



Epoch:28
Training loss:1.2832848829030992
Training time:0:00:21.175283

Dev Results

Prediction time:0:00:01.996656
183	192	97
Dev P:0.53
Dev R:0.505
Dev F1:0.517

Test Results

Prediction time:0:00:03.420029
358	373	172
Test P:0.48
Test R:0.461
Test F1:0.471



Epoch:29
Training loss:1.302318935394287
Training time:0:00:21.328732

Dev Results

Prediction time:0:00:01.983232
164	192	94
Dev P:0.573
Dev R:0.49
Dev F1:0.528

Test Results

Prediction time:0:00:03.420387
324	373	167
Test P:0.515
Test R:0.448
Test F1:0.479
model saved......



Epoch:30
Training loss:1.165328417569399
Training time:0:00:21.075551

Dev Results

Prediction time:0:00:01.996751
186	192	91
Dev P:0.489
Dev R:0.474
Dev F1:0.481

Test Results

Prediction time:0:00:03.430572
381	373	172
Test P:0.451
Test R:0.461
Test F1:0.456



*******
Best Epoch:29
Best Epoch Seed:71
Corresponding P:0.515
Corresponding R:0.448
Corresponding F1:0.479



Best Test Epoch:26
Corresponding P:0.523
Corresponding R:0.458
Corresponding F1:0.489



Re-checking the scores of entire Test data with the best saved model:
Total sentences in the test set:209
GT Triple Count:373	PRED Triple Count:324	CORRECT Triple Count:167
Test P:0.515
Test R:0.448
Test F1:0.479
Now printing the scores for various subsets of Test Data with the best saved model:
Total sentences with single triples:110
GT Triple Count:110	PRED Triple Count:123	CORRECT Triple Count:54
Test P:0.439
Test R:0.491
Test F1:0.464
Total sentences with multiple triples:99
GT Triple Count:263	PRED Triple Count:201	CORRECT Triple Count:113
Test P:0.562
Test R:0.43
Test F1:0.487
Total sentences triples with varying sentiments:21
GT Triple Count:64	PRED Triple Count:44	CORRECT Triple Count:19
Test P:0.432
Test R:0.297
Test F1:0.352
Total sentences with overlapping triples:68
GT Triple Count:191	PRED Triple Count:142	CORRECT Triple Count:84
Test P:0.592
Test R:0.44
Test F1:0.505
