['PASTE_BERT.py', '--gpu_id', '0', '--src_folder', 'multibooked_eu/', '--trg_folder', 'multibooked_eu/PASTE_BERT', '--bert_mode', 'gen_mul', '--gen_direct', 'of', '--l2', 'y', '--use_dep_emb', 'y']
100100.5
BERT
loading data......
No. of sentences:615
No. of lines in Target file:615
No. of lines in POS file:615
No. of lines in DEP file:615
No. of sentences:79
No. of lines in Target file:79
No. of lines in POS file:79
No. of lines in DEP file:79
No. of sentences:173
No. of lines in Target file:173
No. of lines in POS file:173
No. of lines in DEP file:173
Training data size:612
Development data size:79
Test data size:173
Building POS TAG Vocab..
Building DEP TAG Vocab..
Training started......
Batch Count: 39
Parameters size:187645335
weight factor:1
Adam (
Parameter Group 0
    amsgrad: False
    betas: (0.9, 0.999)
    eps: 1e-08
    lr: 0.001
    weight_decay: 0.0001
)
Epoch:1
Training loss:9.368406136830648
Training time:0:00:22.440192

Dev Results

Prediction time:0:00:01.423754
85	141	32
Dev P:0.376
Dev R:0.227
Dev F1:0.283

Test Results

Prediction time:0:00:03.769732
193	316	51
Test P:0.264
Test R:0.161
Test F1:0.2
model saved......



Epoch:2
Training loss:6.697809207133758
Training time:0:00:19.005696

Dev Results

Prediction time:0:00:00.998920
110	141	43
Dev P:0.391
Dev R:0.305
Dev F1:0.343

Test Results

Prediction time:0:00:02.670814
252	316	80
Test P:0.317
Test R:0.253
Test F1:0.282
model saved......



Epoch:3
Training loss:5.729371290940505
Training time:0:00:16.756228

Dev Results

Prediction time:0:00:01.007187
117	141	49
Dev P:0.419
Dev R:0.348
Dev F1:0.38

Test Results

Prediction time:0:00:02.702133
299	316	85
Test P:0.284
Test R:0.269
Test F1:0.276
model saved......



Epoch:4
Training loss:5.400127417001968
Training time:0:00:17.008560

Dev Results

Prediction time:0:00:01.005059
136	141	53
Dev P:0.39
Dev R:0.376
Dev F1:0.383

Test Results

Prediction time:0:00:02.693797
335	316	102
Test P:0.304
Test R:0.323
Test F1:0.313
model saved......



Epoch:5
Training loss:4.901039649278689
Training time:0:00:16.808698

Dev Results

Prediction time:0:00:01.008267
125	141	60
Dev P:0.48
Dev R:0.426
Dev F1:0.451

Test Results

Prediction time:0:00:02.710757
295	316	98
Test P:0.332
Test R:0.31
Test F1:0.321
model saved......



Epoch:6
Training loss:4.633503730480488
Training time:0:00:16.894832

Dev Results

Prediction time:0:00:01.016089
154	141	66
Dev P:0.429
Dev R:0.468
Dev F1:0.447

Test Results

Prediction time:0:00:02.724974
393	316	132
Test P:0.336
Test R:0.418
Test F1:0.372



Epoch:7
Training loss:4.389828883684599
Training time:0:00:16.929905

Dev Results

Prediction time:0:00:01.017746
152	141	64
Dev P:0.421
Dev R:0.454
Dev F1:0.437

Test Results

Prediction time:0:00:02.719422
393	316	121
Test P:0.308
Test R:0.383
Test F1:0.341



Epoch:8
Training loss:4.135371782840827
Training time:0:00:16.649209

Dev Results

Prediction time:0:00:01.007361
106	141	49
Dev P:0.462
Dev R:0.348
Dev F1:0.397

Test Results

Prediction time:0:00:02.695027
251	316	100
Test P:0.398
Test R:0.316
Test F1:0.353



Epoch:9
Training loss:3.7050557075402675
Training time:0:00:17.019292

Dev Results

Prediction time:0:00:01.008797
145	141	63
Dev P:0.434
Dev R:0.447
Dev F1:0.441

Test Results

Prediction time:0:00:02.720411
355	316	126
Test P:0.355
Test R:0.399
Test F1:0.376



Epoch:10
Training loss:3.5203911127188268
Training time:0:00:16.996347

Dev Results

Prediction time:0:00:01.007201
137	141	58
Dev P:0.423
Dev R:0.411
Dev F1:0.417

Test Results

Prediction time:0:00:02.707079
340	316	116
Test P:0.341
Test R:0.367
Test F1:0.354



Epoch:11
Training loss:3.2995621821819205
Training time:0:00:16.957305

Dev Results

Prediction time:0:00:01.008035
146	141	65
Dev P:0.445
Dev R:0.461
Dev F1:0.453

Test Results

Prediction time:0:00:02.723043
351	316	131
Test P:0.373
Test R:0.415
Test F1:0.393
model saved......



Epoch:12
Training loss:3.0623442698747683
Training time:0:00:16.656300

Dev Results

Prediction time:0:00:01.003505
137	141	58
Dev P:0.423
Dev R:0.411
Dev F1:0.417

Test Results

Prediction time:0:00:02.694712
320	316	128
Test P:0.4
Test R:0.405
Test F1:0.403



Epoch:13
Training loss:2.9645337630540896
Training time:0:00:16.342028

Dev Results

Prediction time:0:00:01.011323
149	141	67
Dev P:0.45
Dev R:0.475
Dev F1:0.462

Test Results

Prediction time:0:00:02.714278
368	316	138
Test P:0.375
Test R:0.437
Test F1:0.404
model saved......



Epoch:14
Training loss:2.7366639314553676
Training time:0:00:17.204118

Dev Results

Prediction time:0:00:01.019212
133	141	65
Dev P:0.489
Dev R:0.461
Dev F1:0.474

Test Results

Prediction time:0:00:02.713313
293	316	120
Test P:0.41
Test R:0.38
Test F1:0.394
model saved......



Epoch:15
Training loss:2.6357757128202
Training time:0:00:16.925559

Dev Results

Prediction time:0:00:01.005897
117	141	61
Dev P:0.521
Dev R:0.433
Dev F1:0.473

Test Results

Prediction time:0:00:02.712990
286	316	122
Test P:0.427
Test R:0.386
Test F1:0.405



Epoch:16
Training loss:2.4578269720077515
Training time:0:00:17.387594

Dev Results

Prediction time:0:00:01.011078
145	141	68
Dev P:0.469
Dev R:0.482
Dev F1:0.476

Test Results

Prediction time:0:00:02.730547
349	316	137
Test P:0.393
Test R:0.434
Test F1:0.412
model saved......



Epoch:17
Training loss:2.293457630353096
Training time:0:00:16.861447

Dev Results

Prediction time:0:00:01.008683
136	141	64
Dev P:0.471
Dev R:0.454
Dev F1:0.462

Test Results

Prediction time:0:00:02.718200
326	316	130
Test P:0.399
Test R:0.411
Test F1:0.405



Epoch:18
Training loss:2.1574604022197232
Training time:0:00:17.340024

Dev Results

Prediction time:0:00:01.012125
110	141	63
Dev P:0.573
Dev R:0.447
Dev F1:0.502

Test Results

Prediction time:0:00:02.705694
267	316	125
Test P:0.468
Test R:0.396
Test F1:0.429
model saved......



Epoch:19
Training loss:2.324541681852096
Training time:0:00:16.391133

Dev Results

Prediction time:0:00:01.003074
115	141	61
Dev P:0.53
Dev R:0.433
Dev F1:0.477

Test Results

Prediction time:0:00:02.714434
284	316	124
Test P:0.437
Test R:0.392
Test F1:0.413



Epoch:20
Training loss:2.079900759917039
Training time:0:00:16.795299

Dev Results

Prediction time:0:00:01.013966
138	141	66
Dev P:0.478
Dev R:0.468
Dev F1:0.473

Test Results

Prediction time:0:00:02.722552
350	316	135
Test P:0.386
Test R:0.427
Test F1:0.405



Epoch:21
Training loss:2.0096305104402394
Training time:0:00:17.098049

Dev Results

Prediction time:0:00:01.002167
121	141	59
Dev P:0.488
Dev R:0.418
Dev F1:0.45

Test Results

Prediction time:0:00:02.709440
287	316	133
Test P:0.463
Test R:0.421
Test F1:0.441



Epoch:22
Training loss:1.7819713292977748
Training time:0:00:16.651902

Dev Results

Prediction time:0:00:01.015724
135	141	66
Dev P:0.489
Dev R:0.468
Dev F1:0.478

Test Results

Prediction time:0:00:02.719641
335	316	137
Test P:0.409
Test R:0.434
Test F1:0.421



Epoch:23
Training loss:1.7600279450416565
Training time:0:00:16.764905

Dev Results

Prediction time:0:00:01.010792
127	141	62
Dev P:0.488
Dev R:0.44
Dev F1:0.463

Test Results

Prediction time:0:00:02.720795
304	316	132
Test P:0.434
Test R:0.418
Test F1:0.426



Epoch:24
Training loss:1.8148302710973299
Training time:0:00:16.994538

Dev Results

Prediction time:0:00:01.011891
136	141	63
Dev P:0.463
Dev R:0.447
Dev F1:0.455

Test Results

Prediction time:0:00:02.733832
332	316	143
Test P:0.431
Test R:0.453
Test F1:0.441



Epoch:25
Training loss:1.5433104053521767
Training time:0:00:16.498209

Dev Results

Prediction time:0:00:01.011750
121	141	65
Dev P:0.537
Dev R:0.461
Dev F1:0.496

Test Results

Prediction time:0:00:02.719190
287	316	132
Test P:0.46
Test R:0.418
Test F1:0.438



Epoch:26
Training loss:1.5096517510903187
Training time:0:00:17.301920

Dev Results

Prediction time:0:00:01.015457
122	141	64
Dev P:0.525
Dev R:0.454
Dev F1:0.487

Test Results

Prediction time:0:00:02.732476
309	316	131
Test P:0.424
Test R:0.415
Test F1:0.419



Epoch:27
Training loss:1.56723747192285
Training time:0:00:17.120157

Dev Results

Prediction time:0:00:01.008732
142	141	65
Dev P:0.458
Dev R:0.461
Dev F1:0.459

Test Results

Prediction time:0:00:02.706216
342	316	140
Test P:0.409
Test R:0.443
Test F1:0.426



Epoch:28
Training loss:1.409321590875968
Training time:0:00:16.681969

Dev Results

Prediction time:0:00:01.006973
123	141	62
Dev P:0.504
Dev R:0.44
Dev F1:0.47

Test Results

Prediction time:0:00:02.722417
300	316	136
Test P:0.453
Test R:0.43
Test F1:0.442



Epoch:29
Training loss:1.4427786729274652
Training time:0:00:16.668312

Dev Results

Prediction time:0:00:01.005147
144	141	69
Dev P:0.479
Dev R:0.489
Dev F1:0.484

Test Results

Prediction time:0:00:02.731244
349	316	145
Test P:0.415
Test R:0.459
Test F1:0.436



Epoch:30
Training loss:1.4242550218716645
Training time:0:00:17.231301

Dev Results

Prediction time:0:00:01.008555
117	141	66
Dev P:0.564
Dev R:0.468
Dev F1:0.512

Test Results

Prediction time:0:00:02.716840
285	316	134
Test P:0.47
Test R:0.424
Test F1:0.446
model saved......



*******
Best Epoch:30
Best Epoch Seed:72
Corresponding P:0.47
Corresponding R:0.424
Corresponding F1:0.446



Best Test Epoch:30
Corresponding P:0.47
Corresponding R:0.424
Corresponding F1:0.446



Re-checking the scores of entire Test data with the best saved model:
Total sentences in the test set:173
GT Triple Count:316	PRED Triple Count:285	CORRECT Triple Count:134
Test P:0.47
Test R:0.424
Test F1:0.446
Now printing the scores for various subsets of Test Data with the best saved model:
Total sentences with single triples:88
GT Triple Count:88	PRED Triple Count:109	CORRECT Triple Count:40
Test P:0.367
Test R:0.455
Test F1:0.406
Total sentences with multiple triples:85
GT Triple Count:228	PRED Triple Count:176	CORRECT Triple Count:94
Test P:0.534
Test R:0.412
Test F1:0.465
Total sentences triples with varying sentiments:16
GT Triple Count:44	PRED Triple Count:34	CORRECT Triple Count:14
Test P:0.412
Test R:0.318
Test F1:0.359
Total sentences with overlapping triples:68
GT Triple Count:187	PRED Triple Count:143	CORRECT Triple Count:75
Test P:0.524
Test R:0.401
Test F1:0.455
