['PASTE_BERT.py', '--gpu_id', '0', '--src_folder', 'mpqa/', '--trg_folder', 'mpqa/PASTE_BERT', '--bert_mode', 'gen', '--gen_direct', 'of', '--l2', 'y', '--use_pos_tags', 'y', '--use_dep_emb', 'y']
100100.5
BERT
loading data......
No. of sentences:996
No. of lines in Target file:996
No. of lines in POS file:996
No. of lines in DEP file:996
No. of sentences:323
No. of lines in Target file:323
No. of lines in POS file:323
No. of lines in DEP file:323
No. of sentences:322
No. of lines in Target file:322
No. of lines in POS file:322
No. of lines in DEP file:322
Training data size:994
Development data size:323
Test data size:322
Building POS TAG Vocab..
Building DEP TAG Vocab..
Training started......
Batch Count: 63
Parameters size:131663959
weight factor:1
Adam (
Parameter Group 0
    amsgrad: False
    betas: (0.9, 0.999)
    eps: 1e-08
    lr: 0.001
    weight_decay: 0.0001
)
Epoch:1
Training loss:9.773003025660438
Training time:0:00:24.166595

Dev Results

Prediction time:0:00:06.365059
323	426	55
Dev P:0.17
Dev R:0.129
Dev F1:0.147

Test Results

Prediction time:0:00:05.919849
322	421	39
Test P:0.121
Test R:0.093
Test F1:0.105
model saved......



Epoch:2
Training loss:7.103829777429974
Training time:0:00:30.075088

Dev Results

Prediction time:0:00:06.883490
323	426	62
Dev P:0.192
Dev R:0.146
Dev F1:0.166

Test Results

Prediction time:0:00:06.295428
322	421	48
Test P:0.149
Test R:0.114
Test F1:0.129
model saved......



Epoch:3
Training loss:6.3881382866511265
Training time:0:00:26.473469

Dev Results

Prediction time:0:00:06.484826
323	426	61
Dev P:0.189
Dev R:0.143
Dev F1:0.163

Test Results

Prediction time:0:00:06.066655
322	421	49
Test P:0.152
Test R:0.116
Test F1:0.132



Epoch:4
Training loss:5.816822025511
Training time:0:00:25.716399

Dev Results

Prediction time:0:00:06.419775
323	426	67
Dev P:0.207
Dev R:0.157
Dev F1:0.179

Test Results

Prediction time:0:00:05.965635
322	421	54
Test P:0.168
Test R:0.128
Test F1:0.145
model saved......



Epoch:5
Training loss:5.374251940893749
Training time:0:00:24.047401

Dev Results

Prediction time:0:00:06.337943
358	426	74
Dev P:0.207
Dev R:0.174
Dev F1:0.189

Test Results

Prediction time:0:00:05.926187
359	421	65
Test P:0.181
Test R:0.154
Test F1:0.167
model saved......



Epoch:6
Training loss:4.69393115195017
Training time:0:00:24.329765

Dev Results

Prediction time:0:00:06.423958
385	426	83
Dev P:0.216
Dev R:0.195
Dev F1:0.205

Test Results

Prediction time:0:00:05.980614
385	421	65
Test P:0.169
Test R:0.154
Test F1:0.161
model saved......



Epoch:7
Training loss:4.432314884094965
Training time:0:00:26.083671

Dev Results

Prediction time:0:00:06.491721
352	426	82
Dev P:0.233
Dev R:0.192
Dev F1:0.211

Test Results

Prediction time:0:00:06.065134
359	421	61
Test P:0.17
Test R:0.145
Test F1:0.156
model saved......



Epoch:8
Training loss:3.8715617694551985
Training time:0:00:26.771681

Dev Results

Prediction time:0:00:06.504106
332	426	74
Dev P:0.223
Dev R:0.174
Dev F1:0.195

Test Results

Prediction time:0:00:06.055560
331	421	56
Test P:0.169
Test R:0.133
Test F1:0.149



Epoch:9
Training loss:3.460872182770381
Training time:0:00:26.651277

Dev Results

Prediction time:0:00:06.511485
329	426	79
Dev P:0.24
Dev R:0.185
Dev F1:0.209

Test Results

Prediction time:0:00:06.071539
327	421	58
Test P:0.177
Test R:0.138
Test F1:0.155



Epoch:10
Training loss:3.114867936997187
Training time:0:00:26.522294

Dev Results

Prediction time:0:00:06.494541
367	426	72
Dev P:0.196
Dev R:0.169
Dev F1:0.182

Test Results

Prediction time:0:00:06.058762
371	421	68
Test P:0.183
Test R:0.162
Test F1:0.172



Epoch:11
Training loss:2.7887996132411654
Training time:0:00:26.398481

Dev Results

Prediction time:0:00:06.498140
371	426	78
Dev P:0.21
Dev R:0.183
Dev F1:0.196

Test Results

Prediction time:0:00:06.085542
373	421	68
Test P:0.182
Test R:0.162
Test F1:0.171



Epoch:12
Training loss:2.4927254063742503
Training time:0:00:26.676502

Dev Results

Prediction time:0:00:06.741797
344	426	71
Dev P:0.206
Dev R:0.167
Dev F1:0.184

Test Results

Prediction time:0:00:06.407200
339	421	66
Test P:0.195
Test R:0.157
Test F1:0.174



Epoch:13
Training loss:2.408874138953194
Training time:0:00:33.195237

Dev Results

Prediction time:0:00:06.442838
337	426	72
Dev P:0.214
Dev R:0.169
Dev F1:0.189

Test Results

Prediction time:0:00:05.946320
347	421	68
Test P:0.196
Test R:0.162
Test F1:0.177



Epoch:14
Training loss:2.091911209954156
Training time:0:00:26.045335

Dev Results

Prediction time:0:00:06.513345
339	426	76
Dev P:0.224
Dev R:0.178
Dev F1:0.199

Test Results

Prediction time:0:00:06.067838
335	421	65
Test P:0.194
Test R:0.154
Test F1:0.172



Epoch:15
Training loss:1.9607748162178766
Training time:0:00:26.672258

Dev Results

Prediction time:0:00:06.484631
351	426	82
Dev P:0.234
Dev R:0.192
Dev F1:0.211

Test Results

Prediction time:0:00:06.055294
360	421	70
Test P:0.194
Test R:0.166
Test F1:0.179
model saved......



Epoch:16
Training loss:1.7996153519267128
Training time:0:00:28.184578

Dev Results

Prediction time:0:00:06.838877
412	426	87
Dev P:0.211
Dev R:0.204
Dev F1:0.208

Test Results

Prediction time:0:00:06.169787
414	421	71
Test P:0.171
Test R:0.169
Test F1:0.17



Epoch:17
Training loss:1.609154084372142
Training time:0:00:28.066097

Dev Results

Prediction time:0:00:06.506455
352	426	81
Dev P:0.23
Dev R:0.19
Dev F1:0.208

Test Results

Prediction time:0:00:06.082505
355	421	72
Test P:0.203
Test R:0.171
Test F1:0.186



Epoch:18
Training loss:1.5163534113339014
Training time:0:00:25.153292

Dev Results

Prediction time:0:00:06.411089
346	426	77
Dev P:0.223
Dev R:0.181
Dev F1:0.199

Test Results

Prediction time:0:00:05.963834
349	421	72
Test P:0.206
Test R:0.171
Test F1:0.187



Epoch:19
Training loss:1.4513035972440054
Training time:0:00:24.341318

Dev Results

Prediction time:0:00:06.401498
346	426	78
Dev P:0.225
Dev R:0.183
Dev F1:0.202

Test Results

Prediction time:0:00:05.954155
351	421	67
Test P:0.191
Test R:0.159
Test F1:0.174



Epoch:20
Training loss:1.3622538882588584
Training time:0:00:24.882297

Dev Results

Prediction time:0:00:06.510866
333	426	78
Dev P:0.234
Dev R:0.183
Dev F1:0.206

Test Results

Prediction time:0:00:06.064281
333	421	63
Test P:0.189
Test R:0.15
Test F1:0.167



Epoch:21
Training loss:1.2668987995102292
Training time:0:00:27.964313

Dev Results

Prediction time:0:00:06.509329
375	426	80
Dev P:0.213
Dev R:0.188
Dev F1:0.2

Test Results

Prediction time:0:00:06.093684
386	421	70
Test P:0.181
Test R:0.166
Test F1:0.173



Epoch:22
Training loss:1.2702431837244639
Training time:0:00:30.022999

Dev Results

Prediction time:0:00:06.485512
352	426	76
Dev P:0.216
Dev R:0.178
Dev F1:0.195

Test Results

Prediction time:0:00:06.038017
357	421	69
Test P:0.193
Test R:0.164
Test F1:0.177



Epoch:23
Training loss:1.110599061799428
Training time:0:00:26.464258

Dev Results

Prediction time:0:00:06.492744
377	426	81
Dev P:0.215
Dev R:0.19
Dev F1:0.202

Test Results

Prediction time:0:00:06.075966
385	421	72
Test P:0.187
Test R:0.171
Test F1:0.179



Epoch:24
Training loss:1.0007678644051627
Training time:0:00:25.365634

Dev Results

Prediction time:0:00:06.398382
357	426	78
Dev P:0.218
Dev R:0.183
Dev F1:0.199

Test Results

Prediction time:0:00:05.947211
356	421	74
Test P:0.208
Test R:0.176
Test F1:0.19



Epoch:25
Training loss:1.020612497178335
Training time:0:00:24.130211

Dev Results

Prediction time:0:00:06.396047
379	426	87
Dev P:0.23
Dev R:0.204
Dev F1:0.216

Test Results

Prediction time:0:00:05.957622
382	421	79
Test P:0.207
Test R:0.188
Test F1:0.197
model saved......



Epoch:26
Training loss:0.9045795670577458
Training time:0:00:24.263983

Dev Results

Prediction time:0:00:06.346660
364	426	81
Dev P:0.223
Dev R:0.19
Dev F1:0.205

Test Results

Prediction time:0:00:05.916472
361	421	72
Test P:0.199
Test R:0.171
Test F1:0.184



Epoch:27
Training loss:0.9274852952313801
Training time:0:00:24.478079

Dev Results

Prediction time:0:00:06.357879
363	426	80
Dev P:0.22
Dev R:0.188
Dev F1:0.203

Test Results

Prediction time:0:00:05.925713
367	421	83
Test P:0.226
Test R:0.197
Test F1:0.211



Epoch:28
Training loss:0.9447629555823311
Training time:0:00:24.153024

Dev Results

Prediction time:0:00:06.369041
360	426	69
Dev P:0.192
Dev R:0.162
Dev F1:0.176

Test Results

Prediction time:0:00:05.939723
358	421	70
Test P:0.196
Test R:0.166
Test F1:0.18



Epoch:29
Training loss:0.9102151909517864
Training time:0:00:23.940712

Dev Results

Prediction time:0:00:06.355884
384	426	79
Dev P:0.206
Dev R:0.185
Dev F1:0.195

Test Results

Prediction time:0:00:05.921102
389	421	66
Test P:0.17
Test R:0.157
Test F1:0.163



Epoch:30
Training loss:0.8706523667252253
Training time:0:00:24.149290

Dev Results

Prediction time:0:00:06.414973
352	426	73
Dev P:0.207
Dev R:0.171
Dev F1:0.188

Test Results

Prediction time:0:00:05.976016
349	421	76
Test P:0.218
Test R:0.181
Test F1:0.197



*******
Best Epoch:25
Best Epoch Seed:67
Corresponding P:0.207
Corresponding R:0.188
Corresponding F1:0.197



Best Test Epoch:27
Corresponding P:0.226
Corresponding R:0.197
Corresponding F1:0.211



Re-checking the scores of entire Test data with the best saved model:
Total sentences in the test set:322
GT Triple Count:421	PRED Triple Count:382	CORRECT Triple Count:79
Test P:0.207
Test R:0.188
Test F1:0.197
Now printing the scores for various subsets of Test Data with the best saved model:
Total sentences with single triples:243
GT Triple Count:243	PRED Triple Count:273	CORRECT Triple Count:56
Test P:0.205
Test R:0.23
Test F1:0.217
Total sentences with multiple triples:79
GT Triple Count:178	PRED Triple Count:109	CORRECT Triple Count:23
Test P:0.211
Test R:0.129
Test F1:0.16
Total sentences triples with varying sentiments:31
GT Triple Count:79	PRED Triple Count:44	CORRECT Triple Count:10
Test P:0.227
Test R:0.127
Test F1:0.163
Total sentences with overlapping triples:42
GT Triple Count:95	PRED Triple Count:52	CORRECT Triple Count:7
Test P:0.135
Test R:0.074
Test F1:0.095
