['PASTE_BERT.py', '--gpu_id', '0', '--src_folder', 'opener_es/', '--trg_folder', 'opener_es/PASTE_BERT', '--bert_mode', 'gen_mul', '--gen_direct', 'of', '--l2', 'y', '--wd', '1e-5', '--use_pos_tags', 'y']
100100.5
BERT
loading data......
No. of sentences:1072
No. of lines in Target file:1072
No. of lines in POS file:1072
No. of lines in DEP file:1072
No. of sentences:158
No. of lines in Target file:158
No. of lines in POS file:158
No. of lines in DEP file:158
No. of sentences:303
No. of lines in Target file:303
No. of lines in POS file:303
No. of lines in DEP file:303
Training data size:1053
Development data size:158
Test data size:303
Building POS TAG Vocab..
Building DEP TAG Vocab..
Training started......
Batch Count: 66
Parameters size:187645635
weight factor:1
Adam (
Parameter Group 0
    amsgrad: False
    betas: (0.9, 0.999)
    eps: 1e-08
    lr: 0.001
    weight_decay: 1e-05
)
Epoch:1
Training loss:9.589435338973999
Training time:0:00:33.382163

Dev Results

Prediction time:0:00:02.962841
273	355	76
Dev P:0.278
Dev R:0.214
Dev F1:0.242

Test Results

Prediction time:0:00:06.729112
530	816	173
Test P:0.326
Test R:0.212
Test F1:0.257
model saved......



Epoch:2
Training loss:6.739270723227299
Training time:0:00:32.876962

Dev Results

Prediction time:0:00:02.952329
304	355	100
Dev P:0.329
Dev R:0.282
Dev F1:0.303

Test Results

Prediction time:0:00:06.729654
636	816	205
Test P:0.322
Test R:0.251
Test F1:0.282
model saved......



Epoch:3
Training loss:6.024256727912209
Training time:0:00:33.375523

Dev Results

Prediction time:0:00:02.959403
287	355	107
Dev P:0.373
Dev R:0.301
Dev F1:0.333

Test Results

Prediction time:0:00:06.767595
589	816	212
Test P:0.36
Test R:0.26
Test F1:0.302
model saved......



Epoch:4
Training loss:5.618523554368452
Training time:0:00:33.089412

Dev Results

Prediction time:0:00:02.954980
292	355	116
Dev P:0.397
Dev R:0.327
Dev F1:0.359

Test Results

Prediction time:0:00:06.728190
605	816	236
Test P:0.39
Test R:0.289
Test F1:0.332
model saved......



Epoch:5
Training loss:5.1540061488296045
Training time:0:00:33.836983

Dev Results

Prediction time:0:00:02.939796
374	355	136
Dev P:0.364
Dev R:0.383
Dev F1:0.373

Test Results

Prediction time:0:00:06.713087
760	816	275
Test P:0.362
Test R:0.337
Test F1:0.349
model saved......



Epoch:6
Training loss:4.759717850974112
Training time:0:00:33.035124

Dev Results

Prediction time:0:00:02.952083
343	355	134
Dev P:0.391
Dev R:0.377
Dev F1:0.384

Test Results

Prediction time:0:00:06.730982
692	816	265
Test P:0.383
Test R:0.325
Test F1:0.351
model saved......



Epoch:7
Training loss:4.4631539836074365
Training time:0:00:33.590309

Dev Results

Prediction time:0:00:02.952734
342	355	141
Dev P:0.412
Dev R:0.397
Dev F1:0.405

Test Results

Prediction time:0:00:06.729784
737	816	294
Test P:0.399
Test R:0.36
Test F1:0.379
model saved......



Epoch:8
Training loss:4.345260201078473
Training time:0:00:32.789319

Dev Results

Prediction time:0:00:02.968384
333	355	130
Dev P:0.39
Dev R:0.366
Dev F1:0.378

Test Results

Prediction time:0:00:06.736781
702	816	291
Test P:0.415
Test R:0.357
Test F1:0.383



Epoch:9
Training loss:3.9002759817874795
Training time:0:00:33.465342

Dev Results

Prediction time:0:00:02.951308
314	355	137
Dev P:0.436
Dev R:0.386
Dev F1:0.41

Test Results

Prediction time:0:00:06.724134
682	816	280
Test P:0.411
Test R:0.343
Test F1:0.374
model saved......



Epoch:10
Training loss:3.739884441549128
Training time:0:00:33.891398

Dev Results

Prediction time:0:00:02.966099
349	355	145
Dev P:0.415
Dev R:0.408
Dev F1:0.412

Test Results

Prediction time:0:00:06.759441
728	816	302
Test P:0.415
Test R:0.37
Test F1:0.391
model saved......



Epoch:11
Training loss:3.4763659581993567
Training time:0:00:32.494912

Dev Results

Prediction time:0:00:02.948673
324	355	134
Dev P:0.414
Dev R:0.377
Dev F1:0.395

Test Results

Prediction time:0:00:06.733359
706	816	290
Test P:0.411
Test R:0.355
Test F1:0.381



Epoch:12
Training loss:3.2086540081284265
Training time:0:00:32.960985

Dev Results

Prediction time:0:00:02.955545
337	355	140
Dev P:0.415
Dev R:0.394
Dev F1:0.405

Test Results

Prediction time:0:00:06.745014
744	816	298
Test P:0.401
Test R:0.365
Test F1:0.382



Epoch:13
Training loss:3.1922163024093164
Training time:0:00:32.817542

Dev Results

Prediction time:0:00:02.946676
344	355	140
Dev P:0.407
Dev R:0.394
Dev F1:0.401

Test Results

Prediction time:0:00:06.713607
773	816	305
Test P:0.395
Test R:0.374
Test F1:0.384



Epoch:14
Training loss:3.028931079488812
Training time:0:00:33.035682

Dev Results

Prediction time:0:00:02.952706
349	355	148
Dev P:0.424
Dev R:0.417
Dev F1:0.42

Test Results

Prediction time:0:00:06.746914
768	816	308
Test P:0.401
Test R:0.377
Test F1:0.389
model saved......



Epoch:15
Training loss:2.8366147406173474
Training time:0:00:33.217406

Dev Results

Prediction time:0:00:02.958661
388	355	151
Dev P:0.389
Dev R:0.425
Dev F1:0.406

Test Results

Prediction time:0:00:06.751052
808	816	325
Test P:0.402
Test R:0.398
Test F1:0.4



Epoch:16
Training loss:2.7527051098418958
Training time:0:00:32.984768

Dev Results

Prediction time:0:00:02.963945
297	355	145
Dev P:0.488
Dev R:0.408
Dev F1:0.445

Test Results

Prediction time:0:00:06.746990
649	816	287
Test P:0.442
Test R:0.352
Test F1:0.392
model saved......



Epoch:17
Training loss:2.536110724463607
Training time:0:00:32.774335

Dev Results

Prediction time:0:00:02.967980
361	355	152
Dev P:0.421
Dev R:0.428
Dev F1:0.425

Test Results

Prediction time:0:00:06.760266
773	816	313
Test P:0.405
Test R:0.384
Test F1:0.394



Epoch:18
Training loss:2.4103881355487937
Training time:0:00:33.303639

Dev Results

Prediction time:0:00:02.960070
336	355	152
Dev P:0.452
Dev R:0.428
Dev F1:0.44

Test Results

Prediction time:0:00:06.750963
736	816	317
Test P:0.431
Test R:0.388
Test F1:0.409



Epoch:19
Training loss:2.365846868717309
Training time:0:00:33.315583

Dev Results

Prediction time:0:00:02.950168
348	355	140
Dev P:0.402
Dev R:0.394
Dev F1:0.398

Test Results

Prediction time:0:00:06.739586
741	816	308
Test P:0.416
Test R:0.377
Test F1:0.396



Epoch:20
Training loss:2.192745364976652
Training time:0:00:32.781760

Dev Results

Prediction time:0:00:02.960283
372	355	155
Dev P:0.417
Dev R:0.437
Dev F1:0.426

Test Results

Prediction time:0:00:06.765040
797	816	330
Test P:0.414
Test R:0.404
Test F1:0.409



Epoch:21
Training loss:2.1191735592755405
Training time:0:00:33.185187

Dev Results

Prediction time:0:00:02.944147
353	355	156
Dev P:0.442
Dev R:0.439
Dev F1:0.441

Test Results

Prediction time:0:00:06.727143
776	816	324
Test P:0.418
Test R:0.397
Test F1:0.407



Epoch:22
Training loss:2.137851693413474
Training time:0:00:33.304439

Dev Results

Prediction time:0:00:02.957908
370	355	140
Dev P:0.378
Dev R:0.394
Dev F1:0.386

Test Results

Prediction time:0:00:06.746484
785	816	315
Test P:0.401
Test R:0.386
Test F1:0.394



Epoch:23
Training loss:1.9991023721116963
Training time:0:00:32.929196

Dev Results

Prediction time:0:00:02.944402
316	355	145
Dev P:0.459
Dev R:0.408
Dev F1:0.432

Test Results

Prediction time:0:00:06.734315
707	816	305
Test P:0.431
Test R:0.374
Test F1:0.401



Epoch:24
Training loss:1.9025859968228773
Training time:0:00:33.312739

Dev Results

Prediction time:0:00:02.962526
386	355	158
Dev P:0.409
Dev R:0.445
Dev F1:0.426

Test Results

Prediction time:0:00:06.737040
820	816	329
Test P:0.401
Test R:0.403
Test F1:0.402



Epoch:25
Training loss:1.8243401104753667
Training time:0:00:33.416592

Dev Results

Prediction time:0:00:02.959423
350	355	139
Dev P:0.397
Dev R:0.392
Dev F1:0.394

Test Results

Prediction time:0:00:06.739370
759	816	313
Test P:0.412
Test R:0.384
Test F1:0.397



Epoch:26
Training loss:1.8146815209677725
Training time:0:00:33.206712

Dev Results

Prediction time:0:00:02.957372
334	355	140
Dev P:0.419
Dev R:0.394
Dev F1:0.406

Test Results

Prediction time:0:00:06.743483
720	816	304
Test P:0.422
Test R:0.373
Test F1:0.396



Epoch:27
Training loss:1.668397843837738
Training time:0:00:33.413008

Dev Results

Prediction time:0:00:02.974602
341	355	146
Dev P:0.428
Dev R:0.411
Dev F1:0.42

Test Results

Prediction time:0:00:06.760787
773	816	315
Test P:0.408
Test R:0.386
Test F1:0.396



Epoch:28
Training loss:1.7342616233861807
Training time:0:00:33.561669

Dev Results

Prediction time:0:00:02.960670
313	355	147
Dev P:0.47
Dev R:0.414
Dev F1:0.44

Test Results

Prediction time:0:00:06.737981
678	816	305
Test P:0.45
Test R:0.374
Test F1:0.408



Epoch:29
Training loss:1.6941926334843491
Training time:0:00:32.517982

Dev Results

Prediction time:0:00:02.950341
342	355	145
Dev P:0.424
Dev R:0.408
Dev F1:0.416

Test Results

Prediction time:0:00:06.740205
751	816	317
Test P:0.422
Test R:0.388
Test F1:0.405



Epoch:30
Training loss:1.5373697253790768
Training time:0:00:33.662073

Dev Results

Prediction time:0:00:02.967793
339	355	145
Dev P:0.428
Dev R:0.408
Dev F1:0.418

Test Results

Prediction time:0:00:06.737614
717	816	303
Test P:0.423
Test R:0.371
Test F1:0.395



*******
Best Epoch:16
Best Epoch Seed:58
Corresponding P:0.442
Corresponding R:0.352
Corresponding F1:0.392



Best Test Epoch:20
Corresponding P:0.414
Corresponding R:0.404
Corresponding F1:0.409



Re-checking the scores of entire Test data with the best saved model:
Total sentences in the test set:303
GT Triple Count:816	PRED Triple Count:649	CORRECT Triple Count:287
Test P:0.442
Test R:0.352
Test F1:0.392
Now printing the scores for various subsets of Test Data with the best saved model:
Total sentences with single triples:123
GT Triple Count:123	PRED Triple Count:135	CORRECT Triple Count:77
Test P:0.57
Test R:0.626
Test F1:0.597
Total sentences with multiple triples:180
GT Triple Count:693	PRED Triple Count:514	CORRECT Triple Count:210
Test P:0.409
Test R:0.303
Test F1:0.348
Total sentences triples with varying sentiments:44
GT Triple Count:197	PRED Triple Count:130	CORRECT Triple Count:35
Test P:0.269
Test R:0.178
Test F1:0.214
Total sentences with overlapping triples:130
GT Triple Count:567	PRED Triple Count:407	CORRECT Triple Count:168
Test P:0.413
Test R:0.296
Test F1:0.345
