['PASTE_BERT.py', '--gpu_id', '0', '--src_folder', 'mpqa/', '--trg_folder', 'mpqa/PASTE_BERT', '--bert_mode', 'gen', '--gen_direct', 'af', '--l2', 'y', '--use_dep_emb', 'y']
100100.5
BERT
loading data......
No. of sentences:996
No. of lines in Target file:996
No. of lines in POS file:996
No. of lines in DEP file:996
No. of sentences:323
No. of lines in Target file:323
No. of lines in POS file:323
No. of lines in DEP file:323
No. of sentences:322
No. of lines in Target file:322
No. of lines in POS file:322
No. of lines in DEP file:322
Training data size:994
Development data size:323
Test data size:322
Building POS TAG Vocab..
Building DEP TAG Vocab..
Training started......
Batch Count: 63
Parameters size:129771609
weight factor:1
Adam (
Parameter Group 0
    amsgrad: False
    betas: (0.9, 0.999)
    eps: 1e-08
    lr: 0.001
    weight_decay: 0.0001
)
Epoch:1
Training loss:9.916003098563543
Training time:0:00:23.484791

Dev Results

Prediction time:0:00:06.248929
324	426	48
Dev P:0.148
Dev R:0.113
Dev F1:0.128

Test Results

Prediction time:0:00:05.819147
322	421	35
Test P:0.109
Test R:0.083
Test F1:0.094
model saved......



Epoch:2
Training loss:7.111722590431334
Training time:0:00:23.605682

Dev Results

Prediction time:0:00:06.237942
323	426	56
Dev P:0.173
Dev R:0.131
Dev F1:0.15

Test Results

Prediction time:0:00:05.819049
322	421	50
Test P:0.155
Test R:0.119
Test F1:0.135
model saved......



Epoch:3
Training loss:6.333568762219142
Training time:0:00:23.400745

Dev Results

Prediction time:0:00:06.238707
324	426	61
Dev P:0.188
Dev R:0.143
Dev F1:0.163

Test Results

Prediction time:0:00:05.813455
322	421	54
Test P:0.168
Test R:0.128
Test F1:0.145
model saved......



Epoch:4
Training loss:5.749711793566507
Training time:0:00:23.185876

Dev Results

Prediction time:0:00:06.237085
323	426	70
Dev P:0.217
Dev R:0.164
Dev F1:0.187

Test Results

Prediction time:0:00:05.817078
323	421	57
Test P:0.176
Test R:0.135
Test F1:0.153
model saved......



Epoch:5
Training loss:5.19585685124473
Training time:0:00:23.283724

Dev Results

Prediction time:0:00:06.232966
406	426	72
Dev P:0.177
Dev R:0.169
Dev F1:0.173

Test Results

Prediction time:0:00:05.830465
391	421	61
Test P:0.156
Test R:0.145
Test F1:0.15



Epoch:6
Training loss:4.611025556685433
Training time:0:00:23.503773

Dev Results

Prediction time:0:00:06.276195
369	426	76
Dev P:0.206
Dev R:0.178
Dev F1:0.191

Test Results

Prediction time:0:00:05.857555
383	421	74
Test P:0.193
Test R:0.176
Test F1:0.184
model saved......



Epoch:7
Training loss:4.260310127621605
Training time:0:00:23.684357

Dev Results

Prediction time:0:00:06.244239
337	426	75
Dev P:0.223
Dev R:0.176
Dev F1:0.197

Test Results

Prediction time:0:00:05.818445
338	421	61
Test P:0.18
Test R:0.145
Test F1:0.161
model saved......



Epoch:8
Training loss:3.649136774123661
Training time:0:00:23.367392

Dev Results

Prediction time:0:00:06.243355
345	426	80
Dev P:0.232
Dev R:0.188
Dev F1:0.208

Test Results

Prediction time:0:00:05.825720
353	421	64
Test P:0.181
Test R:0.152
Test F1:0.165
model saved......



Epoch:9
Training loss:3.227599503502013
Training time:0:00:23.300227

Dev Results

Prediction time:0:00:06.260276
330	426	70
Dev P:0.212
Dev R:0.164
Dev F1:0.185

Test Results

Prediction time:0:00:05.830227
329	421	68
Test P:0.207
Test R:0.162
Test F1:0.181



Epoch:10
Training loss:3.018115929194859
Training time:0:00:23.439895

Dev Results

Prediction time:0:00:06.262297
376	426	82
Dev P:0.218
Dev R:0.192
Dev F1:0.204

Test Results

Prediction time:0:00:05.826991
377	421	66
Test P:0.175
Test R:0.157
Test F1:0.165



Epoch:11
Training loss:2.604730068691193
Training time:0:00:23.295834

Dev Results

Prediction time:0:00:06.262098
384	426	86
Dev P:0.224
Dev R:0.202
Dev F1:0.212

Test Results

Prediction time:0:00:05.832335
381	421	64
Test P:0.168
Test R:0.152
Test F1:0.16
model saved......



Epoch:12
Training loss:2.318778499724373
Training time:0:00:23.355541

Dev Results

Prediction time:0:00:06.266788
326	426	75
Dev P:0.23
Dev R:0.176
Dev F1:0.199

Test Results

Prediction time:0:00:05.827329
325	421	63
Test P:0.194
Test R:0.15
Test F1:0.169



Epoch:13
Training loss:2.253925942239307
Training time:0:00:23.676914

Dev Results

Prediction time:0:00:06.262490
341	426	74
Dev P:0.217
Dev R:0.174
Dev F1:0.193

Test Results

Prediction time:0:00:05.841246
350	421	70
Test P:0.2
Test R:0.166
Test F1:0.182



Epoch:14
Training loss:2.042642105193365
Training time:0:00:23.329613

Dev Results

Prediction time:0:00:06.260643
362	426	83
Dev P:0.229
Dev R:0.195
Dev F1:0.211

Test Results

Prediction time:0:00:05.827523
372	421	68
Test P:0.183
Test R:0.162
Test F1:0.172



Epoch:15
Training loss:1.836225347859519
Training time:0:00:23.526552

Dev Results

Prediction time:0:00:06.258435
350	426	76
Dev P:0.217
Dev R:0.178
Dev F1:0.196

Test Results

Prediction time:0:00:05.823481
362	421	69
Test P:0.191
Test R:0.164
Test F1:0.176



Epoch:16
Training loss:1.7295907035706535
Training time:0:00:23.670449

Dev Results

Prediction time:0:00:06.254691
351	426	75
Dev P:0.214
Dev R:0.176
Dev F1:0.193

Test Results

Prediction time:0:00:05.833489
364	421	70
Test P:0.192
Test R:0.166
Test F1:0.178



Epoch:17
Training loss:1.554947212574974
Training time:0:00:23.301446

Dev Results

Prediction time:0:00:06.276491
337	426	74
Dev P:0.22
Dev R:0.174
Dev F1:0.194

Test Results

Prediction time:0:00:05.842249
334	421	68
Test P:0.204
Test R:0.162
Test F1:0.18



Epoch:18
Training loss:1.4765441658950986
Training time:0:00:23.510833

Dev Results

Prediction time:0:00:06.241693
361	426	73
Dev P:0.202
Dev R:0.171
Dev F1:0.186

Test Results

Prediction time:0:00:05.825164
368	421	74
Test P:0.201
Test R:0.176
Test F1:0.188



Epoch:19
Training loss:1.4430564126325032
Training time:0:00:23.620624

Dev Results

Prediction time:0:00:06.279779
377	426	86
Dev P:0.228
Dev R:0.202
Dev F1:0.214

Test Results

Prediction time:0:00:05.840700
380	421	66
Test P:0.174
Test R:0.157
Test F1:0.165
model saved......



Epoch:20
Training loss:1.1316201696320185
Training time:0:00:23.323754

Dev Results

Prediction time:0:00:06.258776
343	426	76
Dev P:0.222
Dev R:0.178
Dev F1:0.198

Test Results

Prediction time:0:00:05.829289
362	421	61
Test P:0.169
Test R:0.145
Test F1:0.156



Epoch:21
Training loss:1.1595351714936515
Training time:0:00:23.084260

Dev Results

Prediction time:0:00:06.246927
364	426	79
Dev P:0.217
Dev R:0.185
Dev F1:0.2

Test Results

Prediction time:0:00:05.841300
371	421	64
Test P:0.173
Test R:0.152
Test F1:0.162



Epoch:22
Training loss:1.200881844475156
Training time:0:00:23.387445

Dev Results

Prediction time:0:00:06.269332
346	426	70
Dev P:0.202
Dev R:0.164
Dev F1:0.181

Test Results

Prediction time:0:00:05.853681
347	421	68
Test P:0.196
Test R:0.162
Test F1:0.177



Epoch:23
Training loss:1.0927966800000932
Training time:0:00:23.134619

Dev Results

Prediction time:0:00:06.265481
351	426	75
Dev P:0.214
Dev R:0.176
Dev F1:0.193

Test Results

Prediction time:0:00:05.829517
362	421	70
Test P:0.193
Test R:0.166
Test F1:0.179



Epoch:24
Training loss:1.0502475244658334
Training time:0:00:23.501801

Dev Results

Prediction time:0:00:06.236345
328	426	72
Dev P:0.22
Dev R:0.169
Dev F1:0.191

Test Results

Prediction time:0:00:05.825917
331	421	67
Test P:0.202
Test R:0.159
Test F1:0.178



Epoch:25
Training loss:1.0716484501248313
Training time:0:00:23.467650

Dev Results

Prediction time:0:00:06.279287
349	426	72
Dev P:0.206
Dev R:0.169
Dev F1:0.186

Test Results

Prediction time:0:00:05.844243
357	421	70
Test P:0.196
Test R:0.166
Test F1:0.18



Epoch:26
Training loss:0.9520069753366803
Training time:0:00:23.550874

Dev Results

Prediction time:0:00:06.267239
346	426	74
Dev P:0.214
Dev R:0.174
Dev F1:0.192

Test Results

Prediction time:0:00:05.841093
349	421	67
Test P:0.192
Test R:0.159
Test F1:0.174



Epoch:27
Training loss:0.8699595426756238
Training time:0:00:23.732045

Dev Results

Prediction time:0:00:06.213626
340	426	71
Dev P:0.209
Dev R:0.167
Dev F1:0.185

Test Results

Prediction time:0:00:05.809613
353	421	72
Test P:0.204
Test R:0.171
Test F1:0.186



Epoch:28
Training loss:0.8980305355692667
Training time:0:00:23.526506

Dev Results

Prediction time:0:00:06.240590
367	426	82
Dev P:0.223
Dev R:0.192
Dev F1:0.207

Test Results

Prediction time:0:00:05.821622
371	421	65
Test P:0.175
Test R:0.154
Test F1:0.164



Epoch:29
Training loss:0.8123094538847605
Training time:0:00:23.577818

Dev Results

Prediction time:0:00:06.265857
379	426	83
Dev P:0.219
Dev R:0.195
Dev F1:0.206

Test Results

Prediction time:0:00:05.849462
384	421	67
Test P:0.174
Test R:0.159
Test F1:0.166



Epoch:30
Training loss:0.8037955775147393
Training time:0:00:23.655475

Dev Results

Prediction time:0:00:06.274019
378	426	76
Dev P:0.201
Dev R:0.178
Dev F1:0.189

Test Results

Prediction time:0:00:05.856466
404	421	60
Test P:0.149
Test R:0.143
Test F1:0.145



*******
Best Epoch:19
Best Epoch Seed:61
Corresponding P:0.174
Corresponding R:0.157
Corresponding F1:0.165



Best Test Epoch:18
Corresponding P:0.201
Corresponding R:0.176
Corresponding F1:0.188



Re-checking the scores of entire Test data with the best saved model:
Total sentences in the test set:322
GT Triple Count:421	PRED Triple Count:380	CORRECT Triple Count:66
Test P:0.174
Test R:0.157
Test F1:0.165
Now printing the scores for various subsets of Test Data with the best saved model:
Total sentences with single triples:243
GT Triple Count:243	PRED Triple Count:264	CORRECT Triple Count:45
Test P:0.17
Test R:0.185
Test F1:0.178
Total sentences with multiple triples:79
GT Triple Count:178	PRED Triple Count:116	CORRECT Triple Count:21
Test P:0.181
Test R:0.118
Test F1:0.143
Total sentences triples with varying sentiments:31
GT Triple Count:79	PRED Triple Count:50	CORRECT Triple Count:6
Test P:0.12
Test R:0.076
Test F1:0.093
Total sentences with overlapping triples:42
GT Triple Count:95	PRED Triple Count:55	CORRECT Triple Count:6
Test P:0.109
Test R:0.063
Test F1:0.08
