['PASTE_BERT.py', '--gpu_id', '0', '--src_folder', 'darmstadt_unis/', '--trg_folder', 'darmstadt_unis/PASTE_BERT', '--bert_mode', 'gen', '--gen_direct', 'af', '--l2', 'y', '--wd', '1e-5', '--use_pos_tags', 'y', '--use_dep_emb', 'y']
100100.5
BERT
loading data......
No. of sentences:369
No. of lines in Target file:369
No. of lines in POS file:369
No. of lines in DEP file:369
No. of sentences:44
No. of lines in Target file:44
No. of lines in POS file:44
No. of lines in DEP file:44
No. of sentences:59
No. of lines in Target file:59
No. of lines in POS file:59
No. of lines in DEP file:59
Training data size:369
Development data size:44
Test data size:59
Building POS TAG Vocab..
Building DEP TAG Vocab..
Training started......
Batch Count: 23
Parameters size:131663809
weight factor:1
Adam (
Parameter Group 0
    amsgrad: False
    betas: (0.9, 0.999)
    eps: 1e-08
    lr: 0.001
    weight_decay: 1e-05
)
Epoch:1
Training loss:9.932845944943635
Training time:0:00:07.428183

Dev Results

Prediction time:0:00:00.572935
44	48	1
Dev P:0.023
Dev R:0.021
Dev F1:0.022

Test Results

Prediction time:0:00:01.013133
59	73	7
Test P:0.119
Test R:0.096
Test F1:0.106
model saved......



Epoch:2
Training loss:6.547301624132239
Training time:0:00:07.491748

Dev Results

Prediction time:0:00:00.568565
44	48	10
Dev P:0.227
Dev R:0.208
Dev F1:0.217

Test Results

Prediction time:0:00:01.008036
59	73	11
Test P:0.186
Test R:0.151
Test F1:0.167
model saved......



Epoch:3
Training loss:5.524824681489364
Training time:0:00:07.208670

Dev Results

Prediction time:0:00:00.570293
44	48	11
Dev P:0.25
Dev R:0.229
Dev F1:0.239

Test Results

Prediction time:0:00:01.008576
60	73	14
Test P:0.233
Test R:0.192
Test F1:0.211
model saved......



Epoch:4
Training loss:5.011819238248079
Training time:0:00:07.253240

Dev Results

Prediction time:0:00:00.577478
45	48	13
Dev P:0.289
Dev R:0.271
Dev F1:0.28

Test Results

Prediction time:0:00:01.016849
62	73	16
Test P:0.258
Test R:0.219
Test F1:0.237
model saved......



Epoch:5
Training loss:4.378603686457095
Training time:0:00:07.463361

Dev Results

Prediction time:0:00:00.581799
48	48	11
Dev P:0.229
Dev R:0.229
Dev F1:0.229

Test Results

Prediction time:0:00:01.013470
61	73	21
Test P:0.344
Test R:0.288
Test F1:0.313



Epoch:6
Training loss:3.8011325442272685
Training time:0:00:07.421077

Dev Results

Prediction time:0:00:00.575028
44	48	9
Dev P:0.205
Dev R:0.187
Dev F1:0.196

Test Results

Prediction time:0:00:01.022510
59	73	17
Test P:0.288
Test R:0.233
Test F1:0.258



Epoch:7
Training loss:3.4526786596878716
Training time:0:00:07.439647

Dev Results

Prediction time:0:00:00.570355
44	48	10
Dev P:0.227
Dev R:0.208
Dev F1:0.217

Test Results

Prediction time:0:00:01.012293
61	73	19
Test P:0.311
Test R:0.26
Test F1:0.284



Epoch:8
Training loss:2.963657296222189
Training time:0:00:07.075933

Dev Results

Prediction time:0:00:00.573933
49	48	11
Dev P:0.224
Dev R:0.229
Dev F1:0.227

Test Results

Prediction time:0:00:01.010232
62	73	19
Test P:0.306
Test R:0.26
Test F1:0.281



Epoch:9
Training loss:2.5480733902558037
Training time:0:00:07.672741

Dev Results

Prediction time:0:00:00.575972
44	48	9
Dev P:0.205
Dev R:0.187
Dev F1:0.196

Test Results

Prediction time:0:00:01.012150
59	73	18
Test P:0.305
Test R:0.247
Test F1:0.273



Epoch:10
Training loss:2.203859717949577
Training time:0:00:07.033991

Dev Results

Prediction time:0:00:00.572890
47	48	12
Dev P:0.255
Dev R:0.25
Dev F1:0.253

Test Results

Prediction time:0:00:01.006645
62	73	20
Test P:0.323
Test R:0.274
Test F1:0.296



Epoch:11
Training loss:1.8775200118189272
Training time:0:00:07.601193

Dev Results

Prediction time:0:00:00.576644
47	48	8
Dev P:0.17
Dev R:0.167
Dev F1:0.168

Test Results

Prediction time:0:00:01.014059
61	73	19
Test P:0.311
Test R:0.26
Test F1:0.284



Epoch:12
Training loss:1.6179469538771587
Training time:0:00:07.567142

Dev Results

Prediction time:0:00:00.573833
47	48	12
Dev P:0.255
Dev R:0.25
Dev F1:0.253

Test Results

Prediction time:0:00:01.014700
65	73	20
Test P:0.308
Test R:0.274
Test F1:0.29



Epoch:13
Training loss:1.5023125332334768
Training time:0:00:07.489202

Dev Results

Prediction time:0:00:00.575698
44	48	10
Dev P:0.227
Dev R:0.208
Dev F1:0.217

Test Results

Prediction time:0:00:01.010093
60	73	19
Test P:0.317
Test R:0.26
Test F1:0.286



Epoch:14
Training loss:1.2128593558850496
Training time:0:00:07.575421

Dev Results

Prediction time:0:00:00.576562
54	48	14
Dev P:0.259
Dev R:0.292
Dev F1:0.275

Test Results

Prediction time:0:00:01.013092
68	73	22
Test P:0.324
Test R:0.301
Test F1:0.312



Epoch:15
Training loss:1.1500360421512439
Training time:0:00:07.460649

Dev Results

Prediction time:0:00:00.575188
46	48	11
Dev P:0.239
Dev R:0.229
Dev F1:0.234

Test Results

Prediction time:0:00:01.014430
63	73	19
Test P:0.302
Test R:0.26
Test F1:0.279



Epoch:16
Training loss:1.0115522249885227
Training time:0:00:07.667092

Dev Results

Prediction time:0:00:00.587534
45	48	11
Dev P:0.244
Dev R:0.229
Dev F1:0.237

Test Results

Prediction time:0:00:01.023668
60	73	16
Test P:0.267
Test R:0.219
Test F1:0.241



Epoch:17
Training loss:0.9487637553526007
Training time:0:00:07.512546

Dev Results

Prediction time:0:00:00.574960
47	48	13
Dev P:0.277
Dev R:0.271
Dev F1:0.274

Test Results

Prediction time:0:00:01.014865
64	73	18
Test P:0.281
Test R:0.247
Test F1:0.263



Epoch:18
Training loss:0.8629877554333728
Training time:0:00:07.407554

Dev Results

Prediction time:0:00:00.576651
48	48	14
Dev P:0.292
Dev R:0.292
Dev F1:0.292

Test Results

Prediction time:0:00:01.017305
63	73	17
Test P:0.27
Test R:0.233
Test F1:0.25
model saved......



Epoch:19
Training loss:0.7274723752685215
Training time:0:00:07.506136

Dev Results

Prediction time:0:00:00.574484
49	48	13
Dev P:0.265
Dev R:0.271
Dev F1:0.268

Test Results

Prediction time:0:00:01.017577
64	73	17
Test P:0.266
Test R:0.233
Test F1:0.248



Epoch:20
Training loss:0.7353134725404822
Training time:0:00:07.354787

Dev Results

Prediction time:0:00:00.583104
46	48	12
Dev P:0.261
Dev R:0.25
Dev F1:0.255

Test Results

Prediction time:0:00:01.025151
62	73	18
Test P:0.29
Test R:0.247
Test F1:0.267



Epoch:21
Training loss:0.7437778063442396
Training time:0:00:07.328762

Dev Results

Prediction time:0:00:00.577465
47	48	12
Dev P:0.255
Dev R:0.25
Dev F1:0.253

Test Results

Prediction time:0:00:01.021471
62	73	18
Test P:0.29
Test R:0.247
Test F1:0.267



Epoch:22
Training loss:0.7422324211701102
Training time:0:00:07.554965

Dev Results

Prediction time:0:00:00.576752
49	48	14
Dev P:0.286
Dev R:0.292
Dev F1:0.289

Test Results

Prediction time:0:00:01.021565
67	73	20
Test P:0.299
Test R:0.274
Test F1:0.286



Epoch:23
Training loss:0.7233120371466097
Training time:0:00:07.454684

Dev Results

Prediction time:0:00:00.569671
48	48	11
Dev P:0.229
Dev R:0.229
Dev F1:0.229

Test Results

Prediction time:0:00:01.008075
66	73	21
Test P:0.318
Test R:0.288
Test F1:0.302



Epoch:24
Training loss:0.5625867759403975
Training time:0:00:07.408025

Dev Results

Prediction time:0:00:00.574560
46	48	12
Dev P:0.261
Dev R:0.25
Dev F1:0.255

Test Results

Prediction time:0:00:01.007964
62	73	16
Test P:0.258
Test R:0.219
Test F1:0.237



Epoch:25
Training loss:0.5591335581696552
Training time:0:00:07.301238

Dev Results

Prediction time:0:00:00.571299
46	48	12
Dev P:0.261
Dev R:0.25
Dev F1:0.255

Test Results

Prediction time:0:00:01.011214
63	73	18
Test P:0.286
Test R:0.247
Test F1:0.265



Epoch:26
Training loss:0.5213364045257154
Training time:0:00:07.403992

Dev Results

Prediction time:0:00:00.575737
51	48	14
Dev P:0.275
Dev R:0.292
Dev F1:0.283

Test Results

Prediction time:0:00:01.016867
69	73	21
Test P:0.304
Test R:0.288
Test F1:0.296



Epoch:27
Training loss:0.45678898173829785
Training time:0:00:07.308703

Dev Results

Prediction time:0:00:00.571571
50	48	15
Dev P:0.3
Dev R:0.312
Dev F1:0.306

Test Results

Prediction time:0:00:01.016912
64	73	18
Test P:0.281
Test R:0.247
Test F1:0.263
model saved......



Epoch:28
Training loss:0.3608215088429658
Training time:0:00:07.018495

Dev Results

Prediction time:0:00:00.570435
51	48	11
Dev P:0.216
Dev R:0.229
Dev F1:0.222

Test Results

Prediction time:0:00:01.013248
66	73	20
Test P:0.303
Test R:0.274
Test F1:0.288



Epoch:29
Training loss:0.30581297822620557
Training time:0:00:07.399637

Dev Results

Prediction time:0:00:00.578682
52	48	11
Dev P:0.212
Dev R:0.229
Dev F1:0.22

Test Results

Prediction time:0:00:01.019110
65	73	20
Test P:0.308
Test R:0.274
Test F1:0.29



Epoch:30
Training loss:0.4008454388898352
Training time:0:00:07.666356

Dev Results

Prediction time:0:00:00.573503
48	48	11
Dev P:0.229
Dev R:0.229
Dev F1:0.229

Test Results

Prediction time:0:00:01.014257
66	73	20
Test P:0.303
Test R:0.274
Test F1:0.288



*******
Best Epoch:27
Best Epoch Seed:69
Corresponding P:0.281
Corresponding R:0.247
Corresponding F1:0.263



Best Test Epoch:5
Corresponding P:0.344
Corresponding R:0.288
Corresponding F1:0.313



Re-checking the scores of entire Test data with the best saved model:
Total sentences in the test set:59
GT Triple Count:73	PRED Triple Count:64	CORRECT Triple Count:18
Test P:0.281
Test R:0.247
Test F1:0.263
Now printing the scores for various subsets of Test Data with the best saved model:
Total sentences with single triples:48
GT Triple Count:48	PRED Triple Count:49	CORRECT Triple Count:9
Test P:0.184
Test R:0.187
Test F1:0.186
Total sentences with multiple triples:11
GT Triple Count:25	PRED Triple Count:15	CORRECT Triple Count:9
Test P:0.6
Test R:0.36
Test F1:0.45
Total sentences triples with varying sentiments:4
GT Triple Count:9	PRED Triple Count:4	CORRECT Triple Count:1
Test P:0.25
Test R:0.111
Test F1:0.154
Total sentences with overlapping triples:7
GT Triple Count:16	PRED Triple Count:10	CORRECT Triple Count:6
Test P:0.6
Test R:0.375
Test F1:0.462
