['PASTE_BERT.py', '--gpu_id', '0', '--src_folder', 'opener_en/', '--trg_folder', 'opener_en/PASTE_BERT', '--bert_mode', 'gen', '--gen_direct', 'of', '--l2', 'y', '--use_dep_emb', 'y']
100100.5
BERT
loading data......
No. of sentences:1164
No. of lines in Target file:1164
No. of lines in POS file:1164
No. of lines in DEP file:1164
No. of sentences:159
No. of lines in Target file:159
No. of lines in POS file:159
No. of lines in DEP file:159
No. of sentences:342
No. of lines in Target file:342
No. of lines in POS file:342
No. of lines in DEP file:342
Training data size:1157
Development data size:159
Test data size:342
Building POS TAG Vocab..
Building DEP TAG Vocab..
Training started......
Batch Count: 73
Parameters size:129771659
weight factor:1
Adam (
Parameter Group 0
    amsgrad: False
    betas: (0.9, 0.999)
    eps: 1e-08
    lr: 0.001
    weight_decay: 0.0001
)
Epoch:1
Training loss:7.850433467185661
Training time:0:00:27.828512

Dev Results

Prediction time:0:00:02.483901
238	315	98
Dev P:0.412
Dev R:0.311
Dev F1:0.354

Test Results

Prediction time:0:00:05.205638
533	715	209
Test P:0.392
Test R:0.292
Test F1:0.335
model saved......



Epoch:2
Training loss:5.473440199682157
Training time:0:00:27.946543

Dev Results

Prediction time:0:00:02.509396
267	315	123
Dev P:0.461
Dev R:0.39
Dev F1:0.423

Test Results

Prediction time:0:00:05.284138
628	715	285
Test P:0.454
Test R:0.399
Test F1:0.424
model saved......



Epoch:3
Training loss:4.7833241044658505
Training time:0:00:29.045326

Dev Results

Prediction time:0:00:02.525953
259	315	135
Dev P:0.521
Dev R:0.429
Dev F1:0.47

Test Results

Prediction time:0:00:05.272592
592	715	296
Test P:0.5
Test R:0.414
Test F1:0.453
model saved......



Epoch:4
Training loss:4.226999488595414
Training time:0:00:28.652892

Dev Results

Prediction time:0:00:02.497285
220	315	116
Dev P:0.527
Dev R:0.368
Dev F1:0.434

Test Results

Prediction time:0:00:05.230265
482	715	262
Test P:0.544
Test R:0.366
Test F1:0.438



Epoch:5
Training loss:3.830778371797849
Training time:0:00:28.431189

Dev Results

Prediction time:0:00:02.486417
276	315	154
Dev P:0.558
Dev R:0.489
Dev F1:0.521

Test Results

Prediction time:0:00:05.215191
619	715	303
Test P:0.489
Test R:0.424
Test F1:0.454
model saved......



Epoch:6
Training loss:3.535742847886804
Training time:0:00:27.836381

Dev Results

Prediction time:0:00:03.466309
250	315	151
Dev P:0.604
Dev R:0.479
Dev F1:0.535

Test Results

Prediction time:0:00:07.595354
552	715	309
Test P:0.56
Test R:0.432
Test F1:0.488
model saved......



Epoch:7
Training loss:3.128759795672273
Training time:0:00:35.676724

Dev Results

Prediction time:0:00:03.623203
283	315	161
Dev P:0.569
Dev R:0.511
Dev F1:0.538

Test Results

Prediction time:0:00:07.525176
662	715	342
Test P:0.517
Test R:0.478
Test F1:0.497
model saved......



Epoch:8
Training loss:2.9277046739238584
Training time:0:00:36.117373

Dev Results

Prediction time:0:00:03.629560
334	315	154
Dev P:0.461
Dev R:0.489
Dev F1:0.475

Test Results

Prediction time:0:00:07.595510
750	715	340
Test P:0.453
Test R:0.476
Test F1:0.464



Epoch:9
Training loss:2.718051696476871
Training time:0:00:36.281831

Dev Results

Prediction time:0:00:03.622715
274	315	154
Dev P:0.562
Dev R:0.489
Dev F1:0.523

Test Results

Prediction time:0:00:07.559264
621	715	340
Test P:0.548
Test R:0.476
Test F1:0.509



Epoch:10
Training loss:2.443978429657139
Training time:0:00:36.491764

Dev Results

Prediction time:0:00:03.622597
265	315	155
Dev P:0.585
Dev R:0.492
Dev F1:0.534

Test Results

Prediction time:0:00:07.537990
587	715	331
Test P:0.564
Test R:0.463
Test F1:0.508



Epoch:11
Training loss:2.2823329478094023
Training time:0:00:36.561084

Dev Results

Prediction time:0:00:03.615640
273	315	153
Dev P:0.56
Dev R:0.486
Dev F1:0.52

Test Results

Prediction time:0:00:07.550534
650	715	348
Test P:0.535
Test R:0.487
Test F1:0.51



Epoch:12
Training loss:2.179328017038842
Training time:0:00:35.774223

Dev Results

Prediction time:0:00:03.618306
308	315	172
Dev P:0.558
Dev R:0.546
Dev F1:0.552

Test Results

Prediction time:0:00:07.540177
675	715	357
Test P:0.529
Test R:0.499
Test F1:0.514
model saved......



Epoch:13
Training loss:1.9684280606165325
Training time:0:00:36.860656

Dev Results

Prediction time:0:00:03.611816
270	315	152
Dev P:0.563
Dev R:0.483
Dev F1:0.52

Test Results

Prediction time:0:00:07.523735
595	715	334
Test P:0.561
Test R:0.467
Test F1:0.51



Epoch:14
Training loss:1.931638925859373
Training time:0:00:36.758753

Dev Results

Prediction time:0:00:03.607062
267	315	161
Dev P:0.603
Dev R:0.511
Dev F1:0.553

Test Results

Prediction time:0:00:07.493122
595	715	336
Test P:0.565
Test R:0.47
Test F1:0.513
model saved......



Epoch:15
Training loss:1.8216342374886552
Training time:0:00:37.185996

Dev Results

Prediction time:0:00:03.622065
267	315	160
Dev P:0.599
Dev R:0.508
Dev F1:0.55

Test Results

Prediction time:0:00:07.512560
588	715	340
Test P:0.578
Test R:0.476
Test F1:0.522



Epoch:16
Training loss:1.720106837684161
Training time:0:00:35.841642

Dev Results

Prediction time:0:00:03.625402
283	315	158
Dev P:0.558
Dev R:0.502
Dev F1:0.528

Test Results

Prediction time:0:00:07.619758
623	715	338
Test P:0.543
Test R:0.473
Test F1:0.505



Epoch:17
Training loss:1.6408227959724322
Training time:0:00:36.450372

Dev Results

Prediction time:0:00:03.625847
297	315	172
Dev P:0.579
Dev R:0.546
Dev F1:0.562

Test Results

Prediction time:0:00:07.583720
647	715	369
Test P:0.57
Test R:0.516
Test F1:0.542
model saved......



Epoch:18
Training loss:1.4846102158500725
Training time:0:00:38.151347

Dev Results

Prediction time:0:00:03.620808
296	315	173
Dev P:0.584
Dev R:0.549
Dev F1:0.566

Test Results

Prediction time:0:00:07.550852
673	715	361
Test P:0.536
Test R:0.505
Test F1:0.52
model saved......



Epoch:19
Training loss:1.5226166256486553
Training time:0:00:37.705580

Dev Results

Prediction time:0:00:03.604367
286	315	161
Dev P:0.563
Dev R:0.511
Dev F1:0.536

Test Results

Prediction time:0:00:07.515615
633	715	351
Test P:0.555
Test R:0.491
Test F1:0.521



Epoch:20
Training loss:1.3374066973385745
Training time:0:00:38.069235

Dev Results

Prediction time:0:00:03.593370
294	315	175
Dev P:0.595
Dev R:0.556
Dev F1:0.575

Test Results

Prediction time:0:00:07.487676
661	715	362
Test P:0.548
Test R:0.506
Test F1:0.526
model saved......



Epoch:21
Training loss:1.2433529263489866
Training time:0:00:36.438084

Dev Results

Prediction time:0:00:03.608723
285	315	168
Dev P:0.589
Dev R:0.533
Dev F1:0.56

Test Results

Prediction time:0:00:07.505111
638	715	343
Test P:0.538
Test R:0.48
Test F1:0.507



Epoch:22
Training loss:1.260384779270381
Training time:0:00:37.805058

Dev Results

Prediction time:0:00:03.606412
286	315	165
Dev P:0.577
Dev R:0.524
Dev F1:0.549

Test Results

Prediction time:0:00:07.540429
645	715	349
Test P:0.541
Test R:0.488
Test F1:0.513



Epoch:23
Training loss:1.1835372496957648
Training time:0:00:38.042324

Dev Results

Prediction time:0:00:03.629248
275	315	162
Dev P:0.589
Dev R:0.514
Dev F1:0.549

Test Results

Prediction time:0:00:07.563483
620	715	338
Test P:0.545
Test R:0.473
Test F1:0.506



Epoch:24
Training loss:1.2012880244483686
Training time:0:00:39.697500

Dev Results

Prediction time:0:00:03.603075
307	315	171
Dev P:0.557
Dev R:0.543
Dev F1:0.55

Test Results

Prediction time:0:00:07.527519
698	715	366
Test P:0.524
Test R:0.512
Test F1:0.518



Epoch:25
Training loss:1.0611269788382804
Training time:0:00:40.528189

Dev Results

Prediction time:0:00:03.629976
296	315	170
Dev P:0.574
Dev R:0.54
Dev F1:0.556

Test Results

Prediction time:0:00:07.578840
684	715	368
Test P:0.538
Test R:0.515
Test F1:0.526



Epoch:26
Training loss:1.1040314987097701
Training time:0:00:40.291077

Dev Results

Prediction time:0:00:03.623317
287	315	164
Dev P:0.571
Dev R:0.521
Dev F1:0.545

Test Results

Prediction time:0:00:07.590294
637	715	349
Test P:0.548
Test R:0.488
Test F1:0.516



Epoch:27
Training loss:1.0317611302414986
Training time:0:00:39.865264

Dev Results

Prediction time:0:00:03.613164
287	315	165
Dev P:0.575
Dev R:0.524
Dev F1:0.548

Test Results

Prediction time:0:00:07.558839
647	715	357
Test P:0.552
Test R:0.499
Test F1:0.524



Epoch:28
Training loss:1.104493208943981
Training time:0:00:40.146905

Dev Results

Prediction time:0:00:03.633947
297	315	175
Dev P:0.589
Dev R:0.556
Dev F1:0.572

Test Results

Prediction time:0:00:07.560840
675	715	375
Test P:0.556
Test R:0.524
Test F1:0.54



Epoch:29
Training loss:1.0201675575481701
Training time:0:00:42.006838

Dev Results

Prediction time:0:00:03.630832
273	315	162
Dev P:0.593
Dev R:0.514
Dev F1:0.551

Test Results

Prediction time:0:00:07.551166
610	715	351
Test P:0.575
Test R:0.491
Test F1:0.53



Epoch:30
Training loss:0.9681221297240421
Training time:0:00:41.789219

Dev Results

Prediction time:0:00:03.622185
302	315	172
Dev P:0.57
Dev R:0.546
Dev F1:0.558

Test Results

Prediction time:0:00:07.532010
670	715	364
Test P:0.543
Test R:0.509
Test F1:0.526



*******
Best Epoch:20
Best Epoch Seed:62
Corresponding P:0.548
Corresponding R:0.506
Corresponding F1:0.526



Best Test Epoch:17
Corresponding P:0.57
Corresponding R:0.516
Corresponding F1:0.542



Re-checking the scores of entire Test data with the best saved model:
Total sentences in the test set:342
GT Triple Count:715	PRED Triple Count:661	CORRECT Triple Count:362
Test P:0.548
Test R:0.506
Test F1:0.526
Now printing the scores for various subsets of Test Data with the best saved model:
Total sentences with single triples:141
GT Triple Count:141	PRED Triple Count:165	CORRECT Triple Count:76
Test P:0.461
Test R:0.539
Test F1:0.497
Total sentences with multiple triples:201
GT Triple Count:574	PRED Triple Count:496	CORRECT Triple Count:286
Test P:0.577
Test R:0.498
Test F1:0.535
Total sentences triples with varying sentiments:38
GT Triple Count:132	PRED Triple Count:101	CORRECT Triple Count:48
Test P:0.475
Test R:0.364
Test F1:0.412
Total sentences with overlapping triples:140
GT Triple Count:431	PRED Triple Count:356	CORRECT Triple Count:209
Test P:0.587
Test R:0.485
Test F1:0.531
