['PASTE_BERT.py', '--gpu_id', '0', '--src_folder', 'mpqa/', '--trg_folder', 'mpqa/PASTE_BERT', '--bert_mode', 'gen', '--gen_direct', 'af', '--l2', 'y', '--wd', '1e-5', '--use_pos_tags', 'y']
100100.5
BERT
loading data......
No. of sentences:996
No. of lines in Target file:996
No. of lines in POS file:996
No. of lines in DEP file:996
No. of sentences:323
No. of lines in Target file:323
No. of lines in POS file:323
No. of lines in DEP file:323
No. of sentences:322
No. of lines in Target file:322
No. of lines in POS file:322
No. of lines in DEP file:322
Training data size:994
Development data size:323
Test data size:322
Building POS TAG Vocab..
Building DEP TAG Vocab..
Training started......
Batch Count: 63
Parameters size:129772009
weight factor:1
Adam (
Parameter Group 0
    amsgrad: False
    betas: (0.9, 0.999)
    eps: 1e-08
    lr: 0.001
    weight_decay: 1e-05
)
Epoch:1
Training loss:9.866302573491657
Training time:0:00:23.852672

Dev Results

Prediction time:0:00:06.283400
323	426	43
Dev P:0.133
Dev R:0.101
Dev F1:0.115

Test Results

Prediction time:0:00:05.843523
323	421	36
Test P:0.111
Test R:0.086
Test F1:0.097
model saved......



Epoch:2
Training loss:7.072116639879015
Training time:0:00:23.702953

Dev Results

Prediction time:0:00:06.319107
323	426	59
Dev P:0.183
Dev R:0.138
Dev F1:0.158

Test Results

Prediction time:0:00:05.916508
322	421	49
Test P:0.152
Test R:0.116
Test F1:0.132
model saved......



Epoch:3
Training loss:6.319297238001748
Training time:0:00:23.549087

Dev Results

Prediction time:0:00:06.271385
323	426	64
Dev P:0.198
Dev R:0.15
Dev F1:0.171

Test Results

Prediction time:0:00:05.854787
322	421	48
Test P:0.149
Test R:0.114
Test F1:0.129
model saved......



Epoch:4
Training loss:5.764282442274547
Training time:0:00:23.309977

Dev Results

Prediction time:0:00:06.337901
323	426	70
Dev P:0.217
Dev R:0.164
Dev F1:0.187

Test Results

Prediction time:0:00:05.900527
322	421	54
Test P:0.168
Test R:0.128
Test F1:0.145
model saved......



Epoch:5
Training loss:5.136784334031362
Training time:0:00:23.337870

Dev Results

Prediction time:0:00:06.340883
357	426	71
Dev P:0.199
Dev R:0.167
Dev F1:0.181

Test Results

Prediction time:0:00:05.904346
372	421	63
Test P:0.169
Test R:0.15
Test F1:0.159



Epoch:6
Training loss:4.565007561729068
Training time:0:00:23.678965

Dev Results

Prediction time:0:00:06.308591
408	426	80
Dev P:0.196
Dev R:0.188
Dev F1:0.192

Test Results

Prediction time:0:00:05.882458
389	421	59
Test P:0.152
Test R:0.14
Test F1:0.146
model saved......



Epoch:7
Training loss:4.214733059444125
Training time:0:00:23.939214

Dev Results

Prediction time:0:00:06.309811
340	426	74
Dev P:0.218
Dev R:0.174
Dev F1:0.193

Test Results

Prediction time:0:00:05.878792
347	421	64
Test P:0.184
Test R:0.152
Test F1:0.167
model saved......



Epoch:8
Training loss:3.678023618365091
Training time:0:00:23.515670

Dev Results

Prediction time:0:00:06.276903
346	426	82
Dev P:0.237
Dev R:0.192
Dev F1:0.212

Test Results

Prediction time:0:00:05.838991
357	421	70
Test P:0.196
Test R:0.166
Test F1:0.18
model saved......



Epoch:9
Training loss:3.305371876746889
Training time:0:00:23.424241

Dev Results

Prediction time:0:00:06.329893
353	426	75
Dev P:0.212
Dev R:0.176
Dev F1:0.193

Test Results

Prediction time:0:00:05.888146
357	421	53
Test P:0.148
Test R:0.126
Test F1:0.136



Epoch:10
Training loss:2.9614011900765553
Training time:0:00:23.689323

Dev Results

Prediction time:0:00:06.336868
362	426	86
Dev P:0.238
Dev R:0.202
Dev F1:0.218

Test Results

Prediction time:0:00:05.927801
357	421	63
Test P:0.176
Test R:0.15
Test F1:0.162
model saved......



Epoch:11
Training loss:2.5543909668922424
Training time:0:00:23.677902

Dev Results

Prediction time:0:00:06.343472
357	426	75
Dev P:0.21
Dev R:0.176
Dev F1:0.192

Test Results

Prediction time:0:00:05.906505
360	421	73
Test P:0.203
Test R:0.173
Test F1:0.187



Epoch:12
Training loss:2.4391413378337075
Training time:0:00:23.581855

Dev Results

Prediction time:0:00:06.351942
347	426	76
Dev P:0.219
Dev R:0.178
Dev F1:0.197

Test Results

Prediction time:0:00:05.922702
351	421	64
Test P:0.182
Test R:0.152
Test F1:0.166



Epoch:13
Training loss:2.18617514201573
Training time:0:00:23.878585

Dev Results

Prediction time:0:00:06.325520
334	426	73
Dev P:0.219
Dev R:0.171
Dev F1:0.192

Test Results

Prediction time:0:00:05.900202
341	421	55
Test P:0.161
Test R:0.131
Test F1:0.144



Epoch:14
Training loss:2.0301547901970998
Training time:0:00:23.470381

Dev Results

Prediction time:0:00:06.344411
333	426	77
Dev P:0.231
Dev R:0.181
Dev F1:0.203

Test Results

Prediction time:0:00:05.903338
333	421	61
Test P:0.183
Test R:0.145
Test F1:0.162



Epoch:15
Training loss:1.8100290402533517
Training time:0:00:23.818385

Dev Results

Prediction time:0:00:06.335351
347	426	85
Dev P:0.245
Dev R:0.2
Dev F1:0.22

Test Results

Prediction time:0:00:05.898890
351	421	70
Test P:0.199
Test R:0.166
Test F1:0.181
model saved......



Epoch:16
Training loss:1.75206553652173
Training time:0:00:24.079263

Dev Results

Prediction time:0:00:06.348806
338	426	83
Dev P:0.246
Dev R:0.195
Dev F1:0.217

Test Results

Prediction time:0:00:05.934577
348	421	65
Test P:0.187
Test R:0.154
Test F1:0.169



Epoch:17
Training loss:1.580800855916644
Training time:0:00:23.591265

Dev Results

Prediction time:0:00:06.328443
355	426	90
Dev P:0.254
Dev R:0.211
Dev F1:0.23

Test Results

Prediction time:0:00:05.896153
357	421	61
Test P:0.171
Test R:0.145
Test F1:0.157
model saved......



Epoch:18
Training loss:1.4299479732437739
Training time:0:00:23.856428

Dev Results

Prediction time:0:00:06.333323
378	426	88
Dev P:0.233
Dev R:0.207
Dev F1:0.219

Test Results

Prediction time:0:00:05.905017
372	421	65
Test P:0.175
Test R:0.154
Test F1:0.164



Epoch:19
Training loss:1.3435971116026242
Training time:0:00:23.964986

Dev Results

Prediction time:0:00:06.332459
339	426	81
Dev P:0.239
Dev R:0.19
Dev F1:0.212

Test Results

Prediction time:0:00:05.903482
345	421	62
Test P:0.18
Test R:0.147
Test F1:0.162



Epoch:20
Training loss:1.291679234731765
Training time:0:00:23.552581

Dev Results

Prediction time:0:00:06.363501
356	426	85
Dev P:0.239
Dev R:0.2
Dev F1:0.217

Test Results

Prediction time:0:00:05.945239
363	421	58
Test P:0.16
Test R:0.138
Test F1:0.148



Epoch:21
Training loss:1.1999237840137784
Training time:0:00:23.337794

Dev Results

Prediction time:0:00:06.325025
371	426	85
Dev P:0.229
Dev R:0.2
Dev F1:0.213

Test Results

Prediction time:0:00:05.882745
383	421	69
Test P:0.18
Test R:0.164
Test F1:0.172



Epoch:22
Training loss:1.1427752697278584
Training time:0:00:23.528472

Dev Results

Prediction time:0:00:06.306447
340	426	70
Dev P:0.206
Dev R:0.164
Dev F1:0.183

Test Results

Prediction time:0:00:05.863302
340	421	64
Test P:0.188
Test R:0.152
Test F1:0.168



Epoch:23
Training loss:1.1178934063230241
Training time:0:00:23.342883

Dev Results

Prediction time:0:00:06.286558
349	426	80
Dev P:0.229
Dev R:0.188
Dev F1:0.206

Test Results

Prediction time:0:00:05.875931
364	421	58
Test P:0.159
Test R:0.138
Test F1:0.148



Epoch:24
Training loss:0.9581888005847022
Training time:0:00:23.810924

Dev Results

Prediction time:0:00:06.337415
363	426	74
Dev P:0.204
Dev R:0.174
Dev F1:0.188

Test Results

Prediction time:0:00:05.900280
380	421	63
Test P:0.166
Test R:0.15
Test F1:0.157



Epoch:25
Training loss:1.0053207458011688
Training time:0:00:23.607268

Dev Results

Prediction time:0:00:06.333603
376	426	86
Dev P:0.229
Dev R:0.202
Dev F1:0.214

Test Results

Prediction time:0:00:05.901208
381	421	62
Test P:0.163
Test R:0.147
Test F1:0.155



Epoch:26
Training loss:0.8434326222964695
Training time:0:00:23.724429

Dev Results

Prediction time:0:00:06.291178
346	426	84
Dev P:0.243
Dev R:0.197
Dev F1:0.218

Test Results

Prediction time:0:00:05.847475
344	421	62
Test P:0.18
Test R:0.147
Test F1:0.162



Epoch:27
Training loss:0.882684441312911
Training time:0:00:23.938548

Dev Results

Prediction time:0:00:06.288634
338	426	76
Dev P:0.225
Dev R:0.178
Dev F1:0.199

Test Results

Prediction time:0:00:05.850811
347	421	58
Test P:0.167
Test R:0.138
Test F1:0.151



Epoch:28
Training loss:0.9290102162058391
Training time:0:00:23.737798

Dev Results

Prediction time:0:00:06.312450
367	426	76
Dev P:0.207
Dev R:0.178
Dev F1:0.192

Test Results

Prediction time:0:00:05.869897
369	421	63
Test P:0.171
Test R:0.15
Test F1:0.159



Epoch:29
Training loss:0.8300470447256452
Training time:0:00:23.536686

Dev Results

Prediction time:0:00:06.352780
363	426	79
Dev P:0.218
Dev R:0.185
Dev F1:0.2

Test Results

Prediction time:0:00:05.895645
375	421	58
Test P:0.155
Test R:0.138
Test F1:0.146



Epoch:30
Training loss:0.7545228716399934
Training time:0:00:23.729018

Dev Results

Prediction time:0:00:06.314440
341	426	73
Dev P:0.214
Dev R:0.171
Dev F1:0.19

Test Results

Prediction time:0:00:05.886365
345	421	55
Test P:0.159
Test R:0.131
Test F1:0.144



*******
Best Epoch:17
Best Epoch Seed:59
Corresponding P:0.171
Corresponding R:0.145
Corresponding F1:0.157



Best Test Epoch:11
Corresponding P:0.203
Corresponding R:0.173
Corresponding F1:0.187



Re-checking the scores of entire Test data with the best saved model:
Total sentences in the test set:322
GT Triple Count:421	PRED Triple Count:357	CORRECT Triple Count:61
Test P:0.171
Test R:0.145
Test F1:0.157
Now printing the scores for various subsets of Test Data with the best saved model:
Total sentences with single triples:243
GT Triple Count:243	PRED Triple Count:259	CORRECT Triple Count:44
Test P:0.17
Test R:0.181
Test F1:0.175
Total sentences with multiple triples:79
GT Triple Count:178	PRED Triple Count:98	CORRECT Triple Count:17
Test P:0.173
Test R:0.096
Test F1:0.123
Total sentences triples with varying sentiments:31
GT Triple Count:79	PRED Triple Count:38	CORRECT Triple Count:4
Test P:0.105
Test R:0.051
Test F1:0.068
Total sentences with overlapping triples:42
GT Triple Count:95	PRED Triple Count:46	CORRECT Triple Count:5
Test P:0.109
Test R:0.053
Test F1:0.071
