['PASTE_BERT.py', '--gpu_id', '0', '--src_folder', 'mpqa/', '--trg_folder', 'mpqa/PASTE_BERT', '--bert_mode', 'gen', '--gen_direct', 'of', '--l2', 'y', '--use_pos_tags', 'y']
100100.5
BERT
loading data......
No. of sentences:996
No. of lines in Target file:996
No. of lines in POS file:996
No. of lines in DEP file:996
No. of sentences:323
No. of lines in Target file:323
No. of lines in POS file:323
No. of lines in DEP file:323
No. of sentences:322
No. of lines in Target file:322
No. of lines in POS file:322
No. of lines in DEP file:322
Training data size:994
Development data size:323
Test data size:322
Building POS TAG Vocab..
Building DEP TAG Vocab..
Training started......
Batch Count: 63
Parameters size:129772009
weight factor:1
Adam (
Parameter Group 0
    amsgrad: False
    betas: (0.9, 0.999)
    eps: 1e-08
    lr: 0.001
    weight_decay: 0.0001
)
Epoch:1
Training loss:9.826460126846555
Training time:0:00:23.758333

Dev Results

Prediction time:0:00:06.271695
323	426	49
Dev P:0.152
Dev R:0.115
Dev F1:0.131

Test Results

Prediction time:0:00:05.861508
322	421	41
Test P:0.127
Test R:0.097
Test F1:0.11
model saved......



Epoch:2
Training loss:7.092136890169174
Training time:0:00:23.712727

Dev Results

Prediction time:0:00:06.307939
323	426	61
Dev P:0.189
Dev R:0.143
Dev F1:0.163

Test Results

Prediction time:0:00:05.893342
322	421	51
Test P:0.158
Test R:0.121
Test F1:0.137
model saved......



Epoch:3
Training loss:6.319648954603407
Training time:0:00:23.537719

Dev Results

Prediction time:0:00:06.316908
323	426	59
Dev P:0.183
Dev R:0.138
Dev F1:0.158

Test Results

Prediction time:0:00:05.905545
322	421	50
Test P:0.155
Test R:0.119
Test F1:0.135



Epoch:4
Training loss:5.702154719640339
Training time:0:00:23.153929

Dev Results

Prediction time:0:00:06.294352
326	426	70
Dev P:0.215
Dev R:0.164
Dev F1:0.186

Test Results

Prediction time:0:00:05.865433
322	421	52
Test P:0.161
Test R:0.124
Test F1:0.14
model saved......



Epoch:5
Training loss:5.1869831842089456
Training time:0:00:23.260754

Dev Results

Prediction time:0:00:06.293520
380	426	77
Dev P:0.203
Dev R:0.181
Dev F1:0.191

Test Results

Prediction time:0:00:05.879051
380	421	61
Test P:0.161
Test R:0.145
Test F1:0.152
model saved......



Epoch:6
Training loss:4.520787530475193
Training time:0:00:23.415698

Dev Results

Prediction time:0:00:06.310952
412	426	86
Dev P:0.209
Dev R:0.202
Dev F1:0.205

Test Results

Prediction time:0:00:05.889095
396	421	71
Test P:0.179
Test R:0.169
Test F1:0.174
model saved......



Epoch:7
Training loss:4.164715634451972
Training time:0:00:23.689122

Dev Results

Prediction time:0:00:06.293495
388	426	83
Dev P:0.214
Dev R:0.195
Dev F1:0.204

Test Results

Prediction time:0:00:05.854361
379	421	71
Test P:0.187
Test R:0.169
Test F1:0.177



Epoch:8
Training loss:3.6009158463705155
Training time:0:00:23.349189

Dev Results

Prediction time:0:00:06.284026
332	426	83
Dev P:0.25
Dev R:0.195
Dev F1:0.219

Test Results

Prediction time:0:00:05.885483
325	421	61
Test P:0.188
Test R:0.145
Test F1:0.164
model saved......



Epoch:9
Training loss:3.364230880661616
Training time:0:00:23.395729

Dev Results

Prediction time:0:00:06.245718
334	426	77
Dev P:0.231
Dev R:0.181
Dev F1:0.203

Test Results

Prediction time:0:00:05.841384
337	421	61
Test P:0.181
Test R:0.145
Test F1:0.161



Epoch:10
Training loss:2.8282988885092357
Training time:0:00:23.578407

Dev Results

Prediction time:0:00:06.296071
355	426	78
Dev P:0.22
Dev R:0.183
Dev F1:0.2

Test Results

Prediction time:0:00:05.884872
355	421	65
Test P:0.183
Test R:0.154
Test F1:0.168



Epoch:11
Training loss:2.52339700290135
Training time:0:00:23.453107

Dev Results

Prediction time:0:00:06.289904
407	426	86
Dev P:0.211
Dev R:0.202
Dev F1:0.206

Test Results

Prediction time:0:00:05.890027
412	421	71
Test P:0.172
Test R:0.169
Test F1:0.17



Epoch:12
Training loss:2.4177439420942277
Training time:0:00:23.346513

Dev Results

Prediction time:0:00:06.299016
339	426	73
Dev P:0.215
Dev R:0.171
Dev F1:0.191

Test Results

Prediction time:0:00:05.880265
337	421	65
Test P:0.193
Test R:0.154
Test F1:0.172



Epoch:13
Training loss:2.214895553059048
Training time:0:00:24.111379

Dev Results

Prediction time:0:00:06.329612
350	426	79
Dev P:0.226
Dev R:0.185
Dev F1:0.204

Test Results

Prediction time:0:00:05.917277
354	421	62
Test P:0.175
Test R:0.147
Test F1:0.16



Epoch:14
Training loss:2.0823639801570346
Training time:0:00:24.019477

Dev Results

Prediction time:0:00:06.285895
338	426	77
Dev P:0.228
Dev R:0.181
Dev F1:0.202

Test Results

Prediction time:0:00:05.888503
340	421	60
Test P:0.176
Test R:0.143
Test F1:0.158



Epoch:15
Training loss:1.7921432237776498
Training time:0:00:24.190161

Dev Results

Prediction time:0:00:06.326340
373	426	74
Dev P:0.198
Dev R:0.174
Dev F1:0.185

Test Results

Prediction time:0:00:05.897960
370	421	69
Test P:0.186
Test R:0.164
Test F1:0.174



Epoch:16
Training loss:1.693760565349034
Training time:0:00:23.973387

Dev Results

Prediction time:0:00:06.337254
353	426	79
Dev P:0.224
Dev R:0.185
Dev F1:0.203

Test Results

Prediction time:0:00:05.907925
356	421	68
Test P:0.191
Test R:0.162
Test F1:0.175



Epoch:17
Training loss:1.626223381549593
Training time:0:00:23.521211

Dev Results

Prediction time:0:00:06.340459
350	426	81
Dev P:0.231
Dev R:0.19
Dev F1:0.209

Test Results

Prediction time:0:00:05.914823
353	421	62
Test P:0.176
Test R:0.147
Test F1:0.16



Epoch:18
Training loss:1.4476151613015977
Training time:0:00:23.625714

Dev Results

Prediction time:0:00:06.294564
349	426	82
Dev P:0.235
Dev R:0.192
Dev F1:0.212

Test Results

Prediction time:0:00:05.861769
353	421	60
Test P:0.17
Test R:0.143
Test F1:0.155



Epoch:19
Training loss:1.4060402147117115
Training time:0:00:23.623705

Dev Results

Prediction time:0:00:06.289421
346	426	81
Dev P:0.234
Dev R:0.19
Dev F1:0.21

Test Results

Prediction time:0:00:05.859699
346	421	58
Test P:0.168
Test R:0.138
Test F1:0.151



Epoch:20
Training loss:1.2543205590475173
Training time:0:00:23.409939

Dev Results

Prediction time:0:00:06.292287
330	426	78
Dev P:0.236
Dev R:0.183
Dev F1:0.206

Test Results

Prediction time:0:00:05.872969
329	421	60
Test P:0.182
Test R:0.143
Test F1:0.16



Epoch:21
Training loss:1.2922847876473078
Training time:0:00:23.303506

Dev Results

Prediction time:0:00:06.326969
358	426	82
Dev P:0.229
Dev R:0.192
Dev F1:0.209

Test Results

Prediction time:0:00:05.910802
369	421	61
Test P:0.165
Test R:0.145
Test F1:0.154



Epoch:22
Training loss:1.1847178235886588
Training time:0:00:23.529844

Dev Results

Prediction time:0:00:06.308859
348	426	83
Dev P:0.239
Dev R:0.195
Dev F1:0.214

Test Results

Prediction time:0:00:05.905594
354	421	70
Test P:0.198
Test R:0.166
Test F1:0.181



Epoch:23
Training loss:1.0911639214508118
Training time:0:00:23.340432

Dev Results

Prediction time:0:00:06.307162
356	426	84
Dev P:0.236
Dev R:0.197
Dev F1:0.215

Test Results

Prediction time:0:00:05.872958
360	421	66
Test P:0.183
Test R:0.157
Test F1:0.169



Epoch:24
Training loss:1.0720767293657576
Training time:0:00:23.684207

Dev Results

Prediction time:0:00:06.235421
339	426	81
Dev P:0.239
Dev R:0.19
Dev F1:0.212

Test Results

Prediction time:0:00:05.819241
339	421	59
Test P:0.174
Test R:0.14
Test F1:0.155



Epoch:25
Training loss:1.0262180112657093
Training time:0:00:23.367880

Dev Results

Prediction time:0:00:06.300836
386	426	89
Dev P:0.231
Dev R:0.209
Dev F1:0.219

Test Results

Prediction time:0:00:05.889699
391	421	70
Test P:0.179
Test R:0.166
Test F1:0.172
model saved......



Epoch:26
Training loss:1.0132712182544528
Training time:0:00:23.626199

Dev Results

Prediction time:0:00:06.327602
382	426	83
Dev P:0.217
Dev R:0.195
Dev F1:0.205

Test Results

Prediction time:0:00:05.902775
387	421	69
Test P:0.178
Test R:0.164
Test F1:0.171



Epoch:27
Training loss:0.8915982542056886
Training time:0:00:23.647767

Dev Results

Prediction time:0:00:06.261635
350	426	76
Dev P:0.217
Dev R:0.178
Dev F1:0.196

Test Results

Prediction time:0:00:05.838068
353	421	62
Test P:0.176
Test R:0.147
Test F1:0.16



Epoch:28
Training loss:0.8713361980423094
Training time:0:00:23.553511

Dev Results

Prediction time:0:00:06.265206
351	426	73
Dev P:0.208
Dev R:0.171
Dev F1:0.188

Test Results

Prediction time:0:00:05.854135
349	421	61
Test P:0.175
Test R:0.145
Test F1:0.158



Epoch:29
Training loss:0.8223150514421009
Training time:0:00:23.311151

Dev Results

Prediction time:0:00:06.327614
391	426	84
Dev P:0.215
Dev R:0.197
Dev F1:0.206

Test Results

Prediction time:0:00:06.125158
385	421	68
Test P:0.177
Test R:0.162
Test F1:0.169



Epoch:30
Training loss:0.7552109218779064
Training time:0:00:26.192712

Dev Results

Prediction time:0:00:06.369198
393	426	85
Dev P:0.216
Dev R:0.2
Dev F1:0.208

Test Results

Prediction time:0:00:05.963968
398	421	69
Test P:0.173
Test R:0.164
Test F1:0.168



*******
Best Epoch:25
Best Epoch Seed:67
Corresponding P:0.179
Corresponding R:0.166
Corresponding F1:0.172



Best Test Epoch:22
Corresponding P:0.198
Corresponding R:0.166
Corresponding F1:0.181



Re-checking the scores of entire Test data with the best saved model:
Total sentences in the test set:322
GT Triple Count:421	PRED Triple Count:391	CORRECT Triple Count:70
Test P:0.179
Test R:0.166
Test F1:0.172
Now printing the scores for various subsets of Test Data with the best saved model:
Total sentences with single triples:243
GT Triple Count:243	PRED Triple Count:282	CORRECT Triple Count:48
Test P:0.17
Test R:0.198
Test F1:0.183
Total sentences with multiple triples:79
GT Triple Count:178	PRED Triple Count:109	CORRECT Triple Count:22
Test P:0.202
Test R:0.124
Test F1:0.153
Total sentences triples with varying sentiments:31
GT Triple Count:79	PRED Triple Count:47	CORRECT Triple Count:6
Test P:0.128
Test R:0.076
Test F1:0.095
Total sentences with overlapping triples:42
GT Triple Count:95	PRED Triple Count:53	CORRECT Triple Count:7
Test P:0.132
Test R:0.074
Test F1:0.095
