['PASTE_BERT.py', '--gpu_id', '0', '--src_folder', 'mpqa/', '--trg_folder', 'mpqa/PASTE_BERT', '--bert_mode', 'gen', '--gen_direct', 'af', '--l2', 'y']
100100.5
BERT
loading data......
No. of sentences:996
No. of lines in Target file:996
No. of lines in POS file:996
No. of lines in DEP file:996
No. of sentences:323
No. of lines in Target file:323
No. of lines in POS file:323
No. of lines in DEP file:323
No. of sentences:322
No. of lines in Target file:322
No. of lines in POS file:322
No. of lines in DEP file:322
Training data size:994
Development data size:323
Test data size:322
Building POS TAG Vocab..
Building DEP TAG Vocab..
Training started......
Batch Count: 63
Parameters size:127959659
weight factor:1
Adam (
Parameter Group 0
    amsgrad: False
    betas: (0.9, 0.999)
    eps: 1e-08
    lr: 0.001
    weight_decay: 0.0001
)
Epoch:1
Training loss:9.872241973876953
Training time:0:00:24.764964

Dev Results

Prediction time:0:00:06.019953
333	426	45
Dev P:0.135
Dev R:0.106
Dev F1:0.119

Test Results

Prediction time:0:00:05.665681
327	421	39
Test P:0.119
Test R:0.093
Test F1:0.104
model saved......



Epoch:2
Training loss:7.098644120352609
Training time:0:00:22.343792

Dev Results

Prediction time:0:00:06.084399
322	426	64
Dev P:0.199
Dev R:0.15
Dev F1:0.171

Test Results

Prediction time:0:00:05.698732
322	421	46
Test P:0.143
Test R:0.109
Test F1:0.124
model saved......



Epoch:3
Training loss:6.244579095689077
Training time:0:00:22.027489

Dev Results

Prediction time:0:00:06.124218
324	426	60
Dev P:0.185
Dev R:0.141
Dev F1:0.16

Test Results

Prediction time:0:00:05.723119
323	421	50
Test P:0.155
Test R:0.119
Test F1:0.134



Epoch:4
Training loss:5.60404284038241
Training time:0:00:21.779332

Dev Results

Prediction time:0:00:06.063182
324	426	65
Dev P:0.201
Dev R:0.153
Dev F1:0.173

Test Results

Prediction time:0:00:05.679934
324	421	52
Test P:0.16
Test R:0.124
Test F1:0.14
model saved......



Epoch:5
Training loss:5.023590962092082
Training time:0:00:21.960808

Dev Results

Prediction time:0:00:06.028367
382	426	74
Dev P:0.194
Dev R:0.174
Dev F1:0.183

Test Results

Prediction time:0:00:05.667262
371	421	59
Test P:0.159
Test R:0.14
Test F1:0.149
model saved......



Epoch:6
Training loss:4.4488204547337125
Training time:0:00:22.147212

Dev Results

Prediction time:0:00:06.076936
388	426	69
Dev P:0.178
Dev R:0.162
Dev F1:0.17

Test Results

Prediction time:0:00:05.689340
377	421	59
Test P:0.156
Test R:0.14
Test F1:0.148



Epoch:7
Training loss:4.070652734665644
Training time:0:00:22.310544

Dev Results

Prediction time:0:00:06.066524
345	426	79
Dev P:0.229
Dev R:0.185
Dev F1:0.205

Test Results

Prediction time:0:00:05.683519
351	421	60
Test P:0.171
Test R:0.143
Test F1:0.155
model saved......



Epoch:8
Training loss:3.4237165753803556
Training time:0:00:22.120383

Dev Results

Prediction time:0:00:06.091363
352	426	68
Dev P:0.193
Dev R:0.16
Dev F1:0.175

Test Results

Prediction time:0:00:05.703016
362	421	58
Test P:0.16
Test R:0.138
Test F1:0.148



Epoch:9
Training loss:3.0895401788136314
Training time:0:00:21.930772

Dev Results

Prediction time:0:00:06.086728
334	426	66
Dev P:0.198
Dev R:0.155
Dev F1:0.174

Test Results

Prediction time:0:00:05.707997
337	421	61
Test P:0.181
Test R:0.145
Test F1:0.161



Epoch:10
Training loss:2.7605379025141397
Training time:0:00:22.205123

Dev Results

Prediction time:0:00:06.067544
365	426	73
Dev P:0.2
Dev R:0.171
Dev F1:0.185

Test Results

Prediction time:0:00:05.696308
370	421	65
Test P:0.176
Test R:0.154
Test F1:0.164



Epoch:11
Training loss:2.415963529594361
Training time:0:00:22.009247

Dev Results

Prediction time:0:00:06.097528
353	426	69
Dev P:0.195
Dev R:0.162
Dev F1:0.177

Test Results

Prediction time:0:00:05.715564
372	421	61
Test P:0.164
Test R:0.145
Test F1:0.154



Epoch:12
Training loss:2.2044750773717485
Training time:0:00:22.099304

Dev Results

Prediction time:0:00:06.090422
344	426	68
Dev P:0.198
Dev R:0.16
Dev F1:0.177

Test Results

Prediction time:0:00:05.712043
360	421	62
Test P:0.172
Test R:0.147
Test F1:0.159



Epoch:13
Training loss:2.1458281070467025
Training time:0:00:22.453064

Dev Results

Prediction time:0:00:06.074820
328	426	70
Dev P:0.213
Dev R:0.164
Dev F1:0.186

Test Results

Prediction time:0:00:05.699800
325	421	61
Test P:0.188
Test R:0.145
Test F1:0.164



Epoch:14
Training loss:1.955715883345831
Training time:0:00:22.070188

Dev Results

Prediction time:0:00:06.085602
347	426	71
Dev P:0.205
Dev R:0.167
Dev F1:0.184

Test Results

Prediction time:0:00:05.709659
357	421	65
Test P:0.182
Test R:0.154
Test F1:0.167



Epoch:15
Training loss:1.6725155086744399
Training time:0:00:22.319893

Dev Results

Prediction time:0:00:06.116133
381	426	75
Dev P:0.197
Dev R:0.176
Dev F1:0.186

Test Results

Prediction time:0:00:05.720375
392	421	65
Test P:0.166
Test R:0.154
Test F1:0.16



Epoch:16
Training loss:1.5270735441692291
Training time:0:00:22.426889

Dev Results

Prediction time:0:00:06.111646
380	426	78
Dev P:0.205
Dev R:0.183
Dev F1:0.194

Test Results

Prediction time:0:00:05.738986
393	421	67
Test P:0.17
Test R:0.159
Test F1:0.165



Epoch:17
Training loss:1.4864899270118228
Training time:0:00:22.021501

Dev Results

Prediction time:0:00:06.089184
332	426	71
Dev P:0.214
Dev R:0.167
Dev F1:0.187

Test Results

Prediction time:0:00:05.704166
332	421	64
Test P:0.193
Test R:0.152
Test F1:0.17



Epoch:18
Training loss:1.3293826494898116
Training time:0:00:22.239226

Dev Results

Prediction time:0:00:06.141688
361	426	68
Dev P:0.188
Dev R:0.16
Dev F1:0.173

Test Results

Prediction time:0:00:05.739329
375	421	68
Test P:0.181
Test R:0.162
Test F1:0.171



Epoch:19
Training loss:1.3113106697324723
Training time:0:00:22.327974

Dev Results

Prediction time:0:00:06.109114
343	426	73
Dev P:0.213
Dev R:0.171
Dev F1:0.19

Test Results

Prediction time:0:00:05.716646
353	421	65
Test P:0.184
Test R:0.154
Test F1:0.168



Epoch:20
Training loss:1.256508652653013
Training time:0:00:21.956711

Dev Results

Prediction time:0:00:06.072516
382	426	79
Dev P:0.207
Dev R:0.185
Dev F1:0.196

Test Results

Prediction time:0:00:05.700570
404	421	67
Test P:0.166
Test R:0.159
Test F1:0.162



Epoch:21
Training loss:1.200836834453401
Training time:0:00:21.816216

Dev Results

Prediction time:0:00:06.124474
338	426	70
Dev P:0.207
Dev R:0.164
Dev F1:0.183

Test Results

Prediction time:0:00:05.737912
353	421	70
Test P:0.198
Test R:0.166
Test F1:0.181



Epoch:22
Training loss:1.0911783192838942
Training time:0:00:22.052588

Dev Results

Prediction time:0:00:06.112190
359	426	76
Dev P:0.212
Dev R:0.178
Dev F1:0.194

Test Results

Prediction time:0:00:05.724458
359	421	58
Test P:0.162
Test R:0.138
Test F1:0.149



Epoch:23
Training loss:0.9938702815108829
Training time:0:00:22.079297

Dev Results

Prediction time:0:00:06.123760
366	426	73
Dev P:0.199
Dev R:0.171
Dev F1:0.184

Test Results

Prediction time:0:00:05.739999
396	421	61
Test P:0.154
Test R:0.145
Test F1:0.149



Epoch:24
Training loss:0.9103284615372854
Training time:0:00:22.188562

Dev Results

Prediction time:0:00:06.105889
337	426	65
Dev P:0.193
Dev R:0.153
Dev F1:0.17

Test Results

Prediction time:0:00:05.724187
348	421	61
Test P:0.175
Test R:0.145
Test F1:0.159



Epoch:25
Training loss:0.9257684988634927
Training time:0:00:22.227797

Dev Results

Prediction time:0:00:06.139360
358	426	76
Dev P:0.212
Dev R:0.178
Dev F1:0.194

Test Results

Prediction time:0:00:05.745793
375	421	65
Test P:0.173
Test R:0.154
Test F1:0.163



Epoch:26
Training loss:0.9503270870163327
Training time:0:00:22.402803

Dev Results

Prediction time:0:00:06.111113
337	426	71
Dev P:0.211
Dev R:0.167
Dev F1:0.186

Test Results

Prediction time:0:00:05.728206
339	421	58
Test P:0.171
Test R:0.138
Test F1:0.153



Epoch:27
Training loss:0.9452324779260726
Training time:0:00:22.431321

Dev Results

Prediction time:0:00:06.129462
358	426	70
Dev P:0.196
Dev R:0.164
Dev F1:0.179

Test Results

Prediction time:0:00:05.728562
361	421	66
Test P:0.183
Test R:0.157
Test F1:0.169



Epoch:28
Training loss:0.8555081694845169
Training time:0:00:22.256208

Dev Results

Prediction time:0:00:06.102659
342	426	72
Dev P:0.211
Dev R:0.169
Dev F1:0.187

Test Results

Prediction time:0:00:05.723894
353	421	56
Test P:0.159
Test R:0.133
Test F1:0.145



Epoch:29
Training loss:0.8482051264672053
Training time:0:00:22.013043

Dev Results

Prediction time:0:00:06.134934
346	426	70
Dev P:0.202
Dev R:0.164
Dev F1:0.181

Test Results

Prediction time:0:00:05.752132
354	421	56
Test P:0.158
Test R:0.133
Test F1:0.145



Epoch:30
Training loss:0.8343737508569445
Training time:0:00:22.198684

Dev Results

Prediction time:0:00:06.120255
369	426	74
Dev P:0.201
Dev R:0.174
Dev F1:0.186

Test Results

Prediction time:0:00:05.735301
392	421	59
Test P:0.151
Test R:0.14
Test F1:0.145



*******
Best Epoch:7
Best Epoch Seed:49
Corresponding P:0.171
Corresponding R:0.143
Corresponding F1:0.155



Best Test Epoch:21
Corresponding P:0.198
Corresponding R:0.166
Corresponding F1:0.181



Re-checking the scores of entire Test data with the best saved model:
Total sentences in the test set:322
GT Triple Count:421	PRED Triple Count:351	CORRECT Triple Count:60
Test P:0.171
Test R:0.143
Test F1:0.155
Now printing the scores for various subsets of Test Data with the best saved model:
Total sentences with single triples:243
GT Triple Count:243	PRED Triple Count:256	CORRECT Triple Count:44
Test P:0.172
Test R:0.181
Test F1:0.176
Total sentences with multiple triples:79
GT Triple Count:178	PRED Triple Count:95	CORRECT Triple Count:16
Test P:0.168
Test R:0.09
Test F1:0.117
Total sentences triples with varying sentiments:31
GT Triple Count:79	PRED Triple Count:35	CORRECT Triple Count:4
Test P:0.114
Test R:0.051
Test F1:0.07
Total sentences with overlapping triples:42
GT Triple Count:95	PRED Triple Count:48	CORRECT Triple Count:7
Test P:0.146
Test R:0.074
Test F1:0.098
