['PASTE_BERT.py', '--gpu_id', '0', '--src_folder', 'multibooked_ca/', '--trg_folder', 'multibooked_ca/PASTE_BERT', '--bert_mode', 'gen_mul', '--gen_direct', 'of', '--l2', 'y']
100100.5
BERT
loading data......
No. of sentences:792
No. of lines in Target file:792
No. of lines in POS file:792
No. of lines in DEP file:792
No. of sentences:111
No. of lines in Target file:111
No. of lines in POS file:111
No. of lines in DEP file:111
No. of sentences:209
No. of lines in Target file:209
No. of lines in POS file:209
No. of lines in DEP file:209
Training data size:786
Development data size:111
Test data size:209
Building POS TAG Vocab..
Building DEP TAG Vocab..
Training started......
Batch Count: 50
Parameters size:185833835
weight factor:1
Adam (
Parameter Group 0
    amsgrad: False
    betas: (0.9, 0.999)
    eps: 1e-08
    lr: 0.001
    weight_decay: 0.0001
)
Epoch:1
Training loss:8.805710525512696
Training time:0:00:21.280109

Dev Results

Prediction time:0:00:01.950372
129	192	40
Dev P:0.31
Dev R:0.208
Dev F1:0.249

Test Results

Prediction time:0:00:03.282857
256	373	82
Test P:0.32
Test R:0.22
Test F1:0.261
model saved......



Epoch:2
Training loss:5.853228054046631
Training time:0:00:19.181381

Dev Results

Prediction time:0:00:01.933902
128	192	50
Dev P:0.391
Dev R:0.26
Dev F1:0.312

Test Results

Prediction time:0:00:03.343136
274	373	101
Test P:0.369
Test R:0.271
Test F1:0.312
model saved......



Epoch:3
Training loss:5.043075180053711
Training time:0:00:20.087868

Dev Results

Prediction time:0:00:01.930234
181	192	75
Dev P:0.414
Dev R:0.391
Dev F1:0.402

Test Results

Prediction time:0:00:03.348532
372	373	135
Test P:0.363
Test R:0.362
Test F1:0.362
model saved......



Epoch:4
Training loss:4.565905427932739
Training time:0:00:19.712783

Dev Results

Prediction time:0:00:01.927922
175	192	73
Dev P:0.417
Dev R:0.38
Dev F1:0.398

Test Results

Prediction time:0:00:03.340676
341	373	133
Test P:0.39
Test R:0.357
Test F1:0.373



Epoch:5
Training loss:4.194641098976136
Training time:0:00:20.220979

Dev Results

Prediction time:0:00:01.937785
153	192	66
Dev P:0.431
Dev R:0.344
Dev F1:0.383

Test Results

Prediction time:0:00:03.364956
305	373	131
Test P:0.43
Test R:0.351
Test F1:0.386



Epoch:6
Training loss:3.85868763923645
Training time:0:00:19.628341

Dev Results

Prediction time:0:00:01.935369
175	192	75
Dev P:0.429
Dev R:0.391
Dev F1:0.409

Test Results

Prediction time:0:00:03.348378
357	373	150
Test P:0.42
Test R:0.402
Test F1:0.411
model saved......



Epoch:7
Training loss:3.491294947862625
Training time:0:00:19.679739

Dev Results

Prediction time:0:00:01.932755
175	192	81
Dev P:0.463
Dev R:0.422
Dev F1:0.441

Test Results

Prediction time:0:00:03.349704
364	373	155
Test P:0.426
Test R:0.416
Test F1:0.421
model saved......



Epoch:8
Training loss:3.1987900853157045
Training time:0:00:19.580817

Dev Results

Prediction time:0:00:01.929454
195	192	85
Dev P:0.436
Dev R:0.443
Dev F1:0.439

Test Results

Prediction time:0:00:03.355744
406	373	159
Test P:0.392
Test R:0.426
Test F1:0.408



Epoch:9
Training loss:2.9457470393180847
Training time:0:00:19.878237

Dev Results

Prediction time:0:00:01.926805
153	192	78
Dev P:0.51
Dev R:0.406
Dev F1:0.452

Test Results

Prediction time:0:00:03.338830
315	373	139
Test P:0.441
Test R:0.373
Test F1:0.404
model saved......



Epoch:10
Training loss:2.715405728816986
Training time:0:00:19.846044

Dev Results

Prediction time:0:00:01.938512
179	192	80
Dev P:0.447
Dev R:0.417
Dev F1:0.431

Test Results

Prediction time:0:00:03.340758
368	373	152
Test P:0.413
Test R:0.408
Test F1:0.41



Epoch:11
Training loss:2.5994886636734007
Training time:0:00:19.887111

Dev Results

Prediction time:0:00:01.942599
145	192	77
Dev P:0.531
Dev R:0.401
Dev F1:0.457

Test Results

Prediction time:0:00:03.346143
301	373	128
Test P:0.425
Test R:0.343
Test F1:0.38
model saved......



Epoch:12
Training loss:2.4417108416557314
Training time:0:00:19.551957

Dev Results

Prediction time:0:00:01.936711
175	192	85
Dev P:0.486
Dev R:0.443
Dev F1:0.463

Test Results

Prediction time:0:00:03.352451
358	373	155
Test P:0.433
Test R:0.416
Test F1:0.424
model saved......



Epoch:13
Training loss:2.0840443849563597
Training time:0:00:20.496908

Dev Results

Prediction time:0:00:01.937086
196	192	95
Dev P:0.485
Dev R:0.495
Dev F1:0.49

Test Results

Prediction time:0:00:03.348528
393	373	153
Test P:0.389
Test R:0.41
Test F1:0.399
model saved......



Epoch:14
Training loss:2.239136632680893
Training time:0:00:19.581521

Dev Results

Prediction time:0:00:01.938944
172	192	93
Dev P:0.541
Dev R:0.484
Dev F1:0.511

Test Results

Prediction time:0:00:03.346996
364	373	149
Test P:0.409
Test R:0.399
Test F1:0.404
model saved......



Epoch:15
Training loss:1.892653385400772
Training time:0:00:19.992252

Dev Results

Prediction time:0:00:01.932217
157	192	83
Dev P:0.529
Dev R:0.432
Dev F1:0.476

Test Results

Prediction time:0:00:03.356185
332	373	151
Test P:0.455
Test R:0.405
Test F1:0.428



Epoch:16
Training loss:1.8672809612751007
Training time:0:00:20.033227

Dev Results

Prediction time:0:00:01.941444
167	192	91
Dev P:0.545
Dev R:0.474
Dev F1:0.507

Test Results

Prediction time:0:00:03.346921
349	373	156
Test P:0.447
Test R:0.418
Test F1:0.432



Epoch:17
Training loss:1.7155664026737214
Training time:0:00:19.430123

Dev Results

Prediction time:0:00:01.925434
164	192	88
Dev P:0.537
Dev R:0.458
Dev F1:0.494

Test Results

Prediction time:0:00:03.339875
341	373	147
Test P:0.431
Test R:0.394
Test F1:0.412



Epoch:18
Training loss:1.6785735940933229
Training time:0:00:19.989527

Dev Results

Prediction time:0:00:01.933223
163	192	89
Dev P:0.546
Dev R:0.464
Dev F1:0.501

Test Results

Prediction time:0:00:03.349888
344	373	152
Test P:0.442
Test R:0.408
Test F1:0.424



Epoch:19
Training loss:1.6835085892677306
Training time:0:00:20.354611

Dev Results

Prediction time:0:00:01.937628
157	192	84
Dev P:0.535
Dev R:0.437
Dev F1:0.481

Test Results

Prediction time:0:00:03.349401
317	373	141
Test P:0.445
Test R:0.378
Test F1:0.409



Epoch:20
Training loss:1.5366005408763885
Training time:0:00:19.664152

Dev Results

Prediction time:0:00:01.944462
174	192	93
Dev P:0.534
Dev R:0.484
Dev F1:0.508

Test Results

Prediction time:0:00:03.344134
369	373	166
Test P:0.45
Test R:0.445
Test F1:0.447



Epoch:21
Training loss:1.498591411113739
Training time:0:00:19.952082

Dev Results

Prediction time:0:00:01.943818
147	192	87
Dev P:0.592
Dev R:0.453
Dev F1:0.513

Test Results

Prediction time:0:00:03.361180
309	373	150
Test P:0.485
Test R:0.402
Test F1:0.44
model saved......



Epoch:22
Training loss:1.3577145993709565
Training time:0:00:19.731397

Dev Results

Prediction time:0:00:01.930346
178	192	97
Dev P:0.545
Dev R:0.505
Dev F1:0.524

Test Results

Prediction time:0:00:03.338716
375	373	172
Test P:0.459
Test R:0.461
Test F1:0.46
model saved......



Epoch:23
Training loss:1.274281461238861
Training time:0:00:19.782175

Dev Results

Prediction time:0:00:01.935085
167	192	93
Dev P:0.557
Dev R:0.484
Dev F1:0.518

Test Results

Prediction time:0:00:03.353834
347	373	167
Test P:0.481
Test R:0.448
Test F1:0.464



Epoch:24
Training loss:1.271507813334465
Training time:0:00:19.866863

Dev Results

Prediction time:0:00:01.940835
173	192	97
Dev P:0.561
Dev R:0.505
Dev F1:0.532

Test Results

Prediction time:0:00:03.355819
363	373	178
Test P:0.49
Test R:0.477
Test F1:0.484
model saved......



Epoch:25
Training loss:1.2672503042221068
Training time:0:00:19.387614

Dev Results

Prediction time:0:00:01.923293
178	192	98
Dev P:0.551
Dev R:0.51
Dev F1:0.53

Test Results

Prediction time:0:00:03.351324
358	373	167
Test P:0.466
Test R:0.448
Test F1:0.457



Epoch:26
Training loss:1.1673720675706862
Training time:0:00:19.689002

Dev Results

Prediction time:0:00:01.942309
171	192	94
Dev P:0.55
Dev R:0.49
Dev F1:0.518

Test Results

Prediction time:0:00:03.358426
359	373	166
Test P:0.462
Test R:0.445
Test F1:0.454



Epoch:27
Training loss:1.1595005840063095
Training time:0:00:19.827374

Dev Results

Prediction time:0:00:01.929568
150	192	87
Dev P:0.58
Dev R:0.453
Dev F1:0.509

Test Results

Prediction time:0:00:03.348778
308	373	158
Test P:0.513
Test R:0.424
Test F1:0.464



Epoch:28
Training loss:1.1058020359277725
Training time:0:00:19.998671

Dev Results

Prediction time:0:00:01.933614
164	192	93
Dev P:0.567
Dev R:0.484
Dev F1:0.522

Test Results

Prediction time:0:00:03.344957
344	373	168
Test P:0.488
Test R:0.45
Test F1:0.469



Epoch:29
Training loss:1.0514127573370933
Training time:0:00:19.997832

Dev Results

Prediction time:0:00:01.937870
152	192	93
Dev P:0.612
Dev R:0.484
Dev F1:0.541

Test Results

Prediction time:0:00:03.354707
324	373	159
Test P:0.491
Test R:0.426
Test F1:0.456
model saved......



Epoch:30
Training loss:1.0615151545405388
Training time:0:00:19.830274

Dev Results

Prediction time:0:00:01.941542
175	192	95
Dev P:0.543
Dev R:0.495
Dev F1:0.518

Test Results

Prediction time:0:00:03.343428
353	373	159
Test P:0.45
Test R:0.426
Test F1:0.438



*******
Best Epoch:29
Best Epoch Seed:71
Corresponding P:0.491
Corresponding R:0.426
Corresponding F1:0.456



Best Test Epoch:24
Corresponding P:0.49
Corresponding R:0.477
Corresponding F1:0.484



Re-checking the scores of entire Test data with the best saved model:
Total sentences in the test set:209
GT Triple Count:373	PRED Triple Count:324	CORRECT Triple Count:159
Test P:0.491
Test R:0.426
Test F1:0.456
Now printing the scores for various subsets of Test Data with the best saved model:
Total sentences with single triples:110
GT Triple Count:110	PRED Triple Count:124	CORRECT Triple Count:51
Test P:0.411
Test R:0.464
Test F1:0.436
Total sentences with multiple triples:99
GT Triple Count:263	PRED Triple Count:200	CORRECT Triple Count:108
Test P:0.54
Test R:0.411
Test F1:0.467
Total sentences triples with varying sentiments:21
GT Triple Count:64	PRED Triple Count:46	CORRECT Triple Count:21
Test P:0.457
Test R:0.328
Test F1:0.382
Total sentences with overlapping triples:68
GT Triple Count:191	PRED Triple Count:139	CORRECT Triple Count:78
Test P:0.561
Test R:0.408
Test F1:0.473
