['PASTE_BERT.py', '--gpu_id', '0', '--src_folder', 'opener_en/', '--trg_folder', 'opener_en/PASTE_BERT', '--bert_mode', 'gen', '--gen_direct', 'af', '--l2', 'y']
100100.5
BERT
loading data......
No. of sentences:1164
No. of lines in Target file:1164
No. of lines in POS file:1164
No. of lines in DEP file:1164
No. of sentences:159
No. of lines in Target file:159
No. of lines in POS file:159
No. of lines in DEP file:159
No. of sentences:342
No. of lines in Target file:342
No. of lines in POS file:342
No. of lines in DEP file:342
Training data size:1157
Development data size:159
Test data size:342
Building POS TAG Vocab..
Building DEP TAG Vocab..
Training started......
Batch Count: 73
Parameters size:127959659
weight factor:1
Adam (
Parameter Group 0
    amsgrad: False
    betas: (0.9, 0.999)
    eps: 1e-08
    lr: 0.001
    weight_decay: 0.0001
)
Epoch:1
Training loss:7.925831102345088
Training time:0:00:37.917847

Dev Results

Prediction time:0:00:02.437474
208	315	85
Dev P:0.409
Dev R:0.27
Dev F1:0.325

Test Results

Prediction time:0:00:05.101749
438	715	155
Test P:0.354
Test R:0.217
Test F1:0.269
model saved......



Epoch:2
Training loss:5.5740766296648
Training time:0:00:25.970336

Dev Results

Prediction time:0:00:02.463454
237	315	120
Dev P:0.506
Dev R:0.381
Dev F1:0.435

Test Results

Prediction time:0:00:05.140726
524	715	233
Test P:0.445
Test R:0.326
Test F1:0.376
model saved......



Epoch:3
Training loss:4.783771857823411
Training time:0:00:26.587635

Dev Results

Prediction time:0:00:02.461174
257	315	135
Dev P:0.525
Dev R:0.429
Dev F1:0.472

Test Results

Prediction time:0:00:05.110883
572	715	286
Test P:0.5
Test R:0.4
Test F1:0.444
model saved......



Epoch:4
Training loss:4.155486067680464
Training time:0:00:26.759547

Dev Results

Prediction time:0:00:02.455359
241	315	135
Dev P:0.56
Dev R:0.429
Dev F1:0.486

Test Results

Prediction time:0:00:05.106462
544	715	285
Test P:0.524
Test R:0.399
Test F1:0.453
model saved......



Epoch:5
Training loss:3.817828031435405
Training time:0:00:26.778794

Dev Results

Prediction time:0:00:02.449172
252	315	137
Dev P:0.544
Dev R:0.435
Dev F1:0.483

Test Results

Prediction time:0:00:05.077128
561	715	298
Test P:0.531
Test R:0.417
Test F1:0.467



Epoch:6
Training loss:3.4334498594885003
Training time:0:00:26.732739

Dev Results

Prediction time:0:00:02.451373
286	315	156
Dev P:0.545
Dev R:0.495
Dev F1:0.519

Test Results

Prediction time:0:00:05.106447
615	715	306
Test P:0.498
Test R:0.428
Test F1:0.46
model saved......



Epoch:7
Training loss:3.120441064442674
Training time:0:00:27.075434

Dev Results

Prediction time:0:00:02.454636
329	315	161
Dev P:0.489
Dev R:0.511
Dev F1:0.5

Test Results

Prediction time:0:00:05.100090
735	715	348
Test P:0.473
Test R:0.487
Test F1:0.48



Epoch:8
Training loss:2.7869438145258654
Training time:0:00:26.489021

Dev Results

Prediction time:0:00:02.465948
278	315	148
Dev P:0.532
Dev R:0.47
Dev F1:0.499

Test Results

Prediction time:0:00:05.117802
594	715	315
Test P:0.53
Test R:0.441
Test F1:0.481



Epoch:9
Training loss:2.646719997876311
Training time:0:00:26.430184

Dev Results

Prediction time:0:00:02.457426
286	315	158
Dev P:0.552
Dev R:0.502
Dev F1:0.526

Test Results

Prediction time:0:00:05.113645
637	715	331
Test P:0.52
Test R:0.463
Test F1:0.49
model saved......



Epoch:10
Training loss:2.400537268756187
Training time:0:00:26.592141

Dev Results

Prediction time:0:00:02.461107
268	315	152
Dev P:0.567
Dev R:0.483
Dev F1:0.521

Test Results

Prediction time:0:00:05.103373
582	715	318
Test P:0.546
Test R:0.445
Test F1:0.49



Epoch:11
Training loss:2.2475975686556673
Training time:0:00:26.181950

Dev Results

Prediction time:0:00:02.458151
280	315	153
Dev P:0.546
Dev R:0.486
Dev F1:0.514

Test Results

Prediction time:0:00:05.125366
599	715	319
Test P:0.533
Test R:0.446
Test F1:0.486



Epoch:12
Training loss:2.029532115753383
Training time:0:00:26.990961

Dev Results

Prediction time:0:00:02.448733
301	315	166
Dev P:0.551
Dev R:0.527
Dev F1:0.539

Test Results

Prediction time:0:00:05.081063
657	715	347
Test P:0.528
Test R:0.485
Test F1:0.506
model saved......



Epoch:13
Training loss:1.842342007650088
Training time:0:00:26.627735

Dev Results

Prediction time:0:00:02.454283
272	315	156
Dev P:0.574
Dev R:0.495
Dev F1:0.532

Test Results

Prediction time:0:00:05.107748
602	715	336
Test P:0.558
Test R:0.47
Test F1:0.51



Epoch:14
Training loss:1.6981410376013142
Training time:0:00:26.356837

Dev Results

Prediction time:0:00:02.452195
291	315	163
Dev P:0.56
Dev R:0.517
Dev F1:0.538

Test Results

Prediction time:0:00:05.091529
655	715	350
Test P:0.534
Test R:0.49
Test F1:0.511



Epoch:15
Training loss:1.5811280497949418
Training time:0:00:26.687991

Dev Results

Prediction time:0:00:02.443949
297	315	157
Dev P:0.529
Dev R:0.498
Dev F1:0.513

Test Results

Prediction time:0:00:05.080432
656	715	347
Test P:0.529
Test R:0.485
Test F1:0.506



Epoch:16
Training loss:1.6116186845792484
Training time:0:00:26.066757

Dev Results

Prediction time:0:00:02.460235
299	315	159
Dev P:0.532
Dev R:0.505
Dev F1:0.518

Test Results

Prediction time:0:00:05.123056
664	715	348
Test P:0.524
Test R:0.487
Test F1:0.505



Epoch:17
Training loss:1.4118010103702545
Training time:0:00:25.808205

Dev Results

Prediction time:0:00:02.473688
279	315	161
Dev P:0.577
Dev R:0.511
Dev F1:0.542

Test Results

Prediction time:0:00:05.129167
603	715	335
Test P:0.556
Test R:0.469
Test F1:0.508
model saved......



Epoch:18
Training loss:1.3489528453513369
Training time:0:00:26.424464

Dev Results

Prediction time:0:00:02.447995
297	315	167
Dev P:0.562
Dev R:0.53
Dev F1:0.546

Test Results

Prediction time:0:00:05.108784
654	715	352
Test P:0.538
Test R:0.492
Test F1:0.514
model saved......



Epoch:19
Training loss:1.311103300280767
Training time:0:00:26.449240

Dev Results

Prediction time:0:00:02.437808
282	315	163
Dev P:0.578
Dev R:0.517
Dev F1:0.546

Test Results

Prediction time:0:00:05.095362
634	715	346
Test P:0.546
Test R:0.484
Test F1:0.513
model saved......



Epoch:20
Training loss:1.3355769894710958
Training time:0:00:26.706440

Dev Results

Prediction time:0:00:02.447837
304	315	165
Dev P:0.543
Dev R:0.524
Dev F1:0.533

Test Results

Prediction time:0:00:05.085096
668	715	350
Test P:0.524
Test R:0.49
Test F1:0.506



Epoch:21
Training loss:1.1904772797675982
Training time:0:00:26.406535

Dev Results

Prediction time:0:00:02.451107
276	315	154
Dev P:0.558
Dev R:0.489
Dev F1:0.521

Test Results

Prediction time:0:00:05.097482
594	715	329
Test P:0.554
Test R:0.46
Test F1:0.503



Epoch:22
Training loss:1.2360283834476993
Training time:0:00:26.781639

Dev Results

Prediction time:0:00:02.457372
310	315	168
Dev P:0.542
Dev R:0.533
Dev F1:0.538

Test Results

Prediction time:0:00:05.108947
670	715	350
Test P:0.522
Test R:0.49
Test F1:0.505



Epoch:23
Training loss:1.104176066509665
Training time:0:00:26.813051

Dev Results

Prediction time:0:00:02.475714
300	315	165
Dev P:0.55
Dev R:0.524
Dev F1:0.537

Test Results

Prediction time:0:00:05.145002
661	715	345
Test P:0.522
Test R:0.483
Test F1:0.501



Epoch:24
Training loss:1.1114948461317036
Training time:0:00:27.175364

Dev Results

Prediction time:0:00:02.482014
282	315	161
Dev P:0.571
Dev R:0.511
Dev F1:0.539

Test Results

Prediction time:0:00:05.141505
633	715	344
Test P:0.543
Test R:0.481
Test F1:0.51



Epoch:25
Training loss:1.058383528908638
Training time:0:00:26.345531

Dev Results

Prediction time:0:00:02.465782
282	315	154
Dev P:0.546
Dev R:0.489
Dev F1:0.516

Test Results

Prediction time:0:00:05.101710
609	715	330
Test P:0.542
Test R:0.462
Test F1:0.498



Epoch:26
Training loss:1.124057758344363
Training time:0:00:28.212476

Dev Results

Prediction time:0:00:02.451459
283	315	169
Dev P:0.597
Dev R:0.537
Dev F1:0.565

Test Results

Prediction time:0:00:05.089519
614	715	324
Test P:0.528
Test R:0.453
Test F1:0.488
model saved......



Epoch:27
Training loss:1.0204539152040875
Training time:0:00:26.551672

Dev Results

Prediction time:0:00:02.475904
297	315	169
Dev P:0.569
Dev R:0.537
Dev F1:0.552

Test Results

Prediction time:0:00:05.134624
643	715	337
Test P:0.524
Test R:0.471
Test F1:0.496



Epoch:28
Training loss:1.042639480878229
Training time:0:00:26.968422

Dev Results

Prediction time:0:00:02.473578
268	315	160
Dev P:0.597
Dev R:0.508
Dev F1:0.549

Test Results

Prediction time:0:00:05.149542
585	715	331
Test P:0.566
Test R:0.463
Test F1:0.509



Epoch:29
Training loss:0.9696055062829632
Training time:0:00:26.760516

Dev Results

Prediction time:0:00:02.473775
313	315	172
Dev P:0.55
Dev R:0.546
Dev F1:0.548

Test Results

Prediction time:0:00:05.150186
679	715	358
Test P:0.527
Test R:0.501
Test F1:0.514



Epoch:30
Training loss:0.9252307182305479
Training time:0:00:27.224714

Dev Results

Prediction time:0:00:02.475390
300	315	168
Dev P:0.56
Dev R:0.533
Dev F1:0.546

Test Results

Prediction time:0:00:05.134555
651	715	350
Test P:0.538
Test R:0.49
Test F1:0.512



*******
Best Epoch:26
Best Epoch Seed:68
Corresponding P:0.528
Corresponding R:0.453
Corresponding F1:0.488



Best Test Epoch:18
Corresponding P:0.538
Corresponding R:0.492
Corresponding F1:0.514



Re-checking the scores of entire Test data with the best saved model:
Total sentences in the test set:342
GT Triple Count:715	PRED Triple Count:614	CORRECT Triple Count:324
Test P:0.528
Test R:0.453
Test F1:0.488
Now printing the scores for various subsets of Test Data with the best saved model:
Total sentences with single triples:141
GT Triple Count:141	PRED Triple Count:162	CORRECT Triple Count:75
Test P:0.463
Test R:0.532
Test F1:0.495
Total sentences with multiple triples:201
GT Triple Count:574	PRED Triple Count:452	CORRECT Triple Count:249
Test P:0.551
Test R:0.434
Test F1:0.485
Total sentences triples with varying sentiments:38
GT Triple Count:132	PRED Triple Count:90	CORRECT Triple Count:39
Test P:0.433
Test R:0.295
Test F1:0.351
Total sentences with overlapping triples:140
GT Triple Count:431	PRED Triple Count:327	CORRECT Triple Count:183
Test P:0.56
Test R:0.425
Test F1:0.483
