['PASTE_BERT.py', '--gpu_id', '0', '--src_folder', 'darmstadt_unis/', '--trg_folder', 'darmstadt_unis/PASTE_BERT', '--bert_mode', 'gen', '--gen_direct', 'of', '--l2', 'y', '--wd', '1e-5']
100100.5
BERT
loading data......
No. of sentences:369
No. of lines in Target file:369
No. of lines in POS file:369
No. of lines in DEP file:369
No. of sentences:44
No. of lines in Target file:44
No. of lines in POS file:44
No. of lines in DEP file:44
No. of sentences:59
No. of lines in Target file:59
No. of lines in POS file:59
No. of lines in DEP file:59
Training data size:369
Development data size:44
Test data size:59
Building POS TAG Vocab..
Building DEP TAG Vocab..
Training started......
Batch Count: 23
Parameters size:127959659
weight factor:1
Adam (
Parameter Group 0
    amsgrad: False
    betas: (0.9, 0.999)
    eps: 1e-08
    lr: 0.001
    weight_decay: 1e-05
)
Epoch:1
Training loss:10.1282406060592
Training time:0:00:06.878989

Dev Results

Prediction time:0:00:00.546987
44	48	2
Dev P:0.045
Dev R:0.042
Dev F1:0.043

Test Results

Prediction time:0:00:00.970324
59	73	5
Test P:0.085
Test R:0.068
Test F1:0.076
model saved......



Epoch:2
Training loss:6.425075966378917
Training time:0:00:06.957012

Dev Results

Prediction time:0:00:00.544457
44	48	7
Dev P:0.159
Dev R:0.146
Dev F1:0.152

Test Results

Prediction time:0:00:00.963290
60	73	12
Test P:0.2
Test R:0.164
Test F1:0.18
model saved......



Epoch:3
Training loss:5.34930039488751
Training time:0:00:06.748100

Dev Results

Prediction time:0:00:00.547371
44	48	9
Dev P:0.205
Dev R:0.187
Dev F1:0.196

Test Results

Prediction time:0:00:00.965580
59	73	12
Test P:0.203
Test R:0.164
Test F1:0.182
model saved......



Epoch:4
Training loss:4.766163960747097
Training time:0:00:06.705665

Dev Results

Prediction time:0:00:00.552928
44	48	12
Dev P:0.273
Dev R:0.25
Dev F1:0.261

Test Results

Prediction time:0:00:00.969523
61	73	16
Test P:0.262
Test R:0.219
Test F1:0.239
model saved......



Epoch:5
Training loss:4.109050864758699
Training time:0:00:06.977829

Dev Results

Prediction time:0:00:00.551813
44	48	14
Dev P:0.318
Dev R:0.292
Dev F1:0.304

Test Results

Prediction time:0:00:00.970058
59	73	18
Test P:0.305
Test R:0.247
Test F1:0.273
model saved......



Epoch:6
Training loss:3.5112005213032598
Training time:0:00:06.870690

Dev Results

Prediction time:0:00:00.545991
44	48	10
Dev P:0.227
Dev R:0.208
Dev F1:0.217

Test Results

Prediction time:0:00:00.975421
59	73	22
Test P:0.373
Test R:0.301
Test F1:0.333



Epoch:7
Training loss:2.9782333166702935
Training time:0:00:06.865939

Dev Results

Prediction time:0:00:00.546047
45	48	11
Dev P:0.244
Dev R:0.229
Dev F1:0.237

Test Results

Prediction time:0:00:00.974806
63	73	21
Test P:0.333
Test R:0.288
Test F1:0.309



Epoch:8
Training loss:2.424303137737772
Training time:0:00:06.659318

Dev Results

Prediction time:0:00:00.547327
47	48	9
Dev P:0.191
Dev R:0.187
Dev F1:0.189

Test Results

Prediction time:0:00:00.968440
64	73	19
Test P:0.297
Test R:0.26
Test F1:0.277



Epoch:9
Training loss:2.072878676912059
Training time:0:00:07.074967

Dev Results

Prediction time:0:00:00.543342
44	48	10
Dev P:0.227
Dev R:0.208
Dev F1:0.217

Test Results

Prediction time:0:00:00.966008
59	73	18
Test P:0.305
Test R:0.247
Test F1:0.273



Epoch:10
Training loss:1.7701813189879707
Training time:0:00:06.656979

Dev Results

Prediction time:0:00:00.550172
44	48	7
Dev P:0.159
Dev R:0.146
Dev F1:0.152

Test Results

Prediction time:0:00:00.973024
60	73	19
Test P:0.317
Test R:0.26
Test F1:0.286



Epoch:11
Training loss:1.4668814410334048
Training time:0:00:07.051761

Dev Results

Prediction time:0:00:00.552786
45	48	9
Dev P:0.2
Dev R:0.187
Dev F1:0.194

Test Results

Prediction time:0:00:00.980905
63	73	20
Test P:0.317
Test R:0.274
Test F1:0.294



Epoch:12
Training loss:1.3362066227456797
Training time:0:00:07.052215

Dev Results

Prediction time:0:00:00.550782
47	48	11
Dev P:0.234
Dev R:0.229
Dev F1:0.232

Test Results

Prediction time:0:00:00.981081
64	73	23
Test P:0.359
Test R:0.315
Test F1:0.336



Epoch:13
Training loss:1.2279496633488198
Training time:0:00:06.966001

Dev Results

Prediction time:0:00:00.545829
48	48	10
Dev P:0.208
Dev R:0.208
Dev F1:0.208

Test Results

Prediction time:0:00:00.964897
64	73	22
Test P:0.344
Test R:0.301
Test F1:0.321



Epoch:14
Training loss:1.1057222666947737
Training time:0:00:07.055796

Dev Results

Prediction time:0:00:00.551264
48	48	9
Dev P:0.187
Dev R:0.187
Dev F1:0.187

Test Results

Prediction time:0:00:00.970737
67	73	23
Test P:0.343
Test R:0.315
Test F1:0.329



Epoch:15
Training loss:0.8809218225271805
Training time:0:00:06.883488

Dev Results

Prediction time:0:00:00.549506
44	48	9
Dev P:0.205
Dev R:0.187
Dev F1:0.196

Test Results

Prediction time:0:00:00.977583
59	73	19
Test P:0.322
Test R:0.26
Test F1:0.288



Epoch:16
Training loss:0.8136383917020715
Training time:0:00:07.058402

Dev Results

Prediction time:0:00:00.551925
51	48	12
Dev P:0.235
Dev R:0.25
Dev F1:0.242

Test Results

Prediction time:0:00:00.975866
67	73	20
Test P:0.299
Test R:0.274
Test F1:0.286



Epoch:17
Training loss:0.764677810928096
Training time:0:00:06.996749

Dev Results

Prediction time:0:00:00.555019
47	48	10
Dev P:0.213
Dev R:0.208
Dev F1:0.211

Test Results

Prediction time:0:00:00.979028
66	73	18
Test P:0.273
Test R:0.247
Test F1:0.259



Epoch:18
Training loss:0.6304955378822659
Training time:0:00:06.916002

Dev Results

Prediction time:0:00:00.554473
50	48	11
Dev P:0.22
Dev R:0.229
Dev F1:0.224

Test Results

Prediction time:0:00:00.983365
66	73	22
Test P:0.333
Test R:0.301
Test F1:0.317



Epoch:19
Training loss:0.6614731265150983
Training time:0:00:07.054130

Dev Results

Prediction time:0:00:00.552510
45	48	10
Dev P:0.222
Dev R:0.208
Dev F1:0.215

Test Results

Prediction time:0:00:00.975410
63	73	20
Test P:0.317
Test R:0.274
Test F1:0.294



Epoch:20
Training loss:0.6275750243145487
Training time:0:00:06.837906

Dev Results

Prediction time:0:00:00.558617
45	48	10
Dev P:0.222
Dev R:0.208
Dev F1:0.215

Test Results

Prediction time:0:00:00.978540
62	73	18
Test P:0.29
Test R:0.247
Test F1:0.267



Epoch:21
Training loss:0.5821422059898791
Training time:0:00:06.880221

Dev Results

Prediction time:0:00:00.549322
48	48	12
Dev P:0.25
Dev R:0.25
Dev F1:0.25

Test Results

Prediction time:0:00:00.976168
68	73	23
Test P:0.338
Test R:0.315
Test F1:0.326



Epoch:22
Training loss:0.5321625769138336
Training time:0:00:06.968246

Dev Results

Prediction time:0:00:00.549690
48	48	8
Dev P:0.167
Dev R:0.167
Dev F1:0.167

Test Results

Prediction time:0:00:00.978809
62	73	21
Test P:0.339
Test R:0.288
Test F1:0.311



Epoch:23
Training loss:0.5274264721766763
Training time:0:00:06.853890

Dev Results

Prediction time:0:00:00.542890
45	48	9
Dev P:0.2
Dev R:0.187
Dev F1:0.194

Test Results

Prediction time:0:00:00.968322
64	73	19
Test P:0.297
Test R:0.26
Test F1:0.277



Epoch:24
Training loss:0.5974210559026055
Training time:0:00:06.845972

Dev Results

Prediction time:0:00:00.546283
45	48	11
Dev P:0.244
Dev R:0.229
Dev F1:0.237

Test Results

Prediction time:0:00:00.966940
61	73	19
Test P:0.311
Test R:0.26
Test F1:0.284



Epoch:25
Training loss:0.681395662219628
Training time:0:00:06.764930

Dev Results

Prediction time:0:00:00.546985
45	48	7
Dev P:0.156
Dev R:0.146
Dev F1:0.151

Test Results

Prediction time:0:00:00.968241
61	73	20
Test P:0.328
Test R:0.274
Test F1:0.299



Epoch:26
Training loss:0.568425833531048
Training time:0:00:06.808015

Dev Results

Prediction time:0:00:00.555724
48	48	11
Dev P:0.229
Dev R:0.229
Dev F1:0.229

Test Results

Prediction time:0:00:00.970288
65	73	20
Test P:0.308
Test R:0.274
Test F1:0.29



Epoch:27
Training loss:0.49259320678918256
Training time:0:00:06.930330

Dev Results

Prediction time:0:00:00.553298
50	48	9
Dev P:0.18
Dev R:0.187
Dev F1:0.184

Test Results

Prediction time:0:00:00.973127
67	73	21
Test P:0.313
Test R:0.288
Test F1:0.3



Epoch:28
Training loss:0.42978223186472186
Training time:0:00:06.666654

Dev Results

Prediction time:0:00:00.546485
47	48	11
Dev P:0.234
Dev R:0.229
Dev F1:0.232

Test Results

Prediction time:0:00:00.971951
63	73	22
Test P:0.349
Test R:0.301
Test F1:0.324



Epoch:29
Training loss:0.3869213721026545
Training time:0:00:06.885655

Dev Results

Prediction time:0:00:00.558398
46	48	11
Dev P:0.239
Dev R:0.229
Dev F1:0.234

Test Results

Prediction time:0:00:00.982433
61	73	19
Test P:0.311
Test R:0.26
Test F1:0.284



Epoch:30
Training loss:0.39038029183512146
Training time:0:00:07.128621

Dev Results

Prediction time:0:00:00.554513
45	48	10
Dev P:0.222
Dev R:0.208
Dev F1:0.215

Test Results

Prediction time:0:00:00.976134
60	73	19
Test P:0.317
Test R:0.26
Test F1:0.286



*******
Best Epoch:5
Best Epoch Seed:47
Corresponding P:0.305
Corresponding R:0.247
Corresponding F1:0.273



Best Test Epoch:12
Corresponding P:0.359
Corresponding R:0.315
Corresponding F1:0.336



Re-checking the scores of entire Test data with the best saved model:
Total sentences in the test set:59
GT Triple Count:73	PRED Triple Count:59	CORRECT Triple Count:18
Test P:0.305
Test R:0.247
Test F1:0.273
Now printing the scores for various subsets of Test Data with the best saved model:
Total sentences with single triples:48
GT Triple Count:48	PRED Triple Count:48	CORRECT Triple Count:14
Test P:0.292
Test R:0.292
Test F1:0.292
Total sentences with multiple triples:11
GT Triple Count:25	PRED Triple Count:11	CORRECT Triple Count:4
Test P:0.364
Test R:0.16
Test F1:0.222
Total sentences triples with varying sentiments:4
GT Triple Count:9	PRED Triple Count:4	CORRECT Triple Count:1
Test P:0.25
Test R:0.111
Test F1:0.154
Total sentences with overlapping triples:7
GT Triple Count:16	PRED Triple Count:7	CORRECT Triple Count:3
Test P:0.429
Test R:0.187
Test F1:0.261
