['PASTE_BERT.py', '--gpu_id', '0', '--src_folder', 'opener_es/', '--trg_folder', 'opener_es/PASTE_BERT', '--bert_mode', 'gen_mul', '--gen_direct', 'of', '--l2', 'y', '--wd', '1e-5', '--use_pos_tags', 'y', '--use_dep_emb', 'y']
100100.5
BERT
loading data......
No. of sentences:1072
No. of lines in Target file:1072
No. of lines in POS file:1072
No. of lines in DEP file:1072
No. of sentences:158
No. of lines in Target file:158
No. of lines in POS file:158
No. of lines in DEP file:158
No. of sentences:303
No. of lines in Target file:303
No. of lines in POS file:303
No. of lines in DEP file:303
Training data size:1053
Development data size:158
Test data size:303
Building POS TAG Vocab..
Building DEP TAG Vocab..
Training started......
Batch Count: 66
Parameters size:189537335
weight factor:1
Adam (
Parameter Group 0
    amsgrad: False
    betas: (0.9, 0.999)
    eps: 1e-08
    lr: 0.001
    weight_decay: 1e-05
)
Epoch:1
Training loss:9.737685774311874
Training time:0:00:34.522283

Dev Results

Prediction time:0:00:03.011297
272	355	81
Dev P:0.298
Dev R:0.228
Dev F1:0.258

Test Results

Prediction time:0:00:06.849731
491	816	158
Test P:0.322
Test R:0.194
Test F1:0.242
model saved......



Epoch:2
Training loss:6.992227727716619
Training time:0:00:34.115813

Dev Results

Prediction time:0:00:02.993461
324	355	100
Dev P:0.309
Dev R:0.282
Dev F1:0.295

Test Results

Prediction time:0:00:06.869449
652	816	215
Test P:0.33
Test R:0.263
Test F1:0.293
model saved......



Epoch:3
Training loss:6.164810830896551
Training time:0:00:34.488001

Dev Results

Prediction time:0:00:03.013658
372	355	113
Dev P:0.304
Dev R:0.318
Dev F1:0.311

Test Results

Prediction time:0:00:06.887433
750	816	244
Test P:0.325
Test R:0.299
Test F1:0.312
model saved......



Epoch:4
Training loss:5.63483460744222
Training time:0:00:34.186389

Dev Results

Prediction time:0:00:02.996253
335	355	114
Dev P:0.34
Dev R:0.321
Dev F1:0.33

Test Results

Prediction time:0:00:06.853393
701	816	237
Test P:0.338
Test R:0.29
Test F1:0.312
model saved......



Epoch:5
Training loss:5.246192769570784
Training time:0:00:34.765933

Dev Results

Prediction time:0:00:02.990642
389	355	128
Dev P:0.329
Dev R:0.361
Dev F1:0.344

Test Results

Prediction time:0:00:06.831014
793	816	271
Test P:0.342
Test R:0.332
Test F1:0.337
model saved......



Epoch:6
Training loss:4.903623645955866
Training time:0:00:34.104792

Dev Results

Prediction time:0:00:03.008738
322	355	130
Dev P:0.404
Dev R:0.366
Dev F1:0.384

Test Results

Prediction time:0:00:06.857023
665	816	253
Test P:0.38
Test R:0.31
Test F1:0.342
model saved......



Epoch:7
Training loss:4.526610081846064
Training time:0:00:34.280541

Dev Results

Prediction time:0:00:02.995183
344	355	147
Dev P:0.427
Dev R:0.414
Dev F1:0.421

Test Results

Prediction time:0:00:06.867867
740	816	293
Test P:0.396
Test R:0.359
Test F1:0.377
model saved......



Epoch:8
Training loss:4.323899847088438
Training time:0:00:33.773611

Dev Results

Prediction time:0:00:03.013338
329	355	127
Dev P:0.386
Dev R:0.358
Dev F1:0.371

Test Results

Prediction time:0:00:06.878242
684	816	282
Test P:0.412
Test R:0.346
Test F1:0.376



Epoch:9
Training loss:4.053412679469947
Training time:0:00:34.226293

Dev Results

Prediction time:0:00:02.995788
328	355	134
Dev P:0.409
Dev R:0.377
Dev F1:0.392

Test Results

Prediction time:0:00:06.847133
687	816	289
Test P:0.421
Test R:0.354
Test F1:0.385



Epoch:10
Training loss:3.83587969975038
Training time:0:00:34.795279

Dev Results

Prediction time:0:00:03.007879
332	355	140
Dev P:0.422
Dev R:0.394
Dev F1:0.408

Test Results

Prediction time:0:00:06.872290
732	816	313
Test P:0.428
Test R:0.384
Test F1:0.404



Epoch:11
Training loss:3.5643888729991335
Training time:0:00:33.299181

Dev Results

Prediction time:0:00:02.998328
316	355	138
Dev P:0.437
Dev R:0.389
Dev F1:0.411

Test Results

Prediction time:0:00:06.867683
683	816	296
Test P:0.433
Test R:0.363
Test F1:0.395



Epoch:12
Training loss:3.4801021778222285
Training time:0:00:34.006375

Dev Results

Prediction time:0:00:02.991698
354	355	157
Dev P:0.444
Dev R:0.442
Dev F1:0.443

Test Results

Prediction time:0:00:06.859389
773	816	318
Test P:0.411
Test R:0.39
Test F1:0.4
model saved......



Epoch:13
Training loss:3.2429350235245447
Training time:0:00:33.444588

Dev Results

Prediction time:0:00:02.985792
329	355	143
Dev P:0.435
Dev R:0.403
Dev F1:0.418

Test Results

Prediction time:0:00:06.841331
732	816	304
Test P:0.415
Test R:0.373
Test F1:0.393



Epoch:14
Training loss:3.0419820962530193
Training time:0:00:33.965142

Dev Results

Prediction time:0:00:02.992816
324	355	139
Dev P:0.429
Dev R:0.392
Dev F1:0.409

Test Results

Prediction time:0:00:06.865068
705	816	298
Test P:0.423
Test R:0.365
Test F1:0.392



Epoch:15
Training loss:2.867660753654711
Training time:0:00:33.781670

Dev Results

Prediction time:0:00:02.998297
358	355	159
Dev P:0.444
Dev R:0.448
Dev F1:0.446

Test Results

Prediction time:0:00:06.874676
762	816	313
Test P:0.411
Test R:0.384
Test F1:0.397
model saved......



Epoch:16
Training loss:2.881437366658991
Training time:0:00:33.565215

Dev Results

Prediction time:0:00:02.991084
308	355	147
Dev P:0.477
Dev R:0.414
Dev F1:0.443

Test Results

Prediction time:0:00:06.861937
672	816	298
Test P:0.443
Test R:0.365
Test F1:0.401



Epoch:17
Training loss:2.7664130077217566
Training time:0:00:33.304658

Dev Results

Prediction time:0:00:03.016044
359	355	143
Dev P:0.398
Dev R:0.403
Dev F1:0.401

Test Results

Prediction time:0:00:06.903315
752	816	296
Test P:0.394
Test R:0.363
Test F1:0.378



Epoch:18
Training loss:2.4973087292729
Training time:0:00:34.379778

Dev Results

Prediction time:0:00:03.014391
377	355	156
Dev P:0.414
Dev R:0.439
Dev F1:0.426

Test Results

Prediction time:0:00:06.897452
812	816	327
Test P:0.403
Test R:0.401
Test F1:0.402



Epoch:19
Training loss:2.4151260672193584
Training time:0:00:33.894542

Dev Results

Prediction time:0:00:03.006509
332	355	140
Dev P:0.422
Dev R:0.394
Dev F1:0.408

Test Results

Prediction time:0:00:06.876385
725	816	298
Test P:0.411
Test R:0.365
Test F1:0.387



Epoch:20
Training loss:2.397933186906757
Training time:0:00:33.619106

Dev Results

Prediction time:0:00:03.022029
329	355	148
Dev P:0.45
Dev R:0.417
Dev F1:0.433

Test Results

Prediction time:0:00:06.901146
726	816	292
Test P:0.402
Test R:0.358
Test F1:0.379



Epoch:21
Training loss:2.2245462211695584
Training time:0:00:34.236858

Dev Results

Prediction time:0:00:02.985821
315	355	143
Dev P:0.454
Dev R:0.403
Dev F1:0.427

Test Results

Prediction time:0:00:06.833837
678	816	304
Test P:0.448
Test R:0.373
Test F1:0.407



Epoch:22
Training loss:2.178868086049051
Training time:0:00:34.167566

Dev Results

Prediction time:0:00:03.002998
333	355	150
Dev P:0.45
Dev R:0.423
Dev F1:0.436

Test Results

Prediction time:0:00:06.869320
700	816	295
Test P:0.421
Test R:0.362
Test F1:0.389



Epoch:23
Training loss:2.0130040753971445
Training time:0:00:33.613443

Dev Results

Prediction time:0:00:02.988619
346	355	147
Dev P:0.425
Dev R:0.414
Dev F1:0.419

Test Results

Prediction time:0:00:06.858249
738	816	309
Test P:0.419
Test R:0.379
Test F1:0.398



Epoch:24
Training loss:1.9079414488691273
Training time:0:00:34.310221

Dev Results

Prediction time:0:00:02.991945
324	355	152
Dev P:0.469
Dev R:0.428
Dev F1:0.448

Test Results

Prediction time:0:00:06.858797
682	816	294
Test P:0.431
Test R:0.36
Test F1:0.393
model saved......



Epoch:25
Training loss:1.8265098622350981
Training time:0:00:34.515879

Dev Results

Prediction time:0:00:03.005657
331	355	147
Dev P:0.444
Dev R:0.414
Dev F1:0.429

Test Results

Prediction time:0:00:06.869644
719	816	309
Test P:0.43
Test R:0.379
Test F1:0.403



Epoch:26
Training loss:2.0165886851874264
Training time:0:00:34.057521

Dev Results

Prediction time:0:00:03.012418
336	355	145
Dev P:0.432
Dev R:0.408
Dev F1:0.42

Test Results

Prediction time:0:00:06.898036
727	816	318
Test P:0.437
Test R:0.39
Test F1:0.412



Epoch:27
Training loss:1.776774242068782
Training time:0:00:34.572681

Dev Results

Prediction time:0:00:03.009922
355	355	152
Dev P:0.428
Dev R:0.428
Dev F1:0.428

Test Results

Prediction time:0:00:06.886964
774	816	323
Test P:0.417
Test R:0.396
Test F1:0.406



Epoch:28
Training loss:1.7706706975445603
Training time:0:00:34.455083

Dev Results

Prediction time:0:00:03.022844
352	355	151
Dev P:0.429
Dev R:0.425
Dev F1:0.427

Test Results

Prediction time:0:00:06.911460
747	816	316
Test P:0.423
Test R:0.387
Test F1:0.404



Epoch:29
Training loss:1.7025321866526748
Training time:0:00:33.538898

Dev Results

Prediction time:0:00:03.005320
325	355	143
Dev P:0.44
Dev R:0.403
Dev F1:0.421

Test Results

Prediction time:0:00:06.876539
719	816	305
Test P:0.424
Test R:0.374
Test F1:0.397



Epoch:30
Training loss:1.6237440325997092
Training time:0:00:34.305694

Dev Results

Prediction time:0:00:03.008356
343	355	143
Dev P:0.417
Dev R:0.403
Dev F1:0.41

Test Results

Prediction time:0:00:06.874876
759	816	310
Test P:0.408
Test R:0.38
Test F1:0.394



*******
Best Epoch:24
Best Epoch Seed:66
Corresponding P:0.431
Corresponding R:0.36
Corresponding F1:0.393



Best Test Epoch:26
Corresponding P:0.437
Corresponding R:0.39
Corresponding F1:0.412



Re-checking the scores of entire Test data with the best saved model:
Total sentences in the test set:303
GT Triple Count:816	PRED Triple Count:682	CORRECT Triple Count:294
Test P:0.431
Test R:0.36
Test F1:0.393
Now printing the scores for various subsets of Test Data with the best saved model:
Total sentences with single triples:123
GT Triple Count:123	PRED Triple Count:141	CORRECT Triple Count:76
Test P:0.539
Test R:0.618
Test F1:0.576
Total sentences with multiple triples:180
GT Triple Count:693	PRED Triple Count:541	CORRECT Triple Count:218
Test P:0.403
Test R:0.315
Test F1:0.353
Total sentences triples with varying sentiments:44
GT Triple Count:197	PRED Triple Count:138	CORRECT Triple Count:35
Test P:0.254
Test R:0.178
Test F1:0.209
Total sentences with overlapping triples:130
GT Triple Count:567	PRED Triple Count:422	CORRECT Triple Count:172
Test P:0.408
Test R:0.303
Test F1:0.348
