['PASTE_BERT.py', '--gpu_id', '0', '--src_folder', 'darmstadt_unis/', '--trg_folder', 'darmstadt_unis/PASTE_BERT', '--bert_mode', 'gen', '--gen_direct', 'of', '--l2', 'y', '--wd', '1e-5', '--use_pos_tags', 'y', '--use_dep_emb', 'y']
100100.5
BERT
loading data......
No. of sentences:369
No. of lines in Target file:369
No. of lines in POS file:369
No. of lines in DEP file:369
No. of sentences:44
No. of lines in Target file:44
No. of lines in POS file:44
No. of lines in DEP file:44
No. of sentences:59
No. of lines in Target file:59
No. of lines in POS file:59
No. of lines in DEP file:59
Training data size:369
Development data size:44
Test data size:59
Building POS TAG Vocab..
Building DEP TAG Vocab..
Training started......
Batch Count: 23
Parameters size:131663809
weight factor:1
Adam (
Parameter Group 0
    amsgrad: False
    betas: (0.9, 0.999)
    eps: 1e-08
    lr: 0.001
    weight_decay: 1e-05
)
Epoch:1
Training loss:9.931174236795176
Training time:0:00:07.334301

Dev Results

Prediction time:0:00:00.569691
44	48	4
Dev P:0.091
Dev R:0.083
Dev F1:0.087

Test Results

Prediction time:0:00:01.007728
59	73	8
Test P:0.136
Test R:0.11
Test F1:0.121
model saved......



Epoch:2
Training loss:6.607817981554114
Training time:0:00:07.361859

Dev Results

Prediction time:0:00:00.575373
44	48	6
Dev P:0.136
Dev R:0.125
Dev F1:0.13

Test Results

Prediction time:0:00:01.007939
59	73	11
Test P:0.186
Test R:0.151
Test F1:0.167
model saved......



Epoch:3
Training loss:5.6268010761426845
Training time:0:00:07.175746

Dev Results

Prediction time:0:00:00.570828
44	48	12
Dev P:0.273
Dev R:0.25
Dev F1:0.261

Test Results

Prediction time:0:00:01.008702
59	73	13
Test P:0.22
Test R:0.178
Test F1:0.197
model saved......



Epoch:4
Training loss:4.97548306506613
Training time:0:00:07.301281

Dev Results

Prediction time:0:00:00.574145
45	48	10
Dev P:0.222
Dev R:0.208
Dev F1:0.215

Test Results

Prediction time:0:00:01.014360
62	73	16
Test P:0.258
Test R:0.219
Test F1:0.237



Epoch:5
Training loss:4.4193370238594385
Training time:0:00:07.503448

Dev Results

Prediction time:0:00:00.573525
44	48	10
Dev P:0.227
Dev R:0.208
Dev F1:0.217

Test Results

Prediction time:0:00:01.012796
59	73	18
Test P:0.305
Test R:0.247
Test F1:0.273



Epoch:6
Training loss:3.866860296415246
Training time:0:00:07.384044

Dev Results

Prediction time:0:00:00.570342
44	48	8
Dev P:0.182
Dev R:0.167
Dev F1:0.174

Test Results

Prediction time:0:00:01.009746
59	73	14
Test P:0.237
Test R:0.192
Test F1:0.212



Epoch:7
Training loss:3.4090363046397334
Training time:0:00:07.327055

Dev Results

Prediction time:0:00:00.572583
44	48	9
Dev P:0.205
Dev R:0.187
Dev F1:0.196

Test Results

Prediction time:0:00:01.014053
59	73	18
Test P:0.305
Test R:0.247
Test F1:0.273



Epoch:8
Training loss:2.998117260310961
Training time:0:00:07.104379

Dev Results

Prediction time:0:00:00.575784
46	48	11
Dev P:0.239
Dev R:0.229
Dev F1:0.234

Test Results

Prediction time:0:00:01.015868
62	73	19
Test P:0.306
Test R:0.26
Test F1:0.281



Epoch:9
Training loss:2.5233911275863647
Training time:0:00:07.616952

Dev Results

Prediction time:0:00:00.574269
44	48	12
Dev P:0.273
Dev R:0.25
Dev F1:0.261

Test Results

Prediction time:0:00:01.015567
60	73	19
Test P:0.317
Test R:0.26
Test F1:0.286
model saved......



Epoch:10
Training loss:2.2470858356227046
Training time:0:00:07.158450

Dev Results

Prediction time:0:00:00.579475
47	48	10
Dev P:0.213
Dev R:0.208
Dev F1:0.211

Test Results

Prediction time:0:00:01.016208
63	73	20
Test P:0.317
Test R:0.274
Test F1:0.294



Epoch:11
Training loss:1.8869944137075674
Training time:0:00:07.598633

Dev Results

Prediction time:0:00:00.577409
49	48	8
Dev P:0.163
Dev R:0.167
Dev F1:0.165

Test Results

Prediction time:0:00:01.010034
66	73	22
Test P:0.333
Test R:0.301
Test F1:0.317



Epoch:12
Training loss:1.7053372237993323
Training time:0:00:07.625010

Dev Results

Prediction time:0:00:00.576367
45	48	14
Dev P:0.311
Dev R:0.292
Dev F1:0.301

Test Results

Prediction time:0:00:01.018637
60	73	18
Test P:0.3
Test R:0.247
Test F1:0.271
model saved......



Epoch:13
Training loss:1.5921694143958713
Training time:0:00:07.498828

Dev Results

Prediction time:0:00:00.580115
47	48	10
Dev P:0.213
Dev R:0.208
Dev F1:0.211

Test Results

Prediction time:0:00:01.018546
61	73	20
Test P:0.328
Test R:0.274
Test F1:0.299



Epoch:14
Training loss:1.3318047989969668
Training time:0:00:07.513081

Dev Results

Prediction time:0:00:00.577014
45	48	11
Dev P:0.244
Dev R:0.229
Dev F1:0.237

Test Results

Prediction time:0:00:01.014646
61	73	18
Test P:0.295
Test R:0.247
Test F1:0.269



Epoch:15
Training loss:1.2217846512794495
Training time:0:00:07.579136

Dev Results

Prediction time:0:00:00.572949
46	48	14
Dev P:0.304
Dev R:0.292
Dev F1:0.298

Test Results

Prediction time:0:00:01.019641
60	73	20
Test P:0.333
Test R:0.274
Test F1:0.301



Epoch:16
Training loss:1.0650342210479404
Training time:0:00:07.579013

Dev Results

Prediction time:0:00:00.579723
50	48	15
Dev P:0.3
Dev R:0.312
Dev F1:0.306

Test Results

Prediction time:0:00:01.013613
64	73	24
Test P:0.375
Test R:0.329
Test F1:0.35
model saved......



Epoch:17
Training loss:0.8636102546816287
Training time:0:00:07.436527

Dev Results

Prediction time:0:00:00.580243
51	48	12
Dev P:0.235
Dev R:0.25
Dev F1:0.242

Test Results

Prediction time:0:00:01.019613
66	73	23
Test P:0.348
Test R:0.315
Test F1:0.331



Epoch:18
Training loss:0.8746238519316134
Training time:0:00:07.431369

Dev Results

Prediction time:0:00:00.580039
46	48	7
Dev P:0.152
Dev R:0.146
Dev F1:0.149

Test Results

Prediction time:0:00:01.014814
61	73	21
Test P:0.344
Test R:0.288
Test F1:0.313



Epoch:19
Training loss:0.8078668221183445
Training time:0:00:07.526343

Dev Results

Prediction time:0:00:00.581316
50	48	12
Dev P:0.24
Dev R:0.25
Dev F1:0.245

Test Results

Prediction time:0:00:01.020919
68	73	22
Test P:0.324
Test R:0.301
Test F1:0.312



Epoch:20
Training loss:0.7619105758874313
Training time:0:00:07.366757

Dev Results

Prediction time:0:00:00.580218
45	48	10
Dev P:0.222
Dev R:0.208
Dev F1:0.215

Test Results

Prediction time:0:00:01.022001
61	73	19
Test P:0.311
Test R:0.26
Test F1:0.284



Epoch:21
Training loss:0.8181740278783052
Training time:0:00:07.321779

Dev Results

Prediction time:0:00:00.574889
46	48	11
Dev P:0.239
Dev R:0.229
Dev F1:0.234

Test Results

Prediction time:0:00:01.018809
62	73	19
Test P:0.306
Test R:0.26
Test F1:0.281



Epoch:22
Training loss:0.7583992066590682
Training time:0:00:07.542513

Dev Results

Prediction time:0:00:00.574577
54	48	11
Dev P:0.204
Dev R:0.229
Dev F1:0.216

Test Results

Prediction time:0:00:01.018684
68	73	23
Test P:0.338
Test R:0.315
Test F1:0.326



Epoch:23
Training loss:0.741656745257585
Training time:0:00:07.338533

Dev Results

Prediction time:0:00:00.576123
48	48	9
Dev P:0.187
Dev R:0.187
Dev F1:0.187

Test Results

Prediction time:0:00:01.016159
66	73	24
Test P:0.364
Test R:0.329
Test F1:0.345



Epoch:24
Training loss:0.5971687138080597
Training time:0:00:07.379436

Dev Results

Prediction time:0:00:00.573973
48	48	13
Dev P:0.271
Dev R:0.271
Dev F1:0.271

Test Results

Prediction time:0:00:01.014738
65	73	19
Test P:0.292
Test R:0.26
Test F1:0.275



Epoch:25
Training loss:0.484016733325046
Training time:0:00:07.323158

Dev Results

Prediction time:0:00:00.578442
50	48	11
Dev P:0.22
Dev R:0.229
Dev F1:0.224

Test Results

Prediction time:0:00:01.014945
65	73	22
Test P:0.338
Test R:0.301
Test F1:0.319



Epoch:26
Training loss:0.5050956729961478
Training time:0:00:07.388038

Dev Results

Prediction time:0:00:00.571719
50	48	11
Dev P:0.22
Dev R:0.229
Dev F1:0.224

Test Results

Prediction time:0:00:01.017990
67	73	22
Test P:0.328
Test R:0.301
Test F1:0.314



Epoch:27
Training loss:0.5481002583451893
Training time:0:00:07.344429

Dev Results

Prediction time:0:00:00.577283
55	48	15
Dev P:0.273
Dev R:0.312
Dev F1:0.291

Test Results

Prediction time:0:00:01.014335
70	73	24
Test P:0.343
Test R:0.329
Test F1:0.336



Epoch:28
Training loss:0.4842270152724307
Training time:0:00:07.120760

Dev Results

Prediction time:0:00:00.578873
50	48	10
Dev P:0.2
Dev R:0.208
Dev F1:0.204

Test Results

Prediction time:0:00:01.028520
64	73	19
Test P:0.297
Test R:0.26
Test F1:0.277



Epoch:29
Training loss:0.44600717269856
Training time:0:00:07.472301

Dev Results

Prediction time:0:00:00.575173
54	48	13
Dev P:0.241
Dev R:0.271
Dev F1:0.255

Test Results

Prediction time:0:00:01.015470
66	73	22
Test P:0.333
Test R:0.301
Test F1:0.317



Epoch:30
Training loss:0.45976499111756036
Training time:0:00:07.581580

Dev Results

Prediction time:0:00:00.576321
50	48	10
Dev P:0.2
Dev R:0.208
Dev F1:0.204

Test Results

Prediction time:0:00:01.017533
66	73	23
Test P:0.348
Test R:0.315
Test F1:0.331



*******
Best Epoch:16
Best Epoch Seed:58
Corresponding P:0.375
Corresponding R:0.329
Corresponding F1:0.35



Best Test Epoch:16
Corresponding P:0.375
Corresponding R:0.329
Corresponding F1:0.35



Re-checking the scores of entire Test data with the best saved model:
Total sentences in the test set:59
GT Triple Count:73	PRED Triple Count:64	CORRECT Triple Count:24
Test P:0.375
Test R:0.329
Test F1:0.35
Now printing the scores for various subsets of Test Data with the best saved model:
Total sentences with single triples:48
GT Triple Count:48	PRED Triple Count:50	CORRECT Triple Count:15
Test P:0.3
Test R:0.312
Test F1:0.306
Total sentences with multiple triples:11
GT Triple Count:25	PRED Triple Count:14	CORRECT Triple Count:9
Test P:0.643
Test R:0.36
Test F1:0.462
Total sentences triples with varying sentiments:4
GT Triple Count:9	PRED Triple Count:4	CORRECT Triple Count:0
Test P:0.0
Test R:0.0
Test F1:0.0
Total sentences with overlapping triples:7
GT Triple Count:16	PRED Triple Count:10	CORRECT Triple Count:7
Test P:0.7
Test R:0.437
Test F1:0.538
