['PASTE_BERT.py', '--gpu_id', '0', '--src_folder', 'mpqa/', '--trg_folder', 'mpqa/PASTE_BERT', '--bert_mode', 'gen', '--gen_direct', 'af', '--l2', 'y', '--use_pos_tags', 'y', '--use_dep_emb', 'y']
100100.5
BERT
loading data......
No. of sentences:996
No. of lines in Target file:996
No. of lines in POS file:996
No. of lines in DEP file:996
No. of sentences:323
No. of lines in Target file:323
No. of lines in POS file:323
No. of lines in DEP file:323
No. of sentences:322
No. of lines in Target file:322
No. of lines in POS file:322
No. of lines in DEP file:322
Training data size:994
Development data size:323
Test data size:322
Building POS TAG Vocab..
Building DEP TAG Vocab..
Training started......
Batch Count: 63
Parameters size:131663959
weight factor:1
Adam (
Parameter Group 0
    amsgrad: False
    betas: (0.9, 0.999)
    eps: 1e-08
    lr: 0.001
    weight_decay: 0.0001
)
Epoch:1
Training loss:9.810933612641835
Training time:0:00:24.409088

Dev Results

Prediction time:0:00:06.440164
323	426	45
Dev P:0.139
Dev R:0.106
Dev F1:0.12

Test Results

Prediction time:0:00:05.996011
322	421	41
Test P:0.127
Test R:0.097
Test F1:0.11
model saved......



Epoch:2
Training loss:7.106110474419972
Training time:0:00:24.395445

Dev Results

Prediction time:0:00:06.396995
323	426	67
Dev P:0.207
Dev R:0.157
Dev F1:0.179

Test Results

Prediction time:0:00:05.958773
322	421	49
Test P:0.152
Test R:0.116
Test F1:0.132
model saved......



Epoch:3
Training loss:6.32486243096609
Training time:0:00:24.244685

Dev Results

Prediction time:0:00:06.444317
323	426	60
Dev P:0.186
Dev R:0.141
Dev F1:0.16

Test Results

Prediction time:0:00:06.006005
322	421	43
Test P:0.134
Test R:0.102
Test F1:0.116



Epoch:4
Training loss:5.746884293026394
Training time:0:00:23.964858

Dev Results

Prediction time:0:00:06.484372
325	426	69
Dev P:0.212
Dev R:0.162
Dev F1:0.184

Test Results

Prediction time:0:00:06.043022
325	421	54
Test P:0.166
Test R:0.128
Test F1:0.145
model saved......



Epoch:5
Training loss:5.234000962878031
Training time:0:00:24.112516

Dev Results

Prediction time:0:00:06.418413
352	426	69
Dev P:0.196
Dev R:0.162
Dev F1:0.177

Test Results

Prediction time:0:00:05.979395
362	421	65
Test P:0.18
Test R:0.154
Test F1:0.166



Epoch:6
Training loss:4.678104926669408
Training time:0:00:24.383960

Dev Results

Prediction time:0:00:06.466890
398	426	86
Dev P:0.216
Dev R:0.202
Dev F1:0.209

Test Results

Prediction time:0:00:06.016569
393	421	69
Test P:0.176
Test R:0.164
Test F1:0.17
model saved......



Epoch:7
Training loss:4.400205793834868
Training time:0:00:24.629453

Dev Results

Prediction time:0:00:06.488607
335	426	77
Dev P:0.23
Dev R:0.181
Dev F1:0.202

Test Results

Prediction time:0:00:06.042672
339	421	58
Test P:0.171
Test R:0.138
Test F1:0.153



Epoch:8
Training loss:3.926847544927446
Training time:0:00:24.273025

Dev Results

Prediction time:0:00:06.394765
335	426	70
Dev P:0.209
Dev R:0.164
Dev F1:0.184

Test Results

Prediction time:0:00:05.971562
335	421	57
Test P:0.17
Test R:0.135
Test F1:0.151



Epoch:9
Training loss:3.4606348976256354
Training time:0:00:24.269605

Dev Results

Prediction time:0:00:06.435020
327	426	70
Dev P:0.214
Dev R:0.164
Dev F1:0.186

Test Results

Prediction time:0:00:06.003433
326	421	64
Test P:0.196
Test R:0.152
Test F1:0.171



Epoch:10
Training loss:3.049605303340488
Training time:0:00:24.330129

Dev Results

Prediction time:0:00:06.458921
348	426	78
Dev P:0.224
Dev R:0.183
Dev F1:0.202

Test Results

Prediction time:0:00:06.021449
346	421	59
Test P:0.171
Test R:0.14
Test F1:0.154



Epoch:11
Training loss:2.850707548478293
Training time:0:00:24.266721

Dev Results

Prediction time:0:00:06.444143
351	426	74
Dev P:0.211
Dev R:0.174
Dev F1:0.19

Test Results

Prediction time:0:00:05.997101
351	421	65
Test P:0.185
Test R:0.154
Test F1:0.168



Epoch:12
Training loss:2.5184899757778836
Training time:0:00:24.020943

Dev Results

Prediction time:0:00:06.411278
327	426	67
Dev P:0.205
Dev R:0.157
Dev F1:0.178

Test Results

Prediction time:0:00:05.973382
333	421	65
Test P:0.195
Test R:0.154
Test F1:0.172



Epoch:13
Training loss:2.3578299321825544
Training time:0:00:24.625435

Dev Results

Prediction time:0:00:06.440573
331	426	71
Dev P:0.215
Dev R:0.167
Dev F1:0.188

Test Results

Prediction time:0:00:06.002395
335	421	57
Test P:0.17
Test R:0.135
Test F1:0.151



Epoch:14
Training loss:2.128340514879378
Training time:0:00:24.181358

Dev Results

Prediction time:0:00:06.401084
344	426	80
Dev P:0.233
Dev R:0.188
Dev F1:0.208

Test Results

Prediction time:0:00:05.969523
352	421	65
Test P:0.185
Test R:0.154
Test F1:0.168



Epoch:15
Training loss:1.9520758768868824
Training time:0:00:24.543994

Dev Results

Prediction time:0:00:06.446127
345	426	71
Dev P:0.206
Dev R:0.167
Dev F1:0.184

Test Results

Prediction time:0:00:05.999579
355	421	67
Test P:0.189
Test R:0.159
Test F1:0.173



Epoch:16
Training loss:1.8543510550544375
Training time:0:00:24.588892

Dev Results

Prediction time:0:00:06.429209
363	426	76
Dev P:0.209
Dev R:0.178
Dev F1:0.193

Test Results

Prediction time:0:00:05.977568
375	421	70
Test P:0.187
Test R:0.166
Test F1:0.176



Epoch:17
Training loss:1.6478689577844408
Training time:0:00:24.187614

Dev Results

Prediction time:0:00:06.453529
329	426	70
Dev P:0.213
Dev R:0.164
Dev F1:0.185

Test Results

Prediction time:0:00:06.019340
331	421	64
Test P:0.193
Test R:0.152
Test F1:0.17



Epoch:18
Training loss:1.5761179706406971
Training time:0:00:24.563455

Dev Results

Prediction time:0:00:06.471174
346	426	77
Dev P:0.223
Dev R:0.181
Dev F1:0.199

Test Results

Prediction time:0:00:06.013821
351	421	63
Test P:0.179
Test R:0.15
Test F1:0.163



Epoch:19
Training loss:1.4053797144738456
Training time:0:00:24.580072

Dev Results

Prediction time:0:00:06.458625
360	426	70
Dev P:0.194
Dev R:0.164
Dev F1:0.178

Test Results

Prediction time:0:00:06.005301
361	421	59
Test P:0.163
Test R:0.14
Test F1:0.151



Epoch:20
Training loss:1.4239496295414273
Training time:0:00:24.216191

Dev Results

Prediction time:0:00:06.435388
338	426	70
Dev P:0.207
Dev R:0.164
Dev F1:0.183

Test Results

Prediction time:0:00:05.990020
336	421	62
Test P:0.185
Test R:0.147
Test F1:0.164



Epoch:21
Training loss:1.290835990792229
Training time:0:00:24.102398

Dev Results

Prediction time:0:00:06.460771
402	426	79
Dev P:0.197
Dev R:0.185
Dev F1:0.191

Test Results

Prediction time:0:00:06.023197
406	421	69
Test P:0.17
Test R:0.164
Test F1:0.167



Epoch:22
Training loss:1.2804955527895974
Training time:0:00:24.310529

Dev Results

Prediction time:0:00:06.424586
348	426	72
Dev P:0.207
Dev R:0.169
Dev F1:0.186

Test Results

Prediction time:0:00:05.992664
350	421	63
Test P:0.18
Test R:0.15
Test F1:0.163



Epoch:23
Training loss:1.090959710734231
Training time:0:00:24.139188

Dev Results

Prediction time:0:00:06.484538
351	426	74
Dev P:0.211
Dev R:0.174
Dev F1:0.19

Test Results

Prediction time:0:00:06.051779
374	421	66
Test P:0.176
Test R:0.157
Test F1:0.166



Epoch:24
Training loss:1.050135576535785
Training time:0:00:24.476628

Dev Results

Prediction time:0:00:06.419431
366	426	73
Dev P:0.199
Dev R:0.171
Dev F1:0.184

Test Results

Prediction time:0:00:05.991837
383	421	61
Test P:0.159
Test R:0.145
Test F1:0.152



Epoch:25
Training loss:1.085636023491148
Training time:0:00:24.312378

Dev Results

Prediction time:0:00:06.464261
343	426	78
Dev P:0.227
Dev R:0.183
Dev F1:0.203

Test Results

Prediction time:0:00:06.021071
342	421	61
Test P:0.178
Test R:0.145
Test F1:0.16



Epoch:26
Training loss:0.9973353845259499
Training time:0:00:24.466847

Dev Results

Prediction time:0:00:06.421411
347	426	77
Dev P:0.222
Dev R:0.181
Dev F1:0.199

Test Results

Prediction time:0:00:05.987544
364	421	69
Test P:0.19
Test R:0.164
Test F1:0.176



Epoch:27
Training loss:1.0430497858259413
Training time:0:00:24.677394

Dev Results

Prediction time:0:00:06.473095
356	426	76
Dev P:0.213
Dev R:0.178
Dev F1:0.194

Test Results

Prediction time:0:00:06.053094
360	421	63
Test P:0.175
Test R:0.15
Test F1:0.161



Epoch:28
Training loss:1.0260691271414832
Training time:0:00:24.443852

Dev Results

Prediction time:0:00:06.472863
344	426	75
Dev P:0.218
Dev R:0.176
Dev F1:0.195

Test Results

Prediction time:0:00:06.029944
353	421	56
Test P:0.159
Test R:0.133
Test F1:0.145



Epoch:29
Training loss:0.8928582521658095
Training time:0:00:24.084337

Dev Results

Prediction time:0:00:06.459548
360	426	77
Dev P:0.214
Dev R:0.181
Dev F1:0.196

Test Results

Prediction time:0:00:06.020384
368	421	66
Test P:0.179
Test R:0.157
Test F1:0.167



Epoch:30
Training loss:0.8677214980125427
Training time:0:00:24.500310

Dev Results

Prediction time:0:00:06.490180
361	426	72
Dev P:0.199
Dev R:0.169
Dev F1:0.183

Test Results

Prediction time:0:00:06.046457
383	421	68
Test P:0.178
Test R:0.162
Test F1:0.169



*******
Best Epoch:6
Best Epoch Seed:48
Corresponding P:0.176
Corresponding R:0.164
Corresponding F1:0.17



Best Test Epoch:16
Corresponding P:0.187
Corresponding R:0.166
Corresponding F1:0.176



Re-checking the scores of entire Test data with the best saved model:
Total sentences in the test set:322
GT Triple Count:421	PRED Triple Count:393	CORRECT Triple Count:69
Test P:0.176
Test R:0.164
Test F1:0.17
Now printing the scores for various subsets of Test Data with the best saved model:
Total sentences with single triples:243
GT Triple Count:243	PRED Triple Count:277	CORRECT Triple Count:47
Test P:0.17
Test R:0.193
Test F1:0.181
Total sentences with multiple triples:79
GT Triple Count:178	PRED Triple Count:116	CORRECT Triple Count:22
Test P:0.19
Test R:0.124
Test F1:0.15
Total sentences triples with varying sentiments:31
GT Triple Count:79	PRED Triple Count:46	CORRECT Triple Count:9
Test P:0.196
Test R:0.114
Test F1:0.144
Total sentences with overlapping triples:42
GT Triple Count:95	PRED Triple Count:58	CORRECT Triple Count:6
Test P:0.103
Test R:0.063
Test F1:0.078
