['PASTE_BERT.py', '--gpu_id', '0', '--src_folder', 'darmstadt_unis/', '--trg_folder', 'darmstadt_unis/PASTE_BERT', '--bert_mode', 'gen', '--gen_direct', 'af', '--l2', 'y', '--wd', '1e-5', '--use_pos_tags', 'y']
100100.5
BERT
loading data......
No. of sentences:369
No. of lines in Target file:369
No. of lines in POS file:369
No. of lines in DEP file:369
No. of sentences:44
No. of lines in Target file:44
No. of lines in POS file:44
No. of lines in DEP file:44
No. of sentences:59
No. of lines in Target file:59
No. of lines in POS file:59
No. of lines in DEP file:59
Training data size:369
Development data size:44
Test data size:59
Building POS TAG Vocab..
Building DEP TAG Vocab..
Training started......
Batch Count: 23
Parameters size:129771809
weight factor:1
Adam (
Parameter Group 0
    amsgrad: False
    betas: (0.9, 0.999)
    eps: 1e-08
    lr: 0.001
    weight_decay: 1e-05
)
Epoch:1
Training loss:9.976644951364268
Training time:0:00:07.281580

Dev Results

Prediction time:0:00:00.543454
44	48	2
Dev P:0.045
Dev R:0.042
Dev F1:0.043

Test Results

Prediction time:0:00:00.992164
59	73	7
Test P:0.119
Test R:0.096
Test F1:0.106
model saved......



Epoch:2
Training loss:6.40169504414434
Training time:0:00:07.305613

Dev Results

Prediction time:0:00:00.539914
44	48	4
Dev P:0.091
Dev R:0.083
Dev F1:0.087

Test Results

Prediction time:0:00:00.989234
60	73	9
Test P:0.15
Test R:0.123
Test F1:0.135
model saved......



Epoch:3
Training loss:5.407149397808572
Training time:0:00:07.059731

Dev Results

Prediction time:0:00:00.542780
44	48	7
Dev P:0.159
Dev R:0.146
Dev F1:0.152

Test Results

Prediction time:0:00:01.001987
60	73	12
Test P:0.2
Test R:0.164
Test F1:0.18
model saved......



Epoch:4
Training loss:4.793309812960417
Training time:0:00:07.088509

Dev Results

Prediction time:0:00:00.535590
44	48	9
Dev P:0.205
Dev R:0.187
Dev F1:0.196

Test Results

Prediction time:0:00:01.000903
60	73	15
Test P:0.25
Test R:0.205
Test F1:0.226
model saved......



Epoch:5
Training loss:4.294917666393777
Training time:0:00:07.439493

Dev Results

Prediction time:0:00:00.545047
46	48	8
Dev P:0.174
Dev R:0.167
Dev F1:0.17

Test Results

Prediction time:0:00:01.000303
60	73	15
Test P:0.25
Test R:0.205
Test F1:0.226



Epoch:6
Training loss:3.665653363518093
Training time:0:00:07.257708

Dev Results

Prediction time:0:00:00.543978
44	48	8
Dev P:0.182
Dev R:0.167
Dev F1:0.174

Test Results

Prediction time:0:00:00.996764
61	73	15
Test P:0.246
Test R:0.205
Test F1:0.224



Epoch:7
Training loss:3.2648735668348228
Training time:0:00:07.170616

Dev Results

Prediction time:0:00:00.536498
44	48	8
Dev P:0.182
Dev R:0.167
Dev F1:0.174

Test Results

Prediction time:0:00:00.996284
59	73	16
Test P:0.271
Test R:0.219
Test F1:0.242



Epoch:8
Training loss:2.785044898157534
Training time:0:00:06.940852

Dev Results

Prediction time:0:00:00.536797
50	48	10
Dev P:0.2
Dev R:0.208
Dev F1:0.204

Test Results

Prediction time:0:00:00.997398
65	73	19
Test P:0.292
Test R:0.26
Test F1:0.275
model saved......



Epoch:9
Training loss:2.4154892019603564
Training time:0:00:07.533535

Dev Results

Prediction time:0:00:00.540956
44	48	9
Dev P:0.205
Dev R:0.187
Dev F1:0.196

Test Results

Prediction time:0:00:01.001147
59	73	15
Test P:0.254
Test R:0.205
Test F1:0.227



Epoch:10
Training loss:2.1090193157610684
Training time:0:00:06.902352

Dev Results

Prediction time:0:00:00.551112
45	48	9
Dev P:0.2
Dev R:0.187
Dev F1:0.194

Test Results

Prediction time:0:00:01.007709
60	73	18
Test P:0.3
Test R:0.247
Test F1:0.271



Epoch:11
Training loss:1.8687219101449717
Training time:0:00:07.447995

Dev Results

Prediction time:0:00:00.539364
45	48	10
Dev P:0.222
Dev R:0.208
Dev F1:0.215

Test Results

Prediction time:0:00:00.994291
61	73	16
Test P:0.262
Test R:0.219
Test F1:0.239
model saved......



Epoch:12
Training loss:1.5985771417617798
Training time:0:00:07.374399

Dev Results

Prediction time:0:00:00.541891
45	48	11
Dev P:0.244
Dev R:0.229
Dev F1:0.237

Test Results

Prediction time:0:00:00.997216
61	73	18
Test P:0.295
Test R:0.247
Test F1:0.269
model saved......



Epoch:13
Training loss:1.3766316512356633
Training time:0:00:07.395075

Dev Results

Prediction time:0:00:00.542788
44	48	7
Dev P:0.159
Dev R:0.146
Dev F1:0.152

Test Results

Prediction time:0:00:01.001737
59	73	21
Test P:0.356
Test R:0.288
Test F1:0.318



Epoch:14
Training loss:1.254990834256877
Training time:0:00:07.434653

Dev Results

Prediction time:0:00:00.553119
52	48	9
Dev P:0.173
Dev R:0.187
Dev F1:0.18

Test Results

Prediction time:0:00:00.991138
65	73	20
Test P:0.308
Test R:0.274
Test F1:0.29



Epoch:15
Training loss:1.1793125582777935
Training time:0:00:07.271596

Dev Results

Prediction time:0:00:00.536207
46	48	8
Dev P:0.174
Dev R:0.167
Dev F1:0.17

Test Results

Prediction time:0:00:00.996811
62	73	18
Test P:0.29
Test R:0.247
Test F1:0.267



Epoch:16
Training loss:0.9701545368070188
Training time:0:00:07.562069

Dev Results

Prediction time:0:00:00.542419
49	48	8
Dev P:0.163
Dev R:0.167
Dev F1:0.165

Test Results

Prediction time:0:00:01.001691
63	73	19
Test P:0.302
Test R:0.26
Test F1:0.279



Epoch:17
Training loss:0.9101698618868123
Training time:0:00:07.380916

Dev Results

Prediction time:0:00:00.547281
46	48	7
Dev P:0.152
Dev R:0.146
Dev F1:0.149

Test Results

Prediction time:0:00:00.999514
63	73	19
Test P:0.302
Test R:0.26
Test F1:0.279



Epoch:18
Training loss:0.8159789002459982
Training time:0:00:07.283434

Dev Results

Prediction time:0:00:00.544973
46	48	8
Dev P:0.174
Dev R:0.167
Dev F1:0.17

Test Results

Prediction time:0:00:01.002102
63	73	19
Test P:0.302
Test R:0.26
Test F1:0.279



Epoch:19
Training loss:0.6858719107897385
Training time:0:00:07.505015

Dev Results

Prediction time:0:00:00.552097
51	48	8
Dev P:0.157
Dev R:0.167
Dev F1:0.162

Test Results

Prediction time:0:00:01.006273
66	73	19
Test P:0.288
Test R:0.26
Test F1:0.273



Epoch:20
Training loss:0.7095185025878574
Training time:0:00:07.145746

Dev Results

Prediction time:0:00:00.554680
47	48	8
Dev P:0.17
Dev R:0.167
Dev F1:0.168

Test Results

Prediction time:0:00:01.003927
62	73	21
Test P:0.339
Test R:0.288
Test F1:0.311



Epoch:21
Training loss:0.7257559752982595
Training time:0:00:07.268396

Dev Results

Prediction time:0:00:00.539751
47	48	12
Dev P:0.255
Dev R:0.25
Dev F1:0.253

Test Results

Prediction time:0:00:00.996746
63	73	18
Test P:0.286
Test R:0.247
Test F1:0.265
model saved......



Epoch:22
Training loss:0.6562785428503285
Training time:0:00:07.416091

Dev Results

Prediction time:0:00:00.542075
47	48	10
Dev P:0.213
Dev R:0.208
Dev F1:0.211

Test Results

Prediction time:0:00:00.994904
64	73	21
Test P:0.328
Test R:0.288
Test F1:0.307



Epoch:23
Training loss:0.5401041248570317
Training time:0:00:07.309726

Dev Results

Prediction time:0:00:00.540619
47	48	9
Dev P:0.191
Dev R:0.187
Dev F1:0.189

Test Results

Prediction time:0:00:00.998629
65	73	19
Test P:0.292
Test R:0.26
Test F1:0.275



Epoch:24
Training loss:0.4982192373794058
Training time:0:00:07.236729

Dev Results

Prediction time:0:00:00.542815
46	48	10
Dev P:0.217
Dev R:0.208
Dev F1:0.213

Test Results

Prediction time:0:00:00.996968
62	73	18
Test P:0.29
Test R:0.247
Test F1:0.267



Epoch:25
Training loss:0.5175208896398544
Training time:0:00:07.126106

Dev Results

Prediction time:0:00:00.540602
45	48	9
Dev P:0.2
Dev R:0.187
Dev F1:0.194

Test Results

Prediction time:0:00:01.002323
61	73	17
Test P:0.279
Test R:0.233
Test F1:0.254



Epoch:26
Training loss:0.5204450611187064
Training time:0:00:07.202308

Dev Results

Prediction time:0:00:00.538061
49	48	11
Dev P:0.224
Dev R:0.229
Dev F1:0.227

Test Results

Prediction time:0:00:01.001996
65	73	22
Test P:0.338
Test R:0.301
Test F1:0.319



Epoch:27
Training loss:0.5159059911966324
Training time:0:00:07.194709

Dev Results

Prediction time:0:00:00.554597
46	48	10
Dev P:0.217
Dev R:0.208
Dev F1:0.213

Test Results

Prediction time:0:00:00.995965
64	73	21
Test P:0.328
Test R:0.288
Test F1:0.307



Epoch:28
Training loss:0.4178846899581992
Training time:0:00:06.878401

Dev Results

Prediction time:0:00:00.545255
52	48	14
Dev P:0.269
Dev R:0.292
Dev F1:0.28

Test Results

Prediction time:0:00:01.002641
67	73	20
Test P:0.299
Test R:0.274
Test F1:0.286
model saved......



Epoch:29
Training loss:0.4209055835786073
Training time:0:00:07.202426

Dev Results

Prediction time:0:00:00.540478
50	48	12
Dev P:0.24
Dev R:0.25
Dev F1:0.245

Test Results

Prediction time:0:00:01.005628
66	73	22
Test P:0.333
Test R:0.301
Test F1:0.317



Epoch:30
Training loss:0.44931172935859015
Training time:0:00:07.506009

Dev Results

Prediction time:0:00:00.552899
48	48	12
Dev P:0.25
Dev R:0.25
Dev F1:0.25

Test Results

Prediction time:0:00:00.997556
62	73	22
Test P:0.355
Test R:0.301
Test F1:0.326



*******
Best Epoch:28
Best Epoch Seed:70
Corresponding P:0.299
Corresponding R:0.274
Corresponding F1:0.286



Best Test Epoch:30
Corresponding P:0.355
Corresponding R:0.301
Corresponding F1:0.326



Re-checking the scores of entire Test data with the best saved model:
Total sentences in the test set:59
GT Triple Count:73	PRED Triple Count:67	CORRECT Triple Count:20
Test P:0.299
Test R:0.274
Test F1:0.286
Now printing the scores for various subsets of Test Data with the best saved model:
Total sentences with single triples:48
GT Triple Count:48	PRED Triple Count:50	CORRECT Triple Count:11
Test P:0.22
Test R:0.229
Test F1:0.224
Total sentences with multiple triples:11
GT Triple Count:25	PRED Triple Count:17	CORRECT Triple Count:9
Test P:0.529
Test R:0.36
Test F1:0.429
Total sentences triples with varying sentiments:4
GT Triple Count:9	PRED Triple Count:5	CORRECT Triple Count:1
Test P:0.2
Test R:0.111
Test F1:0.143
Total sentences with overlapping triples:7
GT Triple Count:16	PRED Triple Count:11	CORRECT Triple Count:6
Test P:0.545
Test R:0.375
Test F1:0.444
