['PASTE_BERT.py', '--gpu_id', '0', '--src_folder', 'multibooked_eu/', '--trg_folder', 'multibooked_eu/PASTE_BERT', '--bert_mode', 'gen_mul', '--gen_direct', 'af', '--l2', 'y', '--use_pos_tags', 'y']
100100.5
BERT
loading data......
No. of sentences:615
No. of lines in Target file:615
No. of lines in POS file:615
No. of lines in DEP file:615
No. of sentences:79
No. of lines in Target file:79
No. of lines in POS file:79
No. of lines in DEP file:79
No. of sentences:173
No. of lines in Target file:173
No. of lines in POS file:173
No. of lines in DEP file:173
Training data size:612
Development data size:79
Test data size:173
Building POS TAG Vocab..
Building DEP TAG Vocab..
Training started......
Batch Count: 39
Parameters size:187645635
weight factor:1
Adam (
Parameter Group 0
    amsgrad: False
    betas: (0.9, 0.999)
    eps: 1e-08
    lr: 0.001
    weight_decay: 0.0001
)
Epoch:1
Training loss:9.405456873086782
Training time:0:00:17.268326

Dev Results

Prediction time:0:00:01.009681
88	141	31
Dev P:0.352
Dev R:0.22
Dev F1:0.271

Test Results

Prediction time:0:00:02.706217
194	316	52
Test P:0.268
Test R:0.165
Test F1:0.204
model saved......



Epoch:2
Training loss:6.678378117390168
Training time:0:00:17.167146

Dev Results

Prediction time:0:00:01.006077
126	141	49
Dev P:0.389
Dev R:0.348
Dev F1:0.367

Test Results

Prediction time:0:00:02.722131
279	316	81
Test P:0.29
Test R:0.256
Test F1:0.272
model saved......



Epoch:3
Training loss:5.789305907029372
Training time:0:00:16.890579

Dev Results

Prediction time:0:00:01.007374
145	141	53
Dev P:0.366
Dev R:0.376
Dev F1:0.371

Test Results

Prediction time:0:00:02.715164
341	316	92
Test P:0.27
Test R:0.291
Test F1:0.28
model saved......



Epoch:4
Training loss:5.40367439465645
Training time:0:00:17.022445

Dev Results

Prediction time:0:00:01.012237
136	141	53
Dev P:0.39
Dev R:0.376
Dev F1:0.383

Test Results

Prediction time:0:00:02.723592
328	316	98
Test P:0.299
Test R:0.31
Test F1:0.304
model saved......



Epoch:5
Training loss:4.940493204654792
Training time:0:00:16.789367

Dev Results

Prediction time:0:00:01.009571
123	141	55
Dev P:0.447
Dev R:0.39
Dev F1:0.417

Test Results

Prediction time:0:00:02.725092
299	316	98
Test P:0.328
Test R:0.31
Test F1:0.319
model saved......



Epoch:6
Training loss:4.702241066174629
Training time:0:00:16.968257

Dev Results

Prediction time:0:00:01.009396
106	141	61
Dev P:0.575
Dev R:0.433
Dev F1:0.494

Test Results

Prediction time:0:00:02.734379
251	316	95
Test P:0.378
Test R:0.301
Test F1:0.335
model saved......



Epoch:7
Training loss:4.345926569058345
Training time:0:00:16.964818

Dev Results

Prediction time:0:00:01.013496
120	141	53
Dev P:0.442
Dev R:0.376
Dev F1:0.406

Test Results

Prediction time:0:00:02.727068
291	316	106
Test P:0.364
Test R:0.335
Test F1:0.349



Epoch:8
Training loss:4.156331123449863
Training time:0:00:16.764019

Dev Results

Prediction time:0:00:01.008653
126	141	58
Dev P:0.46
Dev R:0.411
Dev F1:0.434

Test Results

Prediction time:0:00:02.713430
303	316	111
Test P:0.366
Test R:0.351
Test F1:0.359



Epoch:9
Training loss:3.882403645759974
Training time:0:00:17.014655

Dev Results

Prediction time:0:00:01.008983
138	141	64
Dev P:0.464
Dev R:0.454
Dev F1:0.459

Test Results

Prediction time:0:00:02.733346
331	316	118
Test P:0.356
Test R:0.373
Test F1:0.365



Epoch:10
Training loss:3.478520420881418
Training time:0:00:17.053807

Dev Results

Prediction time:0:00:01.017612
133	141	65
Dev P:0.489
Dev R:0.461
Dev F1:0.474

Test Results

Prediction time:0:00:02.728623
331	316	122
Test P:0.369
Test R:0.386
Test F1:0.377



Epoch:11
Training loss:3.365543068983616
Training time:0:00:17.150573

Dev Results

Prediction time:0:00:01.012572
149	141	60
Dev P:0.403
Dev R:0.426
Dev F1:0.414

Test Results

Prediction time:0:00:02.722354
373	316	131
Test P:0.351
Test R:0.415
Test F1:0.38



Epoch:12
Training loss:3.22893466704931
Training time:0:00:16.604506

Dev Results

Prediction time:0:00:01.002752
124	141	61
Dev P:0.492
Dev R:0.433
Dev F1:0.46

Test Results

Prediction time:0:00:02.717478
301	316	116
Test P:0.385
Test R:0.367
Test F1:0.376



Epoch:13
Training loss:2.9003712641887174
Training time:0:00:16.466241

Dev Results

Prediction time:0:00:01.003465
130	141	64
Dev P:0.492
Dev R:0.454
Dev F1:0.472

Test Results

Prediction time:0:00:02.734110
320	316	116
Test P:0.362
Test R:0.367
Test F1:0.365



Epoch:14
Training loss:2.845651327035366
Training time:0:00:17.148215

Dev Results

Prediction time:0:00:01.009933
143	141	68
Dev P:0.476
Dev R:0.482
Dev F1:0.479

Test Results

Prediction time:0:00:02.726537
348	316	126
Test P:0.362
Test R:0.399
Test F1:0.38



Epoch:15
Training loss:2.6401461210006323
Training time:0:00:16.861932

Dev Results

Prediction time:0:00:01.010273
126	141	68
Dev P:0.54
Dev R:0.482
Dev F1:0.509

Test Results

Prediction time:0:00:02.731324
298	316	127
Test P:0.426
Test R:0.402
Test F1:0.414
model saved......



Epoch:16
Training loss:2.4958599347334642
Training time:0:00:17.373467

Dev Results

Prediction time:0:00:01.006064
145	141	66
Dev P:0.455
Dev R:0.468
Dev F1:0.462

Test Results

Prediction time:0:00:02.731213
364	316	141
Test P:0.387
Test R:0.446
Test F1:0.415



Epoch:17
Training loss:2.3756615290274987
Training time:0:00:16.899986

Dev Results

Prediction time:0:00:01.008152
126	141	65
Dev P:0.516
Dev R:0.461
Dev F1:0.487

Test Results

Prediction time:0:00:02.727314
315	316	131
Test P:0.416
Test R:0.415
Test F1:0.415



Epoch:18
Training loss:2.03323032000126
Training time:0:00:17.286534

Dev Results

Prediction time:0:00:01.014335
135	141	67
Dev P:0.496
Dev R:0.475
Dev F1:0.486

Test Results

Prediction time:0:00:02.719396
324	316	138
Test P:0.426
Test R:0.437
Test F1:0.431



Epoch:19
Training loss:2.1727758004115176
Training time:0:00:16.327970

Dev Results

Prediction time:0:00:01.014502
124	141	64
Dev P:0.516
Dev R:0.454
Dev F1:0.483

Test Results

Prediction time:0:00:02.734034
310	316	130
Test P:0.419
Test R:0.411
Test F1:0.415



Epoch:20
Training loss:2.0966046956869273
Training time:0:00:16.867039

Dev Results

Prediction time:0:00:01.011672
145	141	72
Dev P:0.497
Dev R:0.511
Dev F1:0.503

Test Results

Prediction time:0:00:02.734206
377	316	140
Test P:0.371
Test R:0.443
Test F1:0.404



Epoch:21
Training loss:1.8702428340911865
Training time:0:00:17.129313

Dev Results

Prediction time:0:00:01.011607
116	141	61
Dev P:0.526
Dev R:0.433
Dev F1:0.475

Test Results

Prediction time:0:00:02.739462
279	316	123
Test P:0.441
Test R:0.389
Test F1:0.413



Epoch:22
Training loss:1.6722231385035393
Training time:0:00:16.885311

Dev Results

Prediction time:0:00:01.012463
127	141	67
Dev P:0.528
Dev R:0.475
Dev F1:0.5

Test Results

Prediction time:0:00:02.736064
306	316	134
Test P:0.438
Test R:0.424
Test F1:0.431



Epoch:23
Training loss:1.870160263318282
Training time:0:00:16.715908

Dev Results

Prediction time:0:00:01.013532
145	141	70
Dev P:0.483
Dev R:0.496
Dev F1:0.49

Test Results

Prediction time:0:00:02.734436
356	316	142
Test P:0.399
Test R:0.449
Test F1:0.423



Epoch:24
Training loss:1.8134944836298625
Training time:0:00:17.075985

Dev Results

Prediction time:0:00:01.017363
133	141	66
Dev P:0.496
Dev R:0.468
Dev F1:0.482

Test Results

Prediction time:0:00:02.725619
329	316	139
Test P:0.422
Test R:0.44
Test F1:0.431



Epoch:25
Training loss:1.6144653787979713
Training time:0:00:16.457597

Dev Results

Prediction time:0:00:01.004171
129	141	66
Dev P:0.512
Dev R:0.468
Dev F1:0.489

Test Results

Prediction time:0:00:02.722287
323	316	136
Test P:0.421
Test R:0.43
Test F1:0.426



Epoch:26
Training loss:1.6097360803530767
Training time:0:00:17.320976

Dev Results

Prediction time:0:00:01.003230
118	141	62
Dev P:0.525
Dev R:0.44
Dev F1:0.479

Test Results

Prediction time:0:00:02.724679
288	316	125
Test P:0.434
Test R:0.396
Test F1:0.414



Epoch:27
Training loss:1.4895395697691503
Training time:0:00:17.111699

Dev Results

Prediction time:0:00:01.011452
130	141	68
Dev P:0.523
Dev R:0.482
Dev F1:0.502

Test Results

Prediction time:0:00:02.738849
320	316	139
Test P:0.434
Test R:0.44
Test F1:0.437



Epoch:28
Training loss:1.5062853800944793
Training time:0:00:16.783819

Dev Results

Prediction time:0:00:01.012825
143	141	67
Dev P:0.469
Dev R:0.475
Dev F1:0.472

Test Results

Prediction time:0:00:02.734564
348	316	142
Test P:0.408
Test R:0.449
Test F1:0.428



Epoch:29
Training loss:1.4499865449391878
Training time:0:00:16.799615

Dev Results

Prediction time:0:00:01.019398
133	141	62
Dev P:0.466
Dev R:0.44
Dev F1:0.453

Test Results

Prediction time:0:00:02.760090
323	316	141
Test P:0.437
Test R:0.446
Test F1:0.441



Epoch:30
Training loss:1.3529482269898438
Training time:0:00:17.298554

Dev Results

Prediction time:0:00:01.007338
128	141	66
Dev P:0.516
Dev R:0.468
Dev F1:0.491

Test Results

Prediction time:0:00:02.756777
302	316	132
Test P:0.437
Test R:0.418
Test F1:0.427



*******
Best Epoch:15
Best Epoch Seed:57
Corresponding P:0.426
Corresponding R:0.402
Corresponding F1:0.414



Best Test Epoch:29
Corresponding P:0.437
Corresponding R:0.446
Corresponding F1:0.441



Re-checking the scores of entire Test data with the best saved model:
Total sentences in the test set:173
GT Triple Count:316	PRED Triple Count:298	CORRECT Triple Count:127
Test P:0.426
Test R:0.402
Test F1:0.414
Now printing the scores for various subsets of Test Data with the best saved model:
Total sentences with single triples:88
GT Triple Count:88	PRED Triple Count:122	CORRECT Triple Count:42
Test P:0.344
Test R:0.477
Test F1:0.4
Total sentences with multiple triples:85
GT Triple Count:228	PRED Triple Count:176	CORRECT Triple Count:85
Test P:0.483
Test R:0.373
Test F1:0.421
Total sentences triples with varying sentiments:16
GT Triple Count:44	PRED Triple Count:33	CORRECT Triple Count:14
Test P:0.424
Test R:0.318
Test F1:0.364
Total sentences with overlapping triples:68
GT Triple Count:187	PRED Triple Count:142	CORRECT Triple Count:69
Test P:0.486
Test R:0.369
Test F1:0.419
