['PASTE_BERT.py', '--gpu_id', '0', '--src_folder', 'darmstadt_unis/', '--trg_folder', 'darmstadt_unis/PASTE_BERT', '--bert_mode', 'gen', '--gen_direct', 'af', '--l2', 'y', '--wd', '1e-5']
100100.5
BERT
loading data......
No. of sentences:369
No. of lines in Target file:369
No. of lines in POS file:369
No. of lines in DEP file:369
No. of sentences:44
No. of lines in Target file:44
No. of lines in POS file:44
No. of lines in DEP file:44
No. of sentences:59
No. of lines in Target file:59
No. of lines in POS file:59
No. of lines in DEP file:59
Training data size:369
Development data size:44
Test data size:59
Building POS TAG Vocab..
Building DEP TAG Vocab..
Training started......
Batch Count: 23
Parameters size:127959659
weight factor:1
Adam (
Parameter Group 0
    amsgrad: False
    betas: (0.9, 0.999)
    eps: 1e-08
    lr: 0.001
    weight_decay: 1e-05
)
Epoch:1
Training loss:10.168897379999576
Training time:0:00:06.889208

Dev Results

Prediction time:0:00:00.541156
44	48	4
Dev P:0.091
Dev R:0.083
Dev F1:0.087

Test Results

Prediction time:0:00:00.964173
59	73	11
Test P:0.186
Test R:0.151
Test F1:0.167
model saved......



Epoch:2
Training loss:6.458241835884426
Training time:0:00:06.997003

Dev Results

Prediction time:0:00:00.546145
44	48	9
Dev P:0.205
Dev R:0.187
Dev F1:0.196

Test Results

Prediction time:0:00:00.964988
59	73	14
Test P:0.237
Test R:0.192
Test F1:0.212
model saved......



Epoch:3
Training loss:5.333885856296705
Training time:0:00:06.720138

Dev Results

Prediction time:0:00:00.545706
44	48	11
Dev P:0.25
Dev R:0.229
Dev F1:0.239

Test Results

Prediction time:0:00:00.962042
59	73	11
Test P:0.186
Test R:0.151
Test F1:0.167
model saved......



Epoch:4
Training loss:4.767880367196125
Training time:0:00:06.793626

Dev Results

Prediction time:0:00:00.555700
44	48	10
Dev P:0.227
Dev R:0.208
Dev F1:0.217

Test Results

Prediction time:0:00:00.977133
61	73	14
Test P:0.23
Test R:0.192
Test F1:0.209



Epoch:5
Training loss:4.054774647173674
Training time:0:00:06.960455

Dev Results

Prediction time:0:00:00.553169
44	48	10
Dev P:0.227
Dev R:0.208
Dev F1:0.217

Test Results

Prediction time:0:00:00.968950
60	73	17
Test P:0.283
Test R:0.233
Test F1:0.256



Epoch:6
Training loss:3.481381830961808
Training time:0:00:06.887441

Dev Results

Prediction time:0:00:00.538035
45	48	7
Dev P:0.156
Dev R:0.146
Dev F1:0.151

Test Results

Prediction time:0:00:00.968339
61	73	19
Test P:0.311
Test R:0.26
Test F1:0.284



Epoch:7
Training loss:2.9731051092562466
Training time:0:00:06.899671

Dev Results

Prediction time:0:00:00.548053
44	48	10
Dev P:0.227
Dev R:0.208
Dev F1:0.217

Test Results

Prediction time:0:00:00.977361
61	73	17
Test P:0.279
Test R:0.233
Test F1:0.254



Epoch:8
Training loss:2.4259287585382876
Training time:0:00:06.629515

Dev Results

Prediction time:0:00:00.548179
46	48	8
Dev P:0.174
Dev R:0.167
Dev F1:0.17

Test Results

Prediction time:0:00:00.982512
64	73	19
Test P:0.297
Test R:0.26
Test F1:0.277



Epoch:9
Training loss:2.030676033185876
Training time:0:00:07.054727

Dev Results

Prediction time:0:00:00.545690
45	48	7
Dev P:0.156
Dev R:0.146
Dev F1:0.151

Test Results

Prediction time:0:00:00.970774
59	73	17
Test P:0.288
Test R:0.233
Test F1:0.258



Epoch:10
Training loss:1.8898682024167932
Training time:0:00:06.618313

Dev Results

Prediction time:0:00:00.553363
45	48	10
Dev P:0.222
Dev R:0.208
Dev F1:0.215

Test Results

Prediction time:0:00:00.971814
60	73	17
Test P:0.283
Test R:0.233
Test F1:0.256



Epoch:11
Training loss:1.6536009052525396
Training time:0:00:07.037277

Dev Results

Prediction time:0:00:00.544653
50	48	11
Dev P:0.22
Dev R:0.229
Dev F1:0.224

Test Results

Prediction time:0:00:00.975210
68	73	19
Test P:0.279
Test R:0.26
Test F1:0.27



Epoch:12
Training loss:1.3875005374784055
Training time:0:00:06.975960

Dev Results

Prediction time:0:00:00.556465
46	48	9
Dev P:0.196
Dev R:0.187
Dev F1:0.191

Test Results

Prediction time:0:00:00.975119
61	73	15
Test P:0.246
Test R:0.205
Test F1:0.224



Epoch:13
Training loss:1.1906961280366648
Training time:0:00:06.969857

Dev Results

Prediction time:0:00:00.553830
46	48	7
Dev P:0.152
Dev R:0.146
Dev F1:0.149

Test Results

Prediction time:0:00:00.976537
60	73	16
Test P:0.267
Test R:0.219
Test F1:0.241



Epoch:14
Training loss:1.0563099850778994
Training time:0:00:07.023645

Dev Results

Prediction time:0:00:00.552203
44	48	8
Dev P:0.182
Dev R:0.167
Dev F1:0.174

Test Results

Prediction time:0:00:00.977902
60	73	14
Test P:0.233
Test R:0.192
Test F1:0.211



Epoch:15
Training loss:1.005077161218809
Training time:0:00:06.987719

Dev Results

Prediction time:0:00:00.550592
45	48	7
Dev P:0.156
Dev R:0.146
Dev F1:0.151

Test Results

Prediction time:0:00:00.979974
60	73	18
Test P:0.3
Test R:0.247
Test F1:0.271



Epoch:16
Training loss:0.9225393378216288
Training time:0:00:06.920530

Dev Results

Prediction time:0:00:00.552025
45	48	6
Dev P:0.133
Dev R:0.125
Dev F1:0.129

Test Results

Prediction time:0:00:00.969615
60	73	17
Test P:0.283
Test R:0.233
Test F1:0.256



Epoch:17
Training loss:0.8179628162280373
Training time:0:00:06.967344

Dev Results

Prediction time:0:00:00.555441
49	48	7
Dev P:0.143
Dev R:0.146
Dev F1:0.144

Test Results

Prediction time:0:00:00.979853
67	73	18
Test P:0.269
Test R:0.247
Test F1:0.257



Epoch:18
Training loss:0.8460828597130983
Training time:0:00:06.881766

Dev Results

Prediction time:0:00:00.550781
48	48	9
Dev P:0.187
Dev R:0.187
Dev F1:0.187

Test Results

Prediction time:0:00:00.980720
64	73	20
Test P:0.312
Test R:0.274
Test F1:0.292



Epoch:19
Training loss:0.7490696440572324
Training time:0:00:07.002137

Dev Results

Prediction time:0:00:00.553853
48	48	8
Dev P:0.167
Dev R:0.167
Dev F1:0.167

Test Results

Prediction time:0:00:00.972673
62	73	21
Test P:0.339
Test R:0.288
Test F1:0.311



Epoch:20
Training loss:0.6866903577161871
Training time:0:00:06.821967

Dev Results

Prediction time:0:00:00.555872
50	48	10
Dev P:0.2
Dev R:0.208
Dev F1:0.204

Test Results

Prediction time:0:00:00.974629
65	73	19
Test P:0.292
Test R:0.26
Test F1:0.275



Epoch:21
Training loss:0.616127408069113
Training time:0:00:06.774143

Dev Results

Prediction time:0:00:00.552373
51	48	10
Dev P:0.196
Dev R:0.208
Dev F1:0.202

Test Results

Prediction time:0:00:00.974326
66	73	19
Test P:0.288
Test R:0.26
Test F1:0.273



Epoch:22
Training loss:0.5069923757211022
Training time:0:00:06.947772

Dev Results

Prediction time:0:00:00.551351
51	48	7
Dev P:0.137
Dev R:0.146
Dev F1:0.141

Test Results

Prediction time:0:00:00.967934
65	73	20
Test P:0.308
Test R:0.274
Test F1:0.29



Epoch:23
Training loss:0.5383546792942545
Training time:0:00:06.901756

Dev Results

Prediction time:0:00:00.547995
55	48	11
Dev P:0.2
Dev R:0.229
Dev F1:0.214

Test Results

Prediction time:0:00:00.980902
70	73	20
Test P:0.286
Test R:0.274
Test F1:0.28



Epoch:24
Training loss:0.47825954400974774
Training time:0:00:06.860091

Dev Results

Prediction time:0:00:00.548895
54	48	12
Dev P:0.222
Dev R:0.25
Dev F1:0.235

Test Results

Prediction time:0:00:00.973786
66	73	20
Test P:0.303
Test R:0.274
Test F1:0.288



Epoch:25
Training loss:0.5152260900839515
Training time:0:00:06.747637

Dev Results

Prediction time:0:00:00.545832
50	48	9
Dev P:0.18
Dev R:0.187
Dev F1:0.184

Test Results

Prediction time:0:00:00.972652
66	73	21
Test P:0.318
Test R:0.288
Test F1:0.302



Epoch:26
Training loss:0.4283795884769896
Training time:0:00:06.926521

Dev Results

Prediction time:0:00:00.549938
51	48	9
Dev P:0.176
Dev R:0.187
Dev F1:0.182

Test Results

Prediction time:0:00:00.980958
66	73	22
Test P:0.333
Test R:0.301
Test F1:0.317



Epoch:27
Training loss:0.41155235728491907
Training time:0:00:06.844182

Dev Results

Prediction time:0:00:00.551643
57	48	10
Dev P:0.175
Dev R:0.208
Dev F1:0.19

Test Results

Prediction time:0:00:00.974430
70	73	24
Test P:0.343
Test R:0.329
Test F1:0.336



Epoch:28
Training loss:0.45450893562773
Training time:0:00:06.603650

Dev Results

Prediction time:0:00:00.554247
47	48	9
Dev P:0.191
Dev R:0.187
Dev F1:0.189

Test Results

Prediction time:0:00:00.988126
65	73	23
Test P:0.354
Test R:0.315
Test F1:0.333



Epoch:29
Training loss:0.32740477245786914
Training time:0:00:06.884190

Dev Results

Prediction time:0:00:00.551770
53	48	9
Dev P:0.17
Dev R:0.187
Dev F1:0.178

Test Results

Prediction time:0:00:00.979311
68	73	21
Test P:0.309
Test R:0.288
Test F1:0.298



Epoch:30
Training loss:0.356970625727073
Training time:0:00:07.081773

Dev Results

Prediction time:0:00:00.548933
51	48	13
Dev P:0.255
Dev R:0.271
Dev F1:0.263

Test Results

Prediction time:0:00:00.978104
69	73	20
Test P:0.29
Test R:0.274
Test F1:0.282
model saved......



*******
Best Epoch:30
Best Epoch Seed:72
Corresponding P:0.29
Corresponding R:0.274
Corresponding F1:0.282



Best Test Epoch:27
Corresponding P:0.343
Corresponding R:0.329
Corresponding F1:0.336



Re-checking the scores of entire Test data with the best saved model:
Total sentences in the test set:59
GT Triple Count:73	PRED Triple Count:69	CORRECT Triple Count:20
Test P:0.29
Test R:0.274
Test F1:0.282
Now printing the scores for various subsets of Test Data with the best saved model:
Total sentences with single triples:48
GT Triple Count:48	PRED Triple Count:52	CORRECT Triple Count:11
Test P:0.212
Test R:0.229
Test F1:0.22
Total sentences with multiple triples:11
GT Triple Count:25	PRED Triple Count:17	CORRECT Triple Count:9
Test P:0.529
Test R:0.36
Test F1:0.429
Total sentences triples with varying sentiments:4
GT Triple Count:9	PRED Triple Count:5	CORRECT Triple Count:0
Test P:0.0
Test R:0.0
Test F1:0.0
Total sentences with overlapping triples:7
GT Triple Count:16	PRED Triple Count:11	CORRECT Triple Count:7
Test P:0.636
Test R:0.437
Test F1:0.519
